#
# There is insufficient memory for the Java Runtime Environment to continue.
# Native memory allocation (malloc) failed to allocate 44564480 bytes for committing reserved memory.
# Possible reasons:
#   The system is out of physical RAM or swap space
#   In 32 bit mode, the process size limit was hit
# Possible solutions:
#   Reduce memory load on the system
#   Increase physical memory or swap space
#   Check if swap backing store is full
#   Use 64 bit Java on a 64 bit OS
#   Decrease Java heap size (-Xmx/-Xms)
#   Decrease number of Java threads
#   Decrease Java thread stack sizes (-Xss)
#   Set larger code cache with -XX:ReservedCodeCacheSize=
# This output file may be truncated or incomplete.
#
#  Out of Memory Error (os_linux.cpp:2809), pid=27572, tid=1740434240
#
# JRE version: OpenJDK Runtime Environment (7.0_79-b14) (build 1.7.0_79-b14)
# Java VM: OpenJDK Server VM (24.79-b02 mixed mode linux-x86 )
# Derivative: IcedTea 2.5.5
# Distribution: Ubuntu 14.10, package 7u79-2.5.5-0ubuntu0.14.10.2
# Failed to write core dump. Core dumps have been disabled. To enable core dumping, try "ulimit -c unlimited" before starting Java again
#

---------------  T H R E A D  ---------------

Current thread (0x67a88c00):  VMThread [stack: 0x67b4e000,0x67bcf000] [id=27583]

Stack: [0x67b4e000,0x67bcf000]
VM_Operation (0xb6442c74): ParallelGCFailedAllocation, mode: safepoint, requested by thread 0xb6209000


---------------  P R O C E S S  ---------------

Java Threads: ( => current thread )
  0x67aa4c00 JavaThread "Service Thread" daemon [_thread_blocked, id=27589, stack(0x6740b000,0x6745c000)]
  0x67aa3400 JavaThread "C2 CompilerThread1" daemon [_thread_blocked, id=27588, stack(0x6745c000,0x674dd000)]
  0x67aa1400 JavaThread "C2 CompilerThread0" daemon [_thread_blocked, id=27587, stack(0x674dd000,0x6755e000)]
  0x67a9f800 JavaThread "Signal Dispatcher" daemon [_thread_blocked, id=27586, stack(0x6755e000,0x675af000)]
  0x67a8d000 JavaThread "Finalizer" daemon [_thread_blocked, id=27585, stack(0x677af000,0x67800000)]
  0x67a8b800 JavaThread "Reference Handler" daemon [_thread_blocked, id=27584, stack(0x6a72e000,0x6a77f000)]
  0xb6209000 JavaThread "main" [_thread_blocked, id=27578, stack(0xb63f3000,0xb6444000)]

Other Threads:
=>0x67a88c00 VMThread [stack: 0x67b4e000,0x67bcf000] [id=27583]
  0x67aa6c00 WatcherThread [stack: 0x6738a000,0x6740b000] [id=27590]

VM state:at safepoint (normal execution)

VM Mutex/Monitor currently owned by a thread:  ([mutex/lock_event])
[0xb62068b0] Threads_lock - owner thread: 0x67a88c00
[0xb6206cc0] Heap_lock - owner thread: 0xb6209000

Heap
 PSYoungGen      total 145920K, used 16122K [0x9dbc0000, 0xa9480000, 0xb3140000)
  eden space 129792K, 0% used [0x9dbc0000,0x9dbc0000,0xa5a80000)
  from space 16128K, 99% used [0xa84c0000,0xa947e888,0xa9480000)
  to   space 16640K, 0% used [0xa5a80000,0xa5a80000,0xa6ac0000)
 ParOldGen       total 55040K, used 22826K [0x73140000, 0x76700000, 0x9dbc0000)
  object space 55040K, 41% used [0x73140000,0x7478a990,0x76700000)
 PSPermGen       total 16384K, used 4862K [0x6b140000, 0x6c140000, 0x73140000)
  object space 16384K, 29% used [0x6b140000,0x6b5ff990,0x6c140000)

Card table byte_map: [0x6aeff000,0x6b140000] byte_map_base: 0x6aba6600

Polling page: 0xb775f000

Code Cache  [0xb3200000, 0xb3440000, 0xb6200000)
 total_blobs=813 nmethods=680 adapters=86 free_code_cache=47625Kb largest_free_block=48735424

Compilation events (10 events):
Event: 3,646 Thread 0x67aa1400  684             com.android.dx.io.instructions.InstructionCodec::unit0 (3 bytes)
Event: 3,646 Thread 0x67aa1400 nmethod 684 0xb3302148 code [0xb3302220, 0xb3302250]
Event: 3,646 Thread 0x67aa1400  685             com.android.dx.io.instructions.InstructionCodec::access$800 (5 bytes)
Event: 3,646 Thread 0x67aa1400 nmethod 685 0xb3329e88 code [0xb3329f60, 0xb3329f90]
Event: 3,646 Thread 0x67aa1400  686             com.android.dx.io.instructions.InstructionCodec::unit1 (6 bytes)
Event: 3,647 Thread 0x67aa1400 nmethod 686 0xb3359f08 code [0xb3359fe0, 0xb335a010]
Event: 3,690 Thread 0x67aa3400  688             com.android.dx.io.instructions.InstructionCodec$7::encode (23 bytes)
Event: 3,690 Thread 0x67aa1400  687             com.android.dx.io.instructions.InstructionCodec$7::decode (50 bytes)
Event: 4,021 Thread 0x67aa3400 nmethod 688 0xb3385748 code [0xb3385840, 0xb3385970]
Event: 4,021 Thread 0x67aa1400 nmethod 687 0xb333e548 code [0xb333e660, 0xb333e810]

GC Heap History (10 events):
Event: 2,205 GC heap after
Heap after GC invocations=4 (full 0):
 PSYoungGen      total 70144K, used 2546K [0x9dbc0000, 0xa22c0000, 0xb3140000)
  eden space 67584K, 0% used [0x9dbc0000,0x9dbc0000,0xa1dc0000)
  from space 2560K, 99% used [0xa2040000,0xa22bcb78,0xa22c0000)
  to   space 2560K, 0% used [0xa1dc0000,0xa1dc0000,0xa2040000)
 ParOldGen       total 43520K, used 22104K [0x73140000, 0x75bc0000, 0x9dbc0000)
  object space 43520K, 50% used [0x73140000,0x746d62e0,0x75bc0000)
 PSPermGen       total 16384K, used 4781K [0x6b140000, 0x6c140000, 0x73140000)
  object space 16384K, 29% used [0x6b140000,0x6b5eb4a8,0x6c140000)
}
Event: 2,643 GC heap before
{Heap before GC invocations=5 (full 0):
 PSYoungGen      total 70144K, used 70130K [0x9dbc0000, 0xa22c0000, 0xb3140000)
  eden space 67584K, 100% used [0x9dbc0000,0xa1dc0000,0xa1dc0000)
  from space 2560K, 99% used [0xa2040000,0xa22bcb78,0xa22c0000)
  to   space 2560K, 0% used [0xa1dc0000,0xa1dc0000,0xa2040000)
 ParOldGen       total 43520K, used 22104K [0x73140000, 0x75bc0000, 0x9dbc0000)
  object space 43520K, 50% used [0x73140000,0x746d62e0,0x75bc0000)
 PSPermGen       total 16384K, used 4855K [0x6b140000, 0x6c140000, 0x73140000)
  object space 16384K, 29% used [0x6b140000,0x6b5fdd30,0x6c140000)
Event: 2,690 GC heap after
Heap after GC invocations=5 (full 0):
 PSYoungGen      total 70144K, used 2552K [0x9dbc0000, 0xa81c0000, 0xb3140000)
  eden space 67584K, 0% used [0x9dbc0000,0x9dbc0000,0xa1dc0000)
  from space 2560K, 99% used [0xa1dc0000,0xa203e3b8,0xa2040000)
  to   space 17408K, 0% used [0xa70c0000,0xa70c0000,0xa81c0000)
 ParOldGen       total 43520K, used 35249K [0x73140000, 0x75bc0000, 0x9dbc0000)
  object space 43520K, 80% used [0x73140000,0x753ac4c8,0x75bc0000)
 PSPermGen       total 16384K, used 4855K [0x6b140000, 0x6c140000, 0x73140000)
  object space 16384K, 29% used [0x6b140000,0x6b5fdd30,0x6c140000)
}
Event: 2,690 GC heap before
{Heap before GC invocations=6 (full 1):
 PSYoungGen      total 70144K, used 2552K [0x9dbc0000, 0xa81c0000, 0xb3140000)
  eden space 67584K, 0% used [0x9dbc0000,0x9dbc0000,0xa1dc0000)
  from space 2560K, 99% used [0xa1dc0000,0xa203e3b8,0xa2040000)
  to   space 17408K, 0% used [0xa70c0000,0xa70c0000,0xa81c0000)
 ParOldGen       total 43520K, used 35249K [0x73140000, 0x75bc0000, 0x9dbc0000)
  object space 43520K, 80% used [0x73140000,0x753ac4c8,0x75bc0000)
 PSPermGen       total 16384K, used 4855K [0x6b140000, 0x6c140000, 0x73140000)
  object space 16384K, 29% used [0x6b140000,0x6b5fdd30,0x6c140000)
Event: 2,802 GC heap after
Heap after GC invocations=6 (full 1):
 PSYoungGen      total 70144K, used 0K [0x9dbc0000, 0xa81c0000, 0xb3140000)
  eden space 67584K, 0% used [0x9dbc0000,0x9dbc0000,0xa1dc0000)
  from space 2560K, 0% used [0xa1dc0000,0xa1dc0000,0xa2040000)
  to   space 17408K, 0% used [0xa70c0000,0xa70c0000,0xa81c0000)
 ParOldGen       total 55040K, used 16070K [0x73140000, 0x76700000, 0x9dbc0000)
  object space 55040K, 29% used [0x73140000,0x740f1998,0x76700000)
 PSPermGen       total 16384K, used 4853K [0x6b140000, 0x6c140000, 0x73140000)
  object space 16384K, 29% used [0x6b140000,0x6b5fd600,0x6c140000)
}
Event: 3,097 GC heap before
{Heap before GC invocations=7 (full 1):
 PSYoungGen      total 70144K, used 67584K [0x9dbc0000, 0xa81c0000, 0xb3140000)
  eden space 67584K, 100% used [0x9dbc0000,0xa1dc0000,0xa1dc0000)
  from space 2560K, 0% used [0xa1dc0000,0xa1dc0000,0xa2040000)
  to   space 17408K, 0% used [0xa70c0000,0xa70c0000,0xa81c0000)
 ParOldGen       total 55040K, used 16070K [0x73140000, 0x76700000, 0x9dbc0000)
  object space 55040K, 29% used [0x73140000,0x740f1998,0x76700000)
 PSPermGen       total 16384K, used 4855K [0x6b140000, 0x6c140000, 0x73140000)
  object space 16384K, 29% used [0x6b140000,0x6b5fded8,0x6c140000)
Event: 3,108 GC heap after
Heap after GC invocations=7 (full 1):
 PSYoungGen      total 114944K, used 10316K [0x9dbc0000, 0xa7b00000, 0xb3140000)
  eden space 104448K, 0% used [0x9dbc0000,0x9dbc0000,0xa41c0000)
  from space 10496K, 98% used [0xa70c0000,0xa7ad33a0,0xa7b00000)
  to   space 16640K, 0% used [0xa5a80000,0xa5a80000,0xa6ac0000)
 ParOldGen       total 55040K, used 16070K [0x73140000, 0x76700000, 0x9dbc0000)
  object space 55040K, 29% used [0x73140000,0x740f1998,0x76700000)
 PSPermGen       total 16384K, used 4855K [0x6b140000, 0x6c140000, 0x73140000)
  object space 16384K, 29% used [0x6b140000,0x6b5fded8,0x6c140000)
}
Event: 3,453 GC heap before
{Heap before GC invocations=8 (full 1):
 PSYoungGen      total 114944K, used 114764K [0x9dbc0000, 0xa7b00000, 0xb3140000)
  eden space 104448K, 100% used [0x9dbc0000,0xa41c0000,0xa41c0000)
  from space 10496K, 98% used [0xa70c0000,0xa7ad33a0,0xa7b00000)
  to   space 16640K, 0% used [0xa5a80000,0xa5a80000,0xa6ac0000)
 ParOldGen       total 55040K, used 16070K [0x73140000, 0x76700000, 0x9dbc0000)
  object space 55040K, 29% used [0x73140000,0x740f1998,0x76700000)
 PSPermGen       total 16384K, used 4859K [0x6b140000, 0x6c140000, 0x73140000)
  object space 16384K, 29% used [0x6b140000,0x6b5feda0,0x6c140000)
Event: 3,460 GC heap after
Heap after GC invocations=8 (full 1):
 PSYoungGen      total 146432K, used 6921K [0x9dbc0000, 0xa9480000, 0xb3140000)
  eden space 129792K, 0% used [0x9dbc0000,0x9dbc0000,0xa5a80000)
  from space 16640K, 41% used [0xa5a80000,0xa61425b0,0xa6ac0000)
  to   space 16128K, 0% used [0xa84c0000,0xa84c0000,0xa9480000)
 ParOldGen       total 55040K, used 16070K [0x73140000, 0x76700000, 0x9dbc0000)
  object space 55040K, 29% used [0x73140000,0x740f1998,0x76700000)
 PSPermGen       total 16384K, used 4859K [0x6b140000, 0x6c140000, 0x73140000)
  object space 16384K, 29% used [0x6b140000,0x6b5feda0,0x6c140000)
}
Event: 4,155 GC heap before
{Heap before GC invocations=9 (full 1):
 PSYoungGen      total 146432K, used 136713K [0x9dbc0000, 0xa9480000, 0xb3140000)
  eden space 129792K, 100% used [0x9dbc0000,0xa5a80000,0xa5a80000)
  from space 16640K, 41% used [0xa5a80000,0xa61425b0,0xa6ac0000)
  to   space 16128K, 0% used [0xa84c0000,0xa84c0000,0xa9480000)
 ParOldGen       total 55040K, used 16070K [0x73140000, 0x76700000, 0x9dbc0000)
  object space 55040K, 29% used [0x73140000,0x740f1998,0x76700000)
 PSPermGen       total 16384K, used 4862K [0x6b140000, 0x6c140000, 0x73140000)
  object space 16384K, 29% used [0x6b140000,0x6b5ff990,0x6c140000)

Deoptimization events (10 events):
Event: 2,373 Thread 0xb6209000 Uncommon trap: reason=array_check action=maybe_recompile pc=0xb3318614 method=java.util.ComparableTimSort.binarySort([Ljava/lang/Object;III)V @ 193
Event: 2,395 Thread 0xb6209000 Uncommon trap: reason=predicate action=maybe_recompile pc=0xb33200dc method=java.util.TimSort.binarySort([Ljava/lang/Object;IIILjava/util/Comparator;)V @ 37
Event: 2,582 Thread 0xb6209000 Uncommon trap: reason=array_check action=maybe_recompile pc=0xb3344728 method=java.util.ComparableTimSort.binarySort([Ljava/lang/Object;III)V @ 183
Event: 2,631 Thread 0xb6209000 Uncommon trap: reason=array_check action=maybe_recompile pc=0xb33437a0 method=java.util.TimSort.binarySort([Ljava/lang/Object;IIILjava/util/Comparator;)V @ 193
Event: 2,631 Thread 0xb6209000 Uncommon trap: reason=array_check action=maybe_recompile pc=0xb33437a0 method=java.util.TimSort.binarySort([Ljava/lang/Object;IIILjava/util/Comparator;)V @ 193
Event: 2,631 Thread 0xb6209000 Uncommon trap: reason=array_check action=maybe_recompile pc=0xb33437a0 method=java.util.TimSort.binarySort([Ljava/lang/Object;IIILjava/util/Comparator;)V @ 193
Event: 2,631 Thread 0xb6209000 Uncommon trap: reason=array_check action=maybe_recompile pc=0xb334380c method=java.util.TimSort.binarySort([Ljava/lang/Object;IIILjava/util/Comparator;)V @ 183
Event: 2,631 Thread 0xb6209000 Uncommon trap: reason=array_check action=maybe_recompile pc=0xb33436f4 method=java.util.TimSort.binarySort([Ljava/lang/Object;IIILjava/util/Comparator;)V @ 215
Event: 2,632 Thread 0xb6209000 Uncommon trap: reason=array_check action=maybe_recompile pc=0xb334380c method=java.util.TimSort.binarySort([Ljava/lang/Object;IIILjava/util/Comparator;)V @ 183
Event: 2,955 Thread 0xb6209000 Uncommon trap: reason=array_check action=maybe_recompile pc=0xb3344728 method=java.util.ComparableTimSort.binarySort([Ljava/lang/Object;III)V @ 183

Internal exceptions (10 events):
Event: 1,461 Thread 0xb6209000 Threw 0x9edaae98 at /build/buildd/openjdk-7-7u79-2.5.5/build/openjdk/hotspot/src/share/vm/prims/jvm.cpp:1284
Event: 1,461 Thread 0xb6209000 Threw 0x9edae9c8 at /build/buildd/openjdk-7-7u79-2.5.5/build/openjdk/hotspot/src/share/vm/prims/jvm.cpp:1284
Event: 1,461 Thread 0xb6209000 Threw 0x9edb2648 at /build/buildd/openjdk-7-7u79-2.5.5/build/openjdk/hotspot/src/share/vm/prims/jvm.cpp:1284
Event: 1,462 Thread 0xb6209000 Threw 0x9edb82b0 at /build/buildd/openjdk-7-7u79-2.5.5/build/openjdk/hotspot/src/share/vm/prims/jvm.cpp:1284
Event: 1,462 Thread 0xb6209000 Threw 0x9edbbbf0 at /build/buildd/openjdk-7-7u79-2.5.5/build/openjdk/hotspot/src/share/vm/prims/jvm.cpp:1284
Event: 1,463 Thread 0xb6209000 Threw 0x9edbf700 at /build/buildd/openjdk-7-7u79-2.5.5/build/openjdk/hotspot/src/share/vm/prims/jvm.cpp:1284
Event: 1,463 Thread 0xb6209000 Threw 0x9edc2f48 at /build/buildd/openjdk-7-7u79-2.5.5/build/openjdk/hotspot/src/share/vm/prims/jvm.cpp:1284
Event: 1,464 Thread 0xb6209000 Threw 0x9edc9dc0 at /build/buildd/openjdk-7-7u79-2.5.5/build/openjdk/hotspot/src/share/vm/prims/jvm.cpp:1284
Event: 1,465 Thread 0xb6209000 Threw 0x9edcc758 at /build/buildd/openjdk-7-7u79-2.5.5/build/openjdk/hotspot/src/share/vm/prims/jvm.cpp:1284
Event: 1,923 Thread 0xb6209000 Threw 0x9e087e48 at /build/buildd/openjdk-7-7u79-2.5.5/build/openjdk/hotspot/src/share/vm/prims/jvm.cpp:1284

Events (10 events):
Event: 3,108 Executing VM operation: ParallelGCFailedAllocation done
Event: 3,109 Thread 0x67aa3400 flushing nmethod 0xb324a848
Event: 3,123 Thread 0x67aa1400 flushing nmethod 0xb32b2cc8
Event: 3,125 Thread 0x67aa3400 flushing nmethod 0xb32b9708
Event: 3,126 Thread 0x67aa1400 flushing nmethod 0xb32ced08
Event: 3,169 Thread 0x67aa3400 flushing nmethod 0xb32e5a48
Event: 3,453 Executing VM operation: ParallelGCFailedAllocation
Event: 3,460 Executing VM operation: ParallelGCFailedAllocation done
Event: 4,133 Thread 0x67aa1400 flushing nmethod 0xb3313f88
Event: 4,133 Executing VM operation: ParallelGCFailedAllocation


Dynamic libraries:
08048000-08049000 r-xp 00000000 08:15 4344957    /usr/lib/jvm/java-7-openjdk-i386/jre/bin/java
08049000-0804a000 r--p 00000000 08:15 4344957    /usr/lib/jvm/java-7-openjdk-i386/jre/bin/java
0804a000-0804b000 rw-p 00001000 08:15 4344957    /usr/lib/jvm/java-7-openjdk-i386/jre/bin/java
09264000-092c2000 rw-p 00000000 00:00 0          [heap]
66400000-664fa000 rw-p 00000000 00:00 0 
664fa000-66500000 ---p 00000000 00:00 0 
66800000-66829000 rw-p 00000000 00:00 0 
66829000-66900000 ---p 00000000 00:00 0 
66923000-66a48000 r-xp 00000000 08:15 402133     /lib/i386-linux-gnu/libglib-2.0.so.0.4200.1
66a48000-66a49000 r--p 00124000 08:15 402133     /lib/i386-linux-gnu/libglib-2.0.so.0.4200.1
66a49000-66a4a000 rw-p 00125000 08:15 402133     /lib/i386-linux-gnu/libglib-2.0.so.0.4200.1
66a4a000-66bfb000 r-xp 00000000 08:15 4334232    /usr/lib/i386-linux-gnu/libgio-2.0.so.0.4200.1
66bfb000-66bfe000 r--p 001b0000 08:15 4334232    /usr/lib/i386-linux-gnu/libgio-2.0.so.0.4200.1
66bfe000-66bff000 rw-p 001b3000 08:15 4334232    /usr/lib/i386-linux-gnu/libgio-2.0.so.0.4200.1
66bff000-66c00000 rw-p 00000000 00:00 0 
66c00000-66cfe000 rw-p 00000000 00:00 0 
66cfe000-66d00000 ---p 00000000 00:00 0 
66e00000-66efb000 rw-p 00000000 00:00 0 
66efb000-66f00000 ---p 00000000 00:00 0 
66f00000-66fff000 rw-p 00000000 00:00 0 
66fff000-67000000 ---p 00000000 00:00 0 
67000000-67100000 rw-p 00000000 00:00 0 
6718f000-671fe000 r-xp 00000000 08:15 395196     /lib/i386-linux-gnu/libpcre.so.3.13.1
671fe000-671ff000 r--p 0006e000 08:15 395196     /lib/i386-linux-gnu/libpcre.so.3.13.1
671ff000-67200000 rw-p 0006f000 08:15 395196     /lib/i386-linux-gnu/libpcre.so.3.13.1
67200000-672fc000 rw-p 00000000 00:00 0 
672fc000-67300000 ---p 00000000 00:00 0 
6732d000-67388000 r-xp 00000000 08:15 4334310    /usr/lib/i386-linux-gnu/libgobject-2.0.so.0.4200.1
67388000-67389000 r--p 0005b000 08:15 4334310    /usr/lib/i386-linux-gnu/libgobject-2.0.so.0.4200.1
67389000-6738a000 rw-p 0005c000 08:15 4334310    /usr/lib/i386-linux-gnu/libgobject-2.0.so.0.4200.1
6738a000-6738b000 ---p 00000000 00:00 0 
6738b000-6745c000 rwxp 00000000 00:00 0          [stack:27589]
6745c000-6745d000 ---p 00000000 00:00 0 
6745d000-674dd000 rwxp 00000000 00:00 0          [stack:27588]
674dd000-674de000 ---p 00000000 00:00 0 
674de000-675af000 rwxp 00000000 00:00 0          [stack:27586]
675af000-677af000 r--p 00000000 08:15 4342535    /usr/lib/locale/locale-archive
677af000-67800000 rwxp 00000000 00:00 0          [stack:27585]
67800000-678fc000 rw-p 00000000 00:00 0 
678fc000-67900000 ---p 00000000 00:00 0 
67900000-67921000 rw-p 00000000 00:00 0 
67921000-67a00000 ---p 00000000 00:00 0 
67a00000-67afd000 rw-p 00000000 00:00 0 
67afd000-67b00000 ---p 00000000 00:00 0 
67b4e000-67b4f000 ---p 00000000 00:00 0 
67b4f000-67bcf000 rwxp 00000000 00:00 0          [stack:27583]
67bcf000-67d80000 r--s 01d27000 08:15 4344946    /usr/lib/jvm/java-7-openjdk-i386/jre/lib/rt.jar
67d80000-6a600000 rw-p 00000000 00:00 0 
6a600000-6a700000 rw-p 00000000 00:00 0 
6a707000-6a72b000 r-xp 00000000 08:15 395223     /lib/i386-linux-gnu/libselinux.so.1
6a72b000-6a72c000 r--p 00023000 08:15 395223     /lib/i386-linux-gnu/libselinux.so.1
6a72c000-6a72d000 rw-p 00024000 08:15 395223     /lib/i386-linux-gnu/libselinux.so.1
6a72d000-6a72e000 rw-p 00000000 00:00 0 
6a72e000-6a77f000 rwxp 00000000 00:00 0          [stack:27584]
6a77f000-6a780000 ---p 00000000 00:00 0 
6a780000-6a800000 rwxp 00000000 00:00 0          [stack:27582]
6a800000-6a821000 rw-p 00000000 00:00 0 
6a821000-6a900000 ---p 00000000 00:00 0 
6a901000-6a914000 r-xp 00000000 08:15 394264     /lib/i386-linux-gnu/libresolv-2.19.so
6a914000-6a915000 r--p 00013000 08:15 394264     /lib/i386-linux-gnu/libresolv-2.19.so
6a915000-6a916000 rw-p 00014000 08:15 394264     /lib/i386-linux-gnu/libresolv-2.19.so
6a916000-6a918000 rw-p 00000000 00:00 0 
6a936000-6a97f000 rw-p 00000000 00:00 0 
6a97f000-6a980000 ---p 00000000 00:00 0 
6a980000-6aa00000 rwxp 00000000 00:00 0          [stack:27581]
6aa00000-6aa21000 rw-p 00000000 00:00 0 
6aa21000-6ab00000 ---p 00000000 00:00 0 
6ab0c000-6ab22000 r-xp 00000000 08:15 4344900    /usr/lib/jvm/java-7-openjdk-i386/jre/lib/i386/libnet.so
6ab22000-6ab23000 r--p 00015000 08:15 4344900    /usr/lib/jvm/java-7-openjdk-i386/jre/lib/i386/libnet.so
6ab23000-6ab24000 rw-p 00016000 08:15 4344900    /usr/lib/jvm/java-7-openjdk-i386/jre/lib/i386/libnet.so
6ab24000-6ab7f000 rw-p 00000000 00:00 0 
6ab7f000-6ab80000 ---p 00000000 00:00 0 
6ab80000-6ac00000 rwxp 00000000 00:00 0          [stack:27580]
6ac00000-6ac21000 rw-p 00000000 00:00 0 
6ac21000-6ad00000 ---p 00000000 00:00 0 
6ad03000-6ad08000 r--s 0004d000 08:15 4344930    /usr/lib/jvm/java-7-openjdk-i386/jre/lib/jsse.jar
6ad08000-6ad0e000 r-xp 00000000 08:15 4339480    /usr/lib/i386-linux-gnu/libffi.so.6.0.2
6ad0e000-6ad10000 r--p 00005000 08:15 4339480    /usr/lib/i386-linux-gnu/libffi.so.6.0.2
6ad10000-6ad11000 rw-p 00007000 08:15 4339480    /usr/lib/i386-linux-gnu/libffi.so.6.0.2
6ad11000-6ad14000 r-xp 00000000 08:15 4334231    /usr/lib/i386-linux-gnu/libgmodule-2.0.so.0.4200.1
6ad14000-6ad15000 r--p 00002000 08:15 4334231    /usr/lib/i386-linux-gnu/libgmodule-2.0.so.0.4200.1
6ad15000-6ad16000 rw-p 00003000 08:15 4334231    /usr/lib/i386-linux-gnu/libgmodule-2.0.so.0.4200.1
6ad16000-6ad26000 r-xp 00000000 08:15 4344890    /usr/lib/jvm/java-7-openjdk-i386/jre/lib/i386/libnio.so
6ad26000-6ad27000 r--p 0000f000 08:15 4344890    /usr/lib/jvm/java-7-openjdk-i386/jre/lib/i386/libnio.so
6ad27000-6ad28000 rw-p 00010000 08:15 4344890    /usr/lib/jvm/java-7-openjdk-i386/jre/lib/i386/libnio.so
6ad28000-6ad29000 ---p 00000000 00:00 0 
6ad29000-6ada9000 rwxp 00000000 00:00 0          [stack:27579]
6ada9000-6adc4000 rw-p 00000000 00:00 0 
6adc4000-6aeff000 rw-p 00000000 00:00 0 
6aeff000-6af07000 rw-p 00000000 00:00 0 
6af07000-6af3f000 rw-p 00000000 00:00 0 
6af3f000-6af5a000 rw-p 00000000 00:00 0 
6af5a000-6b094000 rw-p 00000000 00:00 0 
6b094000-6b0f1000 rw-p 00000000 00:00 0 
6b0f1000-6b13f000 rw-p 00000000 00:00 0 
6b13f000-6c140000 rw-p 00000000 00:00 0 
6c140000-73140000 rw-p 00000000 00:00 0 
73140000-76700000 rw-p 00000000 00:00 0 
76700000-9dbc0000 rw-p 00000000 00:00 0 
9dbc0000-a9480000 rw-p 00000000 00:00 0 
abf00000-b3140000 rw-p 00000000 00:00 0 
b3140000-b3149000 rw-p 00000000 00:00 0 
b3149000-b3200000 rw-p 00000000 00:00 0 
b3200000-b3440000 rwxp 00000000 00:00 0 
b3440000-b62f9000 rw-p 00000000 00:00 0 
b62f9000-b6300000 ---p 00000000 00:00 0 
b6301000-b6310000 r--s 000dd000 08:15 394489     /home/hugo/Android/Sdk/build-tools/21.1.2/lib/dx.jar
b6310000-b6313000 r--s 00086000 08:15 4344949    /usr/lib/jvm/java-7-openjdk-i386/jre/lib/ext/localedata.jar
b6313000-b6317000 r--s 0003c000 08:15 4344952    /usr/lib/jvm/java-7-openjdk-i386/jre/lib/ext/sunpkcs11.jar
b6317000-b633a000 rw-p 00000000 00:00 0 
b633a000-b6372000 rw-p 00000000 00:00 0 
b6372000-b637d000 r-xp 00000000 08:15 394247     /lib/i386-linux-gnu/libnss_files-2.19.so
b637d000-b637e000 r--p 0000a000 08:15 394247     /lib/i386-linux-gnu/libnss_files-2.19.so
b637e000-b637f000 rw-p 0000b000 08:15 394247     /lib/i386-linux-gnu/libnss_files-2.19.so
b637f000-b6389000 r-xp 00000000 08:15 394091     /lib/i386-linux-gnu/libnss_nis-2.19.so
b6389000-b638a000 r--p 00009000 08:15 394091     /lib/i386-linux-gnu/libnss_nis-2.19.so
b638a000-b638b000 rw-p 0000a000 08:15 394091     /lib/i386-linux-gnu/libnss_nis-2.19.so
b638b000-b63a0000 r-xp 00000000 08:15 394262     /lib/i386-linux-gnu/libnsl-2.19.so
b63a0000-b63a1000 r--p 00015000 08:15 394262     /lib/i386-linux-gnu/libnsl-2.19.so
b63a1000-b63a2000 rw-p 00016000 08:15 394262     /lib/i386-linux-gnu/libnsl-2.19.so
b63a2000-b63a4000 rw-p 00000000 00:00 0 
b63a4000-b63a6000 r--s 00012000 08:15 4344950    /usr/lib/jvm/java-7-openjdk-i386/jre/lib/ext/zipfs.jar
b63a6000-b63aa000 r--s 00034000 08:15 4344951    /usr/lib/jvm/java-7-openjdk-i386/jre/lib/ext/sunjce_provider.jar
b63aa000-b63ac000 r--s 00006000 08:15 4740506    /usr/share/java/java-atk-wrapper.jar
b63ac000-b63af000 r--s 0000f000 08:15 4344948    /usr/lib/jvm/java-7-openjdk-i386/jre/lib/ext/icedtea-sound.jar
b63af000-b63b0000 r--s 00002000 08:15 4344947    /usr/lib/jvm/java-7-openjdk-i386/jre/lib/ext/dnsns.jar
b63b0000-b63b8000 r-xp 00000000 08:15 4334369    /usr/lib/jvm/java-7-openjdk-i386/jre/lib/i386/libzip.so
b63b8000-b63b9000 r--p 00007000 08:15 4334369    /usr/lib/jvm/java-7-openjdk-i386/jre/lib/i386/libzip.so
b63b9000-b63ba000 rw-p 00008000 08:15 4334369    /usr/lib/jvm/java-7-openjdk-i386/jre/lib/i386/libzip.so
b63ba000-b63c2000 rw-s 00000000 08:15 5387006    /tmp/hsperfdata_hugo/27572
b63c2000-b63e8000 r-xp 00000000 08:15 4334363    /usr/lib/jvm/java-7-openjdk-i386/jre/lib/i386/libjava.so
b63e8000-b63e9000 r--p 00025000 08:15 4334363    /usr/lib/jvm/java-7-openjdk-i386/jre/lib/i386/libjava.so
b63e9000-b63ea000 rw-p 00026000 08:15 4334363    /usr/lib/jvm/java-7-openjdk-i386/jre/lib/i386/libjava.so
b63ea000-b63f1000 r-xp 00000000 08:15 394246     /lib/i386-linux-gnu/librt-2.19.so
b63f1000-b63f2000 r--p 00006000 08:15 394246     /lib/i386-linux-gnu/librt-2.19.so
b63f2000-b63f3000 rw-p 00007000 08:15 394246     /lib/i386-linux-gnu/librt-2.19.so
b63f3000-b63f4000 ---p 00000000 00:00 0 
b63f4000-b6444000 rwxp 00000000 00:00 0          [stack:27578]
b6444000-b6460000 r-xp 00000000 08:15 395113     /lib/i386-linux-gnu/libgcc_s.so.1
b6460000-b6461000 r--p 0001b000 08:15 395113     /lib/i386-linux-gnu/libgcc_s.so.1
b6461000-b6462000 rw-p 0001c000 08:15 395113     /lib/i386-linux-gnu/libgcc_s.so.1
b6462000-b64a6000 r-xp 00000000 08:15 394263     /lib/i386-linux-gnu/libm-2.19.so
b64a6000-b64a7000 r--p 00043000 08:15 394263     /lib/i386-linux-gnu/libm-2.19.so
b64a7000-b64a8000 rw-p 00044000 08:15 394263     /lib/i386-linux-gnu/libm-2.19.so
b64a8000-b6591000 r-xp 00000000 08:15 4340107    /usr/lib/i386-linux-gnu/libstdc++.so.6.0.20
b6591000-b6595000 r--p 000e9000 08:15 4340107    /usr/lib/i386-linux-gnu/libstdc++.so.6.0.20
b6595000-b6596000 rw-p 000ed000 08:15 4340107    /usr/lib/i386-linux-gnu/libstdc++.so.6.0.20
b6596000-b659d000 rw-p 00000000 00:00 0 
b659d000-b70e3000 r-xp 00000000 08:15 4344914    /usr/lib/jvm/java-7-openjdk-i386/jre/lib/i386/server/libjvm.so
b70e3000-b7137000 r--p 00b45000 08:15 4344914    /usr/lib/jvm/java-7-openjdk-i386/jre/lib/i386/server/libjvm.so
b7137000-b714b000 rw-p 00b99000 08:15 4344914    /usr/lib/jvm/java-7-openjdk-i386/jre/lib/i386/server/libjvm.so
b714b000-b756a000 rw-p 00000000 00:00 0 
b756a000-b7582000 r-xp 00000000 08:15 395257     /lib/i386-linux-gnu/libz.so.1.2.8
b7582000-b7583000 r--p 00017000 08:15 395257     /lib/i386-linux-gnu/libz.so.1.2.8
b7583000-b7584000 rw-p 00018000 08:15 395257     /lib/i386-linux-gnu/libz.so.1.2.8
b7584000-b759c000 r-xp 00000000 08:15 394266     /lib/i386-linux-gnu/libpthread-2.19.so
b759c000-b759e000 r--p 00017000 08:15 394266     /lib/i386-linux-gnu/libpthread-2.19.so
b759e000-b759f000 rw-p 00019000 08:15 394266     /lib/i386-linux-gnu/libpthread-2.19.so
b759f000-b75a1000 rw-p 00000000 00:00 0 
b75a1000-b75a4000 r-xp 00000000 08:15 394275     /lib/i386-linux-gnu/libdl-2.19.so
b75a4000-b75a5000 r--p 00002000 08:15 394275     /lib/i386-linux-gnu/libdl-2.19.so
b75a5000-b75a6000 rw-p 00003000 08:15 394275     /lib/i386-linux-gnu/libdl-2.19.so
b75a6000-b774d000 r-xp 00000000 08:15 394269     /lib/i386-linux-gnu/libc-2.19.so
b774d000-b774f000 r--p 001a7000 08:15 394269     /lib/i386-linux-gnu/libc-2.19.so
b774f000-b7750000 rw-p 001a9000 08:15 394269     /lib/i386-linux-gnu/libc-2.19.so
b7750000-b7753000 rw-p 00000000 00:00 0 
b7753000-b7754000 r--p 00855000 08:15 4342535    /usr/lib/locale/locale-archive
b7754000-b7755000 r--p 00859000 08:15 4342535    /usr/lib/locale/locale-archive
b7755000-b775c000 r-xp 00000000 08:15 394270     /lib/i386-linux-gnu/libnss_compat-2.19.so
b775c000-b775d000 r--p 00006000 08:15 394270     /lib/i386-linux-gnu/libnss_compat-2.19.so
b775d000-b775e000 rw-p 00007000 08:15 394270     /lib/i386-linux-gnu/libnss_compat-2.19.so
b775e000-b775f000 rw-p 00000000 00:00 0 
b775f000-b7760000 ---p 00000000 00:00 0 
b7760000-b776e000 r-xp 00000000 08:15 4344904    /usr/lib/jvm/java-7-openjdk-i386/jre/lib/i386/libverify.so
b776e000-b7770000 r--p 0000d000 08:15 4344904    /usr/lib/jvm/java-7-openjdk-i386/jre/lib/i386/libverify.so
b7770000-b7771000 rw-p 0000f000 08:15 4344904    /usr/lib/jvm/java-7-openjdk-i386/jre/lib/i386/libverify.so
b7771000-b777d000 r-xp 00000000 08:15 4344915    /usr/lib/jvm/java-7-openjdk-i386/jre/lib/i386/jli/libjli.so
b777d000-b777e000 r--p 0000b000 08:15 4344915    /usr/lib/jvm/java-7-openjdk-i386/jre/lib/i386/jli/libjli.so
b777e000-b777f000 rw-p 0000c000 08:15 4344915    /usr/lib/jvm/java-7-openjdk-i386/jre/lib/i386/jli/libjli.so
b777f000-b7782000 rw-p 00000000 00:00 0 
b7782000-b7783000 r-xp 00000000 00:00 0          [vdso]
b7783000-b7785000 r--p 00000000 00:00 0          [vvar]
b7785000-b77a5000 r-xp 00000000 08:15 394259     /lib/i386-linux-gnu/ld-2.19.so
b77a5000-b77a6000 r--p 0001f000 08:15 394259     /lib/i386-linux-gnu/ld-2.19.so
b77a6000-b77a7000 rw-p 00020000 08:15 394259     /lib/i386-linux-gnu/ld-2.19.so
bf890000-bf891000 rwxp 00000000 00:00 0 
bf8c2000-bf8e2000 rwxp 00000000 00:00 0          [stack]
bf8e2000-bf8e4000 rw-p 00000000 00:00 0 

VM Arguments:
jvm_args: -Xmx1024M -Dfile.encoding=UTF-8 -Duser.country=US -Duser.language=en -Duser.variant 
java_command: com.android.dx.command.Main --dex --output /home/hugo/AndroidStudioProjects/TP2/app/build/intermediates/dex/debug /home/hugo/AndroidStudioProjects/TP2/app/build/intermediates/classes/debug /home/hugo/AndroidStudioProjects/TP2/app/build/intermediates/pre-dexed/debug/support-annotations-22.1.0-32686c63c314b1631cdb0c3bdbbe853df4af166a.jar /home/hugo/AndroidStudioProjects/TP2/app/build/intermediates/pre-dexed/debug/classes-2d14952d8046880a158d75ed7c748980af780f62.jar /home/hugo/AndroidStudioProjects/TP2/app/build/intermediates/pre-dexed/debug/classes-0ab6156cb06003de682ae5104c09116642ae1812.jar /home/hugo/AndroidStudioProjects/TP2/app/build/intermediates/pre-dexed/debug/classes-a3baf2186df07c29d26a54de34d6a545cdfd6d98.jar /home/hugo/AndroidStudioProjects/TP2/app/build/intermediates/pre-dexed/debug/classes-86e553980c723826b2df6cacd99b2f6056fde67c.jar /home/hugo/AndroidStudioProjects/TP2/app/build/intermediates/pre-dexed/debug/classes-f02e76aaf1201c2f0b895e94cf997a76e916ce8e.jar /home/hugo/AndroidStudioProjects/TP2/app/build/intermediates/pre-dexed/debug/classes-0d1704b1b41862fe321c3007a5cdac2622131164.jar /home/hugo/AndroidStudioProjects/TP2/app/build/intermediates/pre-dexed/debug/classes-c15a95166dcbc2c75f9d838302097a93bfffd070.jar /home/hugo/AndroidStudioProjects/TP2/app/build/intermediates/pre-dexed/debug/classes-68ac99545a1d802da92618fa473f5061f8afda61.jar /home/hugo/AndroidStudioProjects/TP2/app/build/intermediates/pre-dexed/debug/classes-7f6db62cc2f5f8d0aa8cc94f742ba97aebd52d4f.jar /home/hugo/AndroidStudioProjects/TP2/app/build/intermediates/pre-dexed/debug/classes-c66a14e7caeede6a624182a3afc912d4cca07393.jar /home/hugo/AndroidStudioProjects/TP2/app/build/intermediates/pre-dexed/debug/classes-66f9e25cce15272b2a23c155bbc33cf525bad847.jar /home/hugo/AndroidStudioProjects/TP2/app/build/intermediates/pre-dexed/debug/classes-c50ca8c8e2eac587d2ff0c71ba9f8c46245b67e3.jar /home/hugo/AndroidStudioProjects/TP2/app/build/intermediates/pre-dexed/debug/classes-6
Launcher Type: SUN_STANDARD

Environment Variables:
PATH=/home/hugo/.rvm/gems/ruby-2.1.5/bin:/home/hugo/.rvm/gems/ruby-2.1.5@global/bin:/home/hugo/.rvm/rubies/ruby-2.1.5/bin:/usr/local/sbin:/usr/local/bin:/usr/sbin:/usr/bin:/sbin:/bin:/usr/games:/usr/local/games:/home/hugo/.rvm/bin
USERNAME=hugo
LD_LIBRARY_PATH=/opt/android-studio/bin:
SHELL=/bin/bash
DISPLAY=:0

Signal Handlers:
SIGSEGV: [libjvm.so+0x7ed9a0], sa_mask[0]=0x7ffbfeff, sa_flags=0x10000004
SIGBUS: [libjvm.so+0x7ed9a0], sa_mask[0]=0x7ffbfeff, sa_flags=0x10000004
SIGFPE: [libjvm.so+0x66faf0], sa_mask[0]=0x7ffbfeff, sa_flags=0x10000004
SIGPIPE: [libjvm.so+0x66faf0], sa_mask[0]=0x7ffbfeff, sa_flags=0x10000004
SIGXFSZ: [libjvm.so+0x66faf0], sa_mask[0]=0x7ffbfeff, sa_flags=0x10000004
SIGILL: [libjvm.so+0x66faf0], sa_mask[0]=0x7ffbfeff, sa_flags=0x10000004
SIGUSR1: SIG_DFL, sa_mask[0]=0x00000000, sa_flags=0x00000000
SIGUSR2: [libjvm.so+0x66f940], sa_mask[0]=0x00000004, sa_flags=0x10000004
SIGHUP: [libjvm.so+0x66fba0], sa_mask[0]=0x7ffbfeff, sa_flags=0x10000004
SIGINT: [libjvm.so+0x66fba0], sa_mask[0]=0x7ffbfeff, sa_flags=0x10000004
SIGTERM: [libjvm.so+0x66fba0], sa_mask[0]=0x7ffbfeff, sa_flags=0x10000004
SIGQUIT: [libjvm.so+0x66fba0], sa_mask[0]=0x7ffbfeff, sa_flags=0x10000004
SIGTRAP: SIG_DFL, sa_mask[0]=0x00000000, sa_flags=0x00000000


---------------  S Y S T E M  ---------------

OS:Ubuntu 14.10 (utopic)
uname:Linux 3.16.0-28-generic #38-Ubuntu SMP Fri Dec 12 17:38:37 UTC 2014 i686
libc:glibc 2.19 NPTL 2.19 
rlimit: STACK 8192k, CORE 0k, NPROC 46759, NOFILE 4096, AS infinity
load average:2,00 1,78 1,63

/proc/meminfo:
MemTotal:        6005684 kB
MemFree:          317020 kB
MemAvailable:     243024 kB
Buffers:           10000 kB
Cached:           986204 kB
SwapCached:            0 kB
Active:          4652000 kB
Inactive:         890000 kB
Active(anon):    4626864 kB
Inactive(anon):   864984 kB
Active(file):      25136 kB
Inactive(file):    25016 kB
Unevictable:         328 kB
Mlocked:             328 kB
HighTotal:       5160892 kB
HighFree:          65616 kB
LowTotal:         844792 kB
LowFree:          251404 kB
SwapTotal:             0 kB
SwapFree:              0 kB
Dirty:                60 kB
Writeback:             0 kB
AnonPages:       4546020 kB
Mapped:           303644 kB
Shmem:            945536 kB
Slab:              67436 kB
SReclaimable:      36156 kB
SUnreclaim:        31280 kB
KernelStack:        6392 kB
PageTables:        27856 kB
NFS_Unstable:          0 kB
Bounce:              724 kB
WritebackTmp:          0 kB
CommitLimit:     3002840 kB
Committed_AS:   11835516 kB
VmallocTotal:     122880 kB
VmallocUsed:       19060 kB
VmallocChunk:      26844 kB
AnonHugePages:   1587200 kB
HugePages_Total:       0
HugePages_Free:        0
HugePages_Rsvd:        0
HugePages_Surp:        0
Hugepagesize:       2048 kB
DirectMap4k:       47096 kB
DirectMap2M:      860160 kB


CPU:total 4 (2 cores per cpu, 2 threads per core) family 6 model 58 stepping 9, cmov, cx8, fxsr, mmx, sse, sse2, sse3, ssse3, sse4.1, sse4.2, popcnt, avx, aes, erms, ht, tsc, tscinvbit, tscinv

/proc/cpuinfo:
processor	: 0
vendor_id	: GenuineIntel
cpu family	: 6
model		: 58
model name	: Intel(R) Core(TM) i5-3210M CPU @ 2.50GHz
stepping	: 9
microcode	: 0x12
cpu MHz		: 2733.007
cache size	: 3072 KB
physical id	: 0
siblings	: 4
core id		: 0
cpu cores	: 2
apicid		: 0
initial apicid	: 0
fdiv_bug	: no
f00f_bug	: no
coma_bug	: no
fpu		: yes
fpu_exception	: yes
cpuid level	: 13
wp		: yes
flags		: fpu vme de pse tsc msr pae mce cx8 apic sep mtrr pge mca cmov pat pse36 clflush dts acpi mmx fxsr sse sse2 ss ht tm pbe nx rdtscp lm constant_tsc arch_perfmon pebs bts xtopology nonstop_tsc aperfmperf eagerfpu pni pclmulqdq dtes64 monitor ds_cpl vmx est tm2 ssse3 cx16 xtpr pdcm pcid sse4_1 sse4_2 x2apic popcnt tsc_deadline_timer aes xsave avx f16c rdrand lahf_lm ida arat epb xsaveopt pln pts dtherm tpr_shadow vnmi flexpriority ept vpid fsgsbase smep erms
bogomips	: 4988.65
clflush size	: 64
cache_alignment	: 64
address sizes	: 36 bits physical, 48 bits virtual
power management:

processor	: 1
vendor_id	: GenuineIntel
cpu family	: 6
model		: 58
model name	: Intel(R) Core(TM) i5-3210M CPU @ 2.50GHz
stepping	: 9
microcode	: 0x12
cpu MHz		: 2696.777
cache size	: 3072 KB
physical id	: 0
siblings	: 4
core id		: 0
cpu cores	: 2
apicid		: 1
initial apicid	: 1
fdiv_bug	: no
f00f_bug	: no
coma_bug	: no
fpu		: yes
fpu_exception	: yes
cpuid level	: 13
wp		: yes
flags		: fpu vme de pse tsc msr pae mce cx8 apic sep mtrr pge mca cmov pat pse36 clflush dts acpi mmx fxsr sse sse2 ss ht tm pbe nx rdtscp lm constant_tsc arch_perfmon pebs bts xtopology nonstop_tsc aperfmperf eagerfpu pni pclmulqdq dtes64 monitor ds_cpl vmx est tm2 ssse3 cx16 xtpr pdcm pcid sse4_1 sse4_2 x2apic popcnt tsc_deadline_timer aes xsave avx f16c rdrand lahf_lm ida arat epb xsaveopt pln pts dtherm tpr_shadow vnmi flexpriority ept vpid fsgsbase smep erms
bogomips	: 4988.65
clflush size	: 64
cache_alignment	: 64
address sizes	: 36 bits physical, 48 bits virtual
power management:

processor	: 2
vendor_id	: GenuineIntel
cpu family	: 6
model		: 58
model name	: Intel(R) Core(TM) i5-3210M CPU @ 2.50GHz
stepping	: 9
microcode	: 0x12
cpu MHz		: 2732.714
cache size	: 3072 KB
physical id	: 0
siblings	: 4
core id		: 1
cpu cores	: 2
apicid		: 2
initial apicid	: 2
fdiv_bug	: no
f00f_bug	: no
coma_bug	: no
fpu		: yes
fpu_exception	: yes
cpuid level	: 13
wp		: yes
flags		: fpu vme de pse tsc msr pae mce cx8 apic sep mtrr pge mca cmov pat pse36 clflush dts acpi mmx fxsr sse sse2 ss ht tm pbe nx rdtscp lm constant_tsc arch_perfmon pebs bts xtopology nonstop_tsc aperfmperf eagerfpu pni pclmulqdq dtes64 monitor ds_cpl vmx est tm2 ssse3 cx16 xtpr pdcm pcid sse4_1 sse4_2 x2apic popcnt tsc_deadline_timer aes xsave avx f16c rdrand lahf_lm ida arat epb xsaveopt pln pts dtherm tpr_shadow vnmi flexpriority ept vpid fsgsbase smep erms
bogomips	: 4988.65
clflush size	: 64
cache_alignment	: 64
address sizes	: 36 bits physical, 48 bits virtual
power management:

processor	: 3
vendor_id	: GenuineIntel
cpu family	: 6
model		: 58
model name	: Intel(R) Core(TM) i5-3210M CPU @ 2.50GHz
stepping	: 9
microcode	: 0x12
cpu MHz		: 2698.925
cache size	: 3072 KB
physical id	: 0
siblings	: 4
core id		: 1
cpu cores	: 2
apicid		: 3
initial apicid	: 3
fdiv_bug	: no
f00f_bug	: no
coma_bug	: no
fpu		: yes
fpu_exception	: yes
cpuid level	: 13
wp		: yes
flags		: fpu vme de pse tsc msr pae mce cx8 apic sep mtrr pge mca cmov pat pse36 clflush dts acpi mmx fxsr sse sse2 ss ht tm pbe nx rdtscp lm constant_tsc arch_perfmon pebs bts xtopology nonstop_tsc aperfmperf eagerfpu pni pclmulqdq dtes64 monitor ds_cpl vmx est tm2 ssse3 cx16 xtpr pdcm pcid sse4_1 sse4_2 x2apic popcnt tsc_deadline_timer aes xsave avx f16c rdrand lahf_lm ida arat epb xsaveopt pln pts dtherm tpr_shadow vnmi flexpriority ept vpid fsgsbase smep erms
bogomips	: 4988.65
clflush size	: 64
cache_alignment	: 64
address sizes	: 36 bits physical, 48 bits virtual
power management:



Memory: 4k page, physical 6005684k(317020k free), swap 0k(0k free)

vm_info: OpenJDK Server VM (24.79-b02) for linux-x86 JRE (1.7.0_79-b14), built on Apr 16 2015 08:35:02 by "buildd" with gcc 4.9.1

time: Mon Jun 15 15:00:01 2015
elapsed time: 4 seconds

