#
# There is insufficient memory for the Java Runtime Environment to continue.
# Native memory allocation (malloc) failed to allocate 17301504 bytes for committing reserved memory.
# Possible reasons:
#   The system is out of physical RAM or swap space
#   In 32 bit mode, the process size limit was hit
# Possible solutions:
#   Reduce memory load on the system
#   Increase physical memory or swap space
#   Check if swap backing store is full
#   Use 64 bit Java on a 64 bit OS
#   Decrease Java heap size (-Xmx/-Xms)
#   Decrease number of Java threads
#   Decrease Java thread stack sizes (-Xss)
#   Set larger code cache with -XX:ReservedCodeCacheSize=
# This output file may be truncated or incomplete.
#
#  Out of Memory Error (os_linux.cpp:2809), pid=20539, tid=1740434240
#
# JRE version: OpenJDK Runtime Environment (7.0_79-b14) (build 1.7.0_79-b14)
# Java VM: OpenJDK Server VM (24.79-b02 mixed mode linux-x86 )
# Derivative: IcedTea 2.5.5
# Distribution: Ubuntu 14.10, package 7u79-2.5.5-0ubuntu0.14.10.2
# Failed to write core dump. Core dumps have been disabled. To enable core dumping, try "ulimit -c unlimited" before starting Java again
#

---------------  T H R E A D  ---------------

Current thread (0x67a80800):  VMThread [stack: 0x67b4e000,0x67bcf000] [id=20566]

Stack: [0x67b4e000,0x67bcf000]
VM_Operation (0xb63b6aa0): ParallelGCFailedAllocation, mode: safepoint, requested by thread 0xb6207800


---------------  P R O C E S S  ---------------

Java Threads: ( => current thread )
  0x67a9d800 JavaThread "Service Thread" daemon [_thread_blocked, id=20619, stack(0x673ad000,0x673fe000)]
  0x67a9bc00 JavaThread "C2 CompilerThread1" daemon [_thread_blocked, id=20618, stack(0x673fe000,0x6747f000)]
  0x67a99c00 JavaThread "C2 CompilerThread0" daemon [_thread_blocked, id=20617, stack(0x6747f000,0x67500000)]
  0x67a98000 JavaThread "Signal Dispatcher" daemon [_thread_blocked, id=20616, stack(0x6790d000,0x6795e000)]
  0x67a84c00 JavaThread "Finalizer" daemon [_thread_blocked, id=20572, stack(0x6795e000,0x679af000)]
  0x67a83000 JavaThread "Reference Handler" daemon [_thread_blocked, id=20569, stack(0x679af000,0x67a00000)]
  0xb6207800 JavaThread "main" [_thread_blocked, id=20541, stack(0xb6367000,0xb63b8000)]

Other Threads:
=>0x67a80800 VMThread [stack: 0x67b4e000,0x67bcf000] [id=20566]
  0x67a9f800 WatcherThread [stack: 0x6732c000,0x673ad000] [id=20620]

VM state:at safepoint (normal execution)

VM Mutex/Monitor currently owned by a thread:  ([mutex/lock_event])
[0xb6205210] Threads_lock - owner thread: 0x67a80800
[0xb6205620] Heap_lock - owner thread: 0xb6207800

Heap
 PSYoungGen      total 19456K, used 2559K [0x9db80000, 0x9f100000, 0xb3100000)
  eden space 16896K, 0% used [0x9db80000,0x9db80000,0x9ec00000)
  from space 2560K, 99% used [0x9ec00000,0x9ee7fd50,0x9ee80000)
  to   space 2560K, 0% used [0x9ee80000,0x9ee80000,0x9f100000)
 ParOldGen       total 43520K, used 6528K [0x73100000, 0x75b80000, 0x9db80000)
  object space 43520K, 15% used [0x73100000,0x73760038,0x75b80000)
 PSPermGen       total 16384K, used 3907K [0x6b100000, 0x6c100000, 0x73100000)
  object space 16384K, 23% used [0x6b100000,0x6b4d0f90,0x6c100000)

Card table byte_map: [0x6aebf000,0x6b100000] byte_map_base: 0x6ab66800

Polling page: 0xb76d3000

Code Cache  [0xb31da000, 0xb341a000, 0xb61da000)
 total_blobs=393 nmethods=273 adapters=73 free_code_cache=48131Kb largest_free_block=49236032

Compilation events (10 events):
Event: 11,212 Thread 0x67a9bc00 nmethod 277 0xb32528c8 code [0xb32529c0, 0xb3252a50]
Event: 11,212 Thread 0x67a9bc00  278             com.android.dx.dex.code.CodeAddress::<init> (7 bytes)
Event: 11,229 Thread 0x67a9bc00 nmethod 278 0xb3252688 code [0xb3252780, 0xb3252810]
Event: 11,229 Thread 0x67a9bc00  279             com.android.dx.rop.code.BasicBlockList::getInstructionCount (48 bytes)
Event: 11,292 Thread 0x67a9bc00 nmethod 279 0xb32bfac8 code [0xb32bfbc0, 0xb32bfd70]
Event: 11,313 Thread 0x67a9bc00  280             com.android.dx.ssa.DomFront::calcDomFronts (154 bytes)
Event: 11,737 Thread 0x67a9bc00 nmethod 280 0xb32c5348 code [0xb32c54c0, 0xb32c5d10]
Event: 11,741 Thread 0x67a99c00 nmethod 275 0xb32e27c8 code [0xb32e2a20, 0xb32e3de0]
Event: 11,810 Thread 0x67a99c00  281             com.android.dx.ssa.SsaBasicBlock::getRopLabelSuccessorList (57 bytes)
Event: 11,810 Thread 0x67a9bc00  282             java.lang.AbstractStringBuilder::ensureCapacityInternal (16 bytes)

GC Heap History (5 events):
Event: 4,390 GC heap before
{Heap before GC invocations=1 (full 0):
 PSYoungGen      total 19456K, used 16896K [0x9db80000, 0x9f100000, 0xb3100000)
  eden space 16896K, 100% used [0x9db80000,0x9ec00000,0x9ec00000)
  from space 2560K, 0% used [0x9ee80000,0x9ee80000,0x9f100000)
  to   space 2560K, 0% used [0x9ec00000,0x9ec00000,0x9ee80000)
 ParOldGen       total 43520K, used 0K [0x73100000, 0x75b80000, 0x9db80000)
  object space 43520K, 0% used [0x73100000,0x73100000,0x75b80000)
 PSPermGen       total 16384K, used 3818K [0x6b100000, 0x6c100000, 0x73100000)
  object space 16384K, 23% used [0x6b100000,0x6b4baac8,0x6c100000)
Event: 4,405 GC heap after
Heap after GC invocations=1 (full 0):
 PSYoungGen      total 19456K, used 2548K [0x9db80000, 0x9f100000, 0xb3100000)
  eden space 16896K, 0% used [0x9db80000,0x9db80000,0x9ec00000)
  from space 2560K, 99% used [0x9ec00000,0x9ee7d308,0x9ee80000)
  to   space 2560K, 0% used [0x9ee80000,0x9ee80000,0x9f100000)
 ParOldGen       total 43520K, used 1341K [0x73100000, 0x75b80000, 0x9db80000)
  object space 43520K, 3% used [0x73100000,0x7324f5e8,0x75b80000)
 PSPermGen       total 16384K, used 3818K [0x6b100000, 0x6c100000, 0x73100000)
  object space 16384K, 23% used [0x6b100000,0x6b4baac8,0x6c100000)
}
Event: 8,274 GC heap before
{Heap before GC invocations=2 (full 0):
 PSYoungGen      total 19456K, used 19444K [0x9db80000, 0x9f100000, 0xb3100000)
  eden space 16896K, 100% used [0x9db80000,0x9ec00000,0x9ec00000)
  from space 2560K, 99% used [0x9ec00000,0x9ee7d308,0x9ee80000)
  to   space 2560K, 0% used [0x9ee80000,0x9ee80000,0x9f100000)
 ParOldGen       total 43520K, used 1341K [0x73100000, 0x75b80000, 0x9db80000)
  object space 43520K, 3% used [0x73100000,0x7324f5e8,0x75b80000)
 PSPermGen       total 16384K, used 3891K [0x6b100000, 0x6c100000, 0x73100000)
  object space 16384K, 23% used [0x6b100000,0x6b4ccc00,0x6c100000)
Event: 8,322 GC heap after
Heap after GC invocations=2 (full 0):
 PSYoungGen      total 19456K, used 2544K [0x9db80000, 0x9f100000, 0xb3100000)
  eden space 16896K, 0% used [0x9db80000,0x9db80000,0x9ec00000)
  from space 2560K, 99% used [0x9ee80000,0x9f0fc3c8,0x9f100000)
  to   space 2560K, 0% used [0x9ec00000,0x9ec00000,0x9ee80000)
 ParOldGen       total 43520K, used 3999K [0x73100000, 0x75b80000, 0x9db80000)
  object space 43520K, 9% used [0x73100000,0x734e7e38,0x75b80000)
 PSPermGen       total 16384K, used 3891K [0x6b100000, 0x6c100000, 0x73100000)
  object space 16384K, 23% used [0x6b100000,0x6b4ccc00,0x6c100000)
}
Event: 12,191 GC heap before
{Heap before GC invocations=3 (full 0):
 PSYoungGen      total 19456K, used 19440K [0x9db80000, 0x9f100000, 0xb3100000)
  eden space 16896K, 100% used [0x9db80000,0x9ec00000,0x9ec00000)
  from space 2560K, 99% used [0x9ee80000,0x9f0fc3c8,0x9f100000)
  to   space 2560K, 0% used [0x9ec00000,0x9ec00000,0x9ee80000)
 ParOldGen       total 43520K, used 3999K [0x73100000, 0x75b80000, 0x9db80000)
  object space 43520K, 9% used [0x73100000,0x734e7e38,0x75b80000)
 PSPermGen       total 16384K, used 3907K [0x6b100000, 0x6c100000, 0x73100000)
  object space 16384K, 23% used [0x6b100000,0x6b4d0f90,0x6c100000)

Deoptimization events (10 events):
Event: 3,366 Thread 0xb6207800 Uncommon trap: reason=unreached action=reinterpret pc=0xb32385f4 method=com.android.dx.rop.code.RegisterSpec.hashCodeOf(ILcom/android/dx/rop/type/TypeBearer;Lcom/android/dx/rop/code/LocalItem;)I @ 1
Event: 3,366 Thread 0xb6207800 Uncommon trap: reason=unreached action=reinterpret pc=0xb32389f4 method=com.android.dx.rop.code.RegisterSpec.equals(ILcom/android/dx/rop/type/TypeBearer;Lcom/android/dx/rop/code/LocalItem;)Z @ 24
Event: 3,380 Thread 0xb6207800 Uncommon trap: reason=unreached action=reinterpret pc=0xb3235f84 method=com.android.dx.rop.code.RegisterSpecSet.mutableCopy()Lcom/android/dx/rop/code/RegisterSpecSet; @ 32
Event: 3,387 Thread 0xb6207800 Uncommon trap: reason=unreached action=reinterpret pc=0xb32376bc method=com.android.dx.ssa.SsaRenamer$BlockRenamer.addMapping(ILcom/android/dx/rop/code/RegisterSpec;)V @ 66
Event: 4,228 Thread 0xb6207800 Uncommon trap: reason=null_check action=make_not_entrant pc=0xb3252640 method=com.android.dx.rop.code.LocalItem.equals(Ljava/lang/Object;)Z @ 1
Event: 4,424 Thread 0xb6207800 Uncommon trap: reason=class_check action=maybe_recompile pc=0xb32473c0 method=com.android.dx.ssa.NormalSsaInsn.accept(Lcom/android/dx/ssa/SsaInsn$Visitor;)V @ 9
Event: 4,457 Thread 0xb6207800 Uncommon trap: reason=class_check action=maybe_recompile pc=0xb32473c0 method=com.android.dx.ssa.NormalSsaInsn.accept(Lcom/android/dx/ssa/SsaInsn$Visitor;)V @ 9
Event: 4,457 Thread 0xb6207800 Uncommon trap: reason=class_check action=maybe_recompile pc=0xb3230a50 method=com.android.dx.ssa.NormalSsaInsn.accept(Lcom/android/dx/ssa/SsaInsn$Visitor;)V @ 9
Event: 5,063 Thread 0xb6207800 Uncommon trap: reason=class_check action=maybe_recompile pc=0xb32473c0 method=com.android.dx.ssa.NormalSsaInsn.accept(Lcom/android/dx/ssa/SsaInsn$Visitor;)V @ 9
Event: 5,145 Thread 0xb6207800 Uncommon trap: reason=class_check action=maybe_recompile pc=0xb3230a50 method=com.android.dx.ssa.NormalSsaInsn.accept(Lcom/android/dx/ssa/SsaInsn$Visitor;)V @ 9

Internal exceptions (10 events):
Event: 1,624 Thread 0xb6207800 Threw 0x9e290420 at /build/buildd/openjdk-7-7u79-2.5.5/build/openjdk/hotspot/src/share/vm/prims/jvm.cpp:1284
Event: 1,635 Thread 0xb6207800 Threw 0x9e293720 at /build/buildd/openjdk-7-7u79-2.5.5/build/openjdk/hotspot/src/share/vm/prims/jvm.cpp:1284
Event: 1,670 Thread 0xb6207800 Threw 0x9e2a9290 at /build/buildd/openjdk-7-7u79-2.5.5/build/openjdk/hotspot/src/share/vm/prims/jvm.cpp:1284
Event: 1,773 Thread 0xb6207800 Threw 0x9e2f1be8 at /build/buildd/openjdk-7-7u79-2.5.5/build/openjdk/hotspot/src/share/vm/prims/jvm.cpp:1284
Event: 1,823 Thread 0xb6207800 Threw 0x9e30a178 at /build/buildd/openjdk-7-7u79-2.5.5/build/openjdk/hotspot/src/share/vm/prims/jvm.cpp:1284
Event: 3,312 Thread 0xb6207800 Threw 0x9e712eb0 at /build/buildd/openjdk-7-7u79-2.5.5/build/openjdk/hotspot/src/share/vm/prims/jvm.cpp:1284
Event: 3,869 Thread 0xb6207800 Threw 0x9e9f0288 at /build/buildd/openjdk-7-7u79-2.5.5/build/openjdk/hotspot/src/share/vm/prims/jvm.cpp:1284
Event: 4,412 Thread 0xb6207800 Threw 0x9dbe0e88 at /build/buildd/openjdk-7-7u79-2.5.5/build/openjdk/hotspot/src/share/vm/prims/jvm.cpp:1284
Event: 4,715 Thread 0xb6207800 Threw 0x9dd31e50 at /build/buildd/openjdk-7-7u79-2.5.5/build/openjdk/hotspot/src/share/vm/prims/jvm.cpp:1284
Event: 6,635 Thread 0xb6207800 Threw 0x9e45ad30 at /build/buildd/openjdk-7-7u79-2.5.5/build/openjdk/hotspot/src/share/vm/prims/jvm.cpp:1284

Events (10 events):
Event: 8,325 Executing VM operation: BulkRevokeBias
Event: 8,325 Executing VM operation: BulkRevokeBias done
Event: 8,350 Thread 0x67a99c00 flushing nmethod 0xb3235c48
Event: 8,361 Thread 0x67a99c00 flushing nmethod 0xb3237448
Event: 8,361 Thread 0x67a99c00 flushing nmethod 0xb3238488
Event: 8,361 Thread 0x67a99c00 flushing nmethod 0xb3238788
Event: 10,442 Thread 0x67a9bc00 flushing nmethod 0xb3230788
Event: 11,003 Thread 0x67a99c00 flushing nmethod 0xb32467c8
Event: 11,153 Thread 0x67a9bc00 flushing nmethod 0xb3252288
Event: 12,181 Executing VM operation: ParallelGCFailedAllocation


Dynamic libraries:
08048000-08049000 r-xp 00000000 08:15 4344957    /usr/lib/jvm/java-7-openjdk-i386/jre/bin/java
08049000-0804a000 r--p 00000000 08:15 4344957    /usr/lib/jvm/java-7-openjdk-i386/jre/bin/java
0804a000-0804b000 rw-p 00001000 08:15 4344957    /usr/lib/jvm/java-7-openjdk-i386/jre/bin/java
09d42000-09d65000 rw-p 00000000 00:00 0          [heap]
66500000-665ff000 rw-p 00000000 00:00 0 
665ff000-66600000 ---p 00000000 00:00 0 
66600000-6667e000 rw-p 00000000 00:00 0 
6667e000-66700000 ---p 00000000 00:00 0 
66700000-667f8000 rw-p 00000000 00:00 0 
667f8000-66800000 ---p 00000000 00:00 0 
66800000-66900000 rw-p 00000000 00:00 0 
66900000-669fe000 rw-p 00000000 00:00 0 
669fe000-66a00000 ---p 00000000 00:00 0 
66a00000-66af9000 rw-p 00000000 00:00 0 
66af9000-66b00000 ---p 00000000 00:00 0 
66b00000-66bf3000 rw-p 00000000 00:00 0 
66bf3000-66c00000 ---p 00000000 00:00 0 
66c00000-66ce2000 rw-p 00000000 00:00 0 
66ce2000-66d00000 ---p 00000000 00:00 0 
66d00000-66dfb000 rw-p 00000000 00:00 0 
66dfb000-66e00000 ---p 00000000 00:00 0 
66e55000-66ec4000 r-xp 00000000 08:15 395196     /lib/i386-linux-gnu/libpcre.so.3.13.1
66ec4000-66ec5000 r--p 0006e000 08:15 395196     /lib/i386-linux-gnu/libpcre.so.3.13.1
66ec5000-66ec6000 rw-p 0006f000 08:15 395196     /lib/i386-linux-gnu/libpcre.so.3.13.1
66ec6000-66feb000 r-xp 00000000 08:15 402133     /lib/i386-linux-gnu/libglib-2.0.so.0.4200.1
66feb000-66fec000 r--p 00124000 08:15 402133     /lib/i386-linux-gnu/libglib-2.0.so.0.4200.1
66fec000-66fed000 rw-p 00125000 08:15 402133     /lib/i386-linux-gnu/libglib-2.0.so.0.4200.1
66fed000-67048000 r-xp 00000000 08:15 4334310    /usr/lib/i386-linux-gnu/libgobject-2.0.so.0.4200.1
67048000-67049000 r--p 0005b000 08:15 4334310    /usr/lib/i386-linux-gnu/libgobject-2.0.so.0.4200.1
67049000-6704a000 rw-p 0005c000 08:15 4334310    /usr/lib/i386-linux-gnu/libgobject-2.0.so.0.4200.1
6704a000-671fb000 r-xp 00000000 08:15 4334232    /usr/lib/i386-linux-gnu/libgio-2.0.so.0.4200.1
671fb000-671fe000 r--p 001b0000 08:15 4334232    /usr/lib/i386-linux-gnu/libgio-2.0.so.0.4200.1
671fe000-671ff000 rw-p 001b3000 08:15 4334232    /usr/lib/i386-linux-gnu/libgio-2.0.so.0.4200.1
671ff000-67200000 rw-p 00000000 00:00 0 
67200000-672ce000 rw-p 00000000 00:00 0 
672ce000-67300000 ---p 00000000 00:00 0 
6732c000-6732d000 ---p 00000000 00:00 0 
6732d000-673fe000 rwxp 00000000 00:00 0          [stack:20619]
673fe000-673ff000 ---p 00000000 00:00 0 
673ff000-6747f000 rwxp 00000000 00:00 0          [stack:20618]
6747f000-67480000 ---p 00000000 00:00 0 
67480000-67500000 rwxp 00000000 00:00 0          [stack:20617]
67500000-67700000 r--p 00000000 08:15 4342535    /usr/lib/locale/locale-archive
67700000-67721000 rw-p 00000000 00:00 0 
67721000-67800000 ---p 00000000 00:00 0 
67800000-678fb000 rw-p 00000000 00:00 0 
678fb000-67900000 ---p 00000000 00:00 0 
6790d000-67a00000 rwxp 00000000 00:00 0          [stack:20569]
67a00000-67b00000 rw-p 00000000 00:00 0 
67b10000-67b23000 r-xp 00000000 08:15 394264     /lib/i386-linux-gnu/libresolv-2.19.so
67b23000-67b24000 r--p 00013000 08:15 394264     /lib/i386-linux-gnu/libresolv-2.19.so
67b24000-67b25000 rw-p 00014000 08:15 394264     /lib/i386-linux-gnu/libresolv-2.19.so
67b25000-67b27000 rw-p 00000000 00:00 0 
67b27000-67b4b000 r-xp 00000000 08:15 395223     /lib/i386-linux-gnu/libselinux.so.1
67b4b000-67b4c000 r--p 00023000 08:15 395223     /lib/i386-linux-gnu/libselinux.so.1
67b4c000-67b4d000 rw-p 00024000 08:15 395223     /lib/i386-linux-gnu/libselinux.so.1
67b4d000-67b4e000 rw-p 00000000 00:00 0 
67b4e000-67b4f000 ---p 00000000 00:00 0 
67b4f000-67bcf000 rwxp 00000000 00:00 0          [stack:20566]
67bcf000-67d80000 r--s 01d27000 08:15 4344946    /usr/lib/jvm/java-7-openjdk-i386/jre/lib/rt.jar
67d80000-6a600000 rw-p 00000000 00:00 0 
6a600000-6a6ff000 rw-p 00000000 00:00 0 
6a6ff000-6a700000 ---p 00000000 00:00 0 
6a71e000-6a734000 r-xp 00000000 08:15 4344900    /usr/lib/jvm/java-7-openjdk-i386/jre/lib/i386/libnet.so
6a734000-6a735000 r--p 00015000 08:15 4344900    /usr/lib/jvm/java-7-openjdk-i386/jre/lib/i386/libnet.so
6a735000-6a736000 rw-p 00016000 08:15 4344900    /usr/lib/jvm/java-7-openjdk-i386/jre/lib/i386/libnet.so
6a736000-6a77f000 rw-p 00000000 00:00 0 
6a77f000-6a780000 ---p 00000000 00:00 0 
6a780000-6a800000 rwxp 00000000 00:00 0          [stack:20553]
6a800000-6a821000 rw-p 00000000 00:00 0 
6a821000-6a900000 ---p 00000000 00:00 0 
6a900000-6a921000 rw-p 00000000 00:00 0 
6a921000-6aa00000 ---p 00000000 00:00 0 
6aa12000-6aa22000 r-xp 00000000 08:15 4344890    /usr/lib/jvm/java-7-openjdk-i386/jre/lib/i386/libnio.so
6aa22000-6aa23000 r--p 0000f000 08:15 4344890    /usr/lib/jvm/java-7-openjdk-i386/jre/lib/i386/libnio.so
6aa23000-6aa24000 rw-p 00010000 08:15 4344890    /usr/lib/jvm/java-7-openjdk-i386/jre/lib/i386/libnio.so
6aa24000-6aa7f000 rw-p 00000000 00:00 0 
6aa7f000-6aa80000 ---p 00000000 00:00 0 
6aa80000-6ab00000 rwxp 00000000 00:00 0          [stack:20550]
6ab00000-6ab21000 rw-p 00000000 00:00 0 
6ab21000-6ac00000 ---p 00000000 00:00 0 
6ac03000-6ac09000 r-xp 00000000 08:15 4339480    /usr/lib/i386-linux-gnu/libffi.so.6.0.2
6ac09000-6ac0b000 r--p 00005000 08:15 4339480    /usr/lib/i386-linux-gnu/libffi.so.6.0.2
6ac0b000-6ac0c000 rw-p 00007000 08:15 4339480    /usr/lib/i386-linux-gnu/libffi.so.6.0.2
6ac0c000-6ac27000 rw-p 00000000 00:00 0 
6ac27000-6ac28000 ---p 00000000 00:00 0 
6ac28000-6aca8000 rwxp 00000000 00:00 0          [stack:20548]
6aca8000-6aca9000 ---p 00000000 00:00 0 
6aca9000-6ad29000 rwxp 00000000 00:00 0          [stack:20547]
6ad29000-6ad31000 rw-p 00000000 00:00 0 
6ad31000-6ad69000 rw-p 00000000 00:00 0 
6ad69000-6ad7f000 rw-p 00000000 00:00 0 
6ad7f000-6aebf000 rw-p 00000000 00:00 0 
6aebf000-6aec7000 rw-p 00000000 00:00 0 
6aec7000-6aeff000 rw-p 00000000 00:00 0 
6aeff000-6af15000 rw-p 00000000 00:00 0 
6af15000-6b054000 rw-p 00000000 00:00 0 
6b054000-6b05f000 rw-p 00000000 00:00 0 
6b05f000-6b0ff000 rw-p 00000000 00:00 0 
6b0ff000-6c100000 rw-p 00000000 00:00 0 
6c100000-73100000 rw-p 00000000 00:00 0 
73100000-75b80000 rw-p 00000000 00:00 0 
75b80000-9db80000 rw-p 00000000 00:00 0 
9db80000-9f100000 rw-p 00000000 00:00 0 
a0180000-b3100000 rw-p 00000000 00:00 0 
b3106000-b3109000 r-xp 00000000 08:15 4334231    /usr/lib/i386-linux-gnu/libgmodule-2.0.so.0.4200.1
b3109000-b310a000 r--p 00002000 08:15 4334231    /usr/lib/i386-linux-gnu/libgmodule-2.0.so.0.4200.1
b310a000-b310b000 rw-p 00003000 08:15 4334231    /usr/lib/i386-linux-gnu/libgmodule-2.0.so.0.4200.1
b310b000-b311a000 r--s 000dd000 08:15 394489     /home/hugo/Android/Sdk/build-tools/21.1.2/lib/dx.jar
b311a000-b3123000 rw-p 00000000 00:00 0 
b3123000-b31da000 rw-p 00000000 00:00 0 
b31da000-b341a000 rwxp 00000000 00:00 0 
b341a000-b61da000 rw-p 00000000 00:00 0 
b61da000-b61e5000 r-xp 00000000 08:15 394247     /lib/i386-linux-gnu/libnss_files-2.19.so
b61e5000-b61e6000 r--p 0000a000 08:15 394247     /lib/i386-linux-gnu/libnss_files-2.19.so
b61e6000-b61e7000 rw-p 0000b000 08:15 394247     /lib/i386-linux-gnu/libnss_files-2.19.so
b61e7000-b61fc000 r-xp 00000000 08:15 394262     /lib/i386-linux-gnu/libnsl-2.19.so
b61fc000-b61fd000 r--p 00015000 08:15 394262     /lib/i386-linux-gnu/libnsl-2.19.so
b61fd000-b61fe000 rw-p 00016000 08:15 394262     /lib/i386-linux-gnu/libnsl-2.19.so
b61fe000-b6200000 rw-p 00000000 00:00 0 
b6200000-b6300000 rw-p 00000000 00:00 0 
b6300000-b6305000 r--s 00020000 08:15 6850416    /home/hugo/AndroidStudioProjects/TP2/app/build/intermediates/exploded-aar/com.google.android.gms/play-services-wearable/7.0.0/jars/classes.jar
b6305000-b6308000 r--s 00086000 08:15 4344949    /usr/lib/jvm/java-7-openjdk-i386/jre/lib/ext/localedata.jar
b6308000-b630c000 r--s 0003c000 08:15 4344952    /usr/lib/jvm/java-7-openjdk-i386/jre/lib/ext/sunpkcs11.jar
b630c000-b6316000 r-xp 00000000 08:15 394091     /lib/i386-linux-gnu/libnss_nis-2.19.so
b6316000-b6317000 r--p 00009000 08:15 394091     /lib/i386-linux-gnu/libnss_nis-2.19.so
b6317000-b6318000 rw-p 0000a000 08:15 394091     /lib/i386-linux-gnu/libnss_nis-2.19.so
b6318000-b631a000 r--s 00012000 08:15 4344950    /usr/lib/jvm/java-7-openjdk-i386/jre/lib/ext/zipfs.jar
b631a000-b631e000 r--s 00034000 08:15 4344951    /usr/lib/jvm/java-7-openjdk-i386/jre/lib/ext/sunjce_provider.jar
b631e000-b6320000 r--s 00006000 08:15 4740506    /usr/share/java/java-atk-wrapper.jar
b6320000-b6323000 r--s 0000f000 08:15 4344948    /usr/lib/jvm/java-7-openjdk-i386/jre/lib/ext/icedtea-sound.jar
b6323000-b6324000 r--s 00002000 08:15 4344947    /usr/lib/jvm/java-7-openjdk-i386/jre/lib/ext/dnsns.jar
b6324000-b632c000 r-xp 00000000 08:15 4334369    /usr/lib/jvm/java-7-openjdk-i386/jre/lib/i386/libzip.so
b632c000-b632d000 r--p 00007000 08:15 4334369    /usr/lib/jvm/java-7-openjdk-i386/jre/lib/i386/libzip.so
b632d000-b632e000 rw-p 00008000 08:15 4334369    /usr/lib/jvm/java-7-openjdk-i386/jre/lib/i386/libzip.so
b632e000-b6336000 rw-s 00000000 08:15 5386988    /tmp/hsperfdata_hugo/20539
b6336000-b635c000 r-xp 00000000 08:15 4334363    /usr/lib/jvm/java-7-openjdk-i386/jre/lib/i386/libjava.so
b635c000-b635d000 r--p 00025000 08:15 4334363    /usr/lib/jvm/java-7-openjdk-i386/jre/lib/i386/libjava.so
b635d000-b635e000 rw-p 00026000 08:15 4334363    /usr/lib/jvm/java-7-openjdk-i386/jre/lib/i386/libjava.so
b635e000-b6365000 r-xp 00000000 08:15 394246     /lib/i386-linux-gnu/librt-2.19.so
b6365000-b6366000 r--p 00006000 08:15 394246     /lib/i386-linux-gnu/librt-2.19.so
b6366000-b6367000 rw-p 00007000 08:15 394246     /lib/i386-linux-gnu/librt-2.19.so
b6367000-b6368000 ---p 00000000 00:00 0 
b6368000-b63b8000 rwxp 00000000 00:00 0          [stack:20541]
b63b8000-b63d4000 r-xp 00000000 08:15 395113     /lib/i386-linux-gnu/libgcc_s.so.1
b63d4000-b63d5000 r--p 0001b000 08:15 395113     /lib/i386-linux-gnu/libgcc_s.so.1
b63d5000-b63d6000 rw-p 0001c000 08:15 395113     /lib/i386-linux-gnu/libgcc_s.so.1
b63d6000-b641a000 r-xp 00000000 08:15 394263     /lib/i386-linux-gnu/libm-2.19.so
b641a000-b641b000 r--p 00043000 08:15 394263     /lib/i386-linux-gnu/libm-2.19.so
b641b000-b641c000 rw-p 00044000 08:15 394263     /lib/i386-linux-gnu/libm-2.19.so
b641c000-b6505000 r-xp 00000000 08:15 4340107    /usr/lib/i386-linux-gnu/libstdc++.so.6.0.20
b6505000-b6509000 r--p 000e9000 08:15 4340107    /usr/lib/i386-linux-gnu/libstdc++.so.6.0.20
b6509000-b650a000 rw-p 000ed000 08:15 4340107    /usr/lib/i386-linux-gnu/libstdc++.so.6.0.20
b650a000-b6511000 rw-p 00000000 00:00 0 
b6511000-b7057000 r-xp 00000000 08:15 4344914    /usr/lib/jvm/java-7-openjdk-i386/jre/lib/i386/server/libjvm.so
b7057000-b70ab000 r--p 00b45000 08:15 4344914    /usr/lib/jvm/java-7-openjdk-i386/jre/lib/i386/server/libjvm.so
b70ab000-b70bf000 rw-p 00b99000 08:15 4344914    /usr/lib/jvm/java-7-openjdk-i386/jre/lib/i386/server/libjvm.so
b70bf000-b74de000 rw-p 00000000 00:00 0 
b74de000-b74f6000 r-xp 00000000 08:15 395257     /lib/i386-linux-gnu/libz.so.1.2.8
b74f6000-b74f7000 r--p 00017000 08:15 395257     /lib/i386-linux-gnu/libz.so.1.2.8
b74f7000-b74f8000 rw-p 00018000 08:15 395257     /lib/i386-linux-gnu/libz.so.1.2.8
b74f8000-b7510000 r-xp 00000000 08:15 394266     /lib/i386-linux-gnu/libpthread-2.19.so
b7510000-b7512000 r--p 00017000 08:15 394266     /lib/i386-linux-gnu/libpthread-2.19.so
b7512000-b7513000 rw-p 00019000 08:15 394266     /lib/i386-linux-gnu/libpthread-2.19.so
b7513000-b7515000 rw-p 00000000 00:00 0 
b7515000-b7518000 r-xp 00000000 08:15 394275     /lib/i386-linux-gnu/libdl-2.19.so
b7518000-b7519000 r--p 00002000 08:15 394275     /lib/i386-linux-gnu/libdl-2.19.so
b7519000-b751a000 rw-p 00003000 08:15 394275     /lib/i386-linux-gnu/libdl-2.19.so
b751a000-b76c1000 r-xp 00000000 08:15 394269     /lib/i386-linux-gnu/libc-2.19.so
b76c1000-b76c3000 r--p 001a7000 08:15 394269     /lib/i386-linux-gnu/libc-2.19.so
b76c3000-b76c4000 rw-p 001a9000 08:15 394269     /lib/i386-linux-gnu/libc-2.19.so
b76c4000-b76c7000 rw-p 00000000 00:00 0 
b76c7000-b76c8000 r--p 00855000 08:15 4342535    /usr/lib/locale/locale-archive
b76c8000-b76c9000 r--p 00859000 08:15 4342535    /usr/lib/locale/locale-archive
b76c9000-b76d0000 r-xp 00000000 08:15 394270     /lib/i386-linux-gnu/libnss_compat-2.19.so
b76d0000-b76d1000 r--p 00006000 08:15 394270     /lib/i386-linux-gnu/libnss_compat-2.19.so
b76d1000-b76d2000 rw-p 00007000 08:15 394270     /lib/i386-linux-gnu/libnss_compat-2.19.so
b76d2000-b76d3000 rw-p 00000000 00:00 0 
b76d3000-b76d4000 ---p 00000000 00:00 0 
b76d4000-b76e2000 r-xp 00000000 08:15 4344904    /usr/lib/jvm/java-7-openjdk-i386/jre/lib/i386/libverify.so
b76e2000-b76e4000 r--p 0000d000 08:15 4344904    /usr/lib/jvm/java-7-openjdk-i386/jre/lib/i386/libverify.so
b76e4000-b76e5000 rw-p 0000f000 08:15 4344904    /usr/lib/jvm/java-7-openjdk-i386/jre/lib/i386/libverify.so
b76e5000-b76f1000 r-xp 00000000 08:15 4344915    /usr/lib/jvm/java-7-openjdk-i386/jre/lib/i386/jli/libjli.so
b76f1000-b76f2000 r--p 0000b000 08:15 4344915    /usr/lib/jvm/java-7-openjdk-i386/jre/lib/i386/jli/libjli.so
b76f2000-b76f3000 rw-p 0000c000 08:15 4344915    /usr/lib/jvm/java-7-openjdk-i386/jre/lib/i386/jli/libjli.so
b76f3000-b76f6000 rw-p 00000000 00:00 0 
b76f6000-b76f7000 r-xp 00000000 00:00 0          [vdso]
b76f7000-b76f9000 r--p 00000000 00:00 0          [vvar]
b76f9000-b7719000 r-xp 00000000 08:15 394259     /lib/i386-linux-gnu/ld-2.19.so
b7719000-b771a000 r--p 0001f000 08:15 394259     /lib/i386-linux-gnu/ld-2.19.so
b771a000-b771b000 rw-p 00020000 08:15 394259     /lib/i386-linux-gnu/ld-2.19.so
bfd8e000-bfd8f000 rwxp 00000000 00:00 0 
bfdc1000-bfde0000 rwxp 00000000 00:00 0          [stack]
bfde0000-bfde2000 rw-p 00000000 00:00 0 

VM Arguments:
jvm_args: -Xmx1024M -Dfile.encoding=UTF-8 -Duser.country=US -Duser.language=en -Duser.variant 
java_command: com.android.dx.command.Main --dex --output /home/hugo/AndroidStudioProjects/TP2/app/build/intermediates/pre-dexed/debug/classes-c66a14e7caeede6a624182a3afc912d4cca07393.jar /home/hugo/AndroidStudioProjects/TP2/app/build/intermediates/exploded-aar/com.google.android.gms/play-services-wearable/7.0.0/jars/classes.jar
Launcher Type: SUN_STANDARD

Environment Variables:
PATH=/home/hugo/.rvm/gems/ruby-2.1.5/bin:/home/hugo/.rvm/gems/ruby-2.1.5@global/bin:/home/hugo/.rvm/rubies/ruby-2.1.5/bin:/usr/local/sbin:/usr/local/bin:/usr/sbin:/usr/bin:/sbin:/bin:/usr/games:/usr/local/games:/home/hugo/.rvm/bin
USERNAME=hugo
LD_LIBRARY_PATH=/opt/android-studio/bin:
SHELL=/bin/bash
DISPLAY=:0

Signal Handlers:
SIGSEGV: [libjvm.so+0x7ed9a0], sa_mask[0]=0x7ffbfeff, sa_flags=0x10000004
SIGBUS: [libjvm.so+0x7ed9a0], sa_mask[0]=0x7ffbfeff, sa_flags=0x10000004
SIGFPE: [libjvm.so+0x66faf0], sa_mask[0]=0x7ffbfeff, sa_flags=0x10000004
SIGPIPE: [libjvm.so+0x66faf0], sa_mask[0]=0x7ffbfeff, sa_flags=0x10000004
SIGXFSZ: [libjvm.so+0x66faf0], sa_mask[0]=0x7ffbfeff, sa_flags=0x10000004
SIGILL: [libjvm.so+0x66faf0], sa_mask[0]=0x7ffbfeff, sa_flags=0x10000004
SIGUSR1: SIG_DFL, sa_mask[0]=0x00000000, sa_flags=0x00000000
SIGUSR2: [libjvm.so+0x66f940], sa_mask[0]=0x00000004, sa_flags=0x10000004
SIGHUP: [libjvm.so+0x66fba0], sa_mask[0]=0x7ffbfeff, sa_flags=0x10000004
SIGINT: [libjvm.so+0x66fba0], sa_mask[0]=0x7ffbfeff, sa_flags=0x10000004
SIGTERM: [libjvm.so+0x66fba0], sa_mask[0]=0x7ffbfeff, sa_flags=0x10000004
SIGQUIT: [libjvm.so+0x66fba0], sa_mask[0]=0x7ffbfeff, sa_flags=0x10000004
SIGTRAP: SIG_DFL, sa_mask[0]=0x00000000, sa_flags=0x00000000


---------------  S Y S T E M  ---------------

OS:Ubuntu 14.10 (utopic)
uname:Linux 3.16.0-28-generic #38-Ubuntu SMP Fri Dec 12 17:38:37 UTC 2014 i686
libc:glibc 2.19 NPTL 2.19 
rlimit: STACK 8192k, CORE 0k, NPROC 46759, NOFILE 4096, AS infinity
load average:15,10 7,33 3,48

/proc/meminfo:
MemTotal:        6005684 kB
MemFree:          302048 kB
MemAvailable:     220516 kB
Buffers:             920 kB
Cached:          1064332 kB
SwapCached:            0 kB
Active:          4656552 kB
Inactive:         897944 kB
Active(anon):    4638272 kB
Inactive(anon):   880932 kB
Active(file):      18280 kB
Inactive(file):    17012 kB
Unevictable:         168 kB
Mlocked:             168 kB
HighTotal:       5160892 kB
HighFree:          72116 kB
LowTotal:         844792 kB
LowFree:          229932 kB
SwapTotal:             0 kB
SwapFree:              0 kB
Dirty:               152 kB
Writeback:          2048 kB
AnonPages:       4488780 kB
Mapped:           291632 kB
Shmem:           1029816 kB
Slab:              67452 kB
SReclaimable:      35944 kB
SUnreclaim:        31508 kB
KernelStack:        7608 kB
PageTables:        28824 kB
NFS_Unstable:          0 kB
Bounce:             1044 kB
WritebackTmp:          0 kB
CommitLimit:     3002840 kB
Committed_AS:   12624172 kB
VmallocTotal:     122880 kB
VmallocUsed:       19028 kB
VmallocChunk:      47788 kB
AnonHugePages:   2084864 kB
HugePages_Total:       0
HugePages_Free:        0
HugePages_Rsvd:        0
HugePages_Surp:        0
Hugepagesize:       2048 kB
DirectMap4k:       47096 kB
DirectMap2M:      860160 kB


CPU:total 4 (2 cores per cpu, 2 threads per core) family 6 model 58 stepping 9, cmov, cx8, fxsr, mmx, sse, sse2, sse3, ssse3, sse4.1, sse4.2, popcnt, avx, aes, erms, ht, tsc, tscinvbit, tscinv

/proc/cpuinfo:
processor	: 0
vendor_id	: GenuineIntel
cpu family	: 6
model		: 58
model name	: Intel(R) Core(TM) i5-3210M CPU @ 2.50GHz
stepping	: 9
microcode	: 0x12
cpu MHz		: 2900.000
cache size	: 3072 KB
physical id	: 0
siblings	: 4
core id		: 0
cpu cores	: 2
apicid		: 0
initial apicid	: 0
fdiv_bug	: no
f00f_bug	: no
coma_bug	: no
fpu		: yes
fpu_exception	: yes
cpuid level	: 13
wp		: yes
flags		: fpu vme de pse tsc msr pae mce cx8 apic sep mtrr pge mca cmov pat pse36 clflush dts acpi mmx fxsr sse sse2 ss ht tm pbe nx rdtscp lm constant_tsc arch_perfmon pebs bts xtopology nonstop_tsc aperfmperf eagerfpu pni pclmulqdq dtes64 monitor ds_cpl vmx est tm2 ssse3 cx16 xtpr pdcm pcid sse4_1 sse4_2 x2apic popcnt tsc_deadline_timer aes xsave avx f16c rdrand lahf_lm ida arat epb xsaveopt pln pts dtherm tpr_shadow vnmi flexpriority ept vpid fsgsbase smep erms
bogomips	: 4988.65
clflush size	: 64
cache_alignment	: 64
address sizes	: 36 bits physical, 48 bits virtual
power management:

processor	: 1
vendor_id	: GenuineIntel
cpu family	: 6
model		: 58
model name	: Intel(R) Core(TM) i5-3210M CPU @ 2.50GHz
stepping	: 9
microcode	: 0x12
cpu MHz		: 2899.902
cache size	: 3072 KB
physical id	: 0
siblings	: 4
core id		: 0
cpu cores	: 2
apicid		: 1
initial apicid	: 1
fdiv_bug	: no
f00f_bug	: no
coma_bug	: no
fpu		: yes
fpu_exception	: yes
cpuid level	: 13
wp		: yes
flags		: fpu vme de pse tsc msr pae mce cx8 apic sep mtrr pge mca cmov pat pse36 clflush dts acpi mmx fxsr sse sse2 ss ht tm pbe nx rdtscp lm constant_tsc arch_perfmon pebs bts xtopology nonstop_tsc aperfmperf eagerfpu pni pclmulqdq dtes64 monitor ds_cpl vmx est tm2 ssse3 cx16 xtpr pdcm pcid sse4_1 sse4_2 x2apic popcnt tsc_deadline_timer aes xsave avx f16c rdrand lahf_lm ida arat epb xsaveopt pln pts dtherm tpr_shadow vnmi flexpriority ept vpid fsgsbase smep erms
bogomips	: 4988.65
clflush size	: 64
cache_alignment	: 64
address sizes	: 36 bits physical, 48 bits virtual
power management:

processor	: 2
vendor_id	: GenuineIntel
cpu family	: 6
model		: 58
model name	: Intel(R) Core(TM) i5-3210M CPU @ 2.50GHz
stepping	: 9
microcode	: 0x12
cpu MHz		: 2900.000
cache size	: 3072 KB
physical id	: 0
siblings	: 4
core id		: 1
cpu cores	: 2
apicid		: 2
initial apicid	: 2
fdiv_bug	: no
f00f_bug	: no
coma_bug	: no
fpu		: yes
fpu_exception	: yes
cpuid level	: 13
wp		: yes
flags		: fpu vme de pse tsc msr pae mce cx8 apic sep mtrr pge mca cmov pat pse36 clflush dts acpi mmx fxsr sse sse2 ss ht tm pbe nx rdtscp lm constant_tsc arch_perfmon pebs bts xtopology nonstop_tsc aperfmperf eagerfpu pni pclmulqdq dtes64 monitor ds_cpl vmx est tm2 ssse3 cx16 xtpr pdcm pcid sse4_1 sse4_2 x2apic popcnt tsc_deadline_timer aes xsave avx f16c rdrand lahf_lm ida arat epb xsaveopt pln pts dtherm tpr_shadow vnmi flexpriority ept vpid fsgsbase smep erms
bogomips	: 4988.65
clflush size	: 64
cache_alignment	: 64
address sizes	: 36 bits physical, 48 bits virtual
power management:

processor	: 3
vendor_id	: GenuineIntel
cpu family	: 6
model		: 58
model name	: Intel(R) Core(TM) i5-3210M CPU @ 2.50GHz
stepping	: 9
microcode	: 0x12
cpu MHz		: 2900.000
cache size	: 3072 KB
physical id	: 0
siblings	: 4
core id		: 1
cpu cores	: 2
apicid		: 3
initial apicid	: 3
fdiv_bug	: no
f00f_bug	: no
coma_bug	: no
fpu		: yes
fpu_exception	: yes
cpuid level	: 13
wp		: yes
flags		: fpu vme de pse tsc msr pae mce cx8 apic sep mtrr pge mca cmov pat pse36 clflush dts acpi mmx fxsr sse sse2 ss ht tm pbe nx rdtscp lm constant_tsc arch_perfmon pebs bts xtopology nonstop_tsc aperfmperf eagerfpu pni pclmulqdq dtes64 monitor ds_cpl vmx est tm2 ssse3 cx16 xtpr pdcm pcid sse4_1 sse4_2 x2apic popcnt tsc_deadline_timer aes xsave avx f16c rdrand lahf_lm ida arat epb xsaveopt pln pts dtherm tpr_shadow vnmi flexpriority ept vpid fsgsbase smep erms
bogomips	: 4988.65
clflush size	: 64
cache_alignment	: 64
address sizes	: 36 bits physical, 48 bits virtual
power management:



Memory: 4k page, physical 6005684k(302320k free), swap 0k(0k free)

vm_info: OpenJDK Server VM (24.79-b02) for linux-x86 JRE (1.7.0_79-b14), built on Apr 16 2015 08:35:02 by "buildd" with gcc 4.9.1

time: Mon Jun 15 12:20:30 2015
elapsed time: 12 seconds

