#
# There is insufficient memory for the Java Runtime Environment to continue.
# Native memory allocation (malloc) failed to allocate 63176704 bytes for committing reserved memory.
# Possible reasons:
#   The system is out of physical RAM or swap space
#   In 32 bit mode, the process size limit was hit
# Possible solutions:
#   Reduce memory load on the system
#   Increase physical memory or swap space
#   Check if swap backing store is full
#   Use 64 bit Java on a 64 bit OS
#   Decrease Java heap size (-Xmx/-Xms)
#   Decrease number of Java threads
#   Decrease Java thread stack sizes (-Xss)
#   Set larger code cache with -XX:ReservedCodeCacheSize=
# This output file may be truncated or incomplete.
#
#  Out of Memory Error (os_linux.cpp:2809), pid=19694, tid=1740434240
#
# JRE version: OpenJDK Runtime Environment (7.0_79-b14) (build 1.7.0_79-b14)
# Java VM: OpenJDK Server VM (24.79-b02 mixed mode linux-x86 )
# Derivative: IcedTea 2.5.5
# Distribution: Ubuntu 14.10, package 7u79-2.5.5-0ubuntu0.14.10.2
# Failed to write core dump. Core dumps have been disabled. To enable core dumping, try "ulimit -c unlimited" before starting Java again
#

---------------  T H R E A D  ---------------

Current thread (0x67a80800):  VMThread [stack: 0x67b4e000,0x67bcf000] [id=19703]

Stack: [0x67b4e000,0x67bcf000]
VM_Operation (0xb63cc954): ParallelGCFailedAllocation, mode: safepoint, requested by thread 0xb6207800


---------------  P R O C E S S  ---------------

Java Threads: ( => current thread )
  0x67a9cc00 JavaThread "Service Thread" daemon [_thread_blocked, id=19709, stack(0x673ad000,0x673fe000)]
  0x67a9ac00 JavaThread "C2 CompilerThread1" daemon [_thread_blocked, id=19708, stack(0x673fe000,0x6747f000)]
  0x67a98c00 JavaThread "C2 CompilerThread0" daemon [_thread_blocked, id=19707, stack(0x6747f000,0x67500000)]
  0x67a97000 JavaThread "Signal Dispatcher" daemon [_thread_blocked, id=19706, stack(0x6790d000,0x6795e000)]
  0x67a84c00 JavaThread "Finalizer" daemon [_thread_blocked, id=19705, stack(0x6795e000,0x679af000)]
  0x67a83000 JavaThread "Reference Handler" daemon [_thread_blocked, id=19704, stack(0x679af000,0x67a00000)]
  0xb6207800 JavaThread "main" [_thread_blocked, id=19696, stack(0xb637d000,0xb63ce000)]

Other Threads:
=>0x67a80800 VMThread [stack: 0x67b4e000,0x67bcf000] [id=19703]
  0x67a9e800 WatcherThread [stack: 0x6732c000,0x673ad000] [id=19710]

VM state:at safepoint (normal execution)

VM Mutex/Monitor currently owned by a thread:  ([mutex/lock_event])
[0xb6205220] Threads_lock - owner thread: 0x67a80800
[0xb6205630] Heap_lock - owner thread: 0xb6207800

Heap
 PSYoungGen      total 33536K, used 2544K [0x9db80000, 0xa0180000, 0xb3100000)
  eden space 30976K, 0% used [0x9db80000,0x9db80000,0x9f9c0000)
  from space 2560K, 99% used [0x9fc80000,0x9fefc010,0x9ff00000)
  to   space 2560K, 0% used [0x9ff00000,0x9ff00000,0xa0180000)
 ParOldGen       total 70400K, used 42524K [0x73100000, 0x775c0000, 0x9db80000)
  object space 70400K, 60% used [0x73100000,0x75a87250,0x775c0000)
 PSPermGen       total 16384K, used 3802K [0x6b100000, 0x6c100000, 0x73100000)
  object space 16384K, 23% used [0x6b100000,0x6b4b6ba8,0x6c100000)

Card table byte_map: [0x6aebf000,0x6b100000] byte_map_base: 0x6ab66800

Polling page: 0xb76e9000

Code Cache  [0xb31f3000, 0xb3433000, 0xb61f3000)
 total_blobs=400 nmethods=280 adapters=73 free_code_cache=48299Kb largest_free_block=49441408

Compilation events (10 events):
Event: 11,671 Thread 0x67a9ac00 nmethod 277 0xb32c4e08 code [0xb32c4f00, 0xb32c4fe4]
Event: 11,671 Thread 0x67a9ac00  278             com.android.dx.util.ListIntSet::add (26 bytes)
Event: 11,849 Thread 0x67a9ac00 nmethod 278 0xb32c8208 code [0xb32c8340, 0xb32c89f0]
Event: 11,849 Thread 0x67a9ac00  279             com.android.dx.util.IntList::insert (115 bytes)
Event: 11,925 Thread 0x67a9ac00 nmethod 279 0xb32c7a88 code [0xb32c7ba0, 0xb32c7ff0]
Event: 11,925 Thread 0x67a9ac00  280             com.android.dx.ssa.SsaMethod::getRegCount (5 bytes)
Event: 11,980 Thread 0x67a9ac00 nmethod 280 0xb32c4208 code [0xb32c42e0, 0xb32c4330]
Event: 11,980 Thread 0x67a9ac00  281             com.android.dx.ssa.SetFactory::makeLivenessSet (26 bytes)
Event: 12,024 Thread 0x67a9ac00 nmethod 281 0xb32c48c8 code [0xb32c49e0, 0xb32c4bfc]
Event: 12,024 Thread 0x67a9ac00  282             com.android.dx.ssa.back.LivenessAnalyzer::liveInAtStatement (55 bytes)

GC Heap History (10 events):
Event: 6,287 GC heap after
Heap after GC invocations=1 (full 0):
 PSYoungGen      total 19456K, used 2556K [0x9db80000, 0x9f100000, 0xb3100000)
  eden space 16896K, 0% used [0x9db80000,0x9db80000,0x9ec00000)
  from space 2560K, 99% used [0x9ec00000,0x9ee7f208,0x9ee80000)
  to   space 2560K, 0% used [0x9ee80000,0x9ee80000,0x9f100000)
 ParOldGen       total 43520K, used 5317K [0x73100000, 0x75b80000, 0x9db80000)
  object space 43520K, 12% used [0x73100000,0x73631720,0x75b80000)
 PSPermGen       total 16384K, used 3740K [0x6b100000, 0x6c100000, 0x73100000)
  object space 16384K, 22% used [0x6b100000,0x6b4a7130,0x6c100000)
}
Event: 6,430 GC heap before
{Heap before GC invocations=2 (full 0):
 PSYoungGen      total 19456K, used 19452K [0x9db80000, 0x9f100000, 0xb3100000)
  eden space 16896K, 100% used [0x9db80000,0x9ec00000,0x9ec00000)
  from space 2560K, 99% used [0x9ec00000,0x9ee7f208,0x9ee80000)
  to   space 2560K, 0% used [0x9ee80000,0x9ee80000,0x9f100000)
 ParOldGen       total 43520K, used 5317K [0x73100000, 0x75b80000, 0x9db80000)
  object space 43520K, 12% used [0x73100000,0x73631720,0x75b80000)
 PSPermGen       total 16384K, used 3743K [0x6b100000, 0x6c100000, 0x73100000)
  object space 16384K, 22% used [0x6b100000,0x6b4a7df8,0x6c100000)
Event: 6,504 GC heap after
Heap after GC invocations=2 (full 0):
 PSYoungGen      total 19456K, used 2548K [0x9db80000, 0xa0180000, 0xb3100000)
  eden space 16896K, 0% used [0x9db80000,0x9db80000,0x9ec00000)
  from space 2560K, 99% used [0x9ee80000,0x9f0fd118,0x9f100000)
  to   space 2560K, 0% used [0x9ec00000,0x9ec00000,0x9ee80000)
 ParOldGen       total 43520K, used 22704K [0x73100000, 0x75b80000, 0x9db80000)
  object space 43520K, 52% used [0x73100000,0x7472c1c0,0x75b80000)
 PSPermGen       total 16384K, used 3743K [0x6b100000, 0x6c100000, 0x73100000)
  object space 16384K, 22% used [0x6b100000,0x6b4a7df8,0x6c100000)
}
Event: 6,638 GC heap before
{Heap before GC invocations=3 (full 0):
 PSYoungGen      total 19456K, used 19444K [0x9db80000, 0xa0180000, 0xb3100000)
  eden space 16896K, 100% used [0x9db80000,0x9ec00000,0x9ec00000)
  from space 2560K, 99% used [0x9ee80000,0x9f0fd118,0x9f100000)
  to   space 2560K, 0% used [0x9ec00000,0x9ec00000,0x9ee80000)
 ParOldGen       total 43520K, used 22704K [0x73100000, 0x75b80000, 0x9db80000)
  object space 43520K, 52% used [0x73100000,0x7472c1c0,0x75b80000)
 PSPermGen       total 16384K, used 3743K [0x6b100000, 0x6c100000, 0x73100000)
  object space 16384K, 22% used [0x6b100000,0x6b4a7df8,0x6c100000)
Event: 6,696 GC heap after
Heap after GC invocations=3 (full 0):
 PSYoungGen      total 19456K, used 2548K [0x9db80000, 0xa0180000, 0xb3100000)
  eden space 16896K, 0% used [0x9db80000,0x9db80000,0x9ec00000)
  from space 2560K, 99% used [0x9ec00000,0x9ee7d118,0x9ee80000)
  to   space 2560K, 0% used [0x9ff00000,0x9ff00000,0xa0180000)
 ParOldGen       total 43520K, used 36820K [0x73100000, 0x75b80000, 0x9db80000)
  object space 43520K, 84% used [0x73100000,0x754f51c0,0x75b80000)
 PSPermGen       total 16384K, used 3743K [0x6b100000, 0x6c100000, 0x73100000)
  object space 16384K, 22% used [0x6b100000,0x6b4a7df8,0x6c100000)
}
Event: 6,696 GC heap before
{Heap before GC invocations=4 (full 1):
 PSYoungGen      total 19456K, used 2548K [0x9db80000, 0xa0180000, 0xb3100000)
  eden space 16896K, 0% used [0x9db80000,0x9db80000,0x9ec00000)
  from space 2560K, 99% used [0x9ec00000,0x9ee7d118,0x9ee80000)
  to   space 2560K, 0% used [0x9ff00000,0x9ff00000,0xa0180000)
 ParOldGen       total 43520K, used 36820K [0x73100000, 0x75b80000, 0x9db80000)
  object space 43520K, 84% used [0x73100000,0x754f51c0,0x75b80000)
 PSPermGen       total 16384K, used 3743K [0x6b100000, 0x6c100000, 0x73100000)
  object space 16384K, 22% used [0x6b100000,0x6b4a7df8,0x6c100000)
Event: 6,948 GC heap after
Heap after GC invocations=4 (full 1):
 PSYoungGen      total 19456K, used 0K [0x9db80000, 0xa0180000, 0xb3100000)
  eden space 16896K, 0% used [0x9db80000,0x9db80000,0x9ec00000)
  from space 2560K, 0% used [0x9ec00000,0x9ec00000,0x9ee80000)
  to   space 2560K, 0% used [0x9ff00000,0x9ff00000,0xa0180000)
 ParOldGen       total 70400K, used 30680K [0x73100000, 0x775c0000, 0x9db80000)
  object space 70400K, 43% used [0x73100000,0x74ef6380,0x775c0000)
 PSPermGen       total 16384K, used 3742K [0x6b100000, 0x6c100000, 0x73100000)
  object space 16384K, 22% used [0x6b100000,0x6b4a7998,0x6c100000)
}
Event: 7,117 GC heap before
{Heap before GC invocations=5 (full 1):
 PSYoungGen      total 19456K, used 16896K [0x9db80000, 0xa0180000, 0xb3100000)
  eden space 16896K, 100% used [0x9db80000,0x9ec00000,0x9ec00000)
  from space 2560K, 0% used [0x9ec00000,0x9ec00000,0x9ee80000)
  to   space 2560K, 0% used [0x9ff00000,0x9ff00000,0xa0180000)
 ParOldGen       total 70400K, used 30680K [0x73100000, 0x775c0000, 0x9db80000)
  object space 70400K, 43% used [0x73100000,0x74ef6380,0x775c0000)
 PSPermGen       total 16384K, used 3745K [0x6b100000, 0x6c100000, 0x73100000)
  object space 16384K, 22% used [0x6b100000,0x6b4a84c0,0x6c100000)
Event: 7,144 GC heap after
Heap after GC invocations=5 (full 1):
 PSYoungGen      total 33536K, used 2560K [0x9db80000, 0xa0180000, 0xb3100000)
  eden space 30976K, 0% used [0x9db80000,0x9db80000,0x9f9c0000)
  from space 2560K, 100% used [0x9ff00000,0xa0180000,0xa0180000)
  to   space 2560K, 0% used [0x9fc80000,0x9fc80000,0x9ff00000)
 ParOldGen       total 70400K, used 37792K [0x73100000, 0x775c0000, 0x9db80000)
  object space 70400K, 53% used [0x73100000,0x755e8380,0x775c0000)
 PSPermGen       total 16384K, used 3745K [0x6b100000, 0x6c100000, 0x73100000)
  object space 16384K, 22% used [0x6b100000,0x6b4a84c0,0x6c100000)
}
Event: 12,248 GC heap before
{Heap before GC invocations=6 (full 1):
 PSYoungGen      total 33536K, used 33536K [0x9db80000, 0xa0180000, 0xb3100000)
  eden space 30976K, 100% used [0x9db80000,0x9f9c0000,0x9f9c0000)
  from space 2560K, 100% used [0x9ff00000,0xa0180000,0xa0180000)
  to   space 2560K, 0% used [0x9fc80000,0x9fc80000,0x9ff00000)
 ParOldGen       total 70400K, used 37792K [0x73100000, 0x775c0000, 0x9db80000)
  object space 70400K, 53% used [0x73100000,0x755e8380,0x775c0000)
 PSPermGen       total 16384K, used 3802K [0x6b100000, 0x6c100000, 0x73100000)
  object space 16384K, 23% used [0x6b100000,0x6b4b6ba8,0x6c100000)

Deoptimization events (10 events):
Event: 3,172 Thread 0xb6207800 Uncommon trap: reason=class_check action=maybe_recompile pc=0xb3254a14 method=com.android.dx.cf.code.BytecodeArray.parseInstruction(ILcom/android/dx/cf/code/BytecodeArray$Visitor;)I @ 1597
Event: 3,172 Thread 0xb6207800 Uncommon trap: reason=class_check action=maybe_recompile pc=0xb32564c4 method=com.android.dx.cf.code.BytecodeArray.parseInstruction(ILcom/android/dx/cf/code/BytecodeArray$Visitor;)I @ 2484
Event: 3,172 Thread 0xb6207800 Uncommon trap: reason=class_check action=maybe_recompile pc=0xb32564c4 method=com.android.dx.cf.code.BytecodeArray.parseInstruction(ILcom/android/dx/cf/code/BytecodeArray$Visitor;)I @ 2484
Event: 6,093 Thread 0xb6207800 Uncommon trap: reason=class_check action=maybe_recompile pc=0xb326db34 method=com.android.dx.cf.code.BytecodeArray.parseInstruction(ILcom/android/dx/cf/code/BytecodeArray$Visitor;)I @ 2445
Event: 6,093 Thread 0xb6207800 Uncommon trap: reason=class_check action=maybe_recompile pc=0xb3264aa8 method=com.android.dx.cf.code.Ropper.processBlock(Lcom/android/dx/cf/code/ByteBlock;Lcom/android/dx/cf/code/Frame;[I)V @ 956
Event: 8,248 Thread 0xb6207800 Uncommon trap: reason=null_check action=make_not_entrant pc=0xb32524d4 method=com.android.dx.rop.code.RegisterSpec.intern(ILcom/android/dx/rop/type/TypeBearer;Lcom/android/dx/rop/code/LocalItem;)Lcom/android/dx/rop/code/RegisterSpec; @ 24
Event: 10,270 Thread 0xb6207800 Uncommon trap: reason=unreached action=reinterpret pc=0xb32b5408 method=java.util.HashMap.containsKey(Ljava/lang/Object;)Z @ 5
Event: 10,285 Thread 0xb6207800 Uncommon trap: reason=unreached action=reinterpret pc=0xb32a8e34 method=java.util.HashMap.containsKey(Ljava/lang/Object;)Z @ 5
Event: 10,285 Thread 0xb6207800 Uncommon trap: reason=unreached action=reinterpret pc=0xb32ace38 method=java.util.HashMap.containsKey(Ljava/lang/Object;)Z @ 5
Event: 10,287 Thread 0xb6207800 Uncommon trap: reason=unreached action=reinterpret pc=0xb32b1960 method=java.util.HashMap.containsKey(Ljava/lang/Object;)Z @ 5

Internal exceptions (10 events):
Event: 2,023 Thread 0xb6207800 Threw 0x9e309188 at /build/buildd/openjdk-7-7u79-2.5.5/build/openjdk/hotspot/src/share/vm/prims/jvm.cpp:1284
Event: 2,032 Thread 0xb6207800 Threw 0x9e316638 at /build/buildd/openjdk-7-7u79-2.5.5/build/openjdk/hotspot/src/share/vm/prims/jvm.cpp:1284
Event: 2,038 Thread 0xb6207800 Threw 0x9e31e308 at /build/buildd/openjdk-7-7u79-2.5.5/build/openjdk/hotspot/src/share/vm/prims/jvm.cpp:1284
Event: 2,386 Thread 0xb6207800 Threw 0x9e3d7498 at /build/buildd/openjdk-7-7u79-2.5.5/build/openjdk/hotspot/src/share/vm/prims/jvm.cpp:1284
Event: 2,418 Thread 0xb6207800 Threw 0x9e3e5638 at /build/buildd/openjdk-7-7u79-2.5.5/build/openjdk/hotspot/src/share/vm/prims/jvm.cpp:1284
Event: 2,430 Thread 0xb6207800 Threw 0x9e3ebcb0 at /build/buildd/openjdk-7-7u79-2.5.5/build/openjdk/hotspot/src/share/vm/prims/jvm.cpp:1284
Event: 3,686 Thread 0xb6207800 Threw 0x9e6bfc90 at /build/buildd/openjdk-7-7u79-2.5.5/build/openjdk/hotspot/src/share/vm/prims/jvm.cpp:1284
Event: 5,705 Thread 0xb6207800 Threw 0x9e8e6e98 at /build/buildd/openjdk-7-7u79-2.5.5/build/openjdk/hotspot/src/share/vm/prims/jvm.cpp:1284
Event: 8,031 Thread 0xb6207800 Threw 0x9eadcbc0 at /build/buildd/openjdk-7-7u79-2.5.5/build/openjdk/hotspot/src/share/vm/prims/jvm.cpp:1284
Event: 8,190 Thread 0xb6207800 Threw 0x9ebe7678 at /build/buildd/openjdk-7-7u79-2.5.5/build/openjdk/hotspot/src/share/vm/prims/jvm.cpp:1284

Events (10 events):
Event: 10,285 Thread 0xb6207800 Uncommon trap: trap_request=0xffffffad fr.pc=0xb32a8e34
Event: 10,285 Thread 0xb6207800 DEOPT PACKING pc=0xb32a8e34 sp=0xb63cca50
Event: 10,285 Thread 0xb6207800 DEOPT UNPACKING pc=0xb321fbc8 sp=0xb63cca04 mode 2
Event: 10,285 Thread 0xb6207800 Uncommon trap: trap_request=0xffffffad fr.pc=0xb32ace38
Event: 10,285 Thread 0xb6207800 DEOPT PACKING pc=0xb32ace38 sp=0xb63cca20
Event: 10,285 Thread 0xb6207800 DEOPT UNPACKING pc=0xb321fbc8 sp=0xb63cca04 mode 2
Event: 10,287 Thread 0xb6207800 Uncommon trap: trap_request=0xffffffad fr.pc=0xb32b1960
Event: 10,287 Thread 0xb6207800 DEOPT PACKING pc=0xb32b1960 sp=0xb63cca80
Event: 10,287 Thread 0xb6207800 DEOPT UNPACKING pc=0xb321fbc8 sp=0xb63cca14 mode 2
Event: 12,248 Executing VM operation: ParallelGCFailedAllocation


Dynamic libraries:
08048000-08049000 r-xp 00000000 08:15 4344957    /usr/lib/jvm/java-7-openjdk-i386/jre/bin/java
08049000-0804a000 r--p 00000000 08:15 4344957    /usr/lib/jvm/java-7-openjdk-i386/jre/bin/java
0804a000-0804b000 rw-p 00001000 08:15 4344957    /usr/lib/jvm/java-7-openjdk-i386/jre/bin/java
08754000-087e7000 rw-p 00000000 00:00 0          [heap]
66300000-6639a000 rw-p 00000000 00:00 0 
6639a000-66400000 ---p 00000000 00:00 0 
66600000-666ed000 rw-p 00000000 00:00 0 
666ed000-66700000 ---p 00000000 00:00 0 
66700000-667eb000 rw-p 00000000 00:00 0 
667eb000-66800000 ---p 00000000 00:00 0 
66900000-669ff000 rw-p 00000000 00:00 0 
669ff000-66a00000 ---p 00000000 00:00 0 
66a00000-66af9000 rw-p 00000000 00:00 0 
66af9000-66b00000 ---p 00000000 00:00 0 
66b00000-66bf9000 rw-p 00000000 00:00 0 
66bf9000-66c00000 ---p 00000000 00:00 0 
66c00000-66d00000 rw-p 00000000 00:00 0 
66d00000-66dfa000 rw-p 00000000 00:00 0 
66dfa000-66e00000 ---p 00000000 00:00 0 
66e55000-66ec4000 r-xp 00000000 08:15 395196     /lib/i386-linux-gnu/libpcre.so.3.13.1
66ec4000-66ec5000 r--p 0006e000 08:15 395196     /lib/i386-linux-gnu/libpcre.so.3.13.1
66ec5000-66ec6000 rw-p 0006f000 08:15 395196     /lib/i386-linux-gnu/libpcre.so.3.13.1
66ec6000-66feb000 r-xp 00000000 08:15 402133     /lib/i386-linux-gnu/libglib-2.0.so.0.4200.1
66feb000-66fec000 r--p 00124000 08:15 402133     /lib/i386-linux-gnu/libglib-2.0.so.0.4200.1
66fec000-66fed000 rw-p 00125000 08:15 402133     /lib/i386-linux-gnu/libglib-2.0.so.0.4200.1
66fed000-67048000 r-xp 00000000 08:15 4334310    /usr/lib/i386-linux-gnu/libgobject-2.0.so.0.4200.1
67048000-67049000 r--p 0005b000 08:15 4334310    /usr/lib/i386-linux-gnu/libgobject-2.0.so.0.4200.1
67049000-6704a000 rw-p 0005c000 08:15 4334310    /usr/lib/i386-linux-gnu/libgobject-2.0.so.0.4200.1
6704a000-671fb000 r-xp 00000000 08:15 4334232    /usr/lib/i386-linux-gnu/libgio-2.0.so.0.4200.1
671fb000-671fe000 r--p 001b0000 08:15 4334232    /usr/lib/i386-linux-gnu/libgio-2.0.so.0.4200.1
671fe000-671ff000 rw-p 001b3000 08:15 4334232    /usr/lib/i386-linux-gnu/libgio-2.0.so.0.4200.1
671ff000-67200000 rw-p 00000000 00:00 0 
67200000-672a4000 rw-p 00000000 00:00 0 
672a4000-67300000 ---p 00000000 00:00 0 
6732c000-6732d000 ---p 00000000 00:00 0 
6732d000-673fe000 rwxp 00000000 00:00 0          [stack:19709]
673fe000-673ff000 ---p 00000000 00:00 0 
673ff000-6747f000 rwxp 00000000 00:00 0          [stack:19708]
6747f000-67480000 ---p 00000000 00:00 0 
67480000-67500000 rwxp 00000000 00:00 0          [stack:19707]
67500000-67700000 r--p 00000000 08:15 4342535    /usr/lib/locale/locale-archive
67700000-67721000 rw-p 00000000 00:00 0 
67721000-67800000 ---p 00000000 00:00 0 
67800000-678f9000 rw-p 00000000 00:00 0 
678f9000-67900000 ---p 00000000 00:00 0 
6790d000-67a00000 rwxp 00000000 00:00 0          [stack:19704]
67a00000-67b00000 rw-p 00000000 00:00 0 
67b27000-67b4b000 r-xp 00000000 08:15 395223     /lib/i386-linux-gnu/libselinux.so.1
67b4b000-67b4c000 r--p 00023000 08:15 395223     /lib/i386-linux-gnu/libselinux.so.1
67b4c000-67b4d000 rw-p 00024000 08:15 395223     /lib/i386-linux-gnu/libselinux.so.1
67b4d000-67b4e000 rw-p 00000000 00:00 0 
67b4e000-67b4f000 ---p 00000000 00:00 0 
67b4f000-67bcf000 rwxp 00000000 00:00 0          [stack:19703]
67bcf000-67d80000 r--s 01d27000 08:15 4344946    /usr/lib/jvm/java-7-openjdk-i386/jre/lib/rt.jar
67d80000-6a600000 rw-p 00000000 00:00 0 
6a600000-6a6fa000 rw-p 00000000 00:00 0 
6a6fa000-6a700000 ---p 00000000 00:00 0 
6a701000-6a714000 r-xp 00000000 08:15 394264     /lib/i386-linux-gnu/libresolv-2.19.so
6a714000-6a715000 r--p 00013000 08:15 394264     /lib/i386-linux-gnu/libresolv-2.19.so
6a715000-6a716000 rw-p 00014000 08:15 394264     /lib/i386-linux-gnu/libresolv-2.19.so
6a716000-6a718000 rw-p 00000000 00:00 0 
6a736000-6a77f000 rw-p 00000000 00:00 0 
6a77f000-6a780000 ---p 00000000 00:00 0 
6a780000-6a800000 rwxp 00000000 00:00 0          [stack:19702]
6a800000-6a821000 rw-p 00000000 00:00 0 
6a821000-6a900000 ---p 00000000 00:00 0 
6a900000-6a921000 rw-p 00000000 00:00 0 
6a921000-6aa00000 ---p 00000000 00:00 0 
6aa0c000-6aa22000 r-xp 00000000 08:15 4344900    /usr/lib/jvm/java-7-openjdk-i386/jre/lib/i386/libnet.so
6aa22000-6aa23000 r--p 00015000 08:15 4344900    /usr/lib/jvm/java-7-openjdk-i386/jre/lib/i386/libnet.so
6aa23000-6aa24000 rw-p 00016000 08:15 4344900    /usr/lib/jvm/java-7-openjdk-i386/jre/lib/i386/libnet.so
6aa24000-6aa7f000 rw-p 00000000 00:00 0 
6aa7f000-6aa80000 ---p 00000000 00:00 0 
6aa80000-6ab00000 rwxp 00000000 00:00 0          [stack:19701]
6ab00000-6ab21000 rw-p 00000000 00:00 0 
6ab21000-6ac00000 ---p 00000000 00:00 0 
6ac01000-6ac07000 r-xp 00000000 08:15 4339480    /usr/lib/i386-linux-gnu/libffi.so.6.0.2
6ac07000-6ac09000 r--p 00005000 08:15 4339480    /usr/lib/i386-linux-gnu/libffi.so.6.0.2
6ac09000-6ac0a000 rw-p 00007000 08:15 4339480    /usr/lib/i386-linux-gnu/libffi.so.6.0.2
6ac0a000-6ac1a000 r-xp 00000000 08:15 4344890    /usr/lib/jvm/java-7-openjdk-i386/jre/lib/i386/libnio.so
6ac1a000-6ac1b000 r--p 0000f000 08:15 4344890    /usr/lib/jvm/java-7-openjdk-i386/jre/lib/i386/libnio.so
6ac1b000-6ac1c000 rw-p 00010000 08:15 4344890    /usr/lib/jvm/java-7-openjdk-i386/jre/lib/i386/libnio.so
6ac1c000-6ac27000 r--s 0006d000 08:15 6848752    /home/hugo/AndroidStudioProjects/TP2/app/build/intermediates/exploded-aar/com.google.android.gms/play-services-analytics/7.0.0/jars/classes.jar
6ac27000-6ac28000 ---p 00000000 00:00 0 
6ac28000-6aca8000 rwxp 00000000 00:00 0          [stack:19700]
6aca8000-6aca9000 ---p 00000000 00:00 0 
6aca9000-6ad29000 rwxp 00000000 00:00 0          [stack:19698]
6ad29000-6ad31000 rw-p 00000000 00:00 0 
6ad31000-6ad69000 rw-p 00000000 00:00 0 
6ad69000-6ad8c000 rw-p 00000000 00:00 0 
6ad8c000-6aebf000 rw-p 00000000 00:00 0 
6aebf000-6aec7000 rw-p 00000000 00:00 0 
6aec7000-6aeff000 rw-p 00000000 00:00 0 
6aeff000-6af22000 rw-p 00000000 00:00 0 
6af22000-6b054000 rw-p 00000000 00:00 0 
6b054000-6b068000 rw-p 00000000 00:00 0 
6b068000-6b0ff000 rw-p 00000000 00:00 0 
6b0ff000-6c100000 rw-p 00000000 00:00 0 
6c100000-73100000 rw-p 00000000 00:00 0 
73100000-775c0000 rw-p 00000000 00:00 0 
775c0000-9db80000 rw-p 00000000 00:00 0 
9db80000-a0180000 rw-p 00000000 00:00 0 
a3dc0000-b3100000 rw-p 00000000 00:00 0 
b3104000-b3107000 r-xp 00000000 08:15 4334231    /usr/lib/i386-linux-gnu/libgmodule-2.0.so.0.4200.1
b3107000-b3108000 r--p 00002000 08:15 4334231    /usr/lib/i386-linux-gnu/libgmodule-2.0.so.0.4200.1
b3108000-b3109000 rw-p 00003000 08:15 4334231    /usr/lib/i386-linux-gnu/libgmodule-2.0.so.0.4200.1
b3109000-b3118000 r--s 000dd000 08:15 394489     /home/hugo/Android/Sdk/build-tools/21.1.2/lib/dx.jar
b3118000-b313c000 rw-p 00000000 00:00 0 
b313c000-b31f3000 rw-p 00000000 00:00 0 
b31f3000-b3433000 rwxp 00000000 00:00 0 
b3433000-b61f3000 rw-p 00000000 00:00 0 
b61f3000-b61fe000 r-xp 00000000 08:15 394247     /lib/i386-linux-gnu/libnss_files-2.19.so
b61fe000-b61ff000 r--p 0000a000 08:15 394247     /lib/i386-linux-gnu/libnss_files-2.19.so
b61ff000-b6200000 rw-p 0000b000 08:15 394247     /lib/i386-linux-gnu/libnss_files-2.19.so
b6200000-b6300000 rw-p 00000000 00:00 0 
b6302000-b6305000 r--s 00086000 08:15 4344949    /usr/lib/jvm/java-7-openjdk-i386/jre/lib/ext/localedata.jar
b6305000-b6309000 r--s 0003c000 08:15 4344952    /usr/lib/jvm/java-7-openjdk-i386/jre/lib/ext/sunpkcs11.jar
b6309000-b6313000 r-xp 00000000 08:15 394091     /lib/i386-linux-gnu/libnss_nis-2.19.so
b6313000-b6314000 r--p 00009000 08:15 394091     /lib/i386-linux-gnu/libnss_nis-2.19.so
b6314000-b6315000 rw-p 0000a000 08:15 394091     /lib/i386-linux-gnu/libnss_nis-2.19.so
b6315000-b632a000 r-xp 00000000 08:15 394262     /lib/i386-linux-gnu/libnsl-2.19.so
b632a000-b632b000 r--p 00015000 08:15 394262     /lib/i386-linux-gnu/libnsl-2.19.so
b632b000-b632c000 rw-p 00016000 08:15 394262     /lib/i386-linux-gnu/libnsl-2.19.so
b632c000-b632e000 rw-p 00000000 00:00 0 
b632e000-b6330000 r--s 00012000 08:15 4344950    /usr/lib/jvm/java-7-openjdk-i386/jre/lib/ext/zipfs.jar
b6330000-b6334000 r--s 00034000 08:15 4344951    /usr/lib/jvm/java-7-openjdk-i386/jre/lib/ext/sunjce_provider.jar
b6334000-b6336000 r--s 00006000 08:15 4740506    /usr/share/java/java-atk-wrapper.jar
b6336000-b6339000 r--s 0000f000 08:15 4344948    /usr/lib/jvm/java-7-openjdk-i386/jre/lib/ext/icedtea-sound.jar
b6339000-b633a000 r--s 00002000 08:15 4344947    /usr/lib/jvm/java-7-openjdk-i386/jre/lib/ext/dnsns.jar
b633a000-b6342000 r-xp 00000000 08:15 4334369    /usr/lib/jvm/java-7-openjdk-i386/jre/lib/i386/libzip.so
b6342000-b6343000 r--p 00007000 08:15 4334369    /usr/lib/jvm/java-7-openjdk-i386/jre/lib/i386/libzip.so
b6343000-b6344000 rw-p 00008000 08:15 4334369    /usr/lib/jvm/java-7-openjdk-i386/jre/lib/i386/libzip.so
b6344000-b634c000 rw-s 00000000 08:15 5386991    /tmp/hsperfdata_hugo/19694
b634c000-b6372000 r-xp 00000000 08:15 4334363    /usr/lib/jvm/java-7-openjdk-i386/jre/lib/i386/libjava.so
b6372000-b6373000 r--p 00025000 08:15 4334363    /usr/lib/jvm/java-7-openjdk-i386/jre/lib/i386/libjava.so
b6373000-b6374000 rw-p 00026000 08:15 4334363    /usr/lib/jvm/java-7-openjdk-i386/jre/lib/i386/libjava.so
b6374000-b637b000 r-xp 00000000 08:15 394246     /lib/i386-linux-gnu/librt-2.19.so
b637b000-b637c000 r--p 00006000 08:15 394246     /lib/i386-linux-gnu/librt-2.19.so
b637c000-b637d000 rw-p 00007000 08:15 394246     /lib/i386-linux-gnu/librt-2.19.so
b637d000-b637e000 ---p 00000000 00:00 0 
b637e000-b63ce000 rwxp 00000000 00:00 0          [stack:19696]
b63ce000-b63ea000 r-xp 00000000 08:15 395113     /lib/i386-linux-gnu/libgcc_s.so.1
b63ea000-b63eb000 r--p 0001b000 08:15 395113     /lib/i386-linux-gnu/libgcc_s.so.1
b63eb000-b63ec000 rw-p 0001c000 08:15 395113     /lib/i386-linux-gnu/libgcc_s.so.1
b63ec000-b6430000 r-xp 00000000 08:15 394263     /lib/i386-linux-gnu/libm-2.19.so
b6430000-b6431000 r--p 00043000 08:15 394263     /lib/i386-linux-gnu/libm-2.19.so
b6431000-b6432000 rw-p 00044000 08:15 394263     /lib/i386-linux-gnu/libm-2.19.so
b6432000-b651b000 r-xp 00000000 08:15 4340107    /usr/lib/i386-linux-gnu/libstdc++.so.6.0.20
b651b000-b651f000 r--p 000e9000 08:15 4340107    /usr/lib/i386-linux-gnu/libstdc++.so.6.0.20
b651f000-b6520000 rw-p 000ed000 08:15 4340107    /usr/lib/i386-linux-gnu/libstdc++.so.6.0.20
b6520000-b6527000 rw-p 00000000 00:00 0 
b6527000-b706d000 r-xp 00000000 08:15 4344914    /usr/lib/jvm/java-7-openjdk-i386/jre/lib/i386/server/libjvm.so
b706d000-b70c1000 r--p 00b45000 08:15 4344914    /usr/lib/jvm/java-7-openjdk-i386/jre/lib/i386/server/libjvm.so
b70c1000-b70d5000 rw-p 00b99000 08:15 4344914    /usr/lib/jvm/java-7-openjdk-i386/jre/lib/i386/server/libjvm.so
b70d5000-b74f4000 rw-p 00000000 00:00 0 
b74f4000-b750c000 r-xp 00000000 08:15 395257     /lib/i386-linux-gnu/libz.so.1.2.8
b750c000-b750d000 r--p 00017000 08:15 395257     /lib/i386-linux-gnu/libz.so.1.2.8
b750d000-b750e000 rw-p 00018000 08:15 395257     /lib/i386-linux-gnu/libz.so.1.2.8
b750e000-b7526000 r-xp 00000000 08:15 394266     /lib/i386-linux-gnu/libpthread-2.19.so
b7526000-b7528000 r--p 00017000 08:15 394266     /lib/i386-linux-gnu/libpthread-2.19.so
b7528000-b7529000 rw-p 00019000 08:15 394266     /lib/i386-linux-gnu/libpthread-2.19.so
b7529000-b752b000 rw-p 00000000 00:00 0 
b752b000-b752e000 r-xp 00000000 08:15 394275     /lib/i386-linux-gnu/libdl-2.19.so
b752e000-b752f000 r--p 00002000 08:15 394275     /lib/i386-linux-gnu/libdl-2.19.so
b752f000-b7530000 rw-p 00003000 08:15 394275     /lib/i386-linux-gnu/libdl-2.19.so
b7530000-b76d7000 r-xp 00000000 08:15 394269     /lib/i386-linux-gnu/libc-2.19.so
b76d7000-b76d9000 r--p 001a7000 08:15 394269     /lib/i386-linux-gnu/libc-2.19.so
b76d9000-b76da000 rw-p 001a9000 08:15 394269     /lib/i386-linux-gnu/libc-2.19.so
b76da000-b76dd000 rw-p 00000000 00:00 0 
b76dd000-b76de000 r--p 00855000 08:15 4342535    /usr/lib/locale/locale-archive
b76de000-b76df000 r--p 00859000 08:15 4342535    /usr/lib/locale/locale-archive
b76df000-b76e6000 r-xp 00000000 08:15 394270     /lib/i386-linux-gnu/libnss_compat-2.19.so
b76e6000-b76e7000 r--p 00006000 08:15 394270     /lib/i386-linux-gnu/libnss_compat-2.19.so
b76e7000-b76e8000 rw-p 00007000 08:15 394270     /lib/i386-linux-gnu/libnss_compat-2.19.so
b76e8000-b76e9000 rw-p 00000000 00:00 0 
b76e9000-b76ea000 ---p 00000000 00:00 0 
b76ea000-b76f8000 r-xp 00000000 08:15 4344904    /usr/lib/jvm/java-7-openjdk-i386/jre/lib/i386/libverify.so
b76f8000-b76fa000 r--p 0000d000 08:15 4344904    /usr/lib/jvm/java-7-openjdk-i386/jre/lib/i386/libverify.so
b76fa000-b76fb000 rw-p 0000f000 08:15 4344904    /usr/lib/jvm/java-7-openjdk-i386/jre/lib/i386/libverify.so
b76fb000-b7707000 r-xp 00000000 08:15 4344915    /usr/lib/jvm/java-7-openjdk-i386/jre/lib/i386/jli/libjli.so
b7707000-b7708000 r--p 0000b000 08:15 4344915    /usr/lib/jvm/java-7-openjdk-i386/jre/lib/i386/jli/libjli.so
b7708000-b7709000 rw-p 0000c000 08:15 4344915    /usr/lib/jvm/java-7-openjdk-i386/jre/lib/i386/jli/libjli.so
b7709000-b770c000 rw-p 00000000 00:00 0 
b770c000-b770d000 r-xp 00000000 00:00 0          [vdso]
b770d000-b770f000 r--p 00000000 00:00 0          [vvar]
b770f000-b772f000 r-xp 00000000 08:15 394259     /lib/i386-linux-gnu/ld-2.19.so
b772f000-b7730000 r--p 0001f000 08:15 394259     /lib/i386-linux-gnu/ld-2.19.so
b7730000-b7731000 rw-p 00020000 08:15 394259     /lib/i386-linux-gnu/ld-2.19.so
bfa28000-bfa29000 rwxp 00000000 00:00 0 
bfa5b000-bfa7a000 rwxp 00000000 00:00 0          [stack]
bfa7a000-bfa7c000 rw-p 00000000 00:00 0 

VM Arguments:
jvm_args: -Xmx1024M -Dfile.encoding=UTF-8 -Duser.country=US -Duser.language=en -Duser.variant 
java_command: com.android.dx.command.Main --dex --output /home/hugo/AndroidStudioProjects/TP2/app/build/intermediates/pre-dexed/debug/classes-99828b960cc0930a7d1d78c5ce30528826722127.jar /home/hugo/AndroidStudioProjects/TP2/app/build/intermediates/exploded-aar/com.google.android.gms/play-services-analytics/7.0.0/jars/classes.jar
Launcher Type: SUN_STANDARD

Environment Variables:
PATH=/home/hugo/.rvm/gems/ruby-2.1.5/bin:/home/hugo/.rvm/gems/ruby-2.1.5@global/bin:/home/hugo/.rvm/rubies/ruby-2.1.5/bin:/usr/local/sbin:/usr/local/bin:/usr/sbin:/usr/bin:/sbin:/bin:/usr/games:/usr/local/games:/home/hugo/.rvm/bin
USERNAME=hugo
LD_LIBRARY_PATH=/opt/android-studio/bin:
SHELL=/bin/bash
DISPLAY=:0

Signal Handlers:
SIGSEGV: [libjvm.so+0x7ed9a0], sa_mask[0]=0x7ffbfeff, sa_flags=0x10000004
SIGBUS: [libjvm.so+0x7ed9a0], sa_mask[0]=0x7ffbfeff, sa_flags=0x10000004
SIGFPE: [libjvm.so+0x66faf0], sa_mask[0]=0x7ffbfeff, sa_flags=0x10000004
SIGPIPE: [libjvm.so+0x66faf0], sa_mask[0]=0x7ffbfeff, sa_flags=0x10000004
SIGXFSZ: [libjvm.so+0x66faf0], sa_mask[0]=0x7ffbfeff, sa_flags=0x10000004
SIGILL: [libjvm.so+0x66faf0], sa_mask[0]=0x7ffbfeff, sa_flags=0x10000004
SIGUSR1: SIG_DFL, sa_mask[0]=0x00000000, sa_flags=0x00000000
SIGUSR2: [libjvm.so+0x66f940], sa_mask[0]=0x00000004, sa_flags=0x10000004
SIGHUP: [libjvm.so+0x66fba0], sa_mask[0]=0x7ffbfeff, sa_flags=0x10000004
SIGINT: [libjvm.so+0x66fba0], sa_mask[0]=0x7ffbfeff, sa_flags=0x10000004
SIGTERM: [libjvm.so+0x66fba0], sa_mask[0]=0x7ffbfeff, sa_flags=0x10000004
SIGQUIT: [libjvm.so+0x66fba0], sa_mask[0]=0x7ffbfeff, sa_flags=0x10000004
SIGTRAP: SIG_DFL, sa_mask[0]=0x00000000, sa_flags=0x00000000


---------------  S Y S T E M  ---------------

OS:Ubuntu 14.10 (utopic)
uname:Linux 3.16.0-28-generic #38-Ubuntu SMP Fri Dec 12 17:38:37 UTC 2014 i686
libc:glibc 2.19 NPTL 2.19 
rlimit: STACK 8192k, CORE 0k, NPROC 46759, NOFILE 4096, AS infinity
load average:9,36 3,28 1,75

/proc/meminfo:
MemTotal:        6005684 kB
MemFree:          356044 kB
MemAvailable:     266484 kB
Buffers:             384 kB
Cached:          1076640 kB
SwapCached:            0 kB
Active:          4581052 kB
Inactive:         920092 kB
Active(anon):    4571316 kB
Inactive(anon):   911020 kB
Active(file):       9736 kB
Inactive(file):     9072 kB
Unevictable:         168 kB
Mlocked:             168 kB
HighTotal:       5160892 kB
HighFree:         109180 kB
LowTotal:         844792 kB
LowFree:          246864 kB
SwapTotal:             0 kB
SwapFree:              0 kB
Dirty:              1628 kB
Writeback:             0 kB
AnonPages:       4424288 kB
Mapped:           306392 kB
Shmem:           1057416 kB
Slab:              67992 kB
SReclaimable:      36372 kB
SUnreclaim:        31620 kB
KernelStack:        7360 kB
PageTables:        27948 kB
NFS_Unstable:          0 kB
Bounce:             1500 kB
WritebackTmp:          0 kB
CommitLimit:     3002840 kB
Committed_AS:   12438932 kB
VmallocTotal:     122880 kB
VmallocUsed:       19028 kB
VmallocChunk:      47788 kB
AnonHugePages:   2033664 kB
HugePages_Total:       0
HugePages_Free:        0
HugePages_Rsvd:        0
HugePages_Surp:        0
Hugepagesize:       2048 kB
DirectMap4k:       47096 kB
DirectMap2M:      860160 kB


CPU:total 4 (2 cores per cpu, 2 threads per core) family 6 model 58 stepping 9, cmov, cx8, fxsr, mmx, sse, sse2, sse3, ssse3, sse4.1, sse4.2, popcnt, avx, aes, erms, ht, tsc, tscinvbit, tscinv

/proc/cpuinfo:
processor	: 0
vendor_id	: GenuineIntel
cpu family	: 6
model		: 58
model name	: Intel(R) Core(TM) i5-3210M CPU @ 2.50GHz
stepping	: 9
microcode	: 0x12
cpu MHz		: 2900.000
cache size	: 3072 KB
physical id	: 0
siblings	: 4
core id		: 0
cpu cores	: 2
apicid		: 0
initial apicid	: 0
fdiv_bug	: no
f00f_bug	: no
coma_bug	: no
fpu		: yes
fpu_exception	: yes
cpuid level	: 13
wp		: yes
flags		: fpu vme de pse tsc msr pae mce cx8 apic sep mtrr pge mca cmov pat pse36 clflush dts acpi mmx fxsr sse sse2 ss ht tm pbe nx rdtscp lm constant_tsc arch_perfmon pebs bts xtopology nonstop_tsc aperfmperf eagerfpu pni pclmulqdq dtes64 monitor ds_cpl vmx est tm2 ssse3 cx16 xtpr pdcm pcid sse4_1 sse4_2 x2apic popcnt tsc_deadline_timer aes xsave avx f16c rdrand lahf_lm ida arat epb xsaveopt pln pts dtherm tpr_shadow vnmi flexpriority ept vpid fsgsbase smep erms
bogomips	: 4988.65
clflush size	: 64
cache_alignment	: 64
address sizes	: 36 bits physical, 48 bits virtual
power management:

processor	: 1
vendor_id	: GenuineIntel
cpu family	: 6
model		: 58
model name	: Intel(R) Core(TM) i5-3210M CPU @ 2.50GHz
stepping	: 9
microcode	: 0x12
cpu MHz		: 2900.000
cache size	: 3072 KB
physical id	: 0
siblings	: 4
core id		: 0
cpu cores	: 2
apicid		: 1
initial apicid	: 1
fdiv_bug	: no
f00f_bug	: no
coma_bug	: no
fpu		: yes
fpu_exception	: yes
cpuid level	: 13
wp		: yes
flags		: fpu vme de pse tsc msr pae mce cx8 apic sep mtrr pge mca cmov pat pse36 clflush dts acpi mmx fxsr sse sse2 ss ht tm pbe nx rdtscp lm constant_tsc arch_perfmon pebs bts xtopology nonstop_tsc aperfmperf eagerfpu pni pclmulqdq dtes64 monitor ds_cpl vmx est tm2 ssse3 cx16 xtpr pdcm pcid sse4_1 sse4_2 x2apic popcnt tsc_deadline_timer aes xsave avx f16c rdrand lahf_lm ida arat epb xsaveopt pln pts dtherm tpr_shadow vnmi flexpriority ept vpid fsgsbase smep erms
bogomips	: 4988.65
clflush size	: 64
cache_alignment	: 64
address sizes	: 36 bits physical, 48 bits virtual
power management:

processor	: 2
vendor_id	: GenuineIntel
cpu family	: 6
model		: 58
model name	: Intel(R) Core(TM) i5-3210M CPU @ 2.50GHz
stepping	: 9
microcode	: 0x12
cpu MHz		: 2900.000
cache size	: 3072 KB
physical id	: 0
siblings	: 4
core id		: 1
cpu cores	: 2
apicid		: 2
initial apicid	: 2
fdiv_bug	: no
f00f_bug	: no
coma_bug	: no
fpu		: yes
fpu_exception	: yes
cpuid level	: 13
wp		: yes
flags		: fpu vme de pse tsc msr pae mce cx8 apic sep mtrr pge mca cmov pat pse36 clflush dts acpi mmx fxsr sse sse2 ss ht tm pbe nx rdtscp lm constant_tsc arch_perfmon pebs bts xtopology nonstop_tsc aperfmperf eagerfpu pni pclmulqdq dtes64 monitor ds_cpl vmx est tm2 ssse3 cx16 xtpr pdcm pcid sse4_1 sse4_2 x2apic popcnt tsc_deadline_timer aes xsave avx f16c rdrand lahf_lm ida arat epb xsaveopt pln pts dtherm tpr_shadow vnmi flexpriority ept vpid fsgsbase smep erms
bogomips	: 4988.65
clflush size	: 64
cache_alignment	: 64
address sizes	: 36 bits physical, 48 bits virtual
power management:

processor	: 3
vendor_id	: GenuineIntel
cpu family	: 6
model		: 58
model name	: Intel(R) Core(TM) i5-3210M CPU @ 2.50GHz
stepping	: 9
microcode	: 0x12
cpu MHz		: 2900.000
cache size	: 3072 KB
physical id	: 0
siblings	: 4
core id		: 1
cpu cores	: 2
apicid		: 3
initial apicid	: 3
fdiv_bug	: no
f00f_bug	: no
coma_bug	: no
fpu		: yes
fpu_exception	: yes
cpuid level	: 13
wp		: yes
flags		: fpu vme de pse tsc msr pae mce cx8 apic sep mtrr pge mca cmov pat pse36 clflush dts acpi mmx fxsr sse sse2 ss ht tm pbe nx rdtscp lm constant_tsc arch_perfmon pebs bts xtopology nonstop_tsc aperfmperf eagerfpu pni pclmulqdq dtes64 monitor ds_cpl vmx est tm2 ssse3 cx16 xtpr pdcm pcid sse4_1 sse4_2 x2apic popcnt tsc_deadline_timer aes xsave avx f16c rdrand lahf_lm ida arat epb xsaveopt pln pts dtherm tpr_shadow vnmi flexpriority ept vpid fsgsbase smep erms
bogomips	: 4988.65
clflush size	: 64
cache_alignment	: 64
address sizes	: 36 bits physical, 48 bits virtual
power management:



Memory: 4k page, physical 6005684k(356304k free), swap 0k(0k free)

vm_info: OpenJDK Server VM (24.79-b02) for linux-x86 JRE (1.7.0_79-b14), built on Apr 16 2015 08:35:02 by "buildd" with gcc 4.9.1

time: Mon Jun 15 12:18:05 2015
elapsed time: 12 seconds

