#
# There is insufficient memory for the Java Runtime Environment to continue.
# Native memory allocation (malloc) failed to allocate 25165824 bytes for committing reserved memory.
# Possible reasons:
#   The system is out of physical RAM or swap space
#   In 32 bit mode, the process size limit was hit
# Possible solutions:
#   Reduce memory load on the system
#   Increase physical memory or swap space
#   Check if swap backing store is full
#   Use 64 bit Java on a 64 bit OS
#   Decrease Java heap size (-Xmx/-Xms)
#   Decrease number of Java threads
#   Decrease Java thread stack sizes (-Xss)
#   Set larger code cache with -XX:ReservedCodeCacheSize=
# This output file may be truncated or incomplete.
#
#  Out of Memory Error (os_linux.cpp:2809), pid=19626, tid=1740434240
#
# JRE version: OpenJDK Runtime Environment (7.0_79-b14) (build 1.7.0_79-b14)
# Java VM: OpenJDK Server VM (24.79-b02 mixed mode linux-x86 )
# Derivative: IcedTea 2.5.5
# Distribution: Ubuntu 14.10, package 7u79-2.5.5-0ubuntu0.14.10.2
# Failed to write core dump. Core dumps have been disabled. To enable core dumping, try "ulimit -c unlimited" before starting Java again
#

---------------  T H R E A D  ---------------

Current thread (0x67a80800):  VMThread [stack: 0x67b4e000,0x67bcf000] [id=19652]

Stack: [0x67b4e000,0x67bcf000]
VM_Operation (0xb64089b4): ParallelGCFailedAllocation, mode: safepoint, requested by thread 0xb6207800


---------------  P R O C E S S  ---------------

Java Threads: ( => current thread )
  0x67a9d800 JavaThread "Service Thread" daemon [_thread_blocked, id=19673, stack(0x6740b000,0x6745c000)]
  0x67a9bc00 JavaThread "C2 CompilerThread1" daemon [_thread_blocked, id=19672, stack(0x6745c000,0x674dd000)]
  0x67a99c00 JavaThread "C2 CompilerThread0" daemon [_thread_blocked, id=19671, stack(0x674dd000,0x6755e000)]
  0x67a98000 JavaThread "Signal Dispatcher" daemon [_thread_blocked, id=19670, stack(0x6755e000,0x675af000)]
  0x67a84c00 JavaThread "Finalizer" daemon [_thread_blocked, id=19654, stack(0x677af000,0x67800000)]
  0x67a83000 JavaThread "Reference Handler" daemon [_thread_blocked, id=19653, stack(0x6a72e000,0x6a77f000)]
  0xb6207800 JavaThread "main" [_thread_blocked, id=19632, stack(0xb63b9000,0xb640a000)]

Other Threads:
=>0x67a80800 VMThread [stack: 0x67b4e000,0x67bcf000] [id=19652]
  0x67a9f800 WatcherThread [stack: 0x6738a000,0x6740b000] [id=19674]

VM state:at safepoint (normal execution)

VM Mutex/Monitor currently owned by a thread:  ([mutex/lock_event])
[0xb6205210] Threads_lock - owner thread: 0x67a80800
[0xb6205620] Heap_lock - owner thread: 0xb6207800

Heap
 PSYoungGen      total 19456K, used 2544K [0x9dbc0000, 0x9f140000, 0xb3140000)
  eden space 16896K, 0% used [0x9dbc0000,0x9dbc0000,0x9ec40000)
  from space 2560K, 99% used [0x9ec40000,0x9eebc118,0x9eec0000)
  to   space 2560K, 0% used [0x9eec0000,0x9eec0000,0x9f140000)
 ParOldGen       total 43520K, used 13509K [0x73140000, 0x75bc0000, 0x9dbc0000)
  object space 43520K, 31% used [0x73140000,0x73e71470,0x75bc0000)
 PSPermGen       total 16384K, used 3941K [0x6b140000, 0x6c140000, 0x73140000)
  object space 16384K, 24% used [0x6b140000,0x6b519540,0x6c140000)

Card table byte_map: [0x6aeff000,0x6b140000] byte_map_base: 0x6aba6600

Polling page: 0xb7725000

Code Cache  [0xb3200000, 0xb3440000, 0xb6200000)
 total_blobs=476 nmethods=355 adapters=73 free_code_cache=47853Kb largest_free_block=48968448

Compilation events (10 events):
Event: 14,030 Thread 0x67a9bc00 nmethod 356 0xb3346bc8 code [0xb33473a0, 0xb3348c4c]
Event: 14,030 Thread 0x67a9bc00  359             com.android.dx.ssa.back.SsaToRop::convertBasicBlocks (151 bytes)
Event: 14,108 Thread 0x67a99c00 nmethod 358 0xb334a608 code [0xb334a820, 0xb334b8b8]
Event: 14,126 Thread 0x67a99c00  360             com.android.dx.ssa.SsaMethod::getCountReachableBlocks (44 bytes)
Event: 14,173 Thread 0x67a99c00 nmethod 360 0xb331df48 code [0xb331e060, 0xb331e27c]
Event: 14,173 Thread 0x67a99c00  361             com.android.dx.rop.code.Rop::hashCode (54 bytes)
Event: 14,184 Thread 0x67a99c00 nmethod 361 0xb3330588 code [0xb33306a0, 0xb3330910]
Event: 14,184 Thread 0x67a99c00  362             com.android.dx.cf.code.BytecodeArray::processWorkSet (50 bytes)
Event: 14,271 Thread 0x67a99c00 nmethod 362 0xb32a86c8 code [0xb32a87e0, 0xb32a8bfc]
Event: 14,292 Thread 0x67a99c00  363             com.android.dx.cf.code.BaseMachine::resultCount (22 bytes)

GC Heap History (9 events):
Event: 5,191 GC heap before
{Heap before GC invocations=1 (full 0):
 PSYoungGen      total 19456K, used 16896K [0x9dbc0000, 0x9f140000, 0xb3140000)
  eden space 16896K, 100% used [0x9dbc0000,0x9ec40000,0x9ec40000)
  from space 2560K, 0% used [0x9eec0000,0x9eec0000,0x9f140000)
  to   space 2560K, 0% used [0x9ec40000,0x9ec40000,0x9eec0000)
 ParOldGen       total 43520K, used 0K [0x73140000, 0x75bc0000, 0x9dbc0000)
  object space 43520K, 0% used [0x73140000,0x73140000,0x75bc0000)
 PSPermGen       total 16384K, used 3822K [0x6b140000, 0x6c140000, 0x73140000)
  object space 16384K, 23% used [0x6b140000,0x6b4fb870,0x6c140000)
Event: 5,202 GC heap after
Heap after GC invocations=1 (full 0):
 PSYoungGen      total 19456K, used 2554K [0x9dbc0000, 0x9f140000, 0xb3140000)
  eden space 16896K, 0% used [0x9dbc0000,0x9dbc0000,0x9ec40000)
  from space 2560K, 99% used [0x9ec40000,0x9eebeae0,0x9eec0000)
  to   space 2560K, 0% used [0x9eec0000,0x9eec0000,0x9f140000)
 ParOldGen       total 43520K, used 1682K [0x73140000, 0x75bc0000, 0x9dbc0000)
  object space 43520K, 3% used [0x73140000,0x732e4978,0x75bc0000)
 PSPermGen       total 16384K, used 3822K [0x6b140000, 0x6c140000, 0x73140000)
  object space 16384K, 23% used [0x6b140000,0x6b4fb870,0x6c140000)
}
Event: 7,986 GC heap before
{Heap before GC invocations=2 (full 0):
 PSYoungGen      total 19456K, used 19450K [0x9dbc0000, 0x9f140000, 0xb3140000)
  eden space 16896K, 100% used [0x9dbc0000,0x9ec40000,0x9ec40000)
  from space 2560K, 99% used [0x9ec40000,0x9eebeae0,0x9eec0000)
  to   space 2560K, 0% used [0x9eec0000,0x9eec0000,0x9f140000)
 ParOldGen       total 43520K, used 1682K [0x73140000, 0x75bc0000, 0x9dbc0000)
  object space 43520K, 3% used [0x73140000,0x732e4978,0x75bc0000)
 PSPermGen       total 16384K, used 3903K [0x6b140000, 0x6c140000, 0x73140000)
  object space 16384K, 23% used [0x6b140000,0x6b50fe18,0x6c140000)
Event: 8,000 GC heap after
Heap after GC invocations=2 (full 0):
 PSYoungGen      total 19456K, used 2555K [0x9dbc0000, 0x9f140000, 0xb3140000)
  eden space 16896K, 0% used [0x9dbc0000,0x9dbc0000,0x9ec40000)
  from space 2560K, 99% used [0x9eec0000,0x9f13ef70,0x9f140000)
  to   space 2560K, 0% used [0x9ec40000,0x9ec40000,0x9eec0000)
 ParOldGen       total 43520K, used 4963K [0x73140000, 0x75bc0000, 0x9dbc0000)
  object space 43520K, 11% used [0x73140000,0x73618f90,0x75bc0000)
 PSPermGen       total 16384K, used 3903K [0x6b140000, 0x6c140000, 0x73140000)
  object space 16384K, 23% used [0x6b140000,0x6b50fe18,0x6c140000)
}
Event: 10,371 GC heap before
{Heap before GC invocations=3 (full 0):
 PSYoungGen      total 19456K, used 19451K [0x9dbc0000, 0x9f140000, 0xb3140000)
  eden space 16896K, 100% used [0x9dbc0000,0x9ec40000,0x9ec40000)
  from space 2560K, 99% used [0x9eec0000,0x9f13ef70,0x9f140000)
  to   space 2560K, 0% used [0x9ec40000,0x9ec40000,0x9eec0000)
 ParOldGen       total 43520K, used 4963K [0x73140000, 0x75bc0000, 0x9dbc0000)
  object space 43520K, 11% used [0x73140000,0x73618f90,0x75bc0000)
 PSPermGen       total 16384K, used 3925K [0x6b140000, 0x6c140000, 0x73140000)
  object space 16384K, 23% used [0x6b140000,0x6b5157e0,0x6c140000)
Event: 10,399 GC heap after
Heap after GC invocations=3 (full 0):
 PSYoungGen      total 19456K, used 2552K [0x9dbc0000, 0x9f140000, 0xb3140000)
  eden space 16896K, 0% used [0x9dbc0000,0x9dbc0000,0x9ec40000)
  from space 2560K, 99% used [0x9ec40000,0x9eebe050,0x9eec0000)
  to   space 2560K, 0% used [0x9eec0000,0x9eec0000,0x9f140000)
 ParOldGen       total 43520K, used 7445K [0x73140000, 0x75bc0000, 0x9dbc0000)
  object space 43520K, 17% used [0x73140000,0x73885438,0x75bc0000)
 PSPermGen       total 16384K, used 3925K [0x6b140000, 0x6c140000, 0x73140000)
  object space 16384K, 23% used [0x6b140000,0x6b5157e0,0x6c140000)
}
Event: 12,108 GC heap before
{Heap before GC invocations=4 (full 0):
 PSYoungGen      total 19456K, used 19448K [0x9dbc0000, 0x9f140000, 0xb3140000)
  eden space 16896K, 100% used [0x9dbc0000,0x9ec40000,0x9ec40000)
  from space 2560K, 99% used [0x9ec40000,0x9eebe050,0x9eec0000)
  to   space 2560K, 0% used [0x9eec0000,0x9eec0000,0x9f140000)
 ParOldGen       total 43520K, used 7445K [0x73140000, 0x75bc0000, 0x9dbc0000)
  object space 43520K, 17% used [0x73140000,0x73885438,0x75bc0000)
 PSPermGen       total 16384K, used 3935K [0x6b140000, 0x6c140000, 0x73140000)
  object space 16384K, 24% used [0x6b140000,0x6b517f38,0x6c140000)
Event: 12,133 GC heap after
Heap after GC invocations=4 (full 0):
 PSYoungGen      total 19456K, used 2544K [0x9dbc0000, 0x9f140000, 0xb3140000)
  eden space 16896K, 0% used [0x9dbc0000,0x9dbc0000,0x9ec40000)
  from space 2560K, 99% used [0x9eec0000,0x9f13c060,0x9f140000)
  to   space 2560K, 0% used [0x9ec40000,0x9ec40000,0x9eec0000)
 ParOldGen       total 43520K, used 10471K [0x73140000, 0x75bc0000, 0x9dbc0000)
  object space 43520K, 24% used [0x73140000,0x73b79cb8,0x75bc0000)
 PSPermGen       total 16384K, used 3935K [0x6b140000, 0x6c140000, 0x73140000)
  object space 16384K, 24% used [0x6b140000,0x6b517f38,0x6c140000)
}
Event: 14,404 GC heap before
{Heap before GC invocations=5 (full 0):
 PSYoungGen      total 19456K, used 19440K [0x9dbc0000, 0x9f140000, 0xb3140000)
  eden space 16896K, 100% used [0x9dbc0000,0x9ec40000,0x9ec40000)
  from space 2560K, 99% used [0x9eec0000,0x9f13c060,0x9f140000)
  to   space 2560K, 0% used [0x9ec40000,0x9ec40000,0x9eec0000)
 ParOldGen       total 43520K, used 10471K [0x73140000, 0x75bc0000, 0x9dbc0000)
  object space 43520K, 24% used [0x73140000,0x73b79cb8,0x75bc0000)
 PSPermGen       total 16384K, used 3941K [0x6b140000, 0x6c140000, 0x73140000)
  object space 16384K, 24% used [0x6b140000,0x6b519540,0x6c140000)

Deoptimization events (10 events):
Event: 7,364 Thread 0xb6207800 Uncommon trap: reason=null_check action=make_not_entrant pc=0xb32a83a0 method=com.android.dx.rop.type.Type.putIntern(Lcom/android/dx/rop/type/Type;)Lcom/android/dx/rop/type/Type; @ 18
Event: 10,841 Thread 0xb6207800 Uncommon trap: reason=unreached action=reinterpret pc=0xb3304b44 method=com.android.dx.ssa.MoveParamCombiner$1.visitNonMoveInsn(Lcom/android/dx/ssa/NormalSsaInsn;)V @ 27
Event: 11,003 Thread 0xb6207800 Uncommon trap: reason=null_check action=make_not_entrant pc=0xb3270910 method=com.android.dx.rop.type.Type.equals(Ljava/lang/Object;)Z @ 8
Event: 11,661 Thread 0xb6207800 Uncommon trap: reason=unreached action=reinterpret pc=0xb32ca240 method=com.android.dx.cf.code.Ropper.processBlock(Lcom/android/dx/cf/code/ByteBlock;Lcom/android/dx/cf/code/Frame;[I)V @ 963
Event: 11,987 Thread 0xb6207800 Uncommon trap: reason=bimorphic action=maybe_recompile pc=0xb330c9bc method=com.android.dx.ssa.LiteralOpUpgrader.tryReplacingWithConstant(Lcom/android/dx/ssa/NormalSsaInsn;)Z @ 62
Event: 11,992 Thread 0xb6207800 Uncommon trap: reason=unreached action=reinterpret pc=0xb32a4200 method=com.android.dx.rop.code.RegisterSpecSet.intersect(Lcom/android/dx/rop/code/RegisterSpecSet;Z)V @ 73
Event: 12,471 Thread 0xb6207800 Uncommon trap: reason=class_check action=maybe_recompile pc=0xb32eb988 method=com.android.dx.ssa.SsaMethod.isRegALocal(Lcom/android/dx/rop/code/RegisterSpec;)Z @ 16
Event: 12,471 Thread 0xb6207800 Uncommon trap: reason=class_check action=maybe_recompile pc=0xb32eb988 method=com.android.dx.ssa.SsaMethod.isRegALocal(Lcom/android/dx/rop/code/RegisterSpec;)Z @ 16
Event: 12,471 Thread 0xb6207800 Uncommon trap: reason=class_check action=maybe_recompile pc=0xb32eb988 method=com.android.dx.ssa.SsaMethod.isRegALocal(Lcom/android/dx/rop/code/RegisterSpec;)Z @ 16
Event: 12,471 Thread 0xb6207800 Uncommon trap: reason=class_check action=maybe_recompile pc=0xb32eb988 method=com.android.dx.ssa.SsaMethod.isRegALocal(Lcom/android/dx/rop/code/RegisterSpec;)Z @ 16

Internal exceptions (10 events):
Event: 5,120 Thread 0xb6207800 Threw 0x9ebf48a8 at /build/buildd/openjdk-7-7u79-2.5.5/build/openjdk/hotspot/src/share/vm/prims/jvm.cpp:1284
Event: 5,126 Thread 0xb6207800 Threw 0x9ec00240 at /build/buildd/openjdk-7-7u79-2.5.5/build/openjdk/hotspot/src/share/vm/prims/jvm.cpp:1284
Event: 5,131 Thread 0xb6207800 Threw 0x9ec02b28 at /build/buildd/openjdk-7-7u79-2.5.5/build/openjdk/hotspot/src/share/vm/prims/jvm.cpp:1284
Event: 6,078 Thread 0xb6207800 Threw 0x9e050658 at /build/buildd/openjdk-7-7u79-2.5.5/build/openjdk/hotspot/src/share/vm/prims/jvm.cpp:1284
Event: 6,098 Thread 0xb6207800 Implicit null exception at 0xb32964c1 to 0xb32970e5
Event: 6,794 Thread 0xb6207800 Threw 0x9e39e0f8 at /build/buildd/openjdk-7-7u79-2.5.5/build/openjdk/hotspot/src/share/vm/prims/jvm.cpp:1284
Event: 6,955 Thread 0xb6207800 Threw 0x9e4932b8 at /build/buildd/openjdk-7-7u79-2.5.5/build/openjdk/hotspot/src/share/vm/prims/jvm.cpp:1284
Event: 7,364 Thread 0xb6207800 Implicit null exception at 0xb32a7d9e to 0xb32a8391
Event: 11,003 Thread 0xb6207800 Implicit null exception at 0xb327082b to 0xb3270902
Event: 11,992 Thread 0xb6207800 Implicit null exception at 0xb32a40cb to 0xb32a41f1

Events (10 events):
Event: 12,471 Thread 0xb6207800 DEOPT PACKING pc=0xb32eb988 sp=0xb6408a00
Event: 12,471 Thread 0xb6207800 DEOPT UNPACKING pc=0xb322cbc8 sp=0xb64089dc mode 2
Event: 12,471 Thread 0xb6207800 Uncommon trap: trap_request=0xffffffde fr.pc=0xb32eb988
Event: 12,471 Thread 0xb6207800 DEOPT PACKING pc=0xb32eb988 sp=0xb6408a00
Event: 12,471 Thread 0xb6207800 DEOPT UNPACKING pc=0xb322cbc8 sp=0xb64089dc mode 2
Event: 12,471 Thread 0xb6207800 Uncommon trap: trap_request=0xffffffde fr.pc=0xb32eb988
Event: 12,471 Thread 0xb6207800 DEOPT PACKING pc=0xb32eb988 sp=0xb6408a00
Event: 12,471 Thread 0xb6207800 DEOPT UNPACKING pc=0xb322cbc8 sp=0xb64089dc mode 2
Event: 12,597 Thread 0x67a99c00 flushing nmethod 0xb32a7748
Event: 14,361 Executing VM operation: ParallelGCFailedAllocation


Dynamic libraries:
08048000-08049000 r-xp 00000000 08:15 4344957    /usr/lib/jvm/java-7-openjdk-i386/jre/bin/java
08049000-0804a000 r--p 00000000 08:15 4344957    /usr/lib/jvm/java-7-openjdk-i386/jre/bin/java
0804a000-0804b000 rw-p 00001000 08:15 4344957    /usr/lib/jvm/java-7-openjdk-i386/jre/bin/java
0815c000-08221000 rw-p 00000000 00:00 0          [heap]
66100000-661d9000 rw-p 00000000 00:00 0 
661d9000-66200000 ---p 00000000 00:00 0 
66200000-6628a000 rw-p 00000000 00:00 0 
6628a000-66300000 ---p 00000000 00:00 0 
66300000-663c1000 rw-p 00000000 00:00 0 
663c1000-66400000 ---p 00000000 00:00 0 
66500000-665fe000 rw-p 00000000 00:00 0 
665fe000-66600000 ---p 00000000 00:00 0 
66700000-667c7000 rw-p 00000000 00:00 0 
667c7000-66800000 ---p 00000000 00:00 0 
66800000-668fb000 rw-p 00000000 00:00 0 
668fb000-66900000 ---p 00000000 00:00 0 
66900000-669fd000 rw-p 00000000 00:00 0 
669fd000-66a00000 ---p 00000000 00:00 0 
66a00000-66afc000 rw-p 00000000 00:00 0 
66afc000-66b00000 ---p 00000000 00:00 0 
66b00000-66bff000 rw-p 00000000 00:00 0 
66bff000-66c00000 ---p 00000000 00:00 0 
66c00000-66cfe000 rw-p 00000000 00:00 0 
66cfe000-66d00000 ---p 00000000 00:00 0 
66d00000-66df9000 rw-p 00000000 00:00 0 
66df9000-66e00000 ---p 00000000 00:00 0 
66eb2000-66f21000 r-xp 00000000 08:15 395196     /lib/i386-linux-gnu/libpcre.so.3.13.1
66f21000-66f22000 r--p 0006e000 08:15 395196     /lib/i386-linux-gnu/libpcre.so.3.13.1
66f22000-66f23000 rw-p 0006f000 08:15 395196     /lib/i386-linux-gnu/libpcre.so.3.13.1
66f23000-67048000 r-xp 00000000 08:15 402133     /lib/i386-linux-gnu/libglib-2.0.so.0.4200.1
67048000-67049000 r--p 00124000 08:15 402133     /lib/i386-linux-gnu/libglib-2.0.so.0.4200.1
67049000-6704a000 rw-p 00125000 08:15 402133     /lib/i386-linux-gnu/libglib-2.0.so.0.4200.1
6704a000-671fb000 r-xp 00000000 08:15 4334232    /usr/lib/i386-linux-gnu/libgio-2.0.so.0.4200.1
671fb000-671fe000 r--p 001b0000 08:15 4334232    /usr/lib/i386-linux-gnu/libgio-2.0.so.0.4200.1
671fe000-671ff000 rw-p 001b3000 08:15 4334232    /usr/lib/i386-linux-gnu/libgio-2.0.so.0.4200.1
671ff000-67200000 rw-p 00000000 00:00 0 
67200000-672c9000 rw-p 00000000 00:00 0 
672c9000-67300000 ---p 00000000 00:00 0 
6732d000-67388000 r-xp 00000000 08:15 4334310    /usr/lib/i386-linux-gnu/libgobject-2.0.so.0.4200.1
67388000-67389000 r--p 0005b000 08:15 4334310    /usr/lib/i386-linux-gnu/libgobject-2.0.so.0.4200.1
67389000-6738a000 rw-p 0005c000 08:15 4334310    /usr/lib/i386-linux-gnu/libgobject-2.0.so.0.4200.1
6738a000-6738b000 ---p 00000000 00:00 0 
6738b000-6745c000 rwxp 00000000 00:00 0          [stack:19673]
6745c000-6745d000 ---p 00000000 00:00 0 
6745d000-674dd000 rwxp 00000000 00:00 0          [stack:19672]
674dd000-674de000 ---p 00000000 00:00 0 
674de000-675af000 rwxp 00000000 00:00 0          [stack:19670]
675af000-677af000 r--p 00000000 08:15 4342535    /usr/lib/locale/locale-archive
677af000-67800000 rwxp 00000000 00:00 0          [stack:19654]
67800000-678ff000 rw-p 00000000 00:00 0 
678ff000-67900000 ---p 00000000 00:00 0 
67900000-67921000 rw-p 00000000 00:00 0 
67921000-67a00000 ---p 00000000 00:00 0 
67a00000-67b00000 rw-p 00000000 00:00 0 
67b10000-67b23000 r-xp 00000000 08:15 394264     /lib/i386-linux-gnu/libresolv-2.19.so
67b23000-67b24000 r--p 00013000 08:15 394264     /lib/i386-linux-gnu/libresolv-2.19.so
67b24000-67b25000 rw-p 00014000 08:15 394264     /lib/i386-linux-gnu/libresolv-2.19.so
67b25000-67b27000 rw-p 00000000 00:00 0 
67b27000-67b4b000 r-xp 00000000 08:15 395223     /lib/i386-linux-gnu/libselinux.so.1
67b4b000-67b4c000 r--p 00023000 08:15 395223     /lib/i386-linux-gnu/libselinux.so.1
67b4c000-67b4d000 rw-p 00024000 08:15 395223     /lib/i386-linux-gnu/libselinux.so.1
67b4d000-67b4e000 rw-p 00000000 00:00 0 
67b4e000-67b4f000 ---p 00000000 00:00 0 
67b4f000-67bcf000 rwxp 00000000 00:00 0          [stack:19652]
67bcf000-67d80000 r--s 01d27000 08:15 4344946    /usr/lib/jvm/java-7-openjdk-i386/jre/lib/rt.jar
67d80000-6a600000 rw-p 00000000 00:00 0 
6a600000-6a6f9000 rw-p 00000000 00:00 0 
6a6f9000-6a700000 ---p 00000000 00:00 0 
6a72e000-6a77f000 rwxp 00000000 00:00 0          [stack:19653]
6a77f000-6a780000 ---p 00000000 00:00 0 
6a780000-6a800000 rwxp 00000000 00:00 0          [stack:19647]
6a800000-6a821000 rw-p 00000000 00:00 0 
6a821000-6a900000 ---p 00000000 00:00 0 
6a900000-6a921000 rw-p 00000000 00:00 0 
6a921000-6aa00000 ---p 00000000 00:00 0 
6aa03000-6aa09000 r-xp 00000000 08:15 4339480    /usr/lib/i386-linux-gnu/libffi.so.6.0.2
6aa09000-6aa0b000 r--p 00005000 08:15 4339480    /usr/lib/i386-linux-gnu/libffi.so.6.0.2
6aa0b000-6aa0c000 rw-p 00007000 08:15 4339480    /usr/lib/i386-linux-gnu/libffi.so.6.0.2
6aa0c000-6aa22000 r-xp 00000000 08:15 4344900    /usr/lib/jvm/java-7-openjdk-i386/jre/lib/i386/libnet.so
6aa22000-6aa23000 r--p 00015000 08:15 4344900    /usr/lib/jvm/java-7-openjdk-i386/jre/lib/i386/libnet.so
6aa23000-6aa24000 rw-p 00016000 08:15 4344900    /usr/lib/jvm/java-7-openjdk-i386/jre/lib/i386/libnet.so
6aa24000-6aa34000 r-xp 00000000 08:15 4344890    /usr/lib/jvm/java-7-openjdk-i386/jre/lib/i386/libnio.so
6aa34000-6aa35000 r--p 0000f000 08:15 4344890    /usr/lib/jvm/java-7-openjdk-i386/jre/lib/i386/libnio.so
6aa35000-6aa36000 rw-p 00010000 08:15 4344890    /usr/lib/jvm/java-7-openjdk-i386/jre/lib/i386/libnio.so
6aa36000-6aa7f000 rw-p 00000000 00:00 0 
6aa7f000-6aa80000 ---p 00000000 00:00 0 
6aa80000-6ab00000 rwxp 00000000 00:00 0          [stack:19645]
6ab00000-6ab21000 rw-p 00000000 00:00 0 
6ab21000-6ac00000 ---p 00000000 00:00 0 
6ac01000-6ac0c000 r--s 00057000 08:15 6850132    /home/hugo/AndroidStudioProjects/TP2/app/build/intermediates/exploded-aar/com.google.android.gms/play-services-drive/7.0.0/jars/classes.jar
6ac0c000-6ac67000 rw-p 00000000 00:00 0 
6ac67000-6ac68000 ---p 00000000 00:00 0 
6ac68000-6ace8000 rwxp 00000000 00:00 0          [stack:19643]
6ace8000-6ace9000 ---p 00000000 00:00 0 
6ace9000-6ad69000 rwxp 00000000 00:00 0          [stack:19641]
6ad69000-6ad71000 rw-p 00000000 00:00 0 
6ad71000-6ada9000 rw-p 00000000 00:00 0 
6ada9000-6adbf000 rw-p 00000000 00:00 0 
6adbf000-6aeff000 rw-p 00000000 00:00 0 
6aeff000-6af07000 rw-p 00000000 00:00 0 
6af07000-6af3f000 rw-p 00000000 00:00 0 
6af3f000-6af55000 rw-p 00000000 00:00 0 
6af55000-6b094000 rw-p 00000000 00:00 0 
6b094000-6b09f000 rw-p 00000000 00:00 0 
6b09f000-6b13f000 rw-p 00000000 00:00 0 
6b13f000-6c140000 rw-p 00000000 00:00 0 
6c140000-73140000 rw-p 00000000 00:00 0 
73140000-75bc0000 rw-p 00000000 00:00 0 
75bc0000-9dbc0000 rw-p 00000000 00:00 0 
9dbc0000-9f140000 rw-p 00000000 00:00 0 
a0940000-b3140000 rw-p 00000000 00:00 0 
b3140000-b3149000 rw-p 00000000 00:00 0 
b3149000-b3200000 rw-p 00000000 00:00 0 
b3200000-b3440000 rwxp 00000000 00:00 0 
b3440000-b6300000 rw-p 00000000 00:00 0 
b6302000-b6305000 r-xp 00000000 08:15 4334231    /usr/lib/i386-linux-gnu/libgmodule-2.0.so.0.4200.1
b6305000-b6306000 r--p 00002000 08:15 4334231    /usr/lib/i386-linux-gnu/libgmodule-2.0.so.0.4200.1
b6306000-b6307000 rw-p 00003000 08:15 4334231    /usr/lib/i386-linux-gnu/libgmodule-2.0.so.0.4200.1
b6307000-b6316000 r--s 000dd000 08:15 394489     /home/hugo/Android/Sdk/build-tools/21.1.2/lib/dx.jar
b6316000-b6319000 r--s 00086000 08:15 4344949    /usr/lib/jvm/java-7-openjdk-i386/jre/lib/ext/localedata.jar
b6319000-b631d000 r--s 0003c000 08:15 4344952    /usr/lib/jvm/java-7-openjdk-i386/jre/lib/ext/sunpkcs11.jar
b631d000-b6338000 rw-p 00000000 00:00 0 
b6338000-b6343000 r-xp 00000000 08:15 394247     /lib/i386-linux-gnu/libnss_files-2.19.so
b6343000-b6344000 r--p 0000a000 08:15 394247     /lib/i386-linux-gnu/libnss_files-2.19.so
b6344000-b6345000 rw-p 0000b000 08:15 394247     /lib/i386-linux-gnu/libnss_files-2.19.so
b6345000-b634f000 r-xp 00000000 08:15 394091     /lib/i386-linux-gnu/libnss_nis-2.19.so
b634f000-b6350000 r--p 00009000 08:15 394091     /lib/i386-linux-gnu/libnss_nis-2.19.so
b6350000-b6351000 rw-p 0000a000 08:15 394091     /lib/i386-linux-gnu/libnss_nis-2.19.so
b6351000-b6366000 r-xp 00000000 08:15 394262     /lib/i386-linux-gnu/libnsl-2.19.so
b6366000-b6367000 r--p 00015000 08:15 394262     /lib/i386-linux-gnu/libnsl-2.19.so
b6367000-b6368000 rw-p 00016000 08:15 394262     /lib/i386-linux-gnu/libnsl-2.19.so
b6368000-b636a000 rw-p 00000000 00:00 0 
b636a000-b636c000 r--s 00012000 08:15 4344950    /usr/lib/jvm/java-7-openjdk-i386/jre/lib/ext/zipfs.jar
b636c000-b6370000 r--s 00034000 08:15 4344951    /usr/lib/jvm/java-7-openjdk-i386/jre/lib/ext/sunjce_provider.jar
b6370000-b6372000 r--s 00006000 08:15 4740506    /usr/share/java/java-atk-wrapper.jar
b6372000-b6375000 r--s 0000f000 08:15 4344948    /usr/lib/jvm/java-7-openjdk-i386/jre/lib/ext/icedtea-sound.jar
b6375000-b6376000 r--s 00002000 08:15 4344947    /usr/lib/jvm/java-7-openjdk-i386/jre/lib/ext/dnsns.jar
b6376000-b637e000 r-xp 00000000 08:15 4334369    /usr/lib/jvm/java-7-openjdk-i386/jre/lib/i386/libzip.so
b637e000-b637f000 r--p 00007000 08:15 4334369    /usr/lib/jvm/java-7-openjdk-i386/jre/lib/i386/libzip.so
b637f000-b6380000 rw-p 00008000 08:15 4334369    /usr/lib/jvm/java-7-openjdk-i386/jre/lib/i386/libzip.so
b6380000-b6388000 rw-s 00000000 08:15 5386993    /tmp/hsperfdata_hugo/19626
b6388000-b63ae000 r-xp 00000000 08:15 4334363    /usr/lib/jvm/java-7-openjdk-i386/jre/lib/i386/libjava.so
b63ae000-b63af000 r--p 00025000 08:15 4334363    /usr/lib/jvm/java-7-openjdk-i386/jre/lib/i386/libjava.so
b63af000-b63b0000 rw-p 00026000 08:15 4334363    /usr/lib/jvm/java-7-openjdk-i386/jre/lib/i386/libjava.so
b63b0000-b63b7000 r-xp 00000000 08:15 394246     /lib/i386-linux-gnu/librt-2.19.so
b63b7000-b63b8000 r--p 00006000 08:15 394246     /lib/i386-linux-gnu/librt-2.19.so
b63b8000-b63b9000 rw-p 00007000 08:15 394246     /lib/i386-linux-gnu/librt-2.19.so
b63b9000-b63ba000 ---p 00000000 00:00 0 
b63ba000-b640a000 rwxp 00000000 00:00 0          [stack:19632]
b640a000-b6426000 r-xp 00000000 08:15 395113     /lib/i386-linux-gnu/libgcc_s.so.1
b6426000-b6427000 r--p 0001b000 08:15 395113     /lib/i386-linux-gnu/libgcc_s.so.1
b6427000-b6428000 rw-p 0001c000 08:15 395113     /lib/i386-linux-gnu/libgcc_s.so.1
b6428000-b646c000 r-xp 00000000 08:15 394263     /lib/i386-linux-gnu/libm-2.19.so
b646c000-b646d000 r--p 00043000 08:15 394263     /lib/i386-linux-gnu/libm-2.19.so
b646d000-b646e000 rw-p 00044000 08:15 394263     /lib/i386-linux-gnu/libm-2.19.so
b646e000-b6557000 r-xp 00000000 08:15 4340107    /usr/lib/i386-linux-gnu/libstdc++.so.6.0.20
b6557000-b655b000 r--p 000e9000 08:15 4340107    /usr/lib/i386-linux-gnu/libstdc++.so.6.0.20
b655b000-b655c000 rw-p 000ed000 08:15 4340107    /usr/lib/i386-linux-gnu/libstdc++.so.6.0.20
b655c000-b6563000 rw-p 00000000 00:00 0 
b6563000-b70a9000 r-xp 00000000 08:15 4344914    /usr/lib/jvm/java-7-openjdk-i386/jre/lib/i386/server/libjvm.so
b70a9000-b70fd000 r--p 00b45000 08:15 4344914    /usr/lib/jvm/java-7-openjdk-i386/jre/lib/i386/server/libjvm.so
b70fd000-b7111000 rw-p 00b99000 08:15 4344914    /usr/lib/jvm/java-7-openjdk-i386/jre/lib/i386/server/libjvm.so
b7111000-b7530000 rw-p 00000000 00:00 0 
b7530000-b7548000 r-xp 00000000 08:15 395257     /lib/i386-linux-gnu/libz.so.1.2.8
b7548000-b7549000 r--p 00017000 08:15 395257     /lib/i386-linux-gnu/libz.so.1.2.8
b7549000-b754a000 rw-p 00018000 08:15 395257     /lib/i386-linux-gnu/libz.so.1.2.8
b754a000-b7562000 r-xp 00000000 08:15 394266     /lib/i386-linux-gnu/libpthread-2.19.so
b7562000-b7564000 r--p 00017000 08:15 394266     /lib/i386-linux-gnu/libpthread-2.19.so
b7564000-b7565000 rw-p 00019000 08:15 394266     /lib/i386-linux-gnu/libpthread-2.19.so
b7565000-b7567000 rw-p 00000000 00:00 0 
b7567000-b756a000 r-xp 00000000 08:15 394275     /lib/i386-linux-gnu/libdl-2.19.so
b756a000-b756b000 r--p 00002000 08:15 394275     /lib/i386-linux-gnu/libdl-2.19.so
b756b000-b756c000 rw-p 00003000 08:15 394275     /lib/i386-linux-gnu/libdl-2.19.so
b756c000-b7713000 r-xp 00000000 08:15 394269     /lib/i386-linux-gnu/libc-2.19.so
b7713000-b7715000 r--p 001a7000 08:15 394269     /lib/i386-linux-gnu/libc-2.19.so
b7715000-b7716000 rw-p 001a9000 08:15 394269     /lib/i386-linux-gnu/libc-2.19.so
b7716000-b7719000 rw-p 00000000 00:00 0 
b7719000-b771a000 r--p 00855000 08:15 4342535    /usr/lib/locale/locale-archive
b771a000-b771b000 r--p 00859000 08:15 4342535    /usr/lib/locale/locale-archive
b771b000-b7722000 r-xp 00000000 08:15 394270     /lib/i386-linux-gnu/libnss_compat-2.19.so
b7722000-b7723000 r--p 00006000 08:15 394270     /lib/i386-linux-gnu/libnss_compat-2.19.so
b7723000-b7724000 rw-p 00007000 08:15 394270     /lib/i386-linux-gnu/libnss_compat-2.19.so
b7724000-b7725000 rw-p 00000000 00:00 0 
b7725000-b7726000 ---p 00000000 00:00 0 
b7726000-b7734000 r-xp 00000000 08:15 4344904    /usr/lib/jvm/java-7-openjdk-i386/jre/lib/i386/libverify.so
b7734000-b7736000 r--p 0000d000 08:15 4344904    /usr/lib/jvm/java-7-openjdk-i386/jre/lib/i386/libverify.so
b7736000-b7737000 rw-p 0000f000 08:15 4344904    /usr/lib/jvm/java-7-openjdk-i386/jre/lib/i386/libverify.so
b7737000-b7743000 r-xp 00000000 08:15 4344915    /usr/lib/jvm/java-7-openjdk-i386/jre/lib/i386/jli/libjli.so
b7743000-b7744000 r--p 0000b000 08:15 4344915    /usr/lib/jvm/java-7-openjdk-i386/jre/lib/i386/jli/libjli.so
b7744000-b7745000 rw-p 0000c000 08:15 4344915    /usr/lib/jvm/java-7-openjdk-i386/jre/lib/i386/jli/libjli.so
b7745000-b7748000 rw-p 00000000 00:00 0 
b7748000-b7749000 r-xp 00000000 00:00 0          [vdso]
b7749000-b774b000 r--p 00000000 00:00 0          [vvar]
b774b000-b776b000 r-xp 00000000 08:15 394259     /lib/i386-linux-gnu/ld-2.19.so
b776b000-b776c000 r--p 0001f000 08:15 394259     /lib/i386-linux-gnu/ld-2.19.so
b776c000-b776d000 rw-p 00020000 08:15 394259     /lib/i386-linux-gnu/ld-2.19.so
bf948000-bf949000 rwxp 00000000 00:00 0 
bf97b000-bf99b000 rwxp 00000000 00:00 0          [stack]
bf99b000-bf99c000 rw-p 00000000 00:00 0 

VM Arguments:
jvm_args: -Xmx1024M -Dfile.encoding=UTF-8 -Duser.country=US -Duser.language=en -Duser.variant 
java_command: com.android.dx.command.Main --dex --output /home/hugo/AndroidStudioProjects/TP2/app/build/intermediates/pre-dexed/debug/classes-9cff01fff4ef9b646c0d9e8d787a69746ae0ca68.jar /home/hugo/AndroidStudioProjects/TP2/app/build/intermediates/exploded-aar/com.google.android.gms/play-services-drive/7.0.0/jars/classes.jar
Launcher Type: SUN_STANDARD

Environment Variables:
PATH=/home/hugo/.rvm/gems/ruby-2.1.5/bin:/home/hugo/.rvm/gems/ruby-2.1.5@global/bin:/home/hugo/.rvm/rubies/ruby-2.1.5/bin:/usr/local/sbin:/usr/local/bin:/usr/sbin:/usr/bin:/sbin:/bin:/usr/games:/usr/local/games:/home/hugo/.rvm/bin
USERNAME=hugo
LD_LIBRARY_PATH=/opt/android-studio/bin:
SHELL=/bin/bash
DISPLAY=:0

Signal Handlers:
SIGSEGV: [libjvm.so+0x7ed9a0], sa_mask[0]=0x7ffbfeff, sa_flags=0x10000004
SIGBUS: [libjvm.so+0x7ed9a0], sa_mask[0]=0x7ffbfeff, sa_flags=0x10000004
SIGFPE: [libjvm.so+0x66faf0], sa_mask[0]=0x7ffbfeff, sa_flags=0x10000004
SIGPIPE: [libjvm.so+0x66faf0], sa_mask[0]=0x7ffbfeff, sa_flags=0x10000004
SIGXFSZ: [libjvm.so+0x66faf0], sa_mask[0]=0x7ffbfeff, sa_flags=0x10000004
SIGILL: [libjvm.so+0x66faf0], sa_mask[0]=0x7ffbfeff, sa_flags=0x10000004
SIGUSR1: SIG_DFL, sa_mask[0]=0x00000000, sa_flags=0x00000000
SIGUSR2: [libjvm.so+0x66f940], sa_mask[0]=0x00000004, sa_flags=0x10000004
SIGHUP: [libjvm.so+0x66fba0], sa_mask[0]=0x7ffbfeff, sa_flags=0x10000004
SIGINT: [libjvm.so+0x66fba0], sa_mask[0]=0x7ffbfeff, sa_flags=0x10000004
SIGTERM: [libjvm.so+0x66fba0], sa_mask[0]=0x7ffbfeff, sa_flags=0x10000004
SIGQUIT: [libjvm.so+0x66fba0], sa_mask[0]=0x7ffbfeff, sa_flags=0x10000004
SIGTRAP: SIG_DFL, sa_mask[0]=0x00000000, sa_flags=0x00000000


---------------  S Y S T E M  ---------------

OS:Ubuntu 14.10 (utopic)
uname:Linux 3.16.0-28-generic #38-Ubuntu SMP Fri Dec 12 17:38:37 UTC 2014 i686
libc:glibc 2.19 NPTL 2.19 
rlimit: STACK 8192k, CORE 0k, NPROC 46759, NOFILE 4096, AS infinity
load average:9,36 3,28 1,75

/proc/meminfo:
MemTotal:        6005684 kB
MemFree:          309384 kB
MemAvailable:     227192 kB
Buffers:             448 kB
Cached:          1091468 kB
SwapCached:            0 kB
Active:          4621852 kB
Inactive:         926172 kB
Active(anon):    4603704 kB
Inactive(anon):   910876 kB
Active(file):      18148 kB
Inactive(file):    15296 kB
Unevictable:         168 kB
Mlocked:             168 kB
HighTotal:       5160892 kB
HighFree:          65176 kB
LowTotal:         844792 kB
LowFree:          244208 kB
SwapTotal:             0 kB
SwapFree:              0 kB
Dirty:              1792 kB
Writeback:             0 kB
AnonPages:       4456868 kB
Mapped:           318576 kB
Shmem:           1057280 kB
Slab:              68044 kB
SReclaimable:      36472 kB
SUnreclaim:        31572 kB
KernelStack:        7456 kB
PageTables:        27992 kB
NFS_Unstable:          0 kB
Bounce:              412 kB
WritebackTmp:          0 kB
CommitLimit:     3002840 kB
Committed_AS:   12447216 kB
VmallocTotal:     122880 kB
VmallocUsed:       19028 kB
VmallocChunk:      47788 kB
AnonHugePages:   2037760 kB
HugePages_Total:       0
HugePages_Free:        0
HugePages_Rsvd:        0
HugePages_Surp:        0
Hugepagesize:       2048 kB
DirectMap4k:       47096 kB
DirectMap2M:      860160 kB


CPU:total 4 (2 cores per cpu, 2 threads per core) family 6 model 58 stepping 9, cmov, cx8, fxsr, mmx, sse, sse2, sse3, ssse3, sse4.1, sse4.2, popcnt, avx, aes, erms, ht, tsc, tscinvbit, tscinv

/proc/cpuinfo:
processor	: 0
vendor_id	: GenuineIntel
cpu family	: 6
model		: 58
model name	: Intel(R) Core(TM) i5-3210M CPU @ 2.50GHz
stepping	: 9
microcode	: 0x12
cpu MHz		: 2900.000
cache size	: 3072 KB
physical id	: 0
siblings	: 4
core id		: 0
cpu cores	: 2
apicid		: 0
initial apicid	: 0
fdiv_bug	: no
f00f_bug	: no
coma_bug	: no
fpu		: yes
fpu_exception	: yes
cpuid level	: 13
wp		: yes
flags		: fpu vme de pse tsc msr pae mce cx8 apic sep mtrr pge mca cmov pat pse36 clflush dts acpi mmx fxsr sse sse2 ss ht tm pbe nx rdtscp lm constant_tsc arch_perfmon pebs bts xtopology nonstop_tsc aperfmperf eagerfpu pni pclmulqdq dtes64 monitor ds_cpl vmx est tm2 ssse3 cx16 xtpr pdcm pcid sse4_1 sse4_2 x2apic popcnt tsc_deadline_timer aes xsave avx f16c rdrand lahf_lm ida arat epb xsaveopt pln pts dtherm tpr_shadow vnmi flexpriority ept vpid fsgsbase smep erms
bogomips	: 4988.65
clflush size	: 64
cache_alignment	: 64
address sizes	: 36 bits physical, 48 bits virtual
power management:

processor	: 1
vendor_id	: GenuineIntel
cpu family	: 6
model		: 58
model name	: Intel(R) Core(TM) i5-3210M CPU @ 2.50GHz
stepping	: 9
microcode	: 0x12
cpu MHz		: 2900.000
cache size	: 3072 KB
physical id	: 0
siblings	: 4
core id		: 0
cpu cores	: 2
apicid		: 1
initial apicid	: 1
fdiv_bug	: no
f00f_bug	: no
coma_bug	: no
fpu		: yes
fpu_exception	: yes
cpuid level	: 13
wp		: yes
flags		: fpu vme de pse tsc msr pae mce cx8 apic sep mtrr pge mca cmov pat pse36 clflush dts acpi mmx fxsr sse sse2 ss ht tm pbe nx rdtscp lm constant_tsc arch_perfmon pebs bts xtopology nonstop_tsc aperfmperf eagerfpu pni pclmulqdq dtes64 monitor ds_cpl vmx est tm2 ssse3 cx16 xtpr pdcm pcid sse4_1 sse4_2 x2apic popcnt tsc_deadline_timer aes xsave avx f16c rdrand lahf_lm ida arat epb xsaveopt pln pts dtherm tpr_shadow vnmi flexpriority ept vpid fsgsbase smep erms
bogomips	: 4988.65
clflush size	: 64
cache_alignment	: 64
address sizes	: 36 bits physical, 48 bits virtual
power management:

processor	: 2
vendor_id	: GenuineIntel
cpu family	: 6
model		: 58
model name	: Intel(R) Core(TM) i5-3210M CPU @ 2.50GHz
stepping	: 9
microcode	: 0x12
cpu MHz		: 2900.000
cache size	: 3072 KB
physical id	: 0
siblings	: 4
core id		: 1
cpu cores	: 2
apicid		: 2
initial apicid	: 2
fdiv_bug	: no
f00f_bug	: no
coma_bug	: no
fpu		: yes
fpu_exception	: yes
cpuid level	: 13
wp		: yes
flags		: fpu vme de pse tsc msr pae mce cx8 apic sep mtrr pge mca cmov pat pse36 clflush dts acpi mmx fxsr sse sse2 ss ht tm pbe nx rdtscp lm constant_tsc arch_perfmon pebs bts xtopology nonstop_tsc aperfmperf eagerfpu pni pclmulqdq dtes64 monitor ds_cpl vmx est tm2 ssse3 cx16 xtpr pdcm pcid sse4_1 sse4_2 x2apic popcnt tsc_deadline_timer aes xsave avx f16c rdrand lahf_lm ida arat epb xsaveopt pln pts dtherm tpr_shadow vnmi flexpriority ept vpid fsgsbase smep erms
bogomips	: 4988.65
clflush size	: 64
cache_alignment	: 64
address sizes	: 36 bits physical, 48 bits virtual
power management:

processor	: 3
vendor_id	: GenuineIntel
cpu family	: 6
model		: 58
model name	: Intel(R) Core(TM) i5-3210M CPU @ 2.50GHz
stepping	: 9
microcode	: 0x12
cpu MHz		: 2900.000
cache size	: 3072 KB
physical id	: 0
siblings	: 4
core id		: 1
cpu cores	: 2
apicid		: 3
initial apicid	: 3
fdiv_bug	: no
f00f_bug	: no
coma_bug	: no
fpu		: yes
fpu_exception	: yes
cpuid level	: 13
wp		: yes
flags		: fpu vme de pse tsc msr pae mce cx8 apic sep mtrr pge mca cmov pat pse36 clflush dts acpi mmx fxsr sse sse2 ss ht tm pbe nx rdtscp lm constant_tsc arch_perfmon pebs bts xtopology nonstop_tsc aperfmperf eagerfpu pni pclmulqdq dtes64 monitor ds_cpl vmx est tm2 ssse3 cx16 xtpr pdcm pcid sse4_1 sse4_2 x2apic popcnt tsc_deadline_timer aes xsave avx f16c rdrand lahf_lm ida arat epb xsaveopt pln pts dtherm tpr_shadow vnmi flexpriority ept vpid fsgsbase smep erms
bogomips	: 4988.65
clflush size	: 64
cache_alignment	: 64
address sizes	: 36 bits physical, 48 bits virtual
power management:



Memory: 4k page, physical 6005684k(309532k free), swap 0k(0k free)

vm_info: OpenJDK Server VM (24.79-b02) for linux-x86 JRE (1.7.0_79-b14), built on Apr 16 2015 08:35:02 by "buildd" with gcc 4.9.1

time: Mon Jun 15 12:18:03 2015
elapsed time: 15 seconds

