#
# There is insufficient memory for the Java Runtime Environment to continue.
# Native memory allocation (malloc) failed to allocate 84672512 bytes for committing reserved memory.
# Possible reasons:
#   The system is out of physical RAM or swap space
#   In 32 bit mode, the process size limit was hit
# Possible solutions:
#   Reduce memory load on the system
#   Increase physical memory or swap space
#   Check if swap backing store is full
#   Use 64 bit Java on a 64 bit OS
#   Decrease Java heap size (-Xmx/-Xms)
#   Decrease number of Java threads
#   Decrease Java thread stack sizes (-Xss)
#   Set larger code cache with -XX:ReservedCodeCacheSize=
# This output file may be truncated or incomplete.
#
#  Out of Memory Error (os_linux.cpp:2809), pid=20475, tid=1740434240
#
# JRE version: OpenJDK Runtime Environment (7.0_79-b14) (build 1.7.0_79-b14)
# Java VM: OpenJDK Server VM (24.79-b02 mixed mode linux-x86 )
# Derivative: IcedTea 2.5.5
# Distribution: Ubuntu 14.10, package 7u79-2.5.5-0ubuntu0.14.10.2
# Failed to write core dump. Core dumps have been disabled. To enable core dumping, try "ulimit -c unlimited" before starting Java again
#

---------------  T H R E A D  ---------------

Current thread (0x67a80800):  VMThread [stack: 0x67b4e000,0x67bcf000] [id=20484]

Stack: [0x67b4e000,0x67bcf000]
VM_Operation (0xb6448220): ParallelGCFailedAllocation, mode: safepoint, requested by thread 0xb6207800


---------------  P R O C E S S  ---------------

Java Threads: ( => current thread )
  0x67a9d800 JavaThread "Service Thread" daemon [_thread_blocked, id=20490, stack(0x6740b000,0x6745c000)]
  0x67a9bc00 JavaThread "C2 CompilerThread1" daemon [_thread_blocked, id=20489, stack(0x6745c000,0x674dd000)]
  0x67a99c00 JavaThread "C2 CompilerThread0" daemon [_thread_blocked, id=20488, stack(0x674dd000,0x6755e000)]
  0x67a98000 JavaThread "Signal Dispatcher" daemon [_thread_blocked, id=20487, stack(0x6755e000,0x675af000)]
  0x67a84800 JavaThread "Finalizer" daemon [_thread_blocked, id=20486, stack(0x677af000,0x67800000)]
  0x67a83000 JavaThread "Reference Handler" daemon [_thread_blocked, id=20485, stack(0x6a72e000,0x6a77f000)]
  0xb6207800 JavaThread "main" [_thread_blocked, id=20478, stack(0xb63f9000,0xb644a000)]

Other Threads:
=>0x67a80800 VMThread [stack: 0x67b4e000,0x67bcf000] [id=20484]
  0x67a9fc00 WatcherThread [stack: 0x6738a000,0x6740b000] [id=20491]

VM state:at safepoint (normal execution)

VM Mutex/Monitor currently owned by a thread:  ([mutex/lock_event])
[0xb6205200] Threads_lock - owner thread: 0x67a80800
[0xb6205610] Heap_lock - owner thread: 0xb6207800

Heap
 PSYoungGen      total 147968K, used 18935K [0x9dbc0000, 0xa82c0000, 0xb3140000)
  eden space 129024K, 0% used [0x9dbc0000,0x9dbc0000,0xa59c0000)
  from space 18944K, 99% used [0xa59c0000,0xa6c3de58,0xa6c40000)
  to   space 14848K, 0% used [0xa6c40000,0xa6c40000,0xa7ac0000)
 ParOldGen       total 43520K, used 32272K [0x73140000, 0x75bc0000, 0x9dbc0000)
  object space 43520K, 74% used [0x73140000,0x750c4188,0x75bc0000)
 PSPermGen       total 16384K, used 4296K [0x6b140000, 0x6c140000, 0x73140000)
  object space 16384K, 26% used [0x6b140000,0x6b5722a8,0x6c140000)

Card table byte_map: [0x6aeff000,0x6b140000] byte_map_base: 0x6aba6600

Polling page: 0xb7765000

Code Cache  [0xb3200000, 0xb34b0000, 0xb6200000)
 total_blobs=1016 nmethods=896 adapters=73 free_code_cache=46448Kb largest_free_block=47525440

Compilation events (10 events):
Event: 28,148 Thread 0x67a9bc00  919             java.util.ComparableTimSort::countRunAndMakeAscending (123 bytes)
Event: 28,322 Thread 0x67a9bc00 nmethod 919 0xb34a4748 code [0xb34a48e0, 0xb34a51d8]
Event: 28,322 Thread 0x67a9bc00  920             com.android.dx.rop.cst.CstString::getUtf16Size (8 bytes)
Event: 28,323 Thread 0x67a9bc00 nmethod 920 0xb349e908 code [0xb349ea00, 0xb349ea70]
Event: 28,323 Thread 0x67a9bc00  921   !         com.android.dx.dex.file.OffsettedItem::writeTo (72 bytes)
Event: 28,366 Thread 0x67a9bc00 nmethod 921 0xb34a5a48 code [0xb34a5b80, 0xb34a5da4]
Event: 28,369 Thread 0x67a9bc00  922             com.android.dx.util.ByteArrayAnnotatedOutput::assertCursor (48 bytes)
Event: 28,372 Thread 0x67a9bc00 nmethod 922 0xb349ce88 code [0xb349cf80, 0xb349cfd0]
Event: 28,372 Thread 0x67a9bc00  923 %           com.android.dx.dex.file.MixedItemSection::writeTo0 @ 27 (155 bytes)
Event: 28,389 Thread 0x67a99c00 nmethod 916 0xb34aa108 code [0xb34aa3a0, 0xb34ab398]

GC Heap History (10 events):
Event: 7,208 GC heap after
Heap after GC invocations=4 (full 0):
 PSYoungGen      total 36352K, used 2555K [0x9dbc0000, 0xa01c0000, 0xb3140000)
  eden space 33792K, 0% used [0x9dbc0000,0x9dbc0000,0x9fcc0000)
  from space 2560K, 99% used [0x9ff40000,0xa01bec48,0xa01c0000)
  to   space 2560K, 0% used [0x9fcc0000,0x9fcc0000,0x9ff40000)
 ParOldGen       total 43520K, used 8638K [0x73140000, 0x75bc0000, 0x9dbc0000)
  object space 43520K, 19% used [0x73140000,0x739af900,0x75bc0000)
 PSPermGen       total 16384K, used 3958K [0x6b140000, 0x6c140000, 0x73140000)
  object space 16384K, 24% used [0x6b140000,0x6b51da48,0x6c140000)
}
Event: 9,396 GC heap before
{Heap before GC invocations=5 (full 0):
 PSYoungGen      total 36352K, used 36347K [0x9dbc0000, 0xa01c0000, 0xb3140000)
  eden space 33792K, 100% used [0x9dbc0000,0x9fcc0000,0x9fcc0000)
  from space 2560K, 99% used [0x9ff40000,0xa01bec48,0xa01c0000)
  to   space 2560K, 0% used [0x9fcc0000,0x9fcc0000,0x9ff40000)
 ParOldGen       total 43520K, used 8638K [0x73140000, 0x75bc0000, 0x9dbc0000)
  object space 43520K, 19% used [0x73140000,0x739af900,0x75bc0000)
 PSPermGen       total 16384K, used 3982K [0x6b140000, 0x6c140000, 0x73140000)
  object space 16384K, 24% used [0x6b140000,0x6b523a88,0x6c140000)
Event: 9,437 GC heap after
Heap after GC invocations=5 (full 0):
 PSYoungGen      total 36352K, used 2547K [0x9dbc0000, 0xa2cc0000, 0xb3140000)
  eden space 33792K, 0% used [0x9dbc0000,0x9dbc0000,0x9fcc0000)
  from space 2560K, 99% used [0x9fcc0000,0x9ff3ce30,0x9ff40000)
  to   space 7680K, 0% used [0xa2540000,0xa2540000,0xa2cc0000)
 ParOldGen       total 43520K, used 14012K [0x73140000, 0x75bc0000, 0x9dbc0000)
  object space 43520K, 32% used [0x73140000,0x73eef2e8,0x75bc0000)
 PSPermGen       total 16384K, used 3982K [0x6b140000, 0x6c140000, 0x73140000)
  object space 16384K, 24% used [0x6b140000,0x6b523a88,0x6c140000)
}
Event: 11,387 GC heap before
{Heap before GC invocations=6 (full 0):
 PSYoungGen      total 36352K, used 36339K [0x9dbc0000, 0xa2cc0000, 0xb3140000)
  eden space 33792K, 100% used [0x9dbc0000,0x9fcc0000,0x9fcc0000)
  from space 2560K, 99% used [0x9fcc0000,0x9ff3ce30,0x9ff40000)
  to   space 7680K, 0% used [0xa2540000,0xa2540000,0xa2cc0000)
 ParOldGen       total 43520K, used 14012K [0x73140000, 0x75bc0000, 0x9dbc0000)
  object space 43520K, 32% used [0x73140000,0x73eef2e8,0x75bc0000)
 PSPermGen       total 16384K, used 4000K [0x6b140000, 0x6c140000, 0x73140000)
  object space 16384K, 24% used [0x6b140000,0x6b528288,0x6c140000)
Event: 11,459 GC heap after
Heap after GC invocations=6 (full 0):
 PSYoungGen      total 74240K, used 7676K [0x9dbc0000, 0xa2ec0000, 0xb3140000)
  eden space 66560K, 0% used [0x9dbc0000,0x9dbc0000,0xa1cc0000)
  from space 7680K, 99% used [0xa2540000,0xa2cbf228,0xa2cc0000)
  to   space 8704K, 0% used [0xa1cc0000,0xa1cc0000,0xa2540000)
 ParOldGen       total 43520K, used 14287K [0x73140000, 0x75bc0000, 0x9dbc0000)
  object space 43520K, 32% used [0x73140000,0x73f33ec0,0x75bc0000)
 PSPermGen       total 16384K, used 4000K [0x6b140000, 0x6c140000, 0x73140000)
  object space 16384K, 24% used [0x6b140000,0x6b528288,0x6c140000)
}
Event: 13,843 GC heap before
{Heap before GC invocations=7 (full 0):
 PSYoungGen      total 74240K, used 74236K [0x9dbc0000, 0xa2ec0000, 0xb3140000)
  eden space 66560K, 100% used [0x9dbc0000,0xa1cc0000,0xa1cc0000)
  from space 7680K, 99% used [0xa2540000,0xa2cbf228,0xa2cc0000)
  to   space 8704K, 0% used [0xa1cc0000,0xa1cc0000,0xa2540000)
 ParOldGen       total 43520K, used 14287K [0x73140000, 0x75bc0000, 0x9dbc0000)
  object space 43520K, 32% used [0x73140000,0x73f33ec0,0x75bc0000)
 PSPermGen       total 16384K, used 4017K [0x6b140000, 0x6c140000, 0x73140000)
  object space 16384K, 24% used [0x6b140000,0x6b52c5d8,0x6c140000)
Event: 13,931 GC heap after
Heap after GC invocations=7 (full 0):
 PSYoungGen      total 75264K, used 8702K [0x9dbc0000, 0xa7ac0000, 0xb3140000)
  eden space 66560K, 0% used [0x9dbc0000,0x9dbc0000,0xa1cc0000)
  from space 8704K, 99% used [0xa1cc0000,0xa253f8b0,0xa2540000)
  to   space 14848K, 0% used [0xa6c40000,0xa6c40000,0xa7ac0000)
 ParOldGen       total 43520K, used 24296K [0x73140000, 0x75bc0000, 0x9dbc0000)
  object space 43520K, 55% used [0x73140000,0x748fa008,0x75bc0000)
 PSPermGen       total 16384K, used 4017K [0x6b140000, 0x6c140000, 0x73140000)
  object space 16384K, 24% used [0x6b140000,0x6b52c5d8,0x6c140000)
}
Event: 15,999 GC heap before
{Heap before GC invocations=8 (full 0):
 PSYoungGen      total 75264K, used 75262K [0x9dbc0000, 0xa7ac0000, 0xb3140000)
  eden space 66560K, 100% used [0x9dbc0000,0xa1cc0000,0xa1cc0000)
  from space 8704K, 99% used [0xa1cc0000,0xa253f8b0,0xa2540000)
  to   space 14848K, 0% used [0xa6c40000,0xa6c40000,0xa7ac0000)
 ParOldGen       total 43520K, used 24296K [0x73140000, 0x75bc0000, 0x9dbc0000)
  object space 43520K, 55% used [0x73140000,0x748fa008,0x75bc0000)
 PSPermGen       total 16384K, used 4047K [0x6b140000, 0x6c140000, 0x73140000)
  object space 16384K, 24% used [0x6b140000,0x6b533c10,0x6c140000)
Event: 16,115 GC heap after
Heap after GC invocations=8 (full 0):
 PSYoungGen      total 143872K, used 14843K [0x9dbc0000, 0xa82c0000, 0xb3140000)
  eden space 129024K, 0% used [0x9dbc0000,0x9dbc0000,0xa59c0000)
  from space 14848K, 99% used [0xa6c40000,0xa7abeeb8,0xa7ac0000)
  to   space 18944K, 0% used [0xa59c0000,0xa59c0000,0xa6c40000)
 ParOldGen       total 43520K, used 28307K [0x73140000, 0x75bc0000, 0x9dbc0000)
  object space 43520K, 65% used [0x73140000,0x74ce4ca8,0x75bc0000)
 PSPermGen       total 16384K, used 4047K [0x6b140000, 0x6c140000, 0x73140000)
  object space 16384K, 24% used [0x6b140000,0x6b533c10,0x6c140000)
}
Event: 28,406 GC heap before
{Heap before GC invocations=9 (full 0):
 PSYoungGen      total 143872K, used 143867K [0x9dbc0000, 0xa82c0000, 0xb3140000)
  eden space 129024K, 100% used [0x9dbc0000,0xa59c0000,0xa59c0000)
  from space 14848K, 99% used [0xa6c40000,0xa7abeeb8,0xa7ac0000)
  to   space 18944K, 0% used [0xa59c0000,0xa59c0000,0xa6c40000)
 ParOldGen       total 43520K, used 28307K [0x73140000, 0x75bc0000, 0x9dbc0000)
  object space 43520K, 65% used [0x73140000,0x74ce4ca8,0x75bc0000)
 PSPermGen       total 16384K, used 4296K [0x6b140000, 0x6c140000, 0x73140000)
  object space 16384K, 26% used [0x6b140000,0x6b5722a8,0x6c140000)

Deoptimization events (10 events):
Event: 22,888 Thread 0xb6207800 Uncommon trap: reason=array_check action=maybe_recompile pc=0xb33a9e7c method=java.util.ComparableTimSort.binarySort([Ljava/lang/Object;III)V @ 193
Event: 22,892 Thread 0xb6207800 Uncommon trap: reason=bimorphic action=maybe_recompile pc=0xb34571d0 method=com.android.dx.dex.code.OutputFinisher.calculateReservedCount([Lcom/android/dx/dex/code/Dop;)I @ 72
Event: 22,893 Thread 0xb6207800 Uncommon trap: reason=bimorphic action=maybe_recompile pc=0xb34571d0 method=com.android.dx.dex.code.OutputFinisher.calculateReservedCount([Lcom/android/dx/dex/code/Dop;)I @ 72
Event: 23,543 Thread 0xb6207800 Uncommon trap: reason=array_check action=maybe_recompile pc=0xb343edc0 method=java.util.ComparableTimSort.binarySort([Ljava/lang/Object;III)V @ 183
Event: 23,780 Thread 0xb6207800 Uncommon trap: reason=array_check action=maybe_recompile pc=0xb343ecd4 method=java.util.ComparableTimSort.binarySort([Ljava/lang/Object;III)V @ 215
Event: 24,211 Thread 0xb6207800 Uncommon trap: reason=array_check action=maybe_recompile pc=0xb343ecd4 method=java.util.ComparableTimSort.binarySort([Ljava/lang/Object;III)V @ 215
Event: 24,535 Thread 0xb6207800 Uncommon trap: reason=class_check action=maybe_recompile pc=0xb3471560 method=java.util.ComparableTimSort.countRunAndMakeAscending([Ljava/lang/Object;II)I @ 36
Event: 28,074 Thread 0xb6207800 Uncommon trap: reason=class_check action=maybe_recompile pc=0xb3471560 method=java.util.ComparableTimSort.countRunAndMakeAscending([Ljava/lang/Object;II)I @ 36
Event: 28,074 Thread 0xb6207800 Uncommon trap: reason=class_check action=maybe_recompile pc=0xb3471560 method=java.util.ComparableTimSort.countRunAndMakeAscending([Ljava/lang/Object;II)I @ 36
Event: 28,075 Thread 0xb6207800 Uncommon trap: reason=class_check action=maybe_recompile pc=0xb3471560 method=java.util.ComparableTimSort.countRunAndMakeAscending([Ljava/lang/Object;II)I @ 36

Internal exceptions (10 events):
Event: 21,255 Thread 0xb6207800 Threw 0xa45701a8 at /build/buildd/openjdk-7-7u79-2.5.5/build/openjdk/hotspot/src/share/vm/prims/jvm.cpp:1284
Event: 21,380 Thread 0xb6207800 Threw 0xa458f9f0 at /build/buildd/openjdk-7-7u79-2.5.5/build/openjdk/hotspot/src/share/vm/prims/jvm.cpp:1284
Event: 22,436 Thread 0xb6207800 Implicit null exception at 0xb345ba26 to 0xb345c47d
Event: 24,733 Thread 0xb6207800 Threw 0xa5032390 at /build/buildd/openjdk-7-7u79-2.5.5/build/openjdk/hotspot/src/share/vm/prims/jvm.cpp:1284
Event: 24,800 Thread 0xb6207800 Threw 0xa503e550 at /build/buildd/openjdk-7-7u79-2.5.5/build/openjdk/hotspot/src/share/vm/prims/jvm.cpp:1284
Event: 24,805 Thread 0xb6207800 Threw 0xa5041748 at /build/buildd/openjdk-7-7u79-2.5.5/build/openjdk/hotspot/src/share/vm/prims/jvm.cpp:1284
Event: 25,994 Thread 0xb6207800 Threw 0xa5724168 at /build/buildd/openjdk-7-7u79-2.5.5/build/openjdk/hotspot/src/share/vm/prims/jvm.cpp:1284
Event: 26,431 Thread 0xb6207800 Threw 0xa58e3728 at /build/buildd/openjdk-7-7u79-2.5.5/build/openjdk/hotspot/src/share/vm/prims/jvm.cpp:1284
Event: 26,685 Thread 0xb6207800 Threw 0xa59b0b48 at /build/buildd/openjdk-7-7u79-2.5.5/build/openjdk/hotspot/src/share/vm/prims/jvm.cpp:1284
Event: 28,326 Thread 0xb6207800 Threw 0xa59b9640 at /build/buildd/openjdk-7-7u79-2.5.5/build/openjdk/hotspot/src/share/vm/prims/jvm.cpp:1284

Events (10 events):
Event: 28,324 loading class 0x672ac2a8 done
Event: 28,340 loading class 0x67aa98a0
Event: 28,365 loading class 0x6721ad50
Event: 28,365 loading class 0x6721ad50 done
Event: 28,365 loading class 0x67aa98a0 done
Event: 28,365 loading class 0x6721aea8
Event: 28,368 loading class 0x6721aea8 done
Event: 28,368 loading class 0x6721c4f0
Event: 28,368 loading class 0x6721c4f0 done
Event: 28,400 Executing VM operation: ParallelGCFailedAllocation


Dynamic libraries:
08048000-08049000 r-xp 00000000 08:15 4344957    /usr/lib/jvm/java-7-openjdk-i386/jre/bin/java
08049000-0804a000 r--p 00000000 08:15 4344957    /usr/lib/jvm/java-7-openjdk-i386/jre/bin/java
0804a000-0804b000 rw-p 00001000 08:15 4344957    /usr/lib/jvm/java-7-openjdk-i386/jre/bin/java
09381000-0941f000 rw-p 00000000 00:00 0          [heap]
65500000-655f5000 rw-p 00000000 00:00 0 
655f5000-65600000 ---p 00000000 00:00 0 
65600000-656fa000 rw-p 00000000 00:00 0 
656fa000-65700000 ---p 00000000 00:00 0 
65700000-65800000 rw-p 00000000 00:00 0 
65900000-659fe000 rw-p 00000000 00:00 0 
659fe000-65a00000 ---p 00000000 00:00 0 
65a00000-65b00000 rw-p 00000000 00:00 0 
65b00000-65c00000 rw-p 00000000 00:00 0 
65c00000-65ccf000 rw-p 00000000 00:00 0 
65ccf000-65d00000 ---p 00000000 00:00 0 
65d00000-65df4000 rw-p 00000000 00:00 0 
65df4000-65e00000 ---p 00000000 00:00 0 
65f00000-65fe9000 rw-p 00000000 00:00 0 
65fe9000-66000000 ---p 00000000 00:00 0 
66000000-660fa000 rw-p 00000000 00:00 0 
660fa000-66100000 ---p 00000000 00:00 0 
66100000-661fd000 rw-p 00000000 00:00 0 
661fd000-66200000 ---p 00000000 00:00 0 
66300000-663f6000 rw-p 00000000 00:00 0 
663f6000-66400000 ---p 00000000 00:00 0 
66400000-664d8000 rw-p 00000000 00:00 0 
664d8000-66500000 ---p 00000000 00:00 0 
66500000-665fe000 rw-p 00000000 00:00 0 
665fe000-66600000 ---p 00000000 00:00 0 
66700000-667fd000 rw-p 00000000 00:00 0 
667fd000-66800000 ---p 00000000 00:00 0 
66900000-66a00000 rw-p 00000000 00:00 0 
66b00000-66bff000 rw-p 00000000 00:00 0 
66bff000-66c00000 ---p 00000000 00:00 0 
66c00000-66cfd000 rw-p 00000000 00:00 0 
66cfd000-66d00000 ---p 00000000 00:00 0 
66d00000-66df6000 rw-p 00000000 00:00 0 
66df6000-66e00000 ---p 00000000 00:00 0 
66eb2000-66f21000 r-xp 00000000 08:15 395196     /lib/i386-linux-gnu/libpcre.so.3.13.1
66f21000-66f22000 r--p 0006e000 08:15 395196     /lib/i386-linux-gnu/libpcre.so.3.13.1
66f22000-66f23000 rw-p 0006f000 08:15 395196     /lib/i386-linux-gnu/libpcre.so.3.13.1
66f23000-67048000 r-xp 00000000 08:15 402133     /lib/i386-linux-gnu/libglib-2.0.so.0.4200.1
67048000-67049000 r--p 00124000 08:15 402133     /lib/i386-linux-gnu/libglib-2.0.so.0.4200.1
67049000-6704a000 rw-p 00125000 08:15 402133     /lib/i386-linux-gnu/libglib-2.0.so.0.4200.1
6704a000-671fb000 r-xp 00000000 08:15 4334232    /usr/lib/i386-linux-gnu/libgio-2.0.so.0.4200.1
671fb000-671fe000 r--p 001b0000 08:15 4334232    /usr/lib/i386-linux-gnu/libgio-2.0.so.0.4200.1
671fe000-671ff000 rw-p 001b3000 08:15 4334232    /usr/lib/i386-linux-gnu/libgio-2.0.so.0.4200.1
671ff000-67200000 rw-p 00000000 00:00 0 
67200000-672cd000 rw-p 00000000 00:00 0 
672cd000-67300000 ---p 00000000 00:00 0 
6732d000-67388000 r-xp 00000000 08:15 4334310    /usr/lib/i386-linux-gnu/libgobject-2.0.so.0.4200.1
67388000-67389000 r--p 0005b000 08:15 4334310    /usr/lib/i386-linux-gnu/libgobject-2.0.so.0.4200.1
67389000-6738a000 rw-p 0005c000 08:15 4334310    /usr/lib/i386-linux-gnu/libgobject-2.0.so.0.4200.1
6738a000-6738b000 ---p 00000000 00:00 0 
6738b000-6745c000 rwxp 00000000 00:00 0          [stack:20490]
6745c000-6745d000 ---p 00000000 00:00 0 
6745d000-674dd000 rwxp 00000000 00:00 0          [stack:20489]
674dd000-674de000 ---p 00000000 00:00 0 
674de000-675af000 rwxp 00000000 00:00 0          [stack:20487]
675af000-677af000 r--p 00000000 08:15 4342535    /usr/lib/locale/locale-archive
677af000-67800000 rwxp 00000000 00:00 0          [stack:20486]
67800000-678f9000 rw-p 00000000 00:00 0 
678f9000-67900000 ---p 00000000 00:00 0 
67900000-67921000 rw-p 00000000 00:00 0 
67921000-67a00000 ---p 00000000 00:00 0 
67a00000-67b00000 rw-p 00000000 00:00 0 
67b4e000-67b4f000 ---p 00000000 00:00 0 
67b4f000-67bcf000 rwxp 00000000 00:00 0          [stack:20484]
67bcf000-67d80000 r--s 01d27000 08:15 4344946    /usr/lib/jvm/java-7-openjdk-i386/jre/lib/rt.jar
67d80000-6a600000 rw-p 00000000 00:00 0 
6a600000-6a6fa000 rw-p 00000000 00:00 0 
6a6fa000-6a700000 ---p 00000000 00:00 0 
6a707000-6a72b000 r-xp 00000000 08:15 395223     /lib/i386-linux-gnu/libselinux.so.1
6a72b000-6a72c000 r--p 00023000 08:15 395223     /lib/i386-linux-gnu/libselinux.so.1
6a72c000-6a72d000 rw-p 00024000 08:15 395223     /lib/i386-linux-gnu/libselinux.so.1
6a72d000-6a72e000 rw-p 00000000 00:00 0 
6a72e000-6a77f000 rwxp 00000000 00:00 0          [stack:20485]
6a77f000-6a780000 ---p 00000000 00:00 0 
6a780000-6a800000 rwxp 00000000 00:00 0          [stack:20483]
6a800000-6a821000 rw-p 00000000 00:00 0 
6a821000-6a900000 ---p 00000000 00:00 0 
6a901000-6a914000 r-xp 00000000 08:15 394264     /lib/i386-linux-gnu/libresolv-2.19.so
6a914000-6a915000 r--p 00013000 08:15 394264     /lib/i386-linux-gnu/libresolv-2.19.so
6a915000-6a916000 rw-p 00014000 08:15 394264     /lib/i386-linux-gnu/libresolv-2.19.so
6a916000-6a918000 rw-p 00000000 00:00 0 
6a936000-6a97f000 rw-p 00000000 00:00 0 
6a97f000-6a980000 ---p 00000000 00:00 0 
6a980000-6aa00000 rwxp 00000000 00:00 0          [stack:20482]
6aa00000-6aa21000 rw-p 00000000 00:00 0 
6aa21000-6ab00000 ---p 00000000 00:00 0 
6ab03000-6ab09000 r-xp 00000000 08:15 4339480    /usr/lib/i386-linux-gnu/libffi.so.6.0.2
6ab09000-6ab0b000 r--p 00005000 08:15 4339480    /usr/lib/i386-linux-gnu/libffi.so.6.0.2
6ab0b000-6ab0c000 rw-p 00007000 08:15 4339480    /usr/lib/i386-linux-gnu/libffi.so.6.0.2
6ab0c000-6ab22000 r-xp 00000000 08:15 4344900    /usr/lib/jvm/java-7-openjdk-i386/jre/lib/i386/libnet.so
6ab22000-6ab23000 r--p 00015000 08:15 4344900    /usr/lib/jvm/java-7-openjdk-i386/jre/lib/i386/libnet.so
6ab23000-6ab24000 rw-p 00016000 08:15 4344900    /usr/lib/jvm/java-7-openjdk-i386/jre/lib/i386/libnet.so
6ab24000-6ab7f000 rw-p 00000000 00:00 0 
6ab7f000-6ab80000 ---p 00000000 00:00 0 
6ab80000-6ac00000 rwxp 00000000 00:00 0          [stack:20481]
6ac00000-6ac21000 rw-p 00000000 00:00 0 
6ac21000-6ad00000 ---p 00000000 00:00 0 
6ad04000-6ad14000 r-xp 00000000 08:15 4344890    /usr/lib/jvm/java-7-openjdk-i386/jre/lib/i386/libnio.so
6ad14000-6ad15000 r--p 0000f000 08:15 4344890    /usr/lib/jvm/java-7-openjdk-i386/jre/lib/i386/libnio.so
6ad15000-6ad16000 rw-p 00010000 08:15 4344890    /usr/lib/jvm/java-7-openjdk-i386/jre/lib/i386/libnio.so
6ad28000-6ad29000 ---p 00000000 00:00 0 
6ad29000-6ada9000 rwxp 00000000 00:00 0          [stack:20480]
6ada9000-6adbf000 rw-p 00000000 00:00 0 
6adbf000-6aeff000 rw-p 00000000 00:00 0 
6aeff000-6af07000 rw-p 00000000 00:00 0 
6af07000-6af3f000 rw-p 00000000 00:00 0 
6af3f000-6af55000 rw-p 00000000 00:00 0 
6af55000-6b094000 rw-p 00000000 00:00 0 
6b094000-6b0e8000 rw-p 00000000 00:00 0 
6b0e8000-6b13f000 rw-p 00000000 00:00 0 
6b13f000-6c140000 rw-p 00000000 00:00 0 
6c140000-73140000 rw-p 00000000 00:00 0 
73140000-75bc0000 rw-p 00000000 00:00 0 
75bc0000-9dbc0000 rw-p 00000000 00:00 0 
9dbc0000-a82c0000 rw-p 00000000 00:00 0 
ad380000-b3140000 rw-p 00000000 00:00 0 
b3140000-b314b000 rw-p 00000000 00:00 0 
b314b000-b3200000 rw-p 00000000 00:00 0 
b3200000-b34b0000 rwxp 00000000 00:00 0 
b34b0000-b6300000 rw-p 00000000 00:00 0 
b6302000-b6305000 r-xp 00000000 08:15 4334231    /usr/lib/i386-linux-gnu/libgmodule-2.0.so.0.4200.1
b6305000-b6306000 r--p 00002000 08:15 4334231    /usr/lib/i386-linux-gnu/libgmodule-2.0.so.0.4200.1
b6306000-b6307000 rw-p 00003000 08:15 4334231    /usr/lib/i386-linux-gnu/libgmodule-2.0.so.0.4200.1
b6307000-b6316000 r--s 000dd000 08:15 394489     /home/hugo/Android/Sdk/build-tools/21.1.2/lib/dx.jar
b6316000-b6319000 r--s 00086000 08:15 4344949    /usr/lib/jvm/java-7-openjdk-i386/jre/lib/ext/localedata.jar
b6319000-b631d000 r--s 0003c000 08:15 4344952    /usr/lib/jvm/java-7-openjdk-i386/jre/lib/ext/sunpkcs11.jar
b631d000-b6340000 rw-p 00000000 00:00 0 
b6340000-b6378000 rw-p 00000000 00:00 0 
b6378000-b6383000 r-xp 00000000 08:15 394247     /lib/i386-linux-gnu/libnss_files-2.19.so
b6383000-b6384000 r--p 0000a000 08:15 394247     /lib/i386-linux-gnu/libnss_files-2.19.so
b6384000-b6385000 rw-p 0000b000 08:15 394247     /lib/i386-linux-gnu/libnss_files-2.19.so
b6385000-b638f000 r-xp 00000000 08:15 394091     /lib/i386-linux-gnu/libnss_nis-2.19.so
b638f000-b6390000 r--p 00009000 08:15 394091     /lib/i386-linux-gnu/libnss_nis-2.19.so
b6390000-b6391000 rw-p 0000a000 08:15 394091     /lib/i386-linux-gnu/libnss_nis-2.19.so
b6391000-b63a6000 r-xp 00000000 08:15 394262     /lib/i386-linux-gnu/libnsl-2.19.so
b63a6000-b63a7000 r--p 00015000 08:15 394262     /lib/i386-linux-gnu/libnsl-2.19.so
b63a7000-b63a8000 rw-p 00016000 08:15 394262     /lib/i386-linux-gnu/libnsl-2.19.so
b63a8000-b63aa000 rw-p 00000000 00:00 0 
b63aa000-b63ac000 r--s 00012000 08:15 4344950    /usr/lib/jvm/java-7-openjdk-i386/jre/lib/ext/zipfs.jar
b63ac000-b63b0000 r--s 00034000 08:15 4344951    /usr/lib/jvm/java-7-openjdk-i386/jre/lib/ext/sunjce_provider.jar
b63b0000-b63b2000 r--s 00006000 08:15 4740506    /usr/share/java/java-atk-wrapper.jar
b63b2000-b63b5000 r--s 0000f000 08:15 4344948    /usr/lib/jvm/java-7-openjdk-i386/jre/lib/ext/icedtea-sound.jar
b63b5000-b63b6000 r--s 00002000 08:15 4344947    /usr/lib/jvm/java-7-openjdk-i386/jre/lib/ext/dnsns.jar
b63b6000-b63be000 r-xp 00000000 08:15 4334369    /usr/lib/jvm/java-7-openjdk-i386/jre/lib/i386/libzip.so
b63be000-b63bf000 r--p 00007000 08:15 4334369    /usr/lib/jvm/java-7-openjdk-i386/jre/lib/i386/libzip.so
b63bf000-b63c0000 rw-p 00008000 08:15 4334369    /usr/lib/jvm/java-7-openjdk-i386/jre/lib/i386/libzip.so
b63c0000-b63c8000 rw-s 00000000 08:15 5386986    /tmp/hsperfdata_hugo/20475
b63c8000-b63ee000 r-xp 00000000 08:15 4334363    /usr/lib/jvm/java-7-openjdk-i386/jre/lib/i386/libjava.so
b63ee000-b63ef000 r--p 00025000 08:15 4334363    /usr/lib/jvm/java-7-openjdk-i386/jre/lib/i386/libjava.so
b63ef000-b63f0000 rw-p 00026000 08:15 4334363    /usr/lib/jvm/java-7-openjdk-i386/jre/lib/i386/libjava.so
b63f0000-b63f7000 r-xp 00000000 08:15 394246     /lib/i386-linux-gnu/librt-2.19.so
b63f7000-b63f8000 r--p 00006000 08:15 394246     /lib/i386-linux-gnu/librt-2.19.so
b63f8000-b63f9000 rw-p 00007000 08:15 394246     /lib/i386-linux-gnu/librt-2.19.so
b63f9000-b63fa000 ---p 00000000 00:00 0 
b63fa000-b644a000 rwxp 00000000 00:00 0          [stack:20478]
b644a000-b6466000 r-xp 00000000 08:15 395113     /lib/i386-linux-gnu/libgcc_s.so.1
b6466000-b6467000 r--p 0001b000 08:15 395113     /lib/i386-linux-gnu/libgcc_s.so.1
b6467000-b6468000 rw-p 0001c000 08:15 395113     /lib/i386-linux-gnu/libgcc_s.so.1
b6468000-b64ac000 r-xp 00000000 08:15 394263     /lib/i386-linux-gnu/libm-2.19.so
b64ac000-b64ad000 r--p 00043000 08:15 394263     /lib/i386-linux-gnu/libm-2.19.so
b64ad000-b64ae000 rw-p 00044000 08:15 394263     /lib/i386-linux-gnu/libm-2.19.so
b64ae000-b6597000 r-xp 00000000 08:15 4340107    /usr/lib/i386-linux-gnu/libstdc++.so.6.0.20
b6597000-b659b000 r--p 000e9000 08:15 4340107    /usr/lib/i386-linux-gnu/libstdc++.so.6.0.20
b659b000-b659c000 rw-p 000ed000 08:15 4340107    /usr/lib/i386-linux-gnu/libstdc++.so.6.0.20
b659c000-b65a3000 rw-p 00000000 00:00 0 
b65a3000-b70e9000 r-xp 00000000 08:15 4344914    /usr/lib/jvm/java-7-openjdk-i386/jre/lib/i386/server/libjvm.so
b70e9000-b713d000 r--p 00b45000 08:15 4344914    /usr/lib/jvm/java-7-openjdk-i386/jre/lib/i386/server/libjvm.so
b713d000-b7151000 rw-p 00b99000 08:15 4344914    /usr/lib/jvm/java-7-openjdk-i386/jre/lib/i386/server/libjvm.so
b7151000-b7570000 rw-p 00000000 00:00 0 
b7570000-b7588000 r-xp 00000000 08:15 395257     /lib/i386-linux-gnu/libz.so.1.2.8
b7588000-b7589000 r--p 00017000 08:15 395257     /lib/i386-linux-gnu/libz.so.1.2.8
b7589000-b758a000 rw-p 00018000 08:15 395257     /lib/i386-linux-gnu/libz.so.1.2.8
b758a000-b75a2000 r-xp 00000000 08:15 394266     /lib/i386-linux-gnu/libpthread-2.19.so
b75a2000-b75a4000 r--p 00017000 08:15 394266     /lib/i386-linux-gnu/libpthread-2.19.so
b75a4000-b75a5000 rw-p 00019000 08:15 394266     /lib/i386-linux-gnu/libpthread-2.19.so
b75a5000-b75a7000 rw-p 00000000 00:00 0 
b75a7000-b75aa000 r-xp 00000000 08:15 394275     /lib/i386-linux-gnu/libdl-2.19.so
b75aa000-b75ab000 r--p 00002000 08:15 394275     /lib/i386-linux-gnu/libdl-2.19.so
b75ab000-b75ac000 rw-p 00003000 08:15 394275     /lib/i386-linux-gnu/libdl-2.19.so
b75ac000-b7753000 r-xp 00000000 08:15 394269     /lib/i386-linux-gnu/libc-2.19.so
b7753000-b7755000 r--p 001a7000 08:15 394269     /lib/i386-linux-gnu/libc-2.19.so
b7755000-b7756000 rw-p 001a9000 08:15 394269     /lib/i386-linux-gnu/libc-2.19.so
b7756000-b7759000 rw-p 00000000 00:00 0 
b7759000-b775a000 r--p 00855000 08:15 4342535    /usr/lib/locale/locale-archive
b775a000-b775b000 r--p 00859000 08:15 4342535    /usr/lib/locale/locale-archive
b775b000-b7762000 r-xp 00000000 08:15 394270     /lib/i386-linux-gnu/libnss_compat-2.19.so
b7762000-b7763000 r--p 00006000 08:15 394270     /lib/i386-linux-gnu/libnss_compat-2.19.so
b7763000-b7764000 rw-p 00007000 08:15 394270     /lib/i386-linux-gnu/libnss_compat-2.19.so
b7764000-b7765000 rw-p 00000000 00:00 0 
b7765000-b7766000 ---p 00000000 00:00 0 
b7766000-b7774000 r-xp 00000000 08:15 4344904    /usr/lib/jvm/java-7-openjdk-i386/jre/lib/i386/libverify.so
b7774000-b7776000 r--p 0000d000 08:15 4344904    /usr/lib/jvm/java-7-openjdk-i386/jre/lib/i386/libverify.so
b7776000-b7777000 rw-p 0000f000 08:15 4344904    /usr/lib/jvm/java-7-openjdk-i386/jre/lib/i386/libverify.so
b7777000-b7783000 r-xp 00000000 08:15 4344915    /usr/lib/jvm/java-7-openjdk-i386/jre/lib/i386/jli/libjli.so
b7783000-b7784000 r--p 0000b000 08:15 4344915    /usr/lib/jvm/java-7-openjdk-i386/jre/lib/i386/jli/libjli.so
b7784000-b7785000 rw-p 0000c000 08:15 4344915    /usr/lib/jvm/java-7-openjdk-i386/jre/lib/i386/jli/libjli.so
b7785000-b7788000 rw-p 00000000 00:00 0 
b7788000-b7789000 r-xp 00000000 00:00 0          [vdso]
b7789000-b778b000 r--p 00000000 00:00 0          [vvar]
b778b000-b77ab000 r-xp 00000000 08:15 394259     /lib/i386-linux-gnu/ld-2.19.so
b77ab000-b77ac000 r--p 0001f000 08:15 394259     /lib/i386-linux-gnu/ld-2.19.so
b77ac000-b77ad000 rw-p 00020000 08:15 394259     /lib/i386-linux-gnu/ld-2.19.so
bff18000-bff19000 rwxp 00000000 00:00 0 
bff4b000-bff6b000 rwxp 00000000 00:00 0          [stack]
bff6b000-bff6c000 rw-p 00000000 00:00 0 

VM Arguments:
jvm_args: -Xmx1024M -Dfile.encoding=UTF-8 -Duser.country=US -Duser.language=en -Duser.variant 
java_command: com.android.dx.command.Main --dex --output /home/hugo/AndroidStudioProjects/TP2/app/build/intermediates/pre-dexed/debug/classes-88559ee21c4978f08cdb8b091453b10f836492c4.jar /home/hugo/AndroidStudioProjects/TP2/app/build/intermediates/exploded-aar/com.android.support/support-v4/22.1.0/jars/classes.jar
Launcher Type: SUN_STANDARD

Environment Variables:
PATH=/home/hugo/.rvm/gems/ruby-2.1.5/bin:/home/hugo/.rvm/gems/ruby-2.1.5@global/bin:/home/hugo/.rvm/rubies/ruby-2.1.5/bin:/usr/local/sbin:/usr/local/bin:/usr/sbin:/usr/bin:/sbin:/bin:/usr/games:/usr/local/games:/home/hugo/.rvm/bin
USERNAME=hugo
LD_LIBRARY_PATH=/opt/android-studio/bin:
SHELL=/bin/bash
DISPLAY=:0

Signal Handlers:
SIGSEGV: [libjvm.so+0x7ed9a0], sa_mask[0]=0x7ffbfeff, sa_flags=0x10000004
SIGBUS: [libjvm.so+0x7ed9a0], sa_mask[0]=0x7ffbfeff, sa_flags=0x10000004
SIGFPE: [libjvm.so+0x66faf0], sa_mask[0]=0x7ffbfeff, sa_flags=0x10000004
SIGPIPE: [libjvm.so+0x66faf0], sa_mask[0]=0x7ffbfeff, sa_flags=0x10000004
SIGXFSZ: [libjvm.so+0x66faf0], sa_mask[0]=0x7ffbfeff, sa_flags=0x10000004
SIGILL: [libjvm.so+0x66faf0], sa_mask[0]=0x7ffbfeff, sa_flags=0x10000004
SIGUSR1: SIG_DFL, sa_mask[0]=0x00000000, sa_flags=0x00000000
SIGUSR2: [libjvm.so+0x66f940], sa_mask[0]=0x00000004, sa_flags=0x10000004
SIGHUP: [libjvm.so+0x66fba0], sa_mask[0]=0x7ffbfeff, sa_flags=0x10000004
SIGINT: [libjvm.so+0x66fba0], sa_mask[0]=0x7ffbfeff, sa_flags=0x10000004
SIGTERM: [libjvm.so+0x66fba0], sa_mask[0]=0x7ffbfeff, sa_flags=0x10000004
SIGQUIT: [libjvm.so+0x66fba0], sa_mask[0]=0x7ffbfeff, sa_flags=0x10000004
SIGTRAP: SIG_DFL, sa_mask[0]=0x00000000, sa_flags=0x00000000


---------------  S Y S T E M  ---------------

OS:Ubuntu 14.10 (utopic)
uname:Linux 3.16.0-28-generic #38-Ubuntu SMP Fri Dec 12 17:38:37 UTC 2014 i686
libc:glibc 2.19 NPTL 2.19 
rlimit: STACK 8192k, CORE 0k, NPROC 46759, NOFILE 4096, AS infinity
load average:15,10 7,33 3,48

/proc/meminfo:
MemTotal:        6005684 kB
MemFree:          350852 kB
MemAvailable:     267944 kB
Buffers:             668 kB
Cached:          1062544 kB
SwapCached:            0 kB
Active:          4611180 kB
Inactive:         895768 kB
Active(anon):    4593456 kB
Inactive(anon):   880820 kB
Active(file):      17724 kB
Inactive(file):    14948 kB
Unevictable:         168 kB
Mlocked:             168 kB
HighTotal:       5160892 kB
HighFree:         122908 kB
LowTotal:         844792 kB
LowFree:          227944 kB
SwapTotal:             0 kB
SwapFree:              0 kB
Dirty:               336 kB
Writeback:             0 kB
AnonPages:       4443940 kB
Mapped:           291876 kB
Shmem:           1029720 kB
Slab:              67340 kB
SReclaimable:      35812 kB
SUnreclaim:        31528 kB
KernelStack:        7456 kB
PageTables:        28568 kB
NFS_Unstable:          0 kB
Bounce:              520 kB
WritebackTmp:          0 kB
CommitLimit:     3002840 kB
Committed_AS:   12563200 kB
VmallocTotal:     122880 kB
VmallocUsed:       19028 kB
VmallocChunk:      47788 kB
AnonHugePages:   2070528 kB
HugePages_Total:       0
HugePages_Free:        0
HugePages_Rsvd:        0
HugePages_Surp:        0
Hugepagesize:       2048 kB
DirectMap4k:       47096 kB
DirectMap2M:      860160 kB


CPU:total 4 (2 cores per cpu, 2 threads per core) family 6 model 58 stepping 9, cmov, cx8, fxsr, mmx, sse, sse2, sse3, ssse3, sse4.1, sse4.2, popcnt, avx, aes, erms, ht, tsc, tscinvbit, tscinv

/proc/cpuinfo:
processor	: 0
vendor_id	: GenuineIntel
cpu family	: 6
model		: 58
model name	: Intel(R) Core(TM) i5-3210M CPU @ 2.50GHz
stepping	: 9
microcode	: 0x12
cpu MHz		: 2900.000
cache size	: 3072 KB
physical id	: 0
siblings	: 4
core id		: 0
cpu cores	: 2
apicid		: 0
initial apicid	: 0
fdiv_bug	: no
f00f_bug	: no
coma_bug	: no
fpu		: yes
fpu_exception	: yes
cpuid level	: 13
wp		: yes
flags		: fpu vme de pse tsc msr pae mce cx8 apic sep mtrr pge mca cmov pat pse36 clflush dts acpi mmx fxsr sse sse2 ss ht tm pbe nx rdtscp lm constant_tsc arch_perfmon pebs bts xtopology nonstop_tsc aperfmperf eagerfpu pni pclmulqdq dtes64 monitor ds_cpl vmx est tm2 ssse3 cx16 xtpr pdcm pcid sse4_1 sse4_2 x2apic popcnt tsc_deadline_timer aes xsave avx f16c rdrand lahf_lm ida arat epb xsaveopt pln pts dtherm tpr_shadow vnmi flexpriority ept vpid fsgsbase smep erms
bogomips	: 4988.65
clflush size	: 64
cache_alignment	: 64
address sizes	: 36 bits physical, 48 bits virtual
power management:

processor	: 1
vendor_id	: GenuineIntel
cpu family	: 6
model		: 58
model name	: Intel(R) Core(TM) i5-3210M CPU @ 2.50GHz
stepping	: 9
microcode	: 0x12
cpu MHz		: 2900.000
cache size	: 3072 KB
physical id	: 0
siblings	: 4
core id		: 0
cpu cores	: 2
apicid		: 1
initial apicid	: 1
fdiv_bug	: no
f00f_bug	: no
coma_bug	: no
fpu		: yes
fpu_exception	: yes
cpuid level	: 13
wp		: yes
flags		: fpu vme de pse tsc msr pae mce cx8 apic sep mtrr pge mca cmov pat pse36 clflush dts acpi mmx fxsr sse sse2 ss ht tm pbe nx rdtscp lm constant_tsc arch_perfmon pebs bts xtopology nonstop_tsc aperfmperf eagerfpu pni pclmulqdq dtes64 monitor ds_cpl vmx est tm2 ssse3 cx16 xtpr pdcm pcid sse4_1 sse4_2 x2apic popcnt tsc_deadline_timer aes xsave avx f16c rdrand lahf_lm ida arat epb xsaveopt pln pts dtherm tpr_shadow vnmi flexpriority ept vpid fsgsbase smep erms
bogomips	: 4988.65
clflush size	: 64
cache_alignment	: 64
address sizes	: 36 bits physical, 48 bits virtual
power management:

processor	: 2
vendor_id	: GenuineIntel
cpu family	: 6
model		: 58
model name	: Intel(R) Core(TM) i5-3210M CPU @ 2.50GHz
stepping	: 9
microcode	: 0x12
cpu MHz		: 2900.000
cache size	: 3072 KB
physical id	: 0
siblings	: 4
core id		: 1
cpu cores	: 2
apicid		: 2
initial apicid	: 2
fdiv_bug	: no
f00f_bug	: no
coma_bug	: no
fpu		: yes
fpu_exception	: yes
cpuid level	: 13
wp		: yes
flags		: fpu vme de pse tsc msr pae mce cx8 apic sep mtrr pge mca cmov pat pse36 clflush dts acpi mmx fxsr sse sse2 ss ht tm pbe nx rdtscp lm constant_tsc arch_perfmon pebs bts xtopology nonstop_tsc aperfmperf eagerfpu pni pclmulqdq dtes64 monitor ds_cpl vmx est tm2 ssse3 cx16 xtpr pdcm pcid sse4_1 sse4_2 x2apic popcnt tsc_deadline_timer aes xsave avx f16c rdrand lahf_lm ida arat epb xsaveopt pln pts dtherm tpr_shadow vnmi flexpriority ept vpid fsgsbase smep erms
bogomips	: 4988.65
clflush size	: 64
cache_alignment	: 64
address sizes	: 36 bits physical, 48 bits virtual
power management:

processor	: 3
vendor_id	: GenuineIntel
cpu family	: 6
model		: 58
model name	: Intel(R) Core(TM) i5-3210M CPU @ 2.50GHz
stepping	: 9
microcode	: 0x12
cpu MHz		: 2900.000
cache size	: 3072 KB
physical id	: 0
siblings	: 4
core id		: 1
cpu cores	: 2
apicid		: 3
initial apicid	: 3
fdiv_bug	: no
f00f_bug	: no
coma_bug	: no
fpu		: yes
fpu_exception	: yes
cpuid level	: 13
wp		: yes
flags		: fpu vme de pse tsc msr pae mce cx8 apic sep mtrr pge mca cmov pat pse36 clflush dts acpi mmx fxsr sse sse2 ss ht tm pbe nx rdtscp lm constant_tsc arch_perfmon pebs bts xtopology nonstop_tsc aperfmperf eagerfpu pni pclmulqdq dtes64 monitor ds_cpl vmx est tm2 ssse3 cx16 xtpr pdcm pcid sse4_1 sse4_2 x2apic popcnt tsc_deadline_timer aes xsave avx f16c rdrand lahf_lm ida arat epb xsaveopt pln pts dtherm tpr_shadow vnmi flexpriority ept vpid fsgsbase smep erms
bogomips	: 4988.65
clflush size	: 64
cache_alignment	: 64
address sizes	: 36 bits physical, 48 bits virtual
power management:



Memory: 4k page, physical 6005684k(351396k free), swap 0k(0k free)

vm_info: OpenJDK Server VM (24.79-b02) for linux-x86 JRE (1.7.0_79-b14), built on Apr 16 2015 08:35:02 by "buildd" with gcc 4.9.1

time: Mon Jun 15 12:20:33 2015
elapsed time: 28 seconds

