#
# There is insufficient memory for the Java Runtime Environment to continue.
# Native memory allocation (malloc) failed to allocate 17301504 bytes for committing reserved memory.
# Possible reasons:
#   The system is out of physical RAM or swap space
#   In 32 bit mode, the process size limit was hit
# Possible solutions:
#   Reduce memory load on the system
#   Increase physical memory or swap space
#   Check if swap backing store is full
#   Use 64 bit Java on a 64 bit OS
#   Decrease Java heap size (-Xmx/-Xms)
#   Decrease number of Java threads
#   Decrease Java thread stack sizes (-Xss)
#   Set larger code cache with -XX:ReservedCodeCacheSize=
# This output file may be truncated or incomplete.
#
#  Out of Memory Error (os_linux.cpp:2809), pid=20672, tid=1740434240
#
# JRE version: OpenJDK Runtime Environment (7.0_79-b14) (build 1.7.0_79-b14)
# Java VM: OpenJDK Server VM (24.79-b02 mixed mode linux-x86 )
# Derivative: IcedTea 2.5.5
# Distribution: Ubuntu 14.10, package 7u79-2.5.5-0ubuntu0.14.10.2
# Failed to write core dump. Core dumps have been disabled. To enable core dumping, try "ulimit -c unlimited" before starting Java again
#

---------------  T H R E A D  ---------------

Current thread (0x67a80800):  VMThread [stack: 0x67b4e000,0x67bcf000] [id=20681]

Stack: [0x67b4e000,0x67bcf000]
VM_Operation (0xb63f58f4): ParallelGCFailedAllocation, mode: safepoint, requested by thread 0xb6207800


---------------  P R O C E S S  ---------------

Java Threads: ( => current thread )
  0x67a9d800 JavaThread "Service Thread" daemon [_thread_blocked, id=20687, stack(0x6740b000,0x6745c000)]
  0x67a9bc00 JavaThread "C2 CompilerThread1" daemon [_thread_blocked, id=20686, stack(0x6745c000,0x674dd000)]
  0x67a99c00 JavaThread "C2 CompilerThread0" daemon [_thread_blocked, id=20685, stack(0x674dd000,0x6755e000)]
  0x67a98000 JavaThread "Signal Dispatcher" daemon [_thread_blocked, id=20684, stack(0x6755e000,0x675af000)]
  0x67a84c00 JavaThread "Finalizer" daemon [_thread_blocked, id=20683, stack(0x677af000,0x67800000)]
  0x67a83000 JavaThread "Reference Handler" daemon [_thread_blocked, id=20682, stack(0x6a72e000,0x6a77f000)]
  0xb6207800 JavaThread "main" [_thread_blocked, id=20674, stack(0xb63a6000,0xb63f7000)]

Other Threads:
=>0x67a80800 VMThread [stack: 0x67b4e000,0x67bcf000] [id=20681]
  0x67a9f800 WatcherThread [stack: 0x6738a000,0x6740b000] [id=20688]

VM state:at safepoint (normal execution)

VM Mutex/Monitor currently owned by a thread:  ([mutex/lock_event])
[0xb6205220] Threads_lock - owner thread: 0x67a80800
[0xb6205630] Heap_lock - owner thread: 0xb6207800

Heap
 PSYoungGen      total 19456K, used 2556K [0x9dbc0000, 0x9f140000, 0xb3140000)
  eden space 16896K, 0% used [0x9dbc0000,0x9dbc0000,0x9ec40000)
  from space 2560K, 99% used [0x9eec0000,0x9f13f178,0x9f140000)
  to   space 2560K, 0% used [0x9ec40000,0x9ec40000,0x9eec0000)
 ParOldGen       total 43520K, used 22847K [0x73140000, 0x75bc0000, 0x9dbc0000)
  object space 43520K, 52% used [0x73140000,0x7478fcb0,0x75bc0000)
 PSPermGen       total 16384K, used 3740K [0x6b140000, 0x6c140000, 0x73140000)
  object space 16384K, 22% used [0x6b140000,0x6b4e7290,0x6c140000)

Card table byte_map: [0x6aeff000,0x6b140000] byte_map_base: 0x6aba6600

Polling page: 0xb7712000

Code Cache  [0xb3200000, 0xb3440000, 0xb6200000)
 total_blobs=247 nmethods=127 adapters=73 free_code_cache=48605Kb largest_free_block=49753472

Compilation events (10 events):
Event: 9,186 Thread 0x67a9bc00 nmethod 124 0xb3278c48 code [0xb3278d40, 0xb3278dd0]
Event: 9,186 Thread 0x67a9bc00  125             java.util.BitSet::<init> (56 bytes)
Event: 9,193 Thread 0x67a9bc00 nmethod 125 0xb3285e88 code [0xb3285f80, 0xb3286090]
Event: 9,193 Thread 0x67a9bc00  126             java.util.BitSet::initWords (15 bytes)
Event: 9,194 Thread 0x67a9bc00 nmethod 126 0xb3285c48 code [0xb3285d40, 0xb3285e10]
Event: 9,194 Thread 0x67a9bc00  127             com.android.dx.ssa.SsaMethod::bitSetFromLabelList (47 bytes)
Event: 9,218 Thread 0x67a9bc00 nmethod 127 0xb328ae08 code [0xb328af40, 0xb328b31c]
Event: 9,218 Thread 0x67a9bc00  128             java.util.AbstractCollection::<init> (5 bytes)
Event: 9,218 Thread 0x67a9bc00 nmethod 128 0xb328ba08 code [0xb328bae0, 0xb328bb30]
Event: 9,218 Thread 0x67a9bc00  129             com.android.dx.ssa.SsaBasicBlock::newFromRop (183 bytes)

GC Heap History (3 events):
Event: 8,852 GC heap before
{Heap before GC invocations=1 (full 0):
 PSYoungGen      total 19456K, used 16896K [0x9dbc0000, 0x9f140000, 0xb3140000)
  eden space 16896K, 100% used [0x9dbc0000,0x9ec40000,0x9ec40000)
  from space 2560K, 0% used [0x9eec0000,0x9eec0000,0x9f140000)
  to   space 2560K, 0% used [0x9ec40000,0x9ec40000,0x9eec0000)
 ParOldGen       total 43520K, used 0K [0x73140000, 0x75bc0000, 0x9dbc0000)
  object space 43520K, 0% used [0x73140000,0x73140000,0x75bc0000)
 PSPermGen       total 16384K, used 3737K [0x6b140000, 0x6c140000, 0x73140000)
  object space 16384K, 22% used [0x6b140000,0x6b4e65c8,0x6c140000)
Event: 8,964 GC heap after
Heap after GC invocations=1 (full 0):
 PSYoungGen      total 19456K, used 2552K [0x9dbc0000, 0x9f140000, 0xb3140000)
  eden space 16896K, 0% used [0x9dbc0000,0x9dbc0000,0x9ec40000)
  from space 2560K, 99% used [0x9ec40000,0x9eebe028,0x9eec0000)
  to   space 2560K, 0% used [0x9eec0000,0x9eec0000,0x9f140000)
 ParOldGen       total 43520K, used 5921K [0x73140000, 0x75bc0000, 0x9dbc0000)
  object space 43520K, 13% used [0x73140000,0x737085f8,0x75bc0000)
 PSPermGen       total 16384K, used 3737K [0x6b140000, 0x6c140000, 0x73140000)
  object space 16384K, 22% used [0x6b140000,0x6b4e65c8,0x6c140000)
}
Event: 9,265 GC heap before
{Heap before GC invocations=2 (full 0):
 PSYoungGen      total 19456K, used 19448K [0x9dbc0000, 0x9f140000, 0xb3140000)
  eden space 16896K, 100% used [0x9dbc0000,0x9ec40000,0x9ec40000)
  from space 2560K, 99% used [0x9ec40000,0x9eebe028,0x9eec0000)
  to   space 2560K, 0% used [0x9eec0000,0x9eec0000,0x9f140000)
 ParOldGen       total 43520K, used 5921K [0x73140000, 0x75bc0000, 0x9dbc0000)
  object space 43520K, 13% used [0x73140000,0x737085f8,0x75bc0000)
 PSPermGen       total 16384K, used 3740K [0x6b140000, 0x6c140000, 0x73140000)
  object space 16384K, 22% used [0x6b140000,0x6b4e7290,0x6c140000)

Deoptimization events (6 events):
Event: 3,965 Thread 0xb6207800 Uncommon trap: reason=class_check action=maybe_recompile pc=0xb3263774 method=com.android.dx.cf.code.BytecodeArray.parseInstruction(ILcom/android/dx/cf/code/BytecodeArray$Visitor;)I @ 2484
Event: 3,965 Thread 0xb6207800 Uncommon trap: reason=class_check action=maybe_recompile pc=0xb3261c84 method=com.android.dx.cf.code.BytecodeArray.parseInstruction(ILcom/android/dx/cf/code/BytecodeArray$Visitor;)I @ 1597
Event: 3,965 Thread 0xb6207800 Uncommon trap: reason=class_check action=maybe_recompile pc=0xb3263774 method=com.android.dx.cf.code.BytecodeArray.parseInstruction(ILcom/android/dx/cf/code/BytecodeArray$Visitor;)I @ 2484
Event: 3,965 Thread 0xb6207800 Uncommon trap: reason=class_check action=maybe_recompile pc=0xb3261c84 method=com.android.dx.cf.code.BytecodeArray.parseInstruction(ILcom/android/dx/cf/code/BytecodeArray$Visitor;)I @ 1597
Event: 8,290 Thread 0xb6207800 Uncommon trap: reason=class_check action=maybe_recompile pc=0xb327dff4 method=com.android.dx.cf.code.BytecodeArray.parseInstruction(ILcom/android/dx/cf/code/BytecodeArray$Visitor;)I @ 2445
Event: 8,297 Thread 0xb6207800 Uncommon trap: reason=class_check action=maybe_recompile pc=0xb3271da8 method=com.android.dx.cf.code.Ropper.processBlock(Lcom/android/dx/cf/code/ByteBlock;Lcom/android/dx/cf/code/Frame;[I)V @ 956

Internal exceptions (10 events):
Event: 2,398 Thread 0xb6207800 Threw 0x9e2ecc28 at /build/buildd/openjdk-7-7u79-2.5.5/build/openjdk/hotspot/src/share/vm/prims/jvm.cpp:1284
Event: 2,398 Thread 0xb6207800 Threw 0x9e2f0a68 at /build/buildd/openjdk-7-7u79-2.5.5/build/openjdk/hotspot/src/share/vm/prims/jvm.cpp:1284
Event: 2,399 Thread 0xb6207800 Threw 0x9e2f4940 at /build/buildd/openjdk-7-7u79-2.5.5/build/openjdk/hotspot/src/share/vm/prims/jvm.cpp:1284
Event: 2,401 Thread 0xb6207800 Threw 0x9e301df0 at /build/buildd/openjdk-7-7u79-2.5.5/build/openjdk/hotspot/src/share/vm/prims/jvm.cpp:1284
Event: 2,421 Thread 0xb6207800 Threw 0x9e309ac0 at /build/buildd/openjdk-7-7u79-2.5.5/build/openjdk/hotspot/src/share/vm/prims/jvm.cpp:1284
Event: 2,755 Thread 0xb6207800 Threw 0x9e3c2c50 at /build/buildd/openjdk-7-7u79-2.5.5/build/openjdk/hotspot/src/share/vm/prims/jvm.cpp:1284
Event: 2,785 Thread 0xb6207800 Threw 0x9e3d0df0 at /build/buildd/openjdk-7-7u79-2.5.5/build/openjdk/hotspot/src/share/vm/prims/jvm.cpp:1284
Event: 2,801 Thread 0xb6207800 Threw 0x9e3d7468 at /build/buildd/openjdk-7-7u79-2.5.5/build/openjdk/hotspot/src/share/vm/prims/jvm.cpp:1284
Event: 4,674 Thread 0xb6207800 Threw 0x9e6ab448 at /build/buildd/openjdk-7-7u79-2.5.5/build/openjdk/hotspot/src/share/vm/prims/jvm.cpp:1284
Event: 7,805 Thread 0xb6207800 Threw 0x9e8d2660 at /build/buildd/openjdk-7-7u79-2.5.5/build/openjdk/hotspot/src/share/vm/prims/jvm.cpp:1284

Events (10 events):
Event: 8,974 Executing VM operation: ParallelGCFailedAllocation done
Event: 9,001 Executing VM operation: RevokeBias
Event: 9,009 Executing VM operation: RevokeBias done
Event: 9,009 Executing VM operation: RevokeBias
Event: 9,010 Executing VM operation: RevokeBias done
Event: 9,010 Executing VM operation: RevokeBias
Event: 9,010 Executing VM operation: RevokeBias done
Event: 9,010 Executing VM operation: RevokeBias
Event: 9,010 Executing VM operation: RevokeBias done
Event: 9,234 Executing VM operation: ParallelGCFailedAllocation


Dynamic libraries:
08048000-08049000 r-xp 00000000 08:15 4344957    /usr/lib/jvm/java-7-openjdk-i386/jre/bin/java
08049000-0804a000 r--p 00000000 08:15 4344957    /usr/lib/jvm/java-7-openjdk-i386/jre/bin/java
0804a000-0804b000 rw-p 00001000 08:15 4344957    /usr/lib/jvm/java-7-openjdk-i386/jre/bin/java
08c9b000-08d27000 rw-p 00000000 00:00 0          [heap]
66500000-665ff000 rw-p 00000000 00:00 0 
665ff000-66600000 ---p 00000000 00:00 0 
66700000-667c1000 rw-p 00000000 00:00 0 
667c1000-66800000 ---p 00000000 00:00 0 
66900000-66af9000 rw-p 00000000 00:00 0 
66af9000-66b00000 ---p 00000000 00:00 0 
66b00000-66bfc000 rw-p 00000000 00:00 0 
66bfc000-66c00000 ---p 00000000 00:00 0 
66c00000-66cfb000 rw-p 00000000 00:00 0 
66cfb000-66d00000 ---p 00000000 00:00 0 
66d00000-66e00000 rw-p 00000000 00:00 0 
66eb2000-66f21000 r-xp 00000000 08:15 395196     /lib/i386-linux-gnu/libpcre.so.3.13.1
66f21000-66f22000 r--p 0006e000 08:15 395196     /lib/i386-linux-gnu/libpcre.so.3.13.1
66f22000-66f23000 rw-p 0006f000 08:15 395196     /lib/i386-linux-gnu/libpcre.so.3.13.1
66f23000-67048000 r-xp 00000000 08:15 402133     /lib/i386-linux-gnu/libglib-2.0.so.0.4200.1
67048000-67049000 r--p 00124000 08:15 402133     /lib/i386-linux-gnu/libglib-2.0.so.0.4200.1
67049000-6704a000 rw-p 00125000 08:15 402133     /lib/i386-linux-gnu/libglib-2.0.so.0.4200.1
6704a000-671fb000 r-xp 00000000 08:15 4334232    /usr/lib/i386-linux-gnu/libgio-2.0.so.0.4200.1
671fb000-671fe000 r--p 001b0000 08:15 4334232    /usr/lib/i386-linux-gnu/libgio-2.0.so.0.4200.1
671fe000-671ff000 rw-p 001b3000 08:15 4334232    /usr/lib/i386-linux-gnu/libgio-2.0.so.0.4200.1
671ff000-67200000 rw-p 00000000 00:00 0 
67200000-672ad000 rw-p 00000000 00:00 0 
672ad000-67300000 ---p 00000000 00:00 0 
67316000-67329000 r-xp 00000000 08:15 394264     /lib/i386-linux-gnu/libresolv-2.19.so
67329000-6732a000 r--p 00013000 08:15 394264     /lib/i386-linux-gnu/libresolv-2.19.so
6732a000-6732b000 rw-p 00014000 08:15 394264     /lib/i386-linux-gnu/libresolv-2.19.so
6732b000-6732d000 rw-p 00000000 00:00 0 
6732d000-67388000 r-xp 00000000 08:15 4334310    /usr/lib/i386-linux-gnu/libgobject-2.0.so.0.4200.1
67388000-67389000 r--p 0005b000 08:15 4334310    /usr/lib/i386-linux-gnu/libgobject-2.0.so.0.4200.1
67389000-6738a000 rw-p 0005c000 08:15 4334310    /usr/lib/i386-linux-gnu/libgobject-2.0.so.0.4200.1
6738a000-6738b000 ---p 00000000 00:00 0 
6738b000-6745c000 rwxp 00000000 00:00 0          [stack:20687]
6745c000-6745d000 ---p 00000000 00:00 0 
6745d000-674dd000 rwxp 00000000 00:00 0          [stack:20686]
674dd000-674de000 ---p 00000000 00:00 0 
674de000-675af000 rwxp 00000000 00:00 0          [stack:20684]
675af000-677af000 r--p 00000000 08:15 4342535    /usr/lib/locale/locale-archive
677af000-67800000 rwxp 00000000 00:00 0          [stack:20683]
67800000-678f9000 rw-p 00000000 00:00 0 
678f9000-67900000 ---p 00000000 00:00 0 
67900000-67921000 rw-p 00000000 00:00 0 
67921000-67a00000 ---p 00000000 00:00 0 
67a00000-67b00000 rw-p 00000000 00:00 0 
67b09000-67b2d000 r-xp 00000000 08:15 395223     /lib/i386-linux-gnu/libselinux.so.1
67b2d000-67b2e000 r--p 00023000 08:15 395223     /lib/i386-linux-gnu/libselinux.so.1
67b2e000-67b2f000 rw-p 00024000 08:15 395223     /lib/i386-linux-gnu/libselinux.so.1
67b2f000-67b30000 rw-p 00000000 00:00 0 
67b4e000-67b4f000 ---p 00000000 00:00 0 
67b4f000-67bcf000 rwxp 00000000 00:00 0          [stack:20681]
67bcf000-67d80000 r--s 01d27000 08:15 4344946    /usr/lib/jvm/java-7-openjdk-i386/jre/lib/rt.jar
67d80000-6a600000 rw-p 00000000 00:00 0 
6a600000-6a6f3000 rw-p 00000000 00:00 0 
6a6f3000-6a700000 ---p 00000000 00:00 0 
6a716000-6a72c000 r-xp 00000000 08:15 4344900    /usr/lib/jvm/java-7-openjdk-i386/jre/lib/i386/libnet.so
6a72c000-6a72d000 r--p 00015000 08:15 4344900    /usr/lib/jvm/java-7-openjdk-i386/jre/lib/i386/libnet.so
6a72d000-6a72e000 rw-p 00016000 08:15 4344900    /usr/lib/jvm/java-7-openjdk-i386/jre/lib/i386/libnet.so
6a72e000-6a77f000 rwxp 00000000 00:00 0          [stack:20682]
6a77f000-6a780000 ---p 00000000 00:00 0 
6a780000-6a800000 rwxp 00000000 00:00 0          [stack:20680]
6a800000-6a821000 rw-p 00000000 00:00 0 
6a821000-6a900000 ---p 00000000 00:00 0 
6a900000-6a921000 rw-p 00000000 00:00 0 
6a921000-6aa00000 ---p 00000000 00:00 0 
6aa07000-6aa0d000 r-xp 00000000 08:15 4339480    /usr/lib/i386-linux-gnu/libffi.so.6.0.2
6aa0d000-6aa0f000 r--p 00005000 08:15 4339480    /usr/lib/i386-linux-gnu/libffi.so.6.0.2
6aa0f000-6aa10000 rw-p 00007000 08:15 4339480    /usr/lib/i386-linux-gnu/libffi.so.6.0.2
6aa10000-6aa13000 r-xp 00000000 08:15 4334231    /usr/lib/i386-linux-gnu/libgmodule-2.0.so.0.4200.1
6aa13000-6aa14000 r--p 00002000 08:15 4334231    /usr/lib/i386-linux-gnu/libgmodule-2.0.so.0.4200.1
6aa14000-6aa15000 rw-p 00003000 08:15 4334231    /usr/lib/i386-linux-gnu/libgmodule-2.0.so.0.4200.1
6aa15000-6aa25000 r-xp 00000000 08:15 4344890    /usr/lib/jvm/java-7-openjdk-i386/jre/lib/i386/libnio.so
6aa25000-6aa26000 r--p 0000f000 08:15 4344890    /usr/lib/jvm/java-7-openjdk-i386/jre/lib/i386/libnio.so
6aa26000-6aa27000 rw-p 00010000 08:15 4344890    /usr/lib/jvm/java-7-openjdk-i386/jre/lib/i386/libnio.so
6aa27000-6aa36000 r--s 000dd000 08:15 394489     /home/hugo/Android/Sdk/build-tools/21.1.2/lib/dx.jar
6aa36000-6aa7f000 rw-p 00000000 00:00 0 
6aa7f000-6aa80000 ---p 00000000 00:00 0 
6aa80000-6ab00000 rwxp 00000000 00:00 0          [stack:20679]
6ab00000-6ab21000 rw-p 00000000 00:00 0 
6ab21000-6ac00000 ---p 00000000 00:00 0 
6ac01000-6ac0c000 r--s 0006d000 08:15 6848752    /home/hugo/AndroidStudioProjects/TP2/app/build/intermediates/exploded-aar/com.google.android.gms/play-services-analytics/7.0.0/jars/classes.jar
6ac0c000-6ac67000 rw-p 00000000 00:00 0 
6ac67000-6ac68000 ---p 00000000 00:00 0 
6ac68000-6ace8000 rwxp 00000000 00:00 0          [stack:20678]
6ace8000-6ace9000 ---p 00000000 00:00 0 
6ace9000-6ad69000 rwxp 00000000 00:00 0          [stack:20677]
6ad69000-6ad71000 rw-p 00000000 00:00 0 
6ad71000-6ada9000 rw-p 00000000 00:00 0 
6ada9000-6adbf000 rw-p 00000000 00:00 0 
6adbf000-6aeff000 rw-p 00000000 00:00 0 
6aeff000-6af07000 rw-p 00000000 00:00 0 
6af07000-6af3f000 rw-p 00000000 00:00 0 
6af3f000-6af55000 rw-p 00000000 00:00 0 
6af55000-6b094000 rw-p 00000000 00:00 0 
6b094000-6b09f000 rw-p 00000000 00:00 0 
6b09f000-6b13f000 rw-p 00000000 00:00 0 
6b13f000-6c140000 rw-p 00000000 00:00 0 
6c140000-73140000 rw-p 00000000 00:00 0 
73140000-75bc0000 rw-p 00000000 00:00 0 
75bc0000-9dbc0000 rw-p 00000000 00:00 0 
9dbc0000-9f140000 rw-p 00000000 00:00 0 
a01c0000-b3140000 rw-p 00000000 00:00 0 
b3140000-b3149000 rw-p 00000000 00:00 0 
b3149000-b3200000 rw-p 00000000 00:00 0 
b3200000-b3440000 rwxp 00000000 00:00 0 
b3440000-b6300000 rw-p 00000000 00:00 0 
b6303000-b6306000 r--s 00086000 08:15 4344949    /usr/lib/jvm/java-7-openjdk-i386/jre/lib/ext/localedata.jar
b6306000-b630a000 r--s 0003c000 08:15 4344952    /usr/lib/jvm/java-7-openjdk-i386/jre/lib/ext/sunpkcs11.jar
b630a000-b6325000 rw-p 00000000 00:00 0 
b6325000-b6330000 r-xp 00000000 08:15 394247     /lib/i386-linux-gnu/libnss_files-2.19.so
b6330000-b6331000 r--p 0000a000 08:15 394247     /lib/i386-linux-gnu/libnss_files-2.19.so
b6331000-b6332000 rw-p 0000b000 08:15 394247     /lib/i386-linux-gnu/libnss_files-2.19.so
b6332000-b633c000 r-xp 00000000 08:15 394091     /lib/i386-linux-gnu/libnss_nis-2.19.so
b633c000-b633d000 r--p 00009000 08:15 394091     /lib/i386-linux-gnu/libnss_nis-2.19.so
b633d000-b633e000 rw-p 0000a000 08:15 394091     /lib/i386-linux-gnu/libnss_nis-2.19.so
b633e000-b6353000 r-xp 00000000 08:15 394262     /lib/i386-linux-gnu/libnsl-2.19.so
b6353000-b6354000 r--p 00015000 08:15 394262     /lib/i386-linux-gnu/libnsl-2.19.so
b6354000-b6355000 rw-p 00016000 08:15 394262     /lib/i386-linux-gnu/libnsl-2.19.so
b6355000-b6357000 rw-p 00000000 00:00 0 
b6357000-b6359000 r--s 00012000 08:15 4344950    /usr/lib/jvm/java-7-openjdk-i386/jre/lib/ext/zipfs.jar
b6359000-b635d000 r--s 00034000 08:15 4344951    /usr/lib/jvm/java-7-openjdk-i386/jre/lib/ext/sunjce_provider.jar
b635d000-b635f000 r--s 00006000 08:15 4740506    /usr/share/java/java-atk-wrapper.jar
b635f000-b6362000 r--s 0000f000 08:15 4344948    /usr/lib/jvm/java-7-openjdk-i386/jre/lib/ext/icedtea-sound.jar
b6362000-b6363000 r--s 00002000 08:15 4344947    /usr/lib/jvm/java-7-openjdk-i386/jre/lib/ext/dnsns.jar
b6363000-b636b000 r-xp 00000000 08:15 4334369    /usr/lib/jvm/java-7-openjdk-i386/jre/lib/i386/libzip.so
b636b000-b636c000 r--p 00007000 08:15 4334369    /usr/lib/jvm/java-7-openjdk-i386/jre/lib/i386/libzip.so
b636c000-b636d000 rw-p 00008000 08:15 4334369    /usr/lib/jvm/java-7-openjdk-i386/jre/lib/i386/libzip.so
b636d000-b6375000 rw-s 00000000 08:15 5386993    /tmp/hsperfdata_hugo/20672
b6375000-b639b000 r-xp 00000000 08:15 4334363    /usr/lib/jvm/java-7-openjdk-i386/jre/lib/i386/libjava.so
b639b000-b639c000 r--p 00025000 08:15 4334363    /usr/lib/jvm/java-7-openjdk-i386/jre/lib/i386/libjava.so
b639c000-b639d000 rw-p 00026000 08:15 4334363    /usr/lib/jvm/java-7-openjdk-i386/jre/lib/i386/libjava.so
b639d000-b63a4000 r-xp 00000000 08:15 394246     /lib/i386-linux-gnu/librt-2.19.so
b63a4000-b63a5000 r--p 00006000 08:15 394246     /lib/i386-linux-gnu/librt-2.19.so
b63a5000-b63a6000 rw-p 00007000 08:15 394246     /lib/i386-linux-gnu/librt-2.19.so
b63a6000-b63a7000 ---p 00000000 00:00 0 
b63a7000-b63f7000 rwxp 00000000 00:00 0          [stack:20674]
b63f7000-b6413000 r-xp 00000000 08:15 395113     /lib/i386-linux-gnu/libgcc_s.so.1
b6413000-b6414000 r--p 0001b000 08:15 395113     /lib/i386-linux-gnu/libgcc_s.so.1
b6414000-b6415000 rw-p 0001c000 08:15 395113     /lib/i386-linux-gnu/libgcc_s.so.1
b6415000-b6459000 r-xp 00000000 08:15 394263     /lib/i386-linux-gnu/libm-2.19.so
b6459000-b645a000 r--p 00043000 08:15 394263     /lib/i386-linux-gnu/libm-2.19.so
b645a000-b645b000 rw-p 00044000 08:15 394263     /lib/i386-linux-gnu/libm-2.19.so
b645b000-b6544000 r-xp 00000000 08:15 4340107    /usr/lib/i386-linux-gnu/libstdc++.so.6.0.20
b6544000-b6548000 r--p 000e9000 08:15 4340107    /usr/lib/i386-linux-gnu/libstdc++.so.6.0.20
b6548000-b6549000 rw-p 000ed000 08:15 4340107    /usr/lib/i386-linux-gnu/libstdc++.so.6.0.20
b6549000-b6550000 rw-p 00000000 00:00 0 
b6550000-b7096000 r-xp 00000000 08:15 4344914    /usr/lib/jvm/java-7-openjdk-i386/jre/lib/i386/server/libjvm.so
b7096000-b70ea000 r--p 00b45000 08:15 4344914    /usr/lib/jvm/java-7-openjdk-i386/jre/lib/i386/server/libjvm.so
b70ea000-b70fe000 rw-p 00b99000 08:15 4344914    /usr/lib/jvm/java-7-openjdk-i386/jre/lib/i386/server/libjvm.so
b70fe000-b751d000 rw-p 00000000 00:00 0 
b751d000-b7535000 r-xp 00000000 08:15 395257     /lib/i386-linux-gnu/libz.so.1.2.8
b7535000-b7536000 r--p 00017000 08:15 395257     /lib/i386-linux-gnu/libz.so.1.2.8
b7536000-b7537000 rw-p 00018000 08:15 395257     /lib/i386-linux-gnu/libz.so.1.2.8
b7537000-b754f000 r-xp 00000000 08:15 394266     /lib/i386-linux-gnu/libpthread-2.19.so
b754f000-b7551000 r--p 00017000 08:15 394266     /lib/i386-linux-gnu/libpthread-2.19.so
b7551000-b7552000 rw-p 00019000 08:15 394266     /lib/i386-linux-gnu/libpthread-2.19.so
b7552000-b7554000 rw-p 00000000 00:00 0 
b7554000-b7557000 r-xp 00000000 08:15 394275     /lib/i386-linux-gnu/libdl-2.19.so
b7557000-b7558000 r--p 00002000 08:15 394275     /lib/i386-linux-gnu/libdl-2.19.so
b7558000-b7559000 rw-p 00003000 08:15 394275     /lib/i386-linux-gnu/libdl-2.19.so
b7559000-b7700000 r-xp 00000000 08:15 394269     /lib/i386-linux-gnu/libc-2.19.so
b7700000-b7702000 r--p 001a7000 08:15 394269     /lib/i386-linux-gnu/libc-2.19.so
b7702000-b7703000 rw-p 001a9000 08:15 394269     /lib/i386-linux-gnu/libc-2.19.so
b7703000-b7706000 rw-p 00000000 00:00 0 
b7706000-b7707000 r--p 00855000 08:15 4342535    /usr/lib/locale/locale-archive
b7707000-b7708000 r--p 00859000 08:15 4342535    /usr/lib/locale/locale-archive
b7708000-b770f000 r-xp 00000000 08:15 394270     /lib/i386-linux-gnu/libnss_compat-2.19.so
b770f000-b7710000 r--p 00006000 08:15 394270     /lib/i386-linux-gnu/libnss_compat-2.19.so
b7710000-b7711000 rw-p 00007000 08:15 394270     /lib/i386-linux-gnu/libnss_compat-2.19.so
b7711000-b7712000 rw-p 00000000 00:00 0 
b7712000-b7713000 ---p 00000000 00:00 0 
b7713000-b7721000 r-xp 00000000 08:15 4344904    /usr/lib/jvm/java-7-openjdk-i386/jre/lib/i386/libverify.so
b7721000-b7723000 r--p 0000d000 08:15 4344904    /usr/lib/jvm/java-7-openjdk-i386/jre/lib/i386/libverify.so
b7723000-b7724000 rw-p 0000f000 08:15 4344904    /usr/lib/jvm/java-7-openjdk-i386/jre/lib/i386/libverify.so
b7724000-b7730000 r-xp 00000000 08:15 4344915    /usr/lib/jvm/java-7-openjdk-i386/jre/lib/i386/jli/libjli.so
b7730000-b7731000 r--p 0000b000 08:15 4344915    /usr/lib/jvm/java-7-openjdk-i386/jre/lib/i386/jli/libjli.so
b7731000-b7732000 rw-p 0000c000 08:15 4344915    /usr/lib/jvm/java-7-openjdk-i386/jre/lib/i386/jli/libjli.so
b7732000-b7735000 rw-p 00000000 00:00 0 
b7735000-b7736000 r-xp 00000000 00:00 0          [vdso]
b7736000-b7738000 r--p 00000000 00:00 0          [vvar]
b7738000-b7758000 r-xp 00000000 08:15 394259     /lib/i386-linux-gnu/ld-2.19.so
b7758000-b7759000 r--p 0001f000 08:15 394259     /lib/i386-linux-gnu/ld-2.19.so
b7759000-b775a000 rw-p 00020000 08:15 394259     /lib/i386-linux-gnu/ld-2.19.so
bfd4c000-bfd4d000 rwxp 00000000 00:00 0 
bfd7f000-bfd9e000 rwxp 00000000 00:00 0          [stack]
bfd9e000-bfda0000 rw-p 00000000 00:00 0 

VM Arguments:
jvm_args: -Xmx1024M -Dfile.encoding=UTF-8 -Duser.country=US -Duser.language=en -Duser.variant 
java_command: com.android.dx.command.Main --dex --output /home/hugo/AndroidStudioProjects/TP2/app/build/intermediates/pre-dexed/debug/classes-99828b960cc0930a7d1d78c5ce30528826722127.jar /home/hugo/AndroidStudioProjects/TP2/app/build/intermediates/exploded-aar/com.google.android.gms/play-services-analytics/7.0.0/jars/classes.jar
Launcher Type: SUN_STANDARD

Environment Variables:
PATH=/home/hugo/.rvm/gems/ruby-2.1.5/bin:/home/hugo/.rvm/gems/ruby-2.1.5@global/bin:/home/hugo/.rvm/rubies/ruby-2.1.5/bin:/usr/local/sbin:/usr/local/bin:/usr/sbin:/usr/bin:/sbin:/bin:/usr/games:/usr/local/games:/home/hugo/.rvm/bin
USERNAME=hugo
LD_LIBRARY_PATH=/opt/android-studio/bin:
SHELL=/bin/bash
DISPLAY=:0

Signal Handlers:
SIGSEGV: [libjvm.so+0x7ed9a0], sa_mask[0]=0x7ffbfeff, sa_flags=0x10000004
SIGBUS: [libjvm.so+0x7ed9a0], sa_mask[0]=0x7ffbfeff, sa_flags=0x10000004
SIGFPE: [libjvm.so+0x66faf0], sa_mask[0]=0x7ffbfeff, sa_flags=0x10000004
SIGPIPE: [libjvm.so+0x66faf0], sa_mask[0]=0x7ffbfeff, sa_flags=0x10000004
SIGXFSZ: [libjvm.so+0x66faf0], sa_mask[0]=0x7ffbfeff, sa_flags=0x10000004
SIGILL: [libjvm.so+0x66faf0], sa_mask[0]=0x7ffbfeff, sa_flags=0x10000004
SIGUSR1: SIG_DFL, sa_mask[0]=0x00000000, sa_flags=0x00000000
SIGUSR2: [libjvm.so+0x66f940], sa_mask[0]=0x00000004, sa_flags=0x10000004
SIGHUP: [libjvm.so+0x66fba0], sa_mask[0]=0x7ffbfeff, sa_flags=0x10000004
SIGINT: [libjvm.so+0x66fba0], sa_mask[0]=0x7ffbfeff, sa_flags=0x10000004
SIGTERM: [libjvm.so+0x66fba0], sa_mask[0]=0x7ffbfeff, sa_flags=0x10000004
SIGQUIT: [libjvm.so+0x66fba0], sa_mask[0]=0x7ffbfeff, sa_flags=0x10000004
SIGTRAP: SIG_DFL, sa_mask[0]=0x00000000, sa_flags=0x00000000


---------------  S Y S T E M  ---------------

OS:Ubuntu 14.10 (utopic)
uname:Linux 3.16.0-28-generic #38-Ubuntu SMP Fri Dec 12 17:38:37 UTC 2014 i686
libc:glibc 2.19 NPTL 2.19 
rlimit: STACK 8192k, CORE 0k, NPROC 46759, NOFILE 4096, AS infinity
load average:15,10 7,33 3,48

/proc/meminfo:
MemTotal:        6005684 kB
MemFree:          339272 kB
MemAvailable:     249420 kB
Buffers:             300 kB
Cached:          1049336 kB
SwapCached:            0 kB
Active:          4627324 kB
Inactive:         890216 kB
Active(anon):    4617856 kB
Inactive(anon):   880924 kB
Active(file):       9468 kB
Inactive(file):     9292 kB
Unevictable:         168 kB
Mlocked:             168 kB
HighTotal:       5160892 kB
HighFree:         105820 kB
LowTotal:         844792 kB
LowFree:          233452 kB
SwapTotal:             0 kB
SwapFree:              0 kB
Dirty:               232 kB
Writeback:             0 kB
AnonPages:       4468340 kB
Mapped:           279744 kB
Shmem:           1029808 kB
Slab:              67248 kB
SReclaimable:      35836 kB
SUnreclaim:        31412 kB
KernelStack:        7608 kB
PageTables:        28668 kB
NFS_Unstable:          0 kB
Bounce:             1320 kB
WritebackTmp:          0 kB
CommitLimit:     3002840 kB
Committed_AS:   12500644 kB
VmallocTotal:     122880 kB
VmallocUsed:       19028 kB
VmallocChunk:      47788 kB
AnonHugePages:   2086912 kB
HugePages_Total:       0
HugePages_Free:        0
HugePages_Rsvd:        0
HugePages_Surp:        0
Hugepagesize:       2048 kB
DirectMap4k:       47096 kB
DirectMap2M:      860160 kB


CPU:total 4 (2 cores per cpu, 2 threads per core) family 6 model 58 stepping 9, cmov, cx8, fxsr, mmx, sse, sse2, sse3, ssse3, sse4.1, sse4.2, popcnt, avx, aes, erms, ht, tsc, tscinvbit, tscinv

/proc/cpuinfo:
processor	: 0
vendor_id	: GenuineIntel
cpu family	: 6
model		: 58
model name	: Intel(R) Core(TM) i5-3210M CPU @ 2.50GHz
stepping	: 9
microcode	: 0x12
cpu MHz		: 2900.000
cache size	: 3072 KB
physical id	: 0
siblings	: 4
core id		: 0
cpu cores	: 2
apicid		: 0
initial apicid	: 0
fdiv_bug	: no
f00f_bug	: no
coma_bug	: no
fpu		: yes
fpu_exception	: yes
cpuid level	: 13
wp		: yes
flags		: fpu vme de pse tsc msr pae mce cx8 apic sep mtrr pge mca cmov pat pse36 clflush dts acpi mmx fxsr sse sse2 ss ht tm pbe nx rdtscp lm constant_tsc arch_perfmon pebs bts xtopology nonstop_tsc aperfmperf eagerfpu pni pclmulqdq dtes64 monitor ds_cpl vmx est tm2 ssse3 cx16 xtpr pdcm pcid sse4_1 sse4_2 x2apic popcnt tsc_deadline_timer aes xsave avx f16c rdrand lahf_lm ida arat epb xsaveopt pln pts dtherm tpr_shadow vnmi flexpriority ept vpid fsgsbase smep erms
bogomips	: 4988.65
clflush size	: 64
cache_alignment	: 64
address sizes	: 36 bits physical, 48 bits virtual
power management:

processor	: 1
vendor_id	: GenuineIntel
cpu family	: 6
model		: 58
model name	: Intel(R) Core(TM) i5-3210M CPU @ 2.50GHz
stepping	: 9
microcode	: 0x12
cpu MHz		: 2900.000
cache size	: 3072 KB
physical id	: 0
siblings	: 4
core id		: 0
cpu cores	: 2
apicid		: 1
initial apicid	: 1
fdiv_bug	: no
f00f_bug	: no
coma_bug	: no
fpu		: yes
fpu_exception	: yes
cpuid level	: 13
wp		: yes
flags		: fpu vme de pse tsc msr pae mce cx8 apic sep mtrr pge mca cmov pat pse36 clflush dts acpi mmx fxsr sse sse2 ss ht tm pbe nx rdtscp lm constant_tsc arch_perfmon pebs bts xtopology nonstop_tsc aperfmperf eagerfpu pni pclmulqdq dtes64 monitor ds_cpl vmx est tm2 ssse3 cx16 xtpr pdcm pcid sse4_1 sse4_2 x2apic popcnt tsc_deadline_timer aes xsave avx f16c rdrand lahf_lm ida arat epb xsaveopt pln pts dtherm tpr_shadow vnmi flexpriority ept vpid fsgsbase smep erms
bogomips	: 4988.65
clflush size	: 64
cache_alignment	: 64
address sizes	: 36 bits physical, 48 bits virtual
power management:

processor	: 2
vendor_id	: GenuineIntel
cpu family	: 6
model		: 58
model name	: Intel(R) Core(TM) i5-3210M CPU @ 2.50GHz
stepping	: 9
microcode	: 0x12
cpu MHz		: 2900.000
cache size	: 3072 KB
physical id	: 0
siblings	: 4
core id		: 1
cpu cores	: 2
apicid		: 2
initial apicid	: 2
fdiv_bug	: no
f00f_bug	: no
coma_bug	: no
fpu		: yes
fpu_exception	: yes
cpuid level	: 13
wp		: yes
flags		: fpu vme de pse tsc msr pae mce cx8 apic sep mtrr pge mca cmov pat pse36 clflush dts acpi mmx fxsr sse sse2 ss ht tm pbe nx rdtscp lm constant_tsc arch_perfmon pebs bts xtopology nonstop_tsc aperfmperf eagerfpu pni pclmulqdq dtes64 monitor ds_cpl vmx est tm2 ssse3 cx16 xtpr pdcm pcid sse4_1 sse4_2 x2apic popcnt tsc_deadline_timer aes xsave avx f16c rdrand lahf_lm ida arat epb xsaveopt pln pts dtherm tpr_shadow vnmi flexpriority ept vpid fsgsbase smep erms
bogomips	: 4988.65
clflush size	: 64
cache_alignment	: 64
address sizes	: 36 bits physical, 48 bits virtual
power management:

processor	: 3
vendor_id	: GenuineIntel
cpu family	: 6
model		: 58
model name	: Intel(R) Core(TM) i5-3210M CPU @ 2.50GHz
stepping	: 9
microcode	: 0x12
cpu MHz		: 2900.000
cache size	: 3072 KB
physical id	: 0
siblings	: 4
core id		: 1
cpu cores	: 2
apicid		: 3
initial apicid	: 3
fdiv_bug	: no
f00f_bug	: no
coma_bug	: no
fpu		: yes
fpu_exception	: yes
cpuid level	: 13
wp		: yes
flags		: fpu vme de pse tsc msr pae mce cx8 apic sep mtrr pge mca cmov pat pse36 clflush dts acpi mmx fxsr sse sse2 ss ht tm pbe nx rdtscp lm constant_tsc arch_perfmon pebs bts xtopology nonstop_tsc aperfmperf eagerfpu pni pclmulqdq dtes64 monitor ds_cpl vmx est tm2 ssse3 cx16 xtpr pdcm pcid sse4_1 sse4_2 x2apic popcnt tsc_deadline_timer aes xsave avx f16c rdrand lahf_lm ida arat epb xsaveopt pln pts dtherm tpr_shadow vnmi flexpriority ept vpid fsgsbase smep erms
bogomips	: 4988.65
clflush size	: 64
cache_alignment	: 64
address sizes	: 36 bits physical, 48 bits virtual
power management:



Memory: 4k page, physical 6005684k(339368k free), swap 0k(0k free)

vm_info: OpenJDK Server VM (24.79-b02) for linux-x86 JRE (1.7.0_79-b14), built on Apr 16 2015 08:35:02 by "buildd" with gcc 4.9.1

time: Mon Jun 15 12:20:31 2015
elapsed time: 9 seconds

