#
# There is insufficient memory for the Java Runtime Environment to continue.
# Native memory allocation (malloc) failed to allocate 109576192 bytes for committing reserved memory.
# Possible reasons:
#   The system is out of physical RAM or swap space
#   In 32 bit mode, the process size limit was hit
# Possible solutions:
#   Reduce memory load on the system
#   Increase physical memory or swap space
#   Check if swap backing store is full
#   Use 64 bit Java on a 64 bit OS
#   Decrease Java heap size (-Xmx/-Xms)
#   Decrease number of Java threads
#   Decrease Java thread stack sizes (-Xss)
#   Set larger code cache with -XX:ReservedCodeCacheSize=
# This output file may be truncated or incomplete.
#
#  Out of Memory Error (os_linux.cpp:2809), pid=19320, tid=1740434240
#
# JRE version: OpenJDK Runtime Environment (7.0_79-b14) (build 1.7.0_79-b14)
# Java VM: OpenJDK Server VM (24.79-b02 mixed mode linux-x86 )
# Derivative: IcedTea 2.5.5
# Distribution: Ubuntu 14.10, package 7u79-2.5.5-0ubuntu0.14.10.2
# Failed to write core dump. Core dumps have been disabled. To enable core dumping, try "ulimit -c unlimited" before starting Java again
#

---------------  T H R E A D  ---------------

Current thread (0x67a80800):  VMThread [stack: 0x67b4e000,0x67bcf000] [id=19329]

Stack: [0x67b4e000,0x67bcf000]
VM_Operation (0xb648a9b4): ParallelGCFailedAllocation, mode: safepoint, requested by thread 0xb6307800


---------------  P R O C E S S  ---------------

Java Threads: ( => current thread )
  0x67a9cc00 JavaThread "Service Thread" daemon [_thread_blocked, id=19335, stack(0x6745c000,0x674ad000)]
  0x67a9ac00 JavaThread "C2 CompilerThread1" daemon [_thread_blocked, id=19334, stack(0x674ad000,0x6752e000)]
  0x67a98c00 JavaThread "C2 CompilerThread0" daemon [_thread_blocked, id=19333, stack(0x6752e000,0x675af000)]
  0x67a97000 JavaThread "Signal Dispatcher" daemon [_thread_blocked, id=19332, stack(0x675af000,0x67600000)]
  0x67a84c00 JavaThread "Finalizer" daemon [_thread_blocked, id=19331, stack(0x6a72e000,0x6a77f000)]
  0x67a83000 JavaThread "Reference Handler" daemon [_thread_blocked, id=19330, stack(0x6a92e000,0x6a97f000)]
  0xb6307800 JavaThread "main" [_thread_blocked, id=19324, stack(0xb643b000,0xb648c000)]

Other Threads:
=>0x67a80800 VMThread [stack: 0x67b4e000,0x67bcf000] [id=19329]
  0x67a9e800 WatcherThread [stack: 0x673db000,0x6745c000] [id=19336]

VM state:at safepoint (normal execution)

VM Mutex/Monitor currently owned by a thread:  ([mutex/lock_event])
[0xb6305220] Threads_lock - owner thread: 0x67a80800
[0xb6305630] Heap_lock - owner thread: 0xb6307800

Heap
 PSYoungGen      total 146432K, used 41712K [0x9dc40000, 0xaa040000, 0xb31c0000)
  eden space 104704K, 0% used [0x9dc40000,0x9dc40000,0xa4280000)
  from space 41728K, 99% used [0xa4280000,0xa6b3c3b0,0xa6b40000)
  to   space 45312K, 0% used [0xa6b40000,0xa6b40000,0xa9780000)
 ParOldGen       total 99072K, used 60855K [0x731c0000, 0x79280000, 0x9dc40000)
  object space 99072K, 61% used [0x731c0000,0x76d2dc50,0x79280000)
 PSPermGen       total 16384K, used 3913K [0x6b1c0000, 0x6c1c0000, 0x731c0000)
  object space 16384K, 23% used [0x6b1c0000,0x6b5927c0,0x6c1c0000)

Card table byte_map: [0x6af7f000,0x6b1c0000] byte_map_base: 0x6ac26200

Polling page: 0xb77a7000

Code Cache  [0xb32b0000, 0xb34f0000, 0xb62b0000)
 total_blobs=654 nmethods=534 adapters=73 free_code_cache=47352Kb largest_free_block=48389376

Compilation events (10 events):
Event: 15,640 Thread 0x67a9ac00 nmethod 622 0xb3379288 code [0xb3379380, 0xb33793d0]
Event: 15,640 Thread 0x67a9ac00  623             com.android.dx.cf.code.Frame::getLocals (5 bytes)
Event: 15,640 Thread 0x67a9ac00 nmethod 623 0xb3379108 code [0xb33791e0, 0xb3379230]
Event: 15,640 Thread 0x67a9ac00  624             com.android.dx.cf.code.LocalVariableList::pcAndIndexToLocal (51 bytes)
Event: 15,670 Thread 0x67a9ac00 nmethod 624 0xb336c648 code [0xb336c760, 0xb336c864]
Event: 15,834 Thread 0x67a9ac00  625             com.android.dx.ssa.SCCP::simulateMath (424 bytes)
Event: 16,339 Thread 0x67a98c00 nmethod 616 0xb332d588 code [0xb332d8c0, 0xb332ef7c]
Event: 16,363 Thread 0x67a98c00  626             com.android.dx.ssa.ConstCollector::getConstsSortedByCountUse (386 bytes)
Event: 16,406 Thread 0x67a9ac00 nmethod 625 0xb33bba88 code [0xb33bbbe0, 0xb33bc0bc]
Event: 16,406 Thread 0x67a9ac00  627             com.android.dx.ssa.ConstCollector::updateConstUses (248 bytes)

GC Heap History (10 events):
Event: 4,021 GC heap after
Heap after GC invocations=4 (full 1):
 PSYoungGen      total 36352K, used 0K [0x9dc40000, 0xa2340000, 0xb31c0000)
  eden space 33792K, 0% used [0x9dc40000,0x9dc40000,0x9fd40000)
  from space 2560K, 0% used [0x9fd40000,0x9fd40000,0x9ffc0000)
  to   space 2560K, 0% used [0xa20c0000,0xa20c0000,0xa2340000)
 ParOldGen       total 89344K, used 37915K [0x731c0000, 0x78900000, 0x9dc40000)
  object space 89344K, 42% used [0x731c0000,0x756c6d30,0x78900000)
 PSPermGen       total 16384K, used 3745K [0x6b1c0000, 0x6c1c0000, 0x731c0000)
  object space 16384K, 22% used [0x6b1c0000,0x6b568788,0x6c1c0000)
}
Event: 6,354 GC heap before
{Heap before GC invocations=5 (full 1):
 PSYoungGen      total 36352K, used 33792K [0x9dc40000, 0xa2340000, 0xb31c0000)
  eden space 33792K, 100% used [0x9dc40000,0x9fd40000,0x9fd40000)
  from space 2560K, 0% used [0x9fd40000,0x9fd40000,0x9ffc0000)
  to   space 2560K, 0% used [0xa20c0000,0xa20c0000,0xa2340000)
 ParOldGen       total 89344K, used 37915K [0x731c0000, 0x78900000, 0x9dc40000)
  object space 89344K, 42% used [0x731c0000,0x756c6d30,0x78900000)
 PSPermGen       total 16384K, used 3803K [0x6b1c0000, 0x6c1c0000, 0x731c0000)
  object space 16384K, 23% used [0x6b1c0000,0x6b576c18,0x6c1c0000)
Event: 6,388 GC heap after
Heap after GC invocations=5 (full 1):
 PSYoungGen      total 61952K, used 2544K [0x9dc40000, 0xa2340000, 0xb31c0000)
  eden space 59392K, 0% used [0x9dc40000,0x9dc40000,0xa1640000)
  from space 2560K, 99% used [0xa20c0000,0xa233c010,0xa2340000)
  to   space 2560K, 0% used [0xa1e40000,0xa1e40000,0xa20c0000)
 ParOldGen       total 89344K, used 39779K [0x731c0000, 0x78900000, 0x9dc40000)
  object space 89344K, 44% used [0x731c0000,0x75898c00,0x78900000)
 PSPermGen       total 16384K, used 3803K [0x6b1c0000, 0x6c1c0000, 0x731c0000)
  object space 16384K, 23% used [0x6b1c0000,0x6b576c18,0x6c1c0000)
}
Event: 12,244 GC heap before
{Heap before GC invocations=6 (full 1):
 PSYoungGen      total 61952K, used 61936K [0x9dc40000, 0xa2340000, 0xb31c0000)
  eden space 59392K, 100% used [0x9dc40000,0xa1640000,0xa1640000)
  from space 2560K, 99% used [0xa20c0000,0xa233c010,0xa2340000)
  to   space 2560K, 0% used [0xa1e40000,0xa1e40000,0xa20c0000)
 ParOldGen       total 89344K, used 39779K [0x731c0000, 0x78900000, 0x9dc40000)
  object space 89344K, 44% used [0x731c0000,0x75898c00,0x78900000)
 PSPermGen       total 16384K, used 3906K [0x6b1c0000, 0x6c1c0000, 0x731c0000)
  object space 16384K, 23% used [0x6b1c0000,0x6b590800,0x6c1c0000)
Event: 12,371 GC heap after
Heap after GC invocations=6 (full 1):
 PSYoungGen      total 70144K, used 2553K [0x9dc40000, 0xa9780000, 0xb31c0000)
  eden space 67584K, 0% used [0x9dc40000,0x9dc40000,0xa1e40000)
  from space 2560K, 99% used [0xa1e40000,0xa20be420,0xa20c0000)
  to   space 45312K, 0% used [0xa6b40000,0xa6b40000,0xa9780000)
 ParOldGen       total 89344K, used 74335K [0x731c0000, 0x78900000, 0x9dc40000)
  object space 89344K, 83% used [0x731c0000,0x77a57de8,0x78900000)
 PSPermGen       total 16384K, used 3906K [0x6b1c0000, 0x6c1c0000, 0x731c0000)
  object space 16384K, 23% used [0x6b1c0000,0x6b590800,0x6c1c0000)
}
Event: 12,371 GC heap before
{Heap before GC invocations=7 (full 2):
 PSYoungGen      total 70144K, used 2553K [0x9dc40000, 0xa9780000, 0xb31c0000)
  eden space 67584K, 0% used [0x9dc40000,0x9dc40000,0xa1e40000)
  from space 2560K, 99% used [0xa1e40000,0xa20be420,0xa20c0000)
  to   space 45312K, 0% used [0xa6b40000,0xa6b40000,0xa9780000)
 ParOldGen       total 89344K, used 74335K [0x731c0000, 0x78900000, 0x9dc40000)
  object space 89344K, 83% used [0x731c0000,0x77a57de8,0x78900000)
 PSPermGen       total 16384K, used 3906K [0x6b1c0000, 0x6c1c0000, 0x731c0000)
  object space 16384K, 23% used [0x6b1c0000,0x6b590800,0x6c1c0000)
Event: 12,625 GC heap after
Heap after GC invocations=7 (full 2):
 PSYoungGen      total 70144K, used 0K [0x9dc40000, 0xa9780000, 0xb31c0000)
  eden space 67584K, 0% used [0x9dc40000,0x9dc40000,0xa1e40000)
  from space 2560K, 0% used [0xa1e40000,0xa1e40000,0xa20c0000)
  to   space 45312K, 0% used [0xa6b40000,0xa6b40000,0xa9780000)
 ParOldGen       total 99072K, used 30868K [0x731c0000, 0x79280000, 0x9dc40000)
  object space 99072K, 31% used [0x731c0000,0x74fe5098,0x79280000)
 PSPermGen       total 16384K, used 3905K [0x6b1c0000, 0x6c1c0000, 0x731c0000)
  object space 16384K, 23% used [0x6b1c0000,0x6b5906b0,0x6c1c0000)
}
Event: 13,680 GC heap before
{Heap before GC invocations=8 (full 2):
 PSYoungGen      total 70144K, used 67584K [0x9dc40000, 0xa9780000, 0xb31c0000)
  eden space 67584K, 100% used [0x9dc40000,0xa1e40000,0xa1e40000)
  from space 2560K, 0% used [0xa1e40000,0xa1e40000,0xa20c0000)
  to   space 45312K, 0% used [0xa6b40000,0xa6b40000,0xa9780000)
 ParOldGen       total 99072K, used 30868K [0x731c0000, 0x79280000, 0x9dc40000)
  object space 99072K, 31% used [0x731c0000,0x74fe5098,0x79280000)
 PSPermGen       total 16384K, used 3906K [0x6b1c0000, 0x6c1c0000, 0x731c0000)
  object space 16384K, 23% used [0x6b1c0000,0x6b590aa0,0x6c1c0000)
Event: 13,741 GC heap after
Heap after GC invocations=8 (full 2):
 PSYoungGen      total 150016K, used 20033K [0x9dc40000, 0xaa040000, 0xb31c0000)
  eden space 104704K, 0% used [0x9dc40000,0x9dc40000,0xa4280000)
  from space 45312K, 44% used [0xa6b40000,0xa7ed0698,0xa9780000)
  to   space 41728K, 0% used [0xa4280000,0xa4280000,0xa6b40000)
 ParOldGen       total 99072K, used 30868K [0x731c0000, 0x79280000, 0x9dc40000)
  object space 99072K, 31% used [0x731c0000,0x74fe5098,0x79280000)
 PSPermGen       total 16384K, used 3906K [0x6b1c0000, 0x6c1c0000, 0x731c0000)
  object space 16384K, 23% used [0x6b1c0000,0x6b590aa0,0x6c1c0000)
}
Event: 16,444 GC heap before
{Heap before GC invocations=9 (full 2):
 PSYoungGen      total 150016K, used 124737K [0x9dc40000, 0xaa040000, 0xb31c0000)
  eden space 104704K, 100% used [0x9dc40000,0xa4280000,0xa4280000)
  from space 45312K, 44% used [0xa6b40000,0xa7ed0698,0xa9780000)
  to   space 41728K, 0% used [0xa4280000,0xa4280000,0xa6b40000)
 ParOldGen       total 99072K, used 30868K [0x731c0000, 0x79280000, 0x9dc40000)
  object space 99072K, 31% used [0x731c0000,0x74fe5098,0x79280000)
 PSPermGen       total 16384K, used 3913K [0x6b1c0000, 0x6c1c0000, 0x731c0000)
  object space 16384K, 23% used [0x6b1c0000,0x6b5927c0,0x6c1c0000)

Deoptimization events (10 events):
Event: 8,276 Thread 0xb6307800 Uncommon trap: reason=class_check action=maybe_recompile pc=0xb338f5ec method=com.android.dx.ssa.SsaBasicBlock.getCountPhiInsns()I @ 23
Event: 8,276 Thread 0xb6307800 Uncommon trap: reason=class_check action=maybe_recompile pc=0xb337e8f4 method=com.android.dx.ssa.SsaBasicBlock.getCountPhiInsns()I @ 23
Event: 8,376 Thread 0xb6307800 Uncommon trap: reason=class_check action=maybe_recompile pc=0xb337a094 method=com.android.dx.ssa.LiteralOpUpgrader.tryReplacingWithConstant(Lcom/android/dx/ssa/NormalSsaInsn;)Z @ 52
Event: 8,433 Thread 0xb6307800 Uncommon trap: reason=unreached action=reinterpret pc=0xb33c4f80 method=com.android.dx.cf.code.BasicBlocker.getBlockList()Lcom/android/dx/cf/code/ByteBlockList; @ 102
Event: 8,616 Thread 0xb6307800 Uncommon trap: reason=class_check action=maybe_recompile pc=0xb330914c method=com.android.dx.rop.type.Type.equals(Ljava/lang/Object;)Z @ 8
Event: 8,857 Thread 0xb6307800 Uncommon trap: reason=unreached action=reinterpret pc=0xb33b1638 method=com.android.dx.dex.code.OutputFinisher.hasLocalInfo(Lcom/android/dx/dex/code/DalvInsn;)Z @ 53
Event: 9,189 Thread 0xb6307800 Uncommon trap: reason=unreached action=reinterpret pc=0xb3315900 method=com.android.dx.dex.code.OutputFinisher.hasLocalInfo(Lcom/android/dx/dex/code/DalvInsn;)Z @ 53
Event: 14,204 Thread 0xb6307800 Uncommon trap: reason=bimorphic action=maybe_recompile pc=0xb347c9c4 method=com.android.dx.rop.code.Rops.opMoveResultPseudo(Lcom/android/dx/rop/type/TypeBearer;)Lcom/android/dx/rop/code/Rop; @ 7
Event: 14,206 Thread 0xb6307800 Uncommon trap: reason=class_check action=maybe_recompile pc=0xb347c938 method=com.android.dx.cf.code.RopperMachine.run(Lcom/android/dx/cf/code/Frame;II)V @ 310
Event: 14,208 Thread 0xb6307800 Uncommon trap: reason=bimorphic action=maybe_recompile pc=0xb33871b4 method=com.android.dx.ssa.LiteralOpUpgrader.tryReplacingWithConstant(Lcom/android/dx/ssa/NormalSsaInsn;)Z @ 62

Internal exceptions (10 events):
Event: 8,022 Thread 0xb6307800 Threw 0x9f17d828 at /build/buildd/openjdk-7-7u79-2.5.5/build/openjdk/hotspot/src/share/vm/prims/jvm.cpp:1284
Event: 8,023 Thread 0xb6307800 Threw 0x9f181958 at /build/buildd/openjdk-7-7u79-2.5.5/build/openjdk/hotspot/src/share/vm/prims/jvm.cpp:1284
Event: 8,023 Thread 0xb6307800 Threw 0x9f184260 at /build/buildd/openjdk-7-7u79-2.5.5/build/openjdk/hotspot/src/share/vm/prims/jvm.cpp:1284
Event: 8,024 Thread 0xb6307800 Threw 0x9f187840 at /build/buildd/openjdk-7-7u79-2.5.5/build/openjdk/hotspot/src/share/vm/prims/jvm.cpp:1284
Event: 8,025 Thread 0xb6307800 Implicit null exception at 0xb3377435 to 0xb337787d
Event: 8,026 Thread 0xb6307800 Implicit null exception at 0xb3379322 to 0xb337935d
Event: 8,068 Thread 0xb6307800 Threw 0x9f1be460 at /build/buildd/openjdk-7-7u79-2.5.5/build/openjdk/hotspot/src/share/vm/prims/jvm.cpp:1284
Event: 8,093 Thread 0xb6307800 Implicit null exception at 0xb337821a to 0xb3378245
Event: 8,580 Thread 0xb6307800 Threw 0x9f459d38 at /build/buildd/openjdk-7-7u79-2.5.5/build/openjdk/hotspot/src/share/vm/prims/jvm.cpp:1284
Event: 13,139 Thread 0xb6307800 Threw 0xa0a32548 at /build/buildd/openjdk-7-7u79-2.5.5/build/openjdk/hotspot/src/share/vm/prims/jvm.cpp:1284

Events (10 events):
Event: 14,206 Thread 0xb6307800 DEOPT PACKING pc=0xb347c938 sp=0xb648a990
Event: 14,206 Thread 0xb6307800 DEOPT UNPACKING pc=0xb32dcbc8 sp=0xb648a978 mode 2
Event: 14,208 Thread 0xb6307800 Uncommon trap: trap_request=0xffffffc6 fr.pc=0xb33871b4
Event: 14,208 Thread 0xb6307800 DEOPT PACKING pc=0xb33871b4 sp=0xb648a9b0
Event: 14,208 Thread 0xb6307800 DEOPT UNPACKING pc=0xb32dcbc8 sp=0xb648a968 mode 2
Event: 14,802 Thread 0x67a9ac00 flushing nmethod 0xb3308f48
Event: 14,822 Thread 0x67a9ac00 flushing nmethod 0xb3315648
Event: 15,131 Thread 0x67a9ac00 flushing nmethod 0xb33b12c8
Event: 15,144 Thread 0x67a98c00 flushing nmethod 0xb33c46c8
Event: 16,444 Executing VM operation: ParallelGCFailedAllocation


Dynamic libraries:
08048000-08049000 r-xp 00000000 08:15 4344957    /usr/lib/jvm/java-7-openjdk-i386/jre/bin/java
08049000-0804a000 r--p 00000000 08:15 4344957    /usr/lib/jvm/java-7-openjdk-i386/jre/bin/java
0804a000-0804b000 rw-p 00001000 08:15 4344957    /usr/lib/jvm/java-7-openjdk-i386/jre/bin/java
0997d000-09a13000 rw-p 00000000 00:00 0          [heap]
65e00000-65efe000 rw-p 00000000 00:00 0 
65efe000-65f00000 ---p 00000000 00:00 0 
65f00000-65f95000 rw-p 00000000 00:00 0 
65f95000-66000000 ---p 00000000 00:00 0 
66000000-660fe000 rw-p 00000000 00:00 0 
660fe000-66100000 ---p 00000000 00:00 0 
66200000-662ff000 rw-p 00000000 00:00 0 
662ff000-66300000 ---p 00000000 00:00 0 
66400000-664fe000 rw-p 00000000 00:00 0 
664fe000-66500000 ---p 00000000 00:00 0 
66600000-666f9000 rw-p 00000000 00:00 0 
666f9000-66700000 ---p 00000000 00:00 0 
66800000-668f8000 rw-p 00000000 00:00 0 
668f8000-66900000 ---p 00000000 00:00 0 
66900000-669f2000 rw-p 00000000 00:00 0 
669f2000-66a00000 ---p 00000000 00:00 0 
66a00000-66afb000 rw-p 00000000 00:00 0 
66afb000-66b00000 ---p 00000000 00:00 0 
66b00000-66bfb000 rw-p 00000000 00:00 0 
66bfb000-66c00000 ---p 00000000 00:00 0 
66c00000-66d00000 rw-p 00000000 00:00 0 
66e00000-66ef9000 rw-p 00000000 00:00 0 
66ef9000-66f00000 ---p 00000000 00:00 0 
66f23000-67048000 r-xp 00000000 08:15 402133     /lib/i386-linux-gnu/libglib-2.0.so.0.4200.1
67048000-67049000 r--p 00124000 08:15 402133     /lib/i386-linux-gnu/libglib-2.0.so.0.4200.1
67049000-6704a000 rw-p 00125000 08:15 402133     /lib/i386-linux-gnu/libglib-2.0.so.0.4200.1
6704a000-671fb000 r-xp 00000000 08:15 4334232    /usr/lib/i386-linux-gnu/libgio-2.0.so.0.4200.1
671fb000-671fe000 r--p 001b0000 08:15 4334232    /usr/lib/i386-linux-gnu/libgio-2.0.so.0.4200.1
671fe000-671ff000 rw-p 001b3000 08:15 4334232    /usr/lib/i386-linux-gnu/libgio-2.0.so.0.4200.1
671ff000-67200000 rw-p 00000000 00:00 0 
67200000-672af000 rw-p 00000000 00:00 0 
672af000-67300000 ---p 00000000 00:00 0 
6730d000-6737c000 r-xp 00000000 08:15 395196     /lib/i386-linux-gnu/libpcre.so.3.13.1
6737c000-6737d000 r--p 0006e000 08:15 395196     /lib/i386-linux-gnu/libpcre.so.3.13.1
6737d000-6737e000 rw-p 0006f000 08:15 395196     /lib/i386-linux-gnu/libpcre.so.3.13.1
6737e000-673d9000 r-xp 00000000 08:15 4334310    /usr/lib/i386-linux-gnu/libgobject-2.0.so.0.4200.1
673d9000-673da000 r--p 0005b000 08:15 4334310    /usr/lib/i386-linux-gnu/libgobject-2.0.so.0.4200.1
673da000-673db000 rw-p 0005c000 08:15 4334310    /usr/lib/i386-linux-gnu/libgobject-2.0.so.0.4200.1
673db000-673dc000 ---p 00000000 00:00 0 
673dc000-674ad000 rwxp 00000000 00:00 0          [stack:19335]
674ad000-674ae000 ---p 00000000 00:00 0 
674ae000-6752e000 rwxp 00000000 00:00 0          [stack:19334]
6752e000-6752f000 ---p 00000000 00:00 0 
6752f000-67600000 rwxp 00000000 00:00 0          [stack:19332]
67600000-67800000 r--p 00000000 08:15 4342535    /usr/lib/locale/locale-archive
67800000-67900000 rw-p 00000000 00:00 0 
67900000-67921000 rw-p 00000000 00:00 0 
67921000-67a00000 ---p 00000000 00:00 0 
67a00000-67b00000 rw-p 00000000 00:00 0 
67b37000-67b4a000 r-xp 00000000 08:15 394264     /lib/i386-linux-gnu/libresolv-2.19.so
67b4a000-67b4b000 r--p 00013000 08:15 394264     /lib/i386-linux-gnu/libresolv-2.19.so
67b4b000-67b4c000 rw-p 00014000 08:15 394264     /lib/i386-linux-gnu/libresolv-2.19.so
67b4c000-67b4e000 rw-p 00000000 00:00 0 
67b4e000-67b4f000 ---p 00000000 00:00 0 
67b4f000-67bcf000 rwxp 00000000 00:00 0          [stack:19329]
67bcf000-67d80000 r--s 01d27000 08:15 4344946    /usr/lib/jvm/java-7-openjdk-i386/jre/lib/rt.jar
67d80000-6a600000 rw-p 00000000 00:00 0 
6a600000-6a6fb000 rw-p 00000000 00:00 0 
6a6fb000-6a700000 ---p 00000000 00:00 0 
6a707000-6a72b000 r-xp 00000000 08:15 395223     /lib/i386-linux-gnu/libselinux.so.1
6a72b000-6a72c000 r--p 00023000 08:15 395223     /lib/i386-linux-gnu/libselinux.so.1
6a72c000-6a72d000 rw-p 00024000 08:15 395223     /lib/i386-linux-gnu/libselinux.so.1
6a72d000-6a72e000 rw-p 00000000 00:00 0 
6a72e000-6a77f000 rwxp 00000000 00:00 0          [stack:19331]
6a77f000-6a780000 ---p 00000000 00:00 0 
6a780000-6a800000 rwxp 00000000 00:00 0          [stack:19328]
6a800000-6a821000 rw-p 00000000 00:00 0 
6a821000-6a900000 ---p 00000000 00:00 0 
6a92e000-6a97f000 rwxp 00000000 00:00 0          [stack:19330]
6a97f000-6a980000 ---p 00000000 00:00 0 
6a980000-6aa00000 rwxp 00000000 00:00 0          [stack:19327]
6aa00000-6aa21000 rw-p 00000000 00:00 0 
6aa21000-6ab00000 ---p 00000000 00:00 0 
6ab03000-6ab09000 r-xp 00000000 08:15 4339480    /usr/lib/i386-linux-gnu/libffi.so.6.0.2
6ab09000-6ab0b000 r--p 00005000 08:15 4339480    /usr/lib/i386-linux-gnu/libffi.so.6.0.2
6ab0b000-6ab0c000 rw-p 00007000 08:15 4339480    /usr/lib/i386-linux-gnu/libffi.so.6.0.2
6ab0c000-6ab22000 r-xp 00000000 08:15 4344900    /usr/lib/jvm/java-7-openjdk-i386/jre/lib/i386/libnet.so
6ab22000-6ab23000 r--p 00015000 08:15 4344900    /usr/lib/jvm/java-7-openjdk-i386/jre/lib/i386/libnet.so
6ab23000-6ab24000 rw-p 00016000 08:15 4344900    /usr/lib/jvm/java-7-openjdk-i386/jre/lib/i386/libnet.so
6ab24000-6ab34000 r-xp 00000000 08:15 4344890    /usr/lib/jvm/java-7-openjdk-i386/jre/lib/i386/libnio.so
6ab34000-6ab35000 r--p 0000f000 08:15 4344890    /usr/lib/jvm/java-7-openjdk-i386/jre/lib/i386/libnio.so
6ab35000-6ab36000 rw-p 00010000 08:15 4344890    /usr/lib/jvm/java-7-openjdk-i386/jre/lib/i386/libnio.so
6ab36000-6ab7f000 rw-p 00000000 00:00 0 
6ab7f000-6ab80000 ---p 00000000 00:00 0 
6ab80000-6ac00000 rwxp 00000000 00:00 0          [stack:19326]
6ac00000-6ac21000 rw-p 00000000 00:00 0 
6ac21000-6ad00000 ---p 00000000 00:00 0 
6ad02000-6ad0d000 r--s 0006d000 08:15 6848752    /home/hugo/AndroidStudioProjects/TP2/app/build/intermediates/exploded-aar/com.google.android.gms/play-services-analytics/7.0.0/jars/classes.jar
6ad0d000-6ad68000 rw-p 00000000 00:00 0 
6ad68000-6ad69000 ---p 00000000 00:00 0 
6ad69000-6ade9000 rwxp 00000000 00:00 0          [stack:19325]
6ade9000-6adf1000 rw-p 00000000 00:00 0 
6adf1000-6ae29000 rw-p 00000000 00:00 0 
6ae29000-6ae5a000 rw-p 00000000 00:00 0 
6ae5a000-6af7f000 rw-p 00000000 00:00 0 
6af7f000-6af87000 rw-p 00000000 00:00 0 
6af87000-6afbf000 rw-p 00000000 00:00 0 
6afbf000-6aff0000 rw-p 00000000 00:00 0 
6aff0000-6b114000 rw-p 00000000 00:00 0 
6b114000-6b177000 rw-p 00000000 00:00 0 
6b177000-6b1bf000 rw-p 00000000 00:00 0 
6b1bf000-6c1c0000 rw-p 00000000 00:00 0 
6c1c0000-731c0000 rw-p 00000000 00:00 0 
731c0000-79280000 rw-p 00000000 00:00 0 
79280000-9dc40000 rw-p 00000000 00:00 0 
9dc40000-aa040000 rw-p 00000000 00:00 0 
b08c0000-b31c0000 rw-p 00000000 00:00 0 
b31c1000-b31c4000 r-xp 00000000 08:15 4334231    /usr/lib/i386-linux-gnu/libgmodule-2.0.so.0.4200.1
b31c4000-b31c5000 r--p 00002000 08:15 4334231    /usr/lib/i386-linux-gnu/libgmodule-2.0.so.0.4200.1
b31c5000-b31c6000 rw-p 00003000 08:15 4334231    /usr/lib/i386-linux-gnu/libgmodule-2.0.so.0.4200.1
b31c6000-b31d5000 r--s 000dd000 08:15 394489     /home/hugo/Android/Sdk/build-tools/21.1.2/lib/dx.jar
b31d5000-b31f9000 rw-p 00000000 00:00 0 
b31f9000-b32b0000 rw-p 00000000 00:00 0 
b32b0000-b34f0000 rwxp 00000000 00:00 0 
b34f0000-b62b0000 rw-p 00000000 00:00 0 
b62b0000-b62bb000 r-xp 00000000 08:15 394247     /lib/i386-linux-gnu/libnss_files-2.19.so
b62bb000-b62bc000 r--p 0000a000 08:15 394247     /lib/i386-linux-gnu/libnss_files-2.19.so
b62bc000-b62bd000 rw-p 0000b000 08:15 394247     /lib/i386-linux-gnu/libnss_files-2.19.so
b62bd000-b62c7000 r-xp 00000000 08:15 394091     /lib/i386-linux-gnu/libnss_nis-2.19.so
b62c7000-b62c8000 r--p 00009000 08:15 394091     /lib/i386-linux-gnu/libnss_nis-2.19.so
b62c8000-b62c9000 rw-p 0000a000 08:15 394091     /lib/i386-linux-gnu/libnss_nis-2.19.so
b62c9000-b62de000 r-xp 00000000 08:15 394262     /lib/i386-linux-gnu/libnsl-2.19.so
b62de000-b62df000 r--p 00015000 08:15 394262     /lib/i386-linux-gnu/libnsl-2.19.so
b62df000-b62e0000 rw-p 00016000 08:15 394262     /lib/i386-linux-gnu/libnsl-2.19.so
b62e0000-b62e2000 rw-p 00000000 00:00 0 
b62e4000-b62e6000 r--s 00012000 08:15 4344950    /usr/lib/jvm/java-7-openjdk-i386/jre/lib/ext/zipfs.jar
b62e6000-b62e9000 r--s 00086000 08:15 4344949    /usr/lib/jvm/java-7-openjdk-i386/jre/lib/ext/localedata.jar
b62e9000-b62ed000 r--s 0003c000 08:15 4344952    /usr/lib/jvm/java-7-openjdk-i386/jre/lib/ext/sunpkcs11.jar
b62ed000-b62f1000 r--s 00034000 08:15 4344951    /usr/lib/jvm/java-7-openjdk-i386/jre/lib/ext/sunjce_provider.jar
b62f1000-b62f3000 r--s 00006000 08:15 4740506    /usr/share/java/java-atk-wrapper.jar
b62f3000-b62f6000 r--s 0000f000 08:15 4344948    /usr/lib/jvm/java-7-openjdk-i386/jre/lib/ext/icedtea-sound.jar
b62f6000-b62fe000 r-xp 00000000 08:15 4334369    /usr/lib/jvm/java-7-openjdk-i386/jre/lib/i386/libzip.so
b62fe000-b62ff000 r--p 00007000 08:15 4334369    /usr/lib/jvm/java-7-openjdk-i386/jre/lib/i386/libzip.so
b62ff000-b6300000 rw-p 00008000 08:15 4334369    /usr/lib/jvm/java-7-openjdk-i386/jre/lib/i386/libzip.so
b6300000-b6400000 rw-p 00000000 00:00 0 
b6401000-b6402000 r--s 00002000 08:15 4344947    /usr/lib/jvm/java-7-openjdk-i386/jre/lib/ext/dnsns.jar
b6402000-b640a000 rw-s 00000000 08:15 5386987    /tmp/hsperfdata_hugo/19320
b640a000-b6430000 r-xp 00000000 08:15 4334363    /usr/lib/jvm/java-7-openjdk-i386/jre/lib/i386/libjava.so
b6430000-b6431000 r--p 00025000 08:15 4334363    /usr/lib/jvm/java-7-openjdk-i386/jre/lib/i386/libjava.so
b6431000-b6432000 rw-p 00026000 08:15 4334363    /usr/lib/jvm/java-7-openjdk-i386/jre/lib/i386/libjava.so
b6432000-b6439000 r-xp 00000000 08:15 394246     /lib/i386-linux-gnu/librt-2.19.so
b6439000-b643a000 r--p 00006000 08:15 394246     /lib/i386-linux-gnu/librt-2.19.so
b643a000-b643b000 rw-p 00007000 08:15 394246     /lib/i386-linux-gnu/librt-2.19.so
b643b000-b643c000 ---p 00000000 00:00 0 
b643c000-b648c000 rwxp 00000000 00:00 0          [stack:19324]
b648c000-b64a8000 r-xp 00000000 08:15 395113     /lib/i386-linux-gnu/libgcc_s.so.1
b64a8000-b64a9000 r--p 0001b000 08:15 395113     /lib/i386-linux-gnu/libgcc_s.so.1
b64a9000-b64aa000 rw-p 0001c000 08:15 395113     /lib/i386-linux-gnu/libgcc_s.so.1
b64aa000-b64ee000 r-xp 00000000 08:15 394263     /lib/i386-linux-gnu/libm-2.19.so
b64ee000-b64ef000 r--p 00043000 08:15 394263     /lib/i386-linux-gnu/libm-2.19.so
b64ef000-b64f0000 rw-p 00044000 08:15 394263     /lib/i386-linux-gnu/libm-2.19.so
b64f0000-b65d9000 r-xp 00000000 08:15 4340107    /usr/lib/i386-linux-gnu/libstdc++.so.6.0.20
b65d9000-b65dd000 r--p 000e9000 08:15 4340107    /usr/lib/i386-linux-gnu/libstdc++.so.6.0.20
b65dd000-b65de000 rw-p 000ed000 08:15 4340107    /usr/lib/i386-linux-gnu/libstdc++.so.6.0.20
b65de000-b65e5000 rw-p 00000000 00:00 0 
b65e5000-b712b000 r-xp 00000000 08:15 4344914    /usr/lib/jvm/java-7-openjdk-i386/jre/lib/i386/server/libjvm.so
b712b000-b717f000 r--p 00b45000 08:15 4344914    /usr/lib/jvm/java-7-openjdk-i386/jre/lib/i386/server/libjvm.so
b717f000-b7193000 rw-p 00b99000 08:15 4344914    /usr/lib/jvm/java-7-openjdk-i386/jre/lib/i386/server/libjvm.so
b7193000-b75b2000 rw-p 00000000 00:00 0 
b75b2000-b75ca000 r-xp 00000000 08:15 395257     /lib/i386-linux-gnu/libz.so.1.2.8
b75ca000-b75cb000 r--p 00017000 08:15 395257     /lib/i386-linux-gnu/libz.so.1.2.8
b75cb000-b75cc000 rw-p 00018000 08:15 395257     /lib/i386-linux-gnu/libz.so.1.2.8
b75cc000-b75e4000 r-xp 00000000 08:15 394266     /lib/i386-linux-gnu/libpthread-2.19.so
b75e4000-b75e6000 r--p 00017000 08:15 394266     /lib/i386-linux-gnu/libpthread-2.19.so
b75e6000-b75e7000 rw-p 00019000 08:15 394266     /lib/i386-linux-gnu/libpthread-2.19.so
b75e7000-b75e9000 rw-p 00000000 00:00 0 
b75e9000-b75ec000 r-xp 00000000 08:15 394275     /lib/i386-linux-gnu/libdl-2.19.so
b75ec000-b75ed000 r--p 00002000 08:15 394275     /lib/i386-linux-gnu/libdl-2.19.so
b75ed000-b75ee000 rw-p 00003000 08:15 394275     /lib/i386-linux-gnu/libdl-2.19.so
b75ee000-b7795000 r-xp 00000000 08:15 394269     /lib/i386-linux-gnu/libc-2.19.so
b7795000-b7797000 r--p 001a7000 08:15 394269     /lib/i386-linux-gnu/libc-2.19.so
b7797000-b7798000 rw-p 001a9000 08:15 394269     /lib/i386-linux-gnu/libc-2.19.so
b7798000-b779b000 rw-p 00000000 00:00 0 
b779b000-b779c000 r--p 00855000 08:15 4342535    /usr/lib/locale/locale-archive
b779c000-b779d000 r--p 00859000 08:15 4342535    /usr/lib/locale/locale-archive
b779d000-b77a4000 r-xp 00000000 08:15 394270     /lib/i386-linux-gnu/libnss_compat-2.19.so
b77a4000-b77a5000 r--p 00006000 08:15 394270     /lib/i386-linux-gnu/libnss_compat-2.19.so
b77a5000-b77a6000 rw-p 00007000 08:15 394270     /lib/i386-linux-gnu/libnss_compat-2.19.so
b77a6000-b77a7000 rw-p 00000000 00:00 0 
b77a7000-b77a8000 ---p 00000000 00:00 0 
b77a8000-b77b6000 r-xp 00000000 08:15 4344904    /usr/lib/jvm/java-7-openjdk-i386/jre/lib/i386/libverify.so
b77b6000-b77b8000 r--p 0000d000 08:15 4344904    /usr/lib/jvm/java-7-openjdk-i386/jre/lib/i386/libverify.so
b77b8000-b77b9000 rw-p 0000f000 08:15 4344904    /usr/lib/jvm/java-7-openjdk-i386/jre/lib/i386/libverify.so
b77b9000-b77c5000 r-xp 00000000 08:15 4344915    /usr/lib/jvm/java-7-openjdk-i386/jre/lib/i386/jli/libjli.so
b77c5000-b77c6000 r--p 0000b000 08:15 4344915    /usr/lib/jvm/java-7-openjdk-i386/jre/lib/i386/jli/libjli.so
b77c6000-b77c7000 rw-p 0000c000 08:15 4344915    /usr/lib/jvm/java-7-openjdk-i386/jre/lib/i386/jli/libjli.so
b77c7000-b77ca000 rw-p 00000000 00:00 0 
b77ca000-b77cb000 r-xp 00000000 00:00 0          [vdso]
b77cb000-b77cd000 r--p 00000000 00:00 0          [vvar]
b77cd000-b77ed000 r-xp 00000000 08:15 394259     /lib/i386-linux-gnu/ld-2.19.so
b77ed000-b77ee000 r--p 0001f000 08:15 394259     /lib/i386-linux-gnu/ld-2.19.so
b77ee000-b77ef000 rw-p 00020000 08:15 394259     /lib/i386-linux-gnu/ld-2.19.so
bfc41000-bfc42000 rwxp 00000000 00:00 0 
bfc74000-bfc94000 rwxp 00000000 00:00 0          [stack]
bfc94000-bfc95000 rw-p 00000000 00:00 0 

VM Arguments:
jvm_args: -Xmx1024M -Dfile.encoding=UTF-8 -Duser.country=US -Duser.language=en -Duser.variant 
java_command: com.android.dx.command.Main --dex --output /home/hugo/AndroidStudioProjects/TP2/app/build/intermediates/pre-dexed/debug/classes-99828b960cc0930a7d1d78c5ce30528826722127.jar /home/hugo/AndroidStudioProjects/TP2/app/build/intermediates/exploded-aar/com.google.android.gms/play-services-analytics/7.0.0/jars/classes.jar
Launcher Type: SUN_STANDARD

Environment Variables:
PATH=/home/hugo/.rvm/gems/ruby-2.1.5/bin:/home/hugo/.rvm/gems/ruby-2.1.5@global/bin:/home/hugo/.rvm/rubies/ruby-2.1.5/bin:/usr/local/sbin:/usr/local/bin:/usr/sbin:/usr/bin:/sbin:/bin:/usr/games:/usr/local/games:/home/hugo/.rvm/bin
USERNAME=hugo
LD_LIBRARY_PATH=/opt/android-studio/bin:
SHELL=/bin/bash
DISPLAY=:0

Signal Handlers:
SIGSEGV: [libjvm.so+0x7ed9a0], sa_mask[0]=0x7ffbfeff, sa_flags=0x10000004
SIGBUS: [libjvm.so+0x7ed9a0], sa_mask[0]=0x7ffbfeff, sa_flags=0x10000004
SIGFPE: [libjvm.so+0x66faf0], sa_mask[0]=0x7ffbfeff, sa_flags=0x10000004
SIGPIPE: [libjvm.so+0x66faf0], sa_mask[0]=0x7ffbfeff, sa_flags=0x10000004
SIGXFSZ: [libjvm.so+0x66faf0], sa_mask[0]=0x7ffbfeff, sa_flags=0x10000004
SIGILL: [libjvm.so+0x66faf0], sa_mask[0]=0x7ffbfeff, sa_flags=0x10000004
SIGUSR1: SIG_DFL, sa_mask[0]=0x00000000, sa_flags=0x00000000
SIGUSR2: [libjvm.so+0x66f940], sa_mask[0]=0x00000004, sa_flags=0x10000004
SIGHUP: [libjvm.so+0x66fba0], sa_mask[0]=0x7ffbfeff, sa_flags=0x10000004
SIGINT: [libjvm.so+0x66fba0], sa_mask[0]=0x7ffbfeff, sa_flags=0x10000004
SIGTERM: [libjvm.so+0x66fba0], sa_mask[0]=0x7ffbfeff, sa_flags=0x10000004
SIGQUIT: [libjvm.so+0x66fba0], sa_mask[0]=0x7ffbfeff, sa_flags=0x10000004
SIGTRAP: SIG_DFL, sa_mask[0]=0x00000000, sa_flags=0x00000000


---------------  S Y S T E M  ---------------

OS:Ubuntu 14.10 (utopic)
uname:Linux 3.16.0-28-generic #38-Ubuntu SMP Fri Dec 12 17:38:37 UTC 2014 i686
libc:glibc 2.19 NPTL 2.19 
rlimit: STACK 8192k, CORE 0k, NPROC 46759, NOFILE 4096, AS infinity
load average:4,36 1,72 1,21

/proc/meminfo:
MemTotal:        6005684 kB
MemFree:          315712 kB
MemAvailable:     233736 kB
Buffers:             952 kB
Cached:          1091004 kB
SwapCached:            0 kB
Active:          4612076 kB
Inactive:         929960 kB
Active(anon):    4597428 kB
Inactive(anon):   910768 kB
Active(file):      14648 kB
Inactive(file):    19192 kB
Unevictable:         168 kB
Mlocked:             168 kB
HighTotal:       5160892 kB
HighFree:          70664 kB
LowTotal:         844792 kB
LowFree:          245048 kB
SwapTotal:             0 kB
SwapFree:              0 kB
Dirty:              1156 kB
Writeback:             0 kB
AnonPages:       4450400 kB
Mapped:           316916 kB
Shmem:           1057164 kB
Slab:              67812 kB
SReclaimable:      36512 kB
SUnreclaim:        31300 kB
KernelStack:        6856 kB
PageTables:        27436 kB
NFS_Unstable:          0 kB
Bounce:             1820 kB
WritebackTmp:          0 kB
CommitLimit:     3002840 kB
Committed_AS:   12108324 kB
VmallocTotal:     122880 kB
VmallocUsed:       19028 kB
VmallocChunk:      47788 kB
AnonHugePages:   1822720 kB
HugePages_Total:       0
HugePages_Free:        0
HugePages_Rsvd:        0
HugePages_Surp:        0
Hugepagesize:       2048 kB
DirectMap4k:       47096 kB
DirectMap2M:      860160 kB


CPU:total 4 (2 cores per cpu, 2 threads per core) family 6 model 58 stepping 9, cmov, cx8, fxsr, mmx, sse, sse2, sse3, ssse3, sse4.1, sse4.2, popcnt, avx, aes, erms, ht, tsc, tscinvbit, tscinv

/proc/cpuinfo:
processor	: 0
vendor_id	: GenuineIntel
cpu family	: 6
model		: 58
model name	: Intel(R) Core(TM) i5-3210M CPU @ 2.50GHz
stepping	: 9
microcode	: 0x12
cpu MHz		: 2900.000
cache size	: 3072 KB
physical id	: 0
siblings	: 4
core id		: 0
cpu cores	: 2
apicid		: 0
initial apicid	: 0
fdiv_bug	: no
f00f_bug	: no
coma_bug	: no
fpu		: yes
fpu_exception	: yes
cpuid level	: 13
wp		: yes
flags		: fpu vme de pse tsc msr pae mce cx8 apic sep mtrr pge mca cmov pat pse36 clflush dts acpi mmx fxsr sse sse2 ss ht tm pbe nx rdtscp lm constant_tsc arch_perfmon pebs bts xtopology nonstop_tsc aperfmperf eagerfpu pni pclmulqdq dtes64 monitor ds_cpl vmx est tm2 ssse3 cx16 xtpr pdcm pcid sse4_1 sse4_2 x2apic popcnt tsc_deadline_timer aes xsave avx f16c rdrand lahf_lm ida arat epb xsaveopt pln pts dtherm tpr_shadow vnmi flexpriority ept vpid fsgsbase smep erms
bogomips	: 4988.65
clflush size	: 64
cache_alignment	: 64
address sizes	: 36 bits physical, 48 bits virtual
power management:

processor	: 1
vendor_id	: GenuineIntel
cpu family	: 6
model		: 58
model name	: Intel(R) Core(TM) i5-3210M CPU @ 2.50GHz
stepping	: 9
microcode	: 0x12
cpu MHz		: 2900.000
cache size	: 3072 KB
physical id	: 0
siblings	: 4
core id		: 0
cpu cores	: 2
apicid		: 1
initial apicid	: 1
fdiv_bug	: no
f00f_bug	: no
coma_bug	: no
fpu		: yes
fpu_exception	: yes
cpuid level	: 13
wp		: yes
flags		: fpu vme de pse tsc msr pae mce cx8 apic sep mtrr pge mca cmov pat pse36 clflush dts acpi mmx fxsr sse sse2 ss ht tm pbe nx rdtscp lm constant_tsc arch_perfmon pebs bts xtopology nonstop_tsc aperfmperf eagerfpu pni pclmulqdq dtes64 monitor ds_cpl vmx est tm2 ssse3 cx16 xtpr pdcm pcid sse4_1 sse4_2 x2apic popcnt tsc_deadline_timer aes xsave avx f16c rdrand lahf_lm ida arat epb xsaveopt pln pts dtherm tpr_shadow vnmi flexpriority ept vpid fsgsbase smep erms
bogomips	: 4988.65
clflush size	: 64
cache_alignment	: 64
address sizes	: 36 bits physical, 48 bits virtual
power management:

processor	: 2
vendor_id	: GenuineIntel
cpu family	: 6
model		: 58
model name	: Intel(R) Core(TM) i5-3210M CPU @ 2.50GHz
stepping	: 9
microcode	: 0x12
cpu MHz		: 2905.078
cache size	: 3072 KB
physical id	: 0
siblings	: 4
core id		: 1
cpu cores	: 2
apicid		: 2
initial apicid	: 2
fdiv_bug	: no
f00f_bug	: no
coma_bug	: no
fpu		: yes
fpu_exception	: yes
cpuid level	: 13
wp		: yes
flags		: fpu vme de pse tsc msr pae mce cx8 apic sep mtrr pge mca cmov pat pse36 clflush dts acpi mmx fxsr sse sse2 ss ht tm pbe nx rdtscp lm constant_tsc arch_perfmon pebs bts xtopology nonstop_tsc aperfmperf eagerfpu pni pclmulqdq dtes64 monitor ds_cpl vmx est tm2 ssse3 cx16 xtpr pdcm pcid sse4_1 sse4_2 x2apic popcnt tsc_deadline_timer aes xsave avx f16c rdrand lahf_lm ida arat epb xsaveopt pln pts dtherm tpr_shadow vnmi flexpriority ept vpid fsgsbase smep erms
bogomips	: 4988.65
clflush size	: 64
cache_alignment	: 64
address sizes	: 36 bits physical, 48 bits virtual
power management:

processor	: 3
vendor_id	: GenuineIntel
cpu family	: 6
model		: 58
model name	: Intel(R) Core(TM) i5-3210M CPU @ 2.50GHz
stepping	: 9
microcode	: 0x12
cpu MHz		: 2904.003
cache size	: 3072 KB
physical id	: 0
siblings	: 4
core id		: 1
cpu cores	: 2
apicid		: 3
initial apicid	: 3
fdiv_bug	: no
f00f_bug	: no
coma_bug	: no
fpu		: yes
fpu_exception	: yes
cpuid level	: 13
wp		: yes
flags		: fpu vme de pse tsc msr pae mce cx8 apic sep mtrr pge mca cmov pat pse36 clflush dts acpi mmx fxsr sse sse2 ss ht tm pbe nx rdtscp lm constant_tsc arch_perfmon pebs bts xtopology nonstop_tsc aperfmperf eagerfpu pni pclmulqdq dtes64 monitor ds_cpl vmx est tm2 ssse3 cx16 xtpr pdcm pcid sse4_1 sse4_2 x2apic popcnt tsc_deadline_timer aes xsave avx f16c rdrand lahf_lm ida arat epb xsaveopt pln pts dtherm tpr_shadow vnmi flexpriority ept vpid fsgsbase smep erms
bogomips	: 4988.65
clflush size	: 64
cache_alignment	: 64
address sizes	: 36 bits physical, 48 bits virtual
power management:



Memory: 4k page, physical 6005684k(315588k free), swap 0k(0k free)

vm_info: OpenJDK Server VM (24.79-b02) for linux-x86 JRE (1.7.0_79-b14), built on Apr 16 2015 08:35:02 by "buildd" with gcc 4.9.1

time: Mon Jun 15 12:17:22 2015
elapsed time: 16 seconds

