#
# There is insufficient memory for the Java Runtime Environment to continue.
# Native memory allocation (malloc) failed to allocate 115081216 bytes for committing reserved memory.
# Possible reasons:
#   The system is out of physical RAM or swap space
#   In 32 bit mode, the process size limit was hit
# Possible solutions:
#   Reduce memory load on the system
#   Increase physical memory or swap space
#   Check if swap backing store is full
#   Use 64 bit Java on a 64 bit OS
#   Decrease Java heap size (-Xmx/-Xms)
#   Decrease number of Java threads
#   Decrease Java thread stack sizes (-Xss)
#   Set larger code cache with -XX:ReservedCodeCacheSize=
# This output file may be truncated or incomplete.
#
#  Out of Memory Error (os_linux.cpp:2809), pid=21358, tid=1740434240
#
# JRE version: OpenJDK Runtime Environment (7.0_79-b14) (build 1.7.0_79-b14)
# Java VM: OpenJDK Server VM (24.79-b02 mixed mode linux-x86 )
# Derivative: IcedTea 2.5.5
# Distribution: Ubuntu 14.10, package 7u79-2.5.5-0ubuntu0.14.10.2
# Failed to write core dump. Core dumps have been disabled. To enable core dumping, try "ulimit -c unlimited" before starting Java again
#

---------------  T H R E A D  ---------------

Current thread (0x67a80800):  VMThread [stack: 0x67b4e000,0x67bcf000] [id=21367]

Stack: [0x67b4e000,0x67bcf000]
VM_Operation (0xb644c954): ParallelGCFailedAllocation, mode: safepoint, requested by thread 0xb6207800


---------------  P R O C E S S  ---------------

Java Threads: ( => current thread )
  0x67a9d800 JavaThread "Service Thread" daemon [_thread_blocked, id=21373, stack(0x6740b000,0x6745c000)]
  0x67a9bc00 JavaThread "C2 CompilerThread1" daemon [_thread_blocked, id=21372, stack(0x6745c000,0x674dd000)]
  0x67a99c00 JavaThread "C2 CompilerThread0" daemon [_thread_blocked, id=21371, stack(0x674dd000,0x6755e000)]
  0x67a98000 JavaThread "Signal Dispatcher" daemon [_thread_blocked, id=21370, stack(0x6755e000,0x675af000)]
  0x67a84c00 JavaThread "Finalizer" daemon [_thread_blocked, id=21369, stack(0x677af000,0x67800000)]
  0x67a83000 JavaThread "Reference Handler" daemon [_thread_blocked, id=21368, stack(0x6a72e000,0x6a77f000)]
  0xb6207800 JavaThread "main" [_thread_blocked, id=21361, stack(0xb63fd000,0xb644e000)]

Other Threads:
=>0x67a80800 VMThread [stack: 0x67b4e000,0x67bcf000] [id=21367]
  0x67a9f800 WatcherThread [stack: 0x6738a000,0x6740b000] [id=21374]

VM state:at safepoint (normal execution)

VM Mutex/Monitor currently owned by a thread:  ([mutex/lock_event])
[0xb6205220] Threads_lock - owner thread: 0x67a80800
[0xb6205630] Heap_lock - owner thread: 0xb6207800

Heap
 PSYoungGen      total 59904K, used 2547K [0x9dbc0000, 0xa22c0000, 0xb3140000)
  eden space 57344K, 0% used [0x9dbc0000,0x9dbc0000,0xa13c0000)
  from space 2560K, 99% used [0xa1dc0000,0xa203cf70,0xa2040000)
  to   space 2560K, 0% used [0xa2040000,0xa2040000,0xa22c0000)
 ParOldGen       total 89600K, used 72383K [0x73140000, 0x788c0000, 0x9dbc0000)
  object space 89600K, 80% used [0x73140000,0x777efc28,0x788c0000)
 PSPermGen       total 16384K, used 3905K [0x6b140000, 0x6c140000, 0x73140000)
  object space 16384K, 23% used [0x6b140000,0x6b5104f8,0x6c140000)

Card table byte_map: [0x6aeff000,0x6b140000] byte_map_base: 0x6aba6600

Polling page: 0xb7769000

Code Cache  [0xb3200000, 0xb3440000, 0xb6200000)
 total_blobs=539 nmethods=419 adapters=73 free_code_cache=47910Kb largest_free_block=49008320

Compilation events (10 events):
Event: 13,440 Thread 0x67a99c00 nmethod 424 0xb3341188 code [0xb3341380, 0xb3341d6c]
Event: 13,440 Thread 0x67a99c00  425             com.android.dx.ssa.back.SsaToRop::convertBasicBlocks (151 bytes)
Event: 13,570 Thread 0x67a99c00 nmethod 425 0xb3333c48 code [0xb3333e20, 0xb3334678]
Event: 13,576 Thread 0x67a99c00  426             com.android.dx.ssa.SsaMethod::getCountReachableBlocks (44 bytes)
Event: 13,684 Thread 0x67a99c00 nmethod 426 0xb3263348 code [0xb3263460, 0xb326367c]
Event: 14,074 Thread 0x67a99c00  427             com.android.dx.util.LabeledList::<init> (57 bytes)
Event: 14,148 Thread 0x67a99c00 nmethod 427 0xb3314e48 code [0xb3314f60, 0xb33152bc]
Event: 14,149 Thread 0x67a99c00  428             com.android.dx.util.IntList::mutableCopy (39 bytes)
Event: 14,221 Thread 0x67a99c00 nmethod 428 0xb32b86c8 code [0xb32b8800, 0xb32b8d50]
Event: 14,221 Thread 0x67a99c00  429             com.android.dx.ssa.back.IdenticalBlockCombiner::process (323 bytes)

GC Heap History (10 events):
Event: 3,256 GC heap after
Heap after GC invocations=1 (full 0):
 PSYoungGen      total 19456K, used 2556K [0x9dbc0000, 0xa01c0000, 0xb3140000)
  eden space 16896K, 0% used [0x9dbc0000,0x9dbc0000,0x9ec40000)
  from space 2560K, 99% used [0x9ec40000,0x9eebf208,0x9eec0000)
  to   space 2560K, 0% used [0x9ff40000,0x9ff40000,0xa01c0000)
 ParOldGen       total 43520K, used 5520K [0x73140000, 0x75bc0000, 0x9dbc0000)
  object space 43520K, 12% used [0x73140000,0x736a43b8,0x75bc0000)
 PSPermGen       total 16384K, used 3741K [0x6b140000, 0x6c140000, 0x73140000)
  object space 16384K, 22% used [0x6b140000,0x6b4e7480,0x6c140000)
}
Event: 3,332 GC heap before
{Heap before GC invocations=2 (full 0):
 PSYoungGen      total 19456K, used 19452K [0x9dbc0000, 0xa01c0000, 0xb3140000)
  eden space 16896K, 100% used [0x9dbc0000,0x9ec40000,0x9ec40000)
  from space 2560K, 99% used [0x9ec40000,0x9eebf208,0x9eec0000)
  to   space 2560K, 0% used [0x9ff40000,0x9ff40000,0xa01c0000)
 ParOldGen       total 43520K, used 5520K [0x73140000, 0x75bc0000, 0x9dbc0000)
  object space 43520K, 12% used [0x73140000,0x736a43b8,0x75bc0000)
 PSPermGen       total 16384K, used 3744K [0x6b140000, 0x6c140000, 0x73140000)
  object space 16384K, 22% used [0x6b140000,0x6b4e8148,0x6c140000)
Event: 3,393 GC heap after
Heap after GC invocations=2 (full 0):
 PSYoungGen      total 36352K, used 2548K [0x9dbc0000, 0xa01c0000, 0xb3140000)
  eden space 33792K, 0% used [0x9dbc0000,0x9dbc0000,0x9fcc0000)
  from space 2560K, 99% used [0x9ff40000,0xa01bd118,0xa01c0000)
  to   space 2560K, 0% used [0x9fcc0000,0x9fcc0000,0x9ff40000)
 ParOldGen       total 43520K, used 22351K [0x73140000, 0x75bc0000, 0x9dbc0000)
  object space 43520K, 51% used [0x73140000,0x74713f88,0x75bc0000)
 PSPermGen       total 16384K, used 3744K [0x6b140000, 0x6c140000, 0x73140000)
  object space 16384K, 22% used [0x6b140000,0x6b4e8148,0x6c140000)
}
Event: 3,669 GC heap before
{Heap before GC invocations=3 (full 0):
 PSYoungGen      total 36352K, used 36340K [0x9dbc0000, 0xa01c0000, 0xb3140000)
  eden space 33792K, 100% used [0x9dbc0000,0x9fcc0000,0x9fcc0000)
  from space 2560K, 99% used [0x9ff40000,0xa01bd118,0xa01c0000)
  to   space 2560K, 0% used [0x9fcc0000,0x9fcc0000,0x9ff40000)
 ParOldGen       total 43520K, used 22351K [0x73140000, 0x75bc0000, 0x9dbc0000)
  object space 43520K, 51% used [0x73140000,0x74713f88,0x75bc0000)
 PSPermGen       total 16384K, used 3747K [0x6b140000, 0x6c140000, 0x73140000)
  object space 16384K, 22% used [0x6b140000,0x6b4e8c70,0x6c140000)
Event: 3,761 GC heap after
Heap after GC invocations=3 (full 0):
 PSYoungGen      total 36352K, used 2548K [0x9dbc0000, 0xa22c0000, 0xb3140000)
  eden space 33792K, 0% used [0x9dbc0000,0x9dbc0000,0x9fcc0000)
  from space 2560K, 99% used [0x9fcc0000,0x9ff3d118,0x9ff40000)
  to   space 2560K, 0% used [0xa2040000,0xa2040000,0xa22c0000)
 ParOldGen       total 47360K, used 47075K [0x73140000, 0x75f80000, 0x9dbc0000)
  object space 47360K, 99% used [0x73140000,0x75f38f88,0x75f80000)
 PSPermGen       total 16384K, used 3747K [0x6b140000, 0x6c140000, 0x73140000)
  object space 16384K, 22% used [0x6b140000,0x6b4e8c70,0x6c140000)
}
Event: 3,761 GC heap before
{Heap before GC invocations=4 (full 1):
 PSYoungGen      total 36352K, used 2548K [0x9dbc0000, 0xa22c0000, 0xb3140000)
  eden space 33792K, 0% used [0x9dbc0000,0x9dbc0000,0x9fcc0000)
  from space 2560K, 99% used [0x9fcc0000,0x9ff3d118,0x9ff40000)
  to   space 2560K, 0% used [0xa2040000,0xa2040000,0xa22c0000)
 ParOldGen       total 47360K, used 47075K [0x73140000, 0x75f80000, 0x9dbc0000)
  object space 47360K, 99% used [0x73140000,0x75f38f88,0x75f80000)
 PSPermGen       total 16384K, used 3747K [0x6b140000, 0x6c140000, 0x73140000)
  object space 16384K, 22% used [0x6b140000,0x6b4e8c70,0x6c140000)
Event: 4,080 GC heap after
Heap after GC invocations=4 (full 1):
 PSYoungGen      total 36352K, used 0K [0x9dbc0000, 0xa22c0000, 0xb3140000)
  eden space 33792K, 0% used [0x9dbc0000,0x9dbc0000,0x9fcc0000)
  from space 2560K, 0% used [0x9fcc0000,0x9fcc0000,0x9ff40000)
  to   space 2560K, 0% used [0xa2040000,0xa2040000,0xa22c0000)
 ParOldGen       total 89600K, used 37910K [0x73140000, 0x788c0000, 0x9dbc0000)
  object space 89600K, 42% used [0x73140000,0x75645ba0,0x788c0000)
 PSPermGen       total 16384K, used 3746K [0x6b140000, 0x6c140000, 0x73140000)
  object space 16384K, 22% used [0x6b140000,0x6b4e8800,0x6c140000)
}
Event: 6,126 GC heap before
{Heap before GC invocations=5 (full 1):
 PSYoungGen      total 36352K, used 33792K [0x9dbc0000, 0xa22c0000, 0xb3140000)
  eden space 33792K, 100% used [0x9dbc0000,0x9fcc0000,0x9fcc0000)
  from space 2560K, 0% used [0x9fcc0000,0x9fcc0000,0x9ff40000)
  to   space 2560K, 0% used [0xa2040000,0xa2040000,0xa22c0000)
 ParOldGen       total 89600K, used 37910K [0x73140000, 0x788c0000, 0x9dbc0000)
  object space 89600K, 42% used [0x73140000,0x75645ba0,0x788c0000)
 PSPermGen       total 16384K, used 3802K [0x6b140000, 0x6c140000, 0x73140000)
  object space 16384K, 23% used [0x6b140000,0x6b4f6930,0x6c140000)
Event: 6,148 GC heap after
Heap after GC invocations=5 (full 1):
 PSYoungGen      total 59904K, used 2553K [0x9dbc0000, 0xa22c0000, 0xb3140000)
  eden space 57344K, 0% used [0x9dbc0000,0x9dbc0000,0xa13c0000)
  from space 2560K, 99% used [0xa2040000,0xa22be618,0xa22c0000)
  to   space 2560K, 0% used [0xa1dc0000,0xa1dc0000,0xa2040000)
 ParOldGen       total 89600K, used 39761K [0x73140000, 0x788c0000, 0x9dbc0000)
  object space 89600K, 44% used [0x73140000,0x75814468,0x788c0000)
 PSPermGen       total 16384K, used 3802K [0x6b140000, 0x6c140000, 0x73140000)
  object space 16384K, 23% used [0x6b140000,0x6b4f6930,0x6c140000)
}
Event: 16,096 GC heap before
{Heap before GC invocations=6 (full 1):
 PSYoungGen      total 59904K, used 59897K [0x9dbc0000, 0xa22c0000, 0xb3140000)
  eden space 57344K, 100% used [0x9dbc0000,0xa13c0000,0xa13c0000)
  from space 2560K, 99% used [0xa2040000,0xa22be618,0xa22c0000)
  to   space 2560K, 0% used [0xa1dc0000,0xa1dc0000,0xa2040000)
 ParOldGen       total 89600K, used 39761K [0x73140000, 0x788c0000, 0x9dbc0000)
  object space 89600K, 44% used [0x73140000,0x75814468,0x788c0000)
 PSPermGen       total 16384K, used 3905K [0x6b140000, 0x6c140000, 0x73140000)
  object space 16384K, 23% used [0x6b140000,0x6b5104f8,0x6c140000)

Deoptimization events (10 events):
Event: 8,551 Thread 0xb6207800 Uncommon trap: reason=unreached action=reinterpret pc=0xb325af10 method=com.android.dx.dex.code.OutputFinisher.hasLocalInfo(Lcom/android/dx/dex/code/DalvInsn;)Z @ 53
Event: 8,621 Thread 0xb6207800 Uncommon trap: reason=class_check action=maybe_recompile pc=0xb32ba20c method=com.android.dx.ssa.LiteralOpUpgrader.tryReplacingWithConstant(Lcom/android/dx/ssa/NormalSsaInsn;)Z @ 52
Event: 8,624 Thread 0xb6207800 Uncommon trap: reason=unreached action=reinterpret pc=0xb32e1efc method=com.android.dx.ssa.SsaMethod.updateOneDefinition(Lcom/android/dx/ssa/SsaInsn;Lcom/android/dx/rop/code/RegisterSpec;)V @ 4
Event: 8,627 Thread 0xb6207800 Uncommon trap: reason=class_check action=maybe_recompile pc=0xb32cd36c method=com.android.dx.ssa.SsaBasicBlock.getCountPhiInsns()I @ 23
Event: 8,631 Thread 0xb6207800 Uncommon trap: reason=class_check action=maybe_recompile pc=0xb32de0b4 method=com.android.dx.ssa.SsaBasicBlock.getCountPhiInsns()I @ 23
Event: 8,740 Thread 0xb6207800 Uncommon trap: reason=class_check action=maybe_recompile pc=0xb32c6ed4 method=com.android.dx.ssa.LiteralOpUpgrader.tryReplacingWithConstant(Lcom/android/dx/ssa/NormalSsaInsn;)Z @ 52
Event: 9,211 Thread 0xb6207800 Uncommon trap: reason=class_check action=maybe_recompile pc=0xb325b88c method=com.android.dx.rop.type.Type.equals(Ljava/lang/Object;)Z @ 8
Event: 10,729 Thread 0xb6207800 Uncommon trap: reason=unreached action=reinterpret pc=0xb32fed38 method=com.android.dx.dex.code.OutputFinisher.hasLocalInfo(Lcom/android/dx/dex/code/DalvInsn;)Z @ 53
Event: 11,526 Thread 0xb6207800 Uncommon trap: reason=bimorphic action=maybe_recompile pc=0xb32e5bf8 method=com.android.dx.rop.code.RegisterSpec.equals(ILcom/android/dx/rop/type/TypeBearer;Lcom/android/dx/rop/code/LocalItem;)Z @ 13
Event: 11,559 Thread 0xb6207800 Uncommon trap: reason=unreached action=reinterpret pc=0xb32fc980 method=com.android.dx.dex.code.OutputFinisher.hasLocalInfo(Lcom/android/dx/dex/code/DalvInsn;)Z @ 53

Internal exceptions (10 events):
Event: 8,340 Thread 0xb6207800 Threw 0x9f0c9830 at /build/buildd/openjdk-7-7u79-2.5.5/build/openjdk/hotspot/src/share/vm/prims/jvm.cpp:1284
Event: 8,345 Thread 0xb6207800 Threw 0x9f0cd960 at /build/buildd/openjdk-7-7u79-2.5.5/build/openjdk/hotspot/src/share/vm/prims/jvm.cpp:1284
Event: 8,351 Thread 0xb6207800 Threw 0x9f0d0268 at /build/buildd/openjdk-7-7u79-2.5.5/build/openjdk/hotspot/src/share/vm/prims/jvm.cpp:1284
Event: 8,351 Thread 0xb6207800 Threw 0x9f0d3848 at /build/buildd/openjdk-7-7u79-2.5.5/build/openjdk/hotspot/src/share/vm/prims/jvm.cpp:1284
Event: 8,362 Thread 0xb6207800 Implicit null exception at 0xb32ba6f5 to 0xb32bab3d
Event: 8,362 Thread 0xb6207800 Implicit null exception at 0xb32f60d1 to 0xb32f631d
Event: 8,364 Thread 0xb6207800 Implicit null exception at 0xb32c5be2 to 0xb32c5c1d
Event: 8,383 Thread 0xb6207800 Threw 0x9f10a330 at /build/buildd/openjdk-7-7u79-2.5.5/build/openjdk/hotspot/src/share/vm/prims/jvm.cpp:1284
Event: 8,416 Thread 0xb6207800 Implicit null exception at 0xb32bc01a to 0xb32bc045
Event: 9,175 Thread 0xb6207800 Threw 0x9f3a5c30 at /build/buildd/openjdk-7-7u79-2.5.5/build/openjdk/hotspot/src/share/vm/prims/jvm.cpp:1284

Events (10 events):
Event: 11,526 Thread 0xb6207800 DEOPT UNPACKING pc=0xb322cbc8 sp=0xb644c8e4 mode 2
Event: 11,559 Thread 0xb6207800 Uncommon trap: trap_request=0xffffffad fr.pc=0xb32fc980
Event: 11,559 Thread 0xb6207800 DEOPT PACKING pc=0xb32fc980 sp=0xb644c9b0
Event: 11,559 Thread 0xb6207800 DEOPT UNPACKING pc=0xb322cbc8 sp=0xb644c958 mode 2
Event: 11,599 Thread 0x67a99c00 flushing nmethod 0xb328b788
Event: 12,587 Thread 0x67a99c00 flushing nmethod 0xb32b85c8
Event: 12,592 Thread 0x67a99c00 flushing nmethod 0xb32b8b88
Event: 12,592 Thread 0x67a99c00 flushing nmethod 0xb32bd608
Event: 13,276 Thread 0x67a99c00 flushing nmethod 0xb32ca308
Event: 15,030 Executing VM operation: ParallelGCFailedAllocation


Dynamic libraries:
08048000-08049000 r-xp 00000000 08:15 4344957    /usr/lib/jvm/java-7-openjdk-i386/jre/bin/java
08049000-0804a000 r--p 00000000 08:15 4344957    /usr/lib/jvm/java-7-openjdk-i386/jre/bin/java
0804a000-0804b000 rw-p 00001000 08:15 4344957    /usr/lib/jvm/java-7-openjdk-i386/jre/bin/java
082ae000-08346000 rw-p 00000000 00:00 0          [heap]
65b00000-65bed000 rw-p 00000000 00:00 0 
65bed000-65c00000 ---p 00000000 00:00 0 
65d00000-65dfe000 rw-p 00000000 00:00 0 
65dfe000-65e00000 ---p 00000000 00:00 0 
65e00000-65ecf000 rw-p 00000000 00:00 0 
65ecf000-65f00000 ---p 00000000 00:00 0 
65f00000-65ffb000 rw-p 00000000 00:00 0 
65ffb000-66000000 ---p 00000000 00:00 0 
66000000-660e9000 rw-p 00000000 00:00 0 
660e9000-66100000 ---p 00000000 00:00 0 
66100000-66200000 rw-p 00000000 00:00 0 
66300000-663f6000 rw-p 00000000 00:00 0 
663f6000-66400000 ---p 00000000 00:00 0 
66500000-66600000 rw-p 00000000 00:00 0 
66700000-667a5000 rw-p 00000000 00:00 0 
667a5000-66800000 ---p 00000000 00:00 0 
66800000-668f4000 rw-p 00000000 00:00 0 
668f4000-66900000 ---p 00000000 00:00 0 
66900000-66aff000 rw-p 00000000 00:00 0 
66aff000-66b00000 ---p 00000000 00:00 0 
66b00000-66be7000 rw-p 00000000 00:00 0 
66be7000-66c00000 ---p 00000000 00:00 0 
66c00000-66cf9000 rw-p 00000000 00:00 0 
66cf9000-66d00000 ---p 00000000 00:00 0 
66d00000-66dff000 rw-p 00000000 00:00 0 
66dff000-66e00000 ---p 00000000 00:00 0 
66e1d000-66eb2000 rw-p 00000000 00:00 0 
66eb2000-66f21000 r-xp 00000000 08:15 395196     /lib/i386-linux-gnu/libpcre.so.3.13.1
66f21000-66f22000 r--p 0006e000 08:15 395196     /lib/i386-linux-gnu/libpcre.so.3.13.1
66f22000-66f23000 rw-p 0006f000 08:15 395196     /lib/i386-linux-gnu/libpcre.so.3.13.1
66f23000-67048000 r-xp 00000000 08:15 402133     /lib/i386-linux-gnu/libglib-2.0.so.0.4200.1
67048000-67049000 r--p 00124000 08:15 402133     /lib/i386-linux-gnu/libglib-2.0.so.0.4200.1
67049000-6704a000 rw-p 00125000 08:15 402133     /lib/i386-linux-gnu/libglib-2.0.so.0.4200.1
6704a000-671fb000 r-xp 00000000 08:15 4334232    /usr/lib/i386-linux-gnu/libgio-2.0.so.0.4200.1
671fb000-671fe000 r--p 001b0000 08:15 4334232    /usr/lib/i386-linux-gnu/libgio-2.0.so.0.4200.1
671fe000-671ff000 rw-p 001b3000 08:15 4334232    /usr/lib/i386-linux-gnu/libgio-2.0.so.0.4200.1
671ff000-67200000 rw-p 00000000 00:00 0 
67200000-672c0000 rw-p 00000000 00:00 0 
672c0000-67300000 ---p 00000000 00:00 0 
6732d000-67388000 r-xp 00000000 08:15 4334310    /usr/lib/i386-linux-gnu/libgobject-2.0.so.0.4200.1
67388000-67389000 r--p 0005b000 08:15 4334310    /usr/lib/i386-linux-gnu/libgobject-2.0.so.0.4200.1
67389000-6738a000 rw-p 0005c000 08:15 4334310    /usr/lib/i386-linux-gnu/libgobject-2.0.so.0.4200.1
6738a000-6738b000 ---p 00000000 00:00 0 
6738b000-6745c000 rwxp 00000000 00:00 0          [stack:21373]
6745c000-6745d000 ---p 00000000 00:00 0 
6745d000-674dd000 rwxp 00000000 00:00 0          [stack:21372]
674dd000-674de000 ---p 00000000 00:00 0 
674de000-675af000 rwxp 00000000 00:00 0          [stack:21370]
675af000-677af000 r--p 00000000 08:15 4342535    /usr/lib/locale/locale-archive
677af000-67800000 rwxp 00000000 00:00 0          [stack:21369]
67800000-678ff000 rw-p 00000000 00:00 0 
678ff000-67900000 ---p 00000000 00:00 0 
67900000-67921000 rw-p 00000000 00:00 0 
67921000-67a00000 ---p 00000000 00:00 0 
67a00000-67b00000 rw-p 00000000 00:00 0 
67b4e000-67b4f000 ---p 00000000 00:00 0 
67b4f000-67bcf000 rwxp 00000000 00:00 0          [stack:21367]
67bcf000-67d80000 r--s 01d27000 08:15 4344946    /usr/lib/jvm/java-7-openjdk-i386/jre/lib/rt.jar
67d80000-6a600000 rw-p 00000000 00:00 0 
6a600000-6a6fa000 rw-p 00000000 00:00 0 
6a6fa000-6a700000 ---p 00000000 00:00 0 
6a707000-6a72b000 r-xp 00000000 08:15 395223     /lib/i386-linux-gnu/libselinux.so.1
6a72b000-6a72c000 r--p 00023000 08:15 395223     /lib/i386-linux-gnu/libselinux.so.1
6a72c000-6a72d000 rw-p 00024000 08:15 395223     /lib/i386-linux-gnu/libselinux.so.1
6a72d000-6a72e000 rw-p 00000000 00:00 0 
6a72e000-6a77f000 rwxp 00000000 00:00 0          [stack:21368]
6a77f000-6a780000 ---p 00000000 00:00 0 
6a780000-6a800000 rwxp 00000000 00:00 0          [stack:21366]
6a800000-6a821000 rw-p 00000000 00:00 0 
6a821000-6a900000 ---p 00000000 00:00 0 
6a901000-6a914000 r-xp 00000000 08:15 394264     /lib/i386-linux-gnu/libresolv-2.19.so
6a914000-6a915000 r--p 00013000 08:15 394264     /lib/i386-linux-gnu/libresolv-2.19.so
6a915000-6a916000 rw-p 00014000 08:15 394264     /lib/i386-linux-gnu/libresolv-2.19.so
6a916000-6a918000 rw-p 00000000 00:00 0 
6a936000-6a97f000 rw-p 00000000 00:00 0 
6a97f000-6a980000 ---p 00000000 00:00 0 
6a980000-6aa00000 rwxp 00000000 00:00 0          [stack:21365]
6aa00000-6aa21000 rw-p 00000000 00:00 0 
6aa21000-6ab00000 ---p 00000000 00:00 0 
6ab0c000-6ab22000 r-xp 00000000 08:15 4344900    /usr/lib/jvm/java-7-openjdk-i386/jre/lib/i386/libnet.so
6ab22000-6ab23000 r--p 00015000 08:15 4344900    /usr/lib/jvm/java-7-openjdk-i386/jre/lib/i386/libnet.so
6ab23000-6ab24000 rw-p 00016000 08:15 4344900    /usr/lib/jvm/java-7-openjdk-i386/jre/lib/i386/libnet.so
6ab24000-6ab7f000 rw-p 00000000 00:00 0 
6ab7f000-6ab80000 ---p 00000000 00:00 0 
6ab80000-6ac00000 rwxp 00000000 00:00 0          [stack:21364]
6ac00000-6ac21000 rw-p 00000000 00:00 0 
6ac21000-6ad00000 ---p 00000000 00:00 0 
6ad08000-6ad0e000 r-xp 00000000 08:15 4339480    /usr/lib/i386-linux-gnu/libffi.so.6.0.2
6ad0e000-6ad10000 r--p 00005000 08:15 4339480    /usr/lib/i386-linux-gnu/libffi.so.6.0.2
6ad10000-6ad11000 rw-p 00007000 08:15 4339480    /usr/lib/i386-linux-gnu/libffi.so.6.0.2
6ad11000-6ad14000 r-xp 00000000 08:15 4334231    /usr/lib/i386-linux-gnu/libgmodule-2.0.so.0.4200.1
6ad14000-6ad15000 r--p 00002000 08:15 4334231    /usr/lib/i386-linux-gnu/libgmodule-2.0.so.0.4200.1
6ad15000-6ad16000 rw-p 00003000 08:15 4334231    /usr/lib/i386-linux-gnu/libgmodule-2.0.so.0.4200.1
6ad16000-6ad26000 r-xp 00000000 08:15 4344890    /usr/lib/jvm/java-7-openjdk-i386/jre/lib/i386/libnio.so
6ad26000-6ad27000 r--p 0000f000 08:15 4344890    /usr/lib/jvm/java-7-openjdk-i386/jre/lib/i386/libnio.so
6ad27000-6ad28000 rw-p 00010000 08:15 4344890    /usr/lib/jvm/java-7-openjdk-i386/jre/lib/i386/libnio.so
6ad28000-6ad29000 ---p 00000000 00:00 0 
6ad29000-6ada9000 rwxp 00000000 00:00 0          [stack:21363]
6ada9000-6add5000 rw-p 00000000 00:00 0 
6add5000-6aeff000 rw-p 00000000 00:00 0 
6aeff000-6af07000 rw-p 00000000 00:00 0 
6af07000-6af3f000 rw-p 00000000 00:00 0 
6af3f000-6af6b000 rw-p 00000000 00:00 0 
6af6b000-6b094000 rw-p 00000000 00:00 0 
6b094000-6b0b8000 rw-p 00000000 00:00 0 
6b0b8000-6b13f000 rw-p 00000000 00:00 0 
6b13f000-6c140000 rw-p 00000000 00:00 0 
6c140000-73140000 rw-p 00000000 00:00 0 
73140000-788c0000 rw-p 00000000 00:00 0 
788c0000-9dbc0000 rw-p 00000000 00:00 0 
9dbc0000-a22c0000 rw-p 00000000 00:00 0 
a9080000-b3140000 rw-p 00000000 00:00 0 
b3140000-b3149000 rw-p 00000000 00:00 0 
b3149000-b3200000 rw-p 00000000 00:00 0 
b3200000-b3440000 rwxp 00000000 00:00 0 
b3440000-b6300000 rw-p 00000000 00:00 0 
b6300000-b630b000 r--s 0006d000 08:15 6848752    /home/hugo/AndroidStudioProjects/TP2/app/build/intermediates/exploded-aar/com.google.android.gms/play-services-analytics/7.0.0/jars/classes.jar
b630b000-b631a000 r--s 000dd000 08:15 394489     /home/hugo/Android/Sdk/build-tools/21.1.2/lib/dx.jar
b631a000-b631d000 r--s 00086000 08:15 4344949    /usr/lib/jvm/java-7-openjdk-i386/jre/lib/ext/localedata.jar
b631d000-b6321000 r--s 0003c000 08:15 4344952    /usr/lib/jvm/java-7-openjdk-i386/jre/lib/ext/sunpkcs11.jar
b6321000-b6344000 rw-p 00000000 00:00 0 
b6344000-b637c000 rw-p 00000000 00:00 0 
b637c000-b6387000 r-xp 00000000 08:15 394247     /lib/i386-linux-gnu/libnss_files-2.19.so
b6387000-b6388000 r--p 0000a000 08:15 394247     /lib/i386-linux-gnu/libnss_files-2.19.so
b6388000-b6389000 rw-p 0000b000 08:15 394247     /lib/i386-linux-gnu/libnss_files-2.19.so
b6389000-b6393000 r-xp 00000000 08:15 394091     /lib/i386-linux-gnu/libnss_nis-2.19.so
b6393000-b6394000 r--p 00009000 08:15 394091     /lib/i386-linux-gnu/libnss_nis-2.19.so
b6394000-b6395000 rw-p 0000a000 08:15 394091     /lib/i386-linux-gnu/libnss_nis-2.19.so
b6395000-b63aa000 r-xp 00000000 08:15 394262     /lib/i386-linux-gnu/libnsl-2.19.so
b63aa000-b63ab000 r--p 00015000 08:15 394262     /lib/i386-linux-gnu/libnsl-2.19.so
b63ab000-b63ac000 rw-p 00016000 08:15 394262     /lib/i386-linux-gnu/libnsl-2.19.so
b63ac000-b63ae000 rw-p 00000000 00:00 0 
b63ae000-b63b0000 r--s 00012000 08:15 4344950    /usr/lib/jvm/java-7-openjdk-i386/jre/lib/ext/zipfs.jar
b63b0000-b63b4000 r--s 00034000 08:15 4344951    /usr/lib/jvm/java-7-openjdk-i386/jre/lib/ext/sunjce_provider.jar
b63b4000-b63b6000 r--s 00006000 08:15 4740506    /usr/share/java/java-atk-wrapper.jar
b63b6000-b63b9000 r--s 0000f000 08:15 4344948    /usr/lib/jvm/java-7-openjdk-i386/jre/lib/ext/icedtea-sound.jar
b63b9000-b63ba000 r--s 00002000 08:15 4344947    /usr/lib/jvm/java-7-openjdk-i386/jre/lib/ext/dnsns.jar
b63ba000-b63c2000 r-xp 00000000 08:15 4334369    /usr/lib/jvm/java-7-openjdk-i386/jre/lib/i386/libzip.so
b63c2000-b63c3000 r--p 00007000 08:15 4334369    /usr/lib/jvm/java-7-openjdk-i386/jre/lib/i386/libzip.so
b63c3000-b63c4000 rw-p 00008000 08:15 4334369    /usr/lib/jvm/java-7-openjdk-i386/jre/lib/i386/libzip.so
b63c4000-b63cc000 rw-s 00000000 08:15 5386996    /tmp/hsperfdata_hugo/21358
b63cc000-b63f2000 r-xp 00000000 08:15 4334363    /usr/lib/jvm/java-7-openjdk-i386/jre/lib/i386/libjava.so
b63f2000-b63f3000 r--p 00025000 08:15 4334363    /usr/lib/jvm/java-7-openjdk-i386/jre/lib/i386/libjava.so
b63f3000-b63f4000 rw-p 00026000 08:15 4334363    /usr/lib/jvm/java-7-openjdk-i386/jre/lib/i386/libjava.so
b63f4000-b63fb000 r-xp 00000000 08:15 394246     /lib/i386-linux-gnu/librt-2.19.so
b63fb000-b63fc000 r--p 00006000 08:15 394246     /lib/i386-linux-gnu/librt-2.19.so
b63fc000-b63fd000 rw-p 00007000 08:15 394246     /lib/i386-linux-gnu/librt-2.19.so
b63fd000-b63fe000 ---p 00000000 00:00 0 
b63fe000-b644e000 rwxp 00000000 00:00 0          [stack:21361]
b644e000-b646a000 r-xp 00000000 08:15 395113     /lib/i386-linux-gnu/libgcc_s.so.1
b646a000-b646b000 r--p 0001b000 08:15 395113     /lib/i386-linux-gnu/libgcc_s.so.1
b646b000-b646c000 rw-p 0001c000 08:15 395113     /lib/i386-linux-gnu/libgcc_s.so.1
b646c000-b64b0000 r-xp 00000000 08:15 394263     /lib/i386-linux-gnu/libm-2.19.so
b64b0000-b64b1000 r--p 00043000 08:15 394263     /lib/i386-linux-gnu/libm-2.19.so
b64b1000-b64b2000 rw-p 00044000 08:15 394263     /lib/i386-linux-gnu/libm-2.19.so
b64b2000-b659b000 r-xp 00000000 08:15 4340107    /usr/lib/i386-linux-gnu/libstdc++.so.6.0.20
b659b000-b659f000 r--p 000e9000 08:15 4340107    /usr/lib/i386-linux-gnu/libstdc++.so.6.0.20
b659f000-b65a0000 rw-p 000ed000 08:15 4340107    /usr/lib/i386-linux-gnu/libstdc++.so.6.0.20
b65a0000-b65a7000 rw-p 00000000 00:00 0 
b65a7000-b70ed000 r-xp 00000000 08:15 4344914    /usr/lib/jvm/java-7-openjdk-i386/jre/lib/i386/server/libjvm.so
b70ed000-b7141000 r--p 00b45000 08:15 4344914    /usr/lib/jvm/java-7-openjdk-i386/jre/lib/i386/server/libjvm.so
b7141000-b7155000 rw-p 00b99000 08:15 4344914    /usr/lib/jvm/java-7-openjdk-i386/jre/lib/i386/server/libjvm.so
b7155000-b7574000 rw-p 00000000 00:00 0 
b7574000-b758c000 r-xp 00000000 08:15 395257     /lib/i386-linux-gnu/libz.so.1.2.8
b758c000-b758d000 r--p 00017000 08:15 395257     /lib/i386-linux-gnu/libz.so.1.2.8
b758d000-b758e000 rw-p 00018000 08:15 395257     /lib/i386-linux-gnu/libz.so.1.2.8
b758e000-b75a6000 r-xp 00000000 08:15 394266     /lib/i386-linux-gnu/libpthread-2.19.so
b75a6000-b75a8000 r--p 00017000 08:15 394266     /lib/i386-linux-gnu/libpthread-2.19.so
b75a8000-b75a9000 rw-p 00019000 08:15 394266     /lib/i386-linux-gnu/libpthread-2.19.so
b75a9000-b75ab000 rw-p 00000000 00:00 0 
b75ab000-b75ae000 r-xp 00000000 08:15 394275     /lib/i386-linux-gnu/libdl-2.19.so
b75ae000-b75af000 r--p 00002000 08:15 394275     /lib/i386-linux-gnu/libdl-2.19.so
b75af000-b75b0000 rw-p 00003000 08:15 394275     /lib/i386-linux-gnu/libdl-2.19.so
b75b0000-b7757000 r-xp 00000000 08:15 394269     /lib/i386-linux-gnu/libc-2.19.so
b7757000-b7759000 r--p 001a7000 08:15 394269     /lib/i386-linux-gnu/libc-2.19.so
b7759000-b775a000 rw-p 001a9000 08:15 394269     /lib/i386-linux-gnu/libc-2.19.so
b775a000-b775d000 rw-p 00000000 00:00 0 
b775d000-b775e000 r--p 00855000 08:15 4342535    /usr/lib/locale/locale-archive
b775e000-b775f000 r--p 00859000 08:15 4342535    /usr/lib/locale/locale-archive
b775f000-b7766000 r-xp 00000000 08:15 394270     /lib/i386-linux-gnu/libnss_compat-2.19.so
b7766000-b7767000 r--p 00006000 08:15 394270     /lib/i386-linux-gnu/libnss_compat-2.19.so
b7767000-b7768000 rw-p 00007000 08:15 394270     /lib/i386-linux-gnu/libnss_compat-2.19.so
b7768000-b7769000 rw-p 00000000 00:00 0 
b7769000-b776a000 ---p 00000000 00:00 0 
b776a000-b7778000 r-xp 00000000 08:15 4344904    /usr/lib/jvm/java-7-openjdk-i386/jre/lib/i386/libverify.so
b7778000-b777a000 r--p 0000d000 08:15 4344904    /usr/lib/jvm/java-7-openjdk-i386/jre/lib/i386/libverify.so
b777a000-b777b000 rw-p 0000f000 08:15 4344904    /usr/lib/jvm/java-7-openjdk-i386/jre/lib/i386/libverify.so
b777b000-b7787000 r-xp 00000000 08:15 4344915    /usr/lib/jvm/java-7-openjdk-i386/jre/lib/i386/jli/libjli.so
b7787000-b7788000 r--p 0000b000 08:15 4344915    /usr/lib/jvm/java-7-openjdk-i386/jre/lib/i386/jli/libjli.so
b7788000-b7789000 rw-p 0000c000 08:15 4344915    /usr/lib/jvm/java-7-openjdk-i386/jre/lib/i386/jli/libjli.so
b7789000-b778c000 rw-p 00000000 00:00 0 
b778c000-b778d000 r-xp 00000000 00:00 0          [vdso]
b778d000-b778f000 r--p 00000000 00:00 0          [vvar]
b778f000-b77af000 r-xp 00000000 08:15 394259     /lib/i386-linux-gnu/ld-2.19.so
b77af000-b77b0000 r--p 0001f000 08:15 394259     /lib/i386-linux-gnu/ld-2.19.so
b77b0000-b77b1000 rw-p 00020000 08:15 394259     /lib/i386-linux-gnu/ld-2.19.so
bfe38000-bfe39000 rwxp 00000000 00:00 0 
bfe6b000-bfe8b000 rwxp 00000000 00:00 0          [stack]
bfe8b000-bfe8c000 rw-p 00000000 00:00 0 

VM Arguments:
jvm_args: -Xmx1024M -Dfile.encoding=UTF-8 -Duser.country=US -Duser.language=en -Duser.variant 
java_command: com.android.dx.command.Main --dex --output /home/hugo/AndroidStudioProjects/TP2/app/build/intermediates/pre-dexed/debug/classes-99828b960cc0930a7d1d78c5ce30528826722127.jar /home/hugo/AndroidStudioProjects/TP2/app/build/intermediates/exploded-aar/com.google.android.gms/play-services-analytics/7.0.0/jars/classes.jar
Launcher Type: SUN_STANDARD

Environment Variables:
PATH=/home/hugo/.rvm/gems/ruby-2.1.5/bin:/home/hugo/.rvm/gems/ruby-2.1.5@global/bin:/home/hugo/.rvm/rubies/ruby-2.1.5/bin:/usr/local/sbin:/usr/local/bin:/usr/sbin:/usr/bin:/sbin:/bin:/usr/games:/usr/local/games:/home/hugo/.rvm/bin
USERNAME=hugo
LD_LIBRARY_PATH=/opt/android-studio/bin:
SHELL=/bin/bash
DISPLAY=:0

Signal Handlers:
SIGSEGV: [libjvm.so+0x7ed9a0], sa_mask[0]=0x7ffbfeff, sa_flags=0x10000004
SIGBUS: [libjvm.so+0x7ed9a0], sa_mask[0]=0x7ffbfeff, sa_flags=0x10000004
SIGFPE: [libjvm.so+0x66faf0], sa_mask[0]=0x7ffbfeff, sa_flags=0x10000004
SIGPIPE: [libjvm.so+0x66faf0], sa_mask[0]=0x7ffbfeff, sa_flags=0x10000004
SIGXFSZ: [libjvm.so+0x66faf0], sa_mask[0]=0x7ffbfeff, sa_flags=0x10000004
SIGILL: [libjvm.so+0x66faf0], sa_mask[0]=0x7ffbfeff, sa_flags=0x10000004
SIGUSR1: SIG_DFL, sa_mask[0]=0x00000000, sa_flags=0x00000000
SIGUSR2: [libjvm.so+0x66f940], sa_mask[0]=0x00000004, sa_flags=0x10000004
SIGHUP: [libjvm.so+0x66fba0], sa_mask[0]=0x7ffbfeff, sa_flags=0x10000004
SIGINT: [libjvm.so+0x66fba0], sa_mask[0]=0x7ffbfeff, sa_flags=0x10000004
SIGTERM: [libjvm.so+0x66fba0], sa_mask[0]=0x7ffbfeff, sa_flags=0x10000004
SIGQUIT: [libjvm.so+0x66fba0], sa_mask[0]=0x7ffbfeff, sa_flags=0x10000004
SIGTRAP: SIG_DFL, sa_mask[0]=0x00000000, sa_flags=0x00000000


---------------  S Y S T E M  ---------------

OS:Ubuntu 14.10 (utopic)
uname:Linux 3.16.0-28-generic #38-Ubuntu SMP Fri Dec 12 17:38:37 UTC 2014 i686
libc:glibc 2.19 NPTL 2.19 
rlimit: STACK 8192k, CORE 0k, NPROC 46759, NOFILE 4096, AS infinity
load average:63,14 25,92 11,15

/proc/meminfo:
MemTotal:        6005684 kB
MemFree:         1535796 kB
MemAvailable:    1462572 kB
Buffers:             280 kB
Cached:           403400 kB
SwapCached:            0 kB
Active:          3967428 kB
Inactive:         359572 kB
Active(anon):    3960764 kB
Inactive(anon):   314208 kB
Active(file):       6664 kB
Inactive(file):    45364 kB
Unevictable:         168 kB
Mlocked:             168 kB
HighTotal:       5160892 kB
HighFree:        1188372 kB
LowTotal:         844792 kB
LowFree:          347424 kB
SwapTotal:             0 kB
SwapFree:              0 kB
Dirty:                36 kB
Writeback:             0 kB
AnonPages:       3924224 kB
Mapped:           121612 kB
Shmem:            349824 kB
Slab:              64008 kB
SReclaimable:      35824 kB
SUnreclaim:        28184 kB
KernelStack:        6824 kB
PageTables:        25208 kB
NFS_Unstable:          0 kB
Bounce:             1448 kB
WritebackTmp:          0 kB
CommitLimit:     3002840 kB
Committed_AS:   10120504 kB
VmallocTotal:     122880 kB
VmallocUsed:       18512 kB
VmallocChunk:      48304 kB
AnonHugePages:   2058240 kB
HugePages_Total:       0
HugePages_Free:        0
HugePages_Rsvd:        0
HugePages_Surp:        0
Hugepagesize:       2048 kB
DirectMap4k:       47096 kB
DirectMap2M:      860160 kB


CPU:total 4 (2 cores per cpu, 2 threads per core) family 6 model 58 stepping 9, cmov, cx8, fxsr, mmx, sse, sse2, sse3, ssse3, sse4.1, sse4.2, popcnt, avx, aes, erms, ht, tsc, tscinvbit, tscinv

/proc/cpuinfo:
processor	: 0
vendor_id	: GenuineIntel
cpu family	: 6
model		: 58
model name	: Intel(R) Core(TM) i5-3210M CPU @ 2.50GHz
stepping	: 9
microcode	: 0x12
cpu MHz		: 2900.000
cache size	: 3072 KB
physical id	: 0
siblings	: 4
core id		: 0
cpu cores	: 2
apicid		: 0
initial apicid	: 0
fdiv_bug	: no
f00f_bug	: no
coma_bug	: no
fpu		: yes
fpu_exception	: yes
cpuid level	: 13
wp		: yes
flags		: fpu vme de pse tsc msr pae mce cx8 apic sep mtrr pge mca cmov pat pse36 clflush dts acpi mmx fxsr sse sse2 ss ht tm pbe nx rdtscp lm constant_tsc arch_perfmon pebs bts xtopology nonstop_tsc aperfmperf eagerfpu pni pclmulqdq dtes64 monitor ds_cpl vmx est tm2 ssse3 cx16 xtpr pdcm pcid sse4_1 sse4_2 x2apic popcnt tsc_deadline_timer aes xsave avx f16c rdrand lahf_lm ida arat epb xsaveopt pln pts dtherm tpr_shadow vnmi flexpriority ept vpid fsgsbase smep erms
bogomips	: 4988.65
clflush size	: 64
cache_alignment	: 64
address sizes	: 36 bits physical, 48 bits virtual
power management:

processor	: 1
vendor_id	: GenuineIntel
cpu family	: 6
model		: 58
model name	: Intel(R) Core(TM) i5-3210M CPU @ 2.50GHz
stepping	: 9
microcode	: 0x12
cpu MHz		: 2900.000
cache size	: 3072 KB
physical id	: 0
siblings	: 4
core id		: 0
cpu cores	: 2
apicid		: 1
initial apicid	: 1
fdiv_bug	: no
f00f_bug	: no
coma_bug	: no
fpu		: yes
fpu_exception	: yes
cpuid level	: 13
wp		: yes
flags		: fpu vme de pse tsc msr pae mce cx8 apic sep mtrr pge mca cmov pat pse36 clflush dts acpi mmx fxsr sse sse2 ss ht tm pbe nx rdtscp lm constant_tsc arch_perfmon pebs bts xtopology nonstop_tsc aperfmperf eagerfpu pni pclmulqdq dtes64 monitor ds_cpl vmx est tm2 ssse3 cx16 xtpr pdcm pcid sse4_1 sse4_2 x2apic popcnt tsc_deadline_timer aes xsave avx f16c rdrand lahf_lm ida arat epb xsaveopt pln pts dtherm tpr_shadow vnmi flexpriority ept vpid fsgsbase smep erms
bogomips	: 4988.65
clflush size	: 64
cache_alignment	: 64
address sizes	: 36 bits physical, 48 bits virtual
power management:

processor	: 2
vendor_id	: GenuineIntel
cpu family	: 6
model		: 58
model name	: Intel(R) Core(TM) i5-3210M CPU @ 2.50GHz
stepping	: 9
microcode	: 0x12
cpu MHz		: 2900.000
cache size	: 3072 KB
physical id	: 0
siblings	: 4
core id		: 1
cpu cores	: 2
apicid		: 2
initial apicid	: 2
fdiv_bug	: no
f00f_bug	: no
coma_bug	: no
fpu		: yes
fpu_exception	: yes
cpuid level	: 13
wp		: yes
flags		: fpu vme de pse tsc msr pae mce cx8 apic sep mtrr pge mca cmov pat pse36 clflush dts acpi mmx fxsr sse sse2 ss ht tm pbe nx rdtscp lm constant_tsc arch_perfmon pebs bts xtopology nonstop_tsc aperfmperf eagerfpu pni pclmulqdq dtes64 monitor ds_cpl vmx est tm2 ssse3 cx16 xtpr pdcm pcid sse4_1 sse4_2 x2apic popcnt tsc_deadline_timer aes xsave avx f16c rdrand lahf_lm ida arat epb xsaveopt pln pts dtherm tpr_shadow vnmi flexpriority ept vpid fsgsbase smep erms
bogomips	: 4988.65
clflush size	: 64
cache_alignment	: 64
address sizes	: 36 bits physical, 48 bits virtual
power management:

processor	: 3
vendor_id	: GenuineIntel
cpu family	: 6
model		: 58
model name	: Intel(R) Core(TM) i5-3210M CPU @ 2.50GHz
stepping	: 9
microcode	: 0x12
cpu MHz		: 2900.000
cache size	: 3072 KB
physical id	: 0
siblings	: 4
core id		: 1
cpu cores	: 2
apicid		: 3
initial apicid	: 3
fdiv_bug	: no
f00f_bug	: no
coma_bug	: no
fpu		: yes
fpu_exception	: yes
cpuid level	: 13
wp		: yes
flags		: fpu vme de pse tsc msr pae mce cx8 apic sep mtrr pge mca cmov pat pse36 clflush dts acpi mmx fxsr sse sse2 ss ht tm pbe nx rdtscp lm constant_tsc arch_perfmon pebs bts xtopology nonstop_tsc aperfmperf eagerfpu pni pclmulqdq dtes64 monitor ds_cpl vmx est tm2 ssse3 cx16 xtpr pdcm pcid sse4_1 sse4_2 x2apic popcnt tsc_deadline_timer aes xsave avx f16c rdrand lahf_lm ida arat epb xsaveopt pln pts dtherm tpr_shadow vnmi flexpriority ept vpid fsgsbase smep erms
bogomips	: 4988.65
clflush size	: 64
cache_alignment	: 64
address sizes	: 36 bits physical, 48 bits virtual
power management:



Memory: 4k page, physical 6005684k(1543756k free), swap 0k(0k free)

vm_info: OpenJDK Server VM (24.79-b02) for linux-x86 JRE (1.7.0_79-b14), built on Apr 16 2015 08:35:02 by "buildd" with gcc 4.9.1

time: Mon Jun 15 12:25:56 2015
elapsed time: 103 seconds

