#
# There is insufficient memory for the Java Runtime Environment to continue.
# Native memory allocation (malloc) failed to allocate 84410368 bytes for committing reserved memory.
# Possible reasons:
#   The system is out of physical RAM or swap space
#   In 32 bit mode, the process size limit was hit
# Possible solutions:
#   Reduce memory load on the system
#   Increase physical memory or swap space
#   Check if swap backing store is full
#   Use 64 bit Java on a 64 bit OS
#   Decrease Java heap size (-Xmx/-Xms)
#   Decrease number of Java threads
#   Decrease Java thread stack sizes (-Xss)
#   Set larger code cache with -XX:ReservedCodeCacheSize=
# This output file may be truncated or incomplete.
#
#  Out of Memory Error (os_linux.cpp:2809), pid=27622, tid=1740434240
#
# JRE version: OpenJDK Runtime Environment (7.0_79-b14) (build 1.7.0_79-b14)
# Java VM: OpenJDK Server VM (24.79-b02 mixed mode linux-x86 )
# Derivative: IcedTea 2.5.5
# Distribution: Ubuntu 14.10, package 7u79-2.5.5-0ubuntu0.14.10.2
# Failed to write core dump. Core dumps have been disabled. To enable core dumping, try "ulimit -c unlimited" before starting Java again
#

---------------  T H R E A D  ---------------

Current thread (0x67a88c00):  VMThread [stack: 0x67b4e000,0x67bcf000] [id=27632]

Stack: [0x67b4e000,0x67bcf000]
VM_Operation (0xb6461c34): ParallelGCFailedAllocation, mode: safepoint, requested by thread 0xb6309000


---------------  P R O C E S S  ---------------

Java Threads: ( => current thread )
  0x67aa6000 JavaThread "Service Thread" daemon [_thread_blocked, id=27638, stack(0x6745c000,0x674ad000)]
  0x67aa4000 JavaThread "C2 CompilerThread1" daemon [_thread_blocked, id=27637, stack(0x674ad000,0x6752e000)]
  0x67aa2000 JavaThread "C2 CompilerThread0" daemon [_thread_blocked, id=27636, stack(0x6752e000,0x675af000)]
  0x67aa0800 JavaThread "Signal Dispatcher" daemon [_thread_blocked, id=27635, stack(0x675af000,0x67600000)]
  0x67a8d000 JavaThread "Finalizer" daemon [_thread_blocked, id=27634, stack(0x6a72e000,0x6a77f000)]
  0x67a8b800 JavaThread "Reference Handler" daemon [_thread_blocked, id=27633, stack(0x6a92e000,0x6a97f000)]
  0xb6309000 JavaThread "main" [_thread_blocked, id=27627, stack(0xb6412000,0xb6463000)]

Other Threads:
=>0x67a88c00 VMThread [stack: 0x67b4e000,0x67bcf000] [id=27632]
  0x67aa7c00 WatcherThread [stack: 0x673db000,0x6745c000] [id=27639]

VM state:at safepoint (normal execution)

VM Mutex/Monitor currently owned by a thread:  ([mutex/lock_event])
[0xb63068b0] Threads_lock - owner thread: 0x67a88c00
[0xb6306cc0] Heap_lock - owner thread: 0xb6309000

Heap
 PSYoungGen      total 143872K, used 9206K [0x9dc40000, 0xa7240000, 0xb31c0000)
  eden space 134656K, 0% used [0x9dc40000,0x9dc40000,0xa5fc0000)
  from space 9216K, 99% used [0xa5fc0000,0xa68bdb40,0xa68c0000)
  to   space 8704K, 0% used [0xa68c0000,0xa68c0000,0xa7140000)
 ParOldGen       total 43520K, used 32613K [0x731c0000, 0x75c40000, 0x9dc40000)
  object space 43520K, 74% used [0x731c0000,0x751994b0,0x75c40000)
 PSPermGen       total 16384K, used 4864K [0x6b1c0000, 0x6c1c0000, 0x731c0000)
  object space 16384K, 29% used [0x6b1c0000,0x6b680268,0x6c1c0000)

Card table byte_map: [0x6af7f000,0x6b1c0000] byte_map_base: 0x6ac26200

Polling page: 0xb777e000

Code Cache  [0xb3288000, 0xb34c8000, 0xb6288000)
 total_blobs=804 nmethods=671 adapters=86 free_code_cache=47634Kb largest_free_block=48749312

Compilation events (10 events):
Event: 3,850 Thread 0x67aa4000  676             com.android.dx.io.instructions.InstructionCodec$9::decode (37 bytes)
Event: 3,850 Thread 0x67aa2000  677             com.android.dx.io.instructions.InstructionCodec$9::encode (22 bytes)
Event: 3,852 Thread 0x67aa2000 nmethod 677 0xb3403188 code [0xb34032a0, 0xb3403450]
Event: 3,852 Thread 0x67aa2000  678             com.android.dx.io.instructions.DecodedInstruction::getBUnit (46 bytes)
Event: 3,852 Thread 0x67aa4000 nmethod 676 0xb3402d88 code [0xb3402ea0, 0xb3403030]
Event: 3,853 Thread 0x67aa2000 nmethod 678 0xb33ca448 code [0xb33ca540, 0xb33ca5d0]
Event: 3,997 Thread 0x67aa2000  680             com.android.dx.io.instructions.InstructionCodec::unit0 (3 bytes)
Event: 3,998 Thread 0x67aa2000 nmethod 680 0xb3391e48 code [0xb3391f20, 0xb3391f50]
Event: 3,998 Thread 0x67aa2000  681             com.android.dx.io.instructions.InstructionCodec::access$800 (5 bytes)
Event: 3,997 Thread 0x67aa4000  679             com.android.dx.io.instructions.InstructionCodec::access$700 (5 bytes)

GC Heap History (10 events):
Event: 2,331 GC heap after
Heap after GC invocations=4 (full 0):
 PSYoungGen      total 36352K, used 2554K [0x9dc40000, 0xa0240000, 0xb31c0000)
  eden space 33792K, 0% used [0x9dc40000,0x9dc40000,0x9fd40000)
  from space 2560K, 99% used [0x9ffc0000,0xa023eac8,0xa0240000)
  to   space 2560K, 0% used [0x9fd40000,0x9fd40000,0x9ffc0000)
 ParOldGen       total 43520K, used 16040K [0x731c0000, 0x75c40000, 0x9dc40000)
  object space 43520K, 36% used [0x731c0000,0x7416a110,0x75c40000)
 PSPermGen       total 16384K, used 4746K [0x6b1c0000, 0x6c1c0000, 0x731c0000)
  object space 16384K, 28% used [0x6b1c0000,0x6b6628c8,0x6c1c0000)
}
Event: 2,719 GC heap before
{Heap before GC invocations=5 (full 0):
 PSYoungGen      total 36352K, used 36346K [0x9dc40000, 0xa0240000, 0xb31c0000)
  eden space 33792K, 100% used [0x9dc40000,0x9fd40000,0x9fd40000)
  from space 2560K, 99% used [0x9ffc0000,0xa023eac8,0xa0240000)
  to   space 2560K, 0% used [0x9fd40000,0x9fd40000,0x9ffc0000)
 ParOldGen       total 43520K, used 16040K [0x731c0000, 0x75c40000, 0x9dc40000)
  object space 43520K, 36% used [0x731c0000,0x7416a110,0x75c40000)
 PSPermGen       total 16384K, used 4781K [0x6b1c0000, 0x6c1c0000, 0x731c0000)
  object space 16384K, 29% used [0x6b1c0000,0x6b66b650,0x6c1c0000)
Event: 2,746 GC heap after
Heap after GC invocations=5 (full 0):
 PSYoungGen      total 36352K, used 2550K [0x9dc40000, 0xa2f40000, 0xb31c0000)
  eden space 33792K, 0% used [0x9dc40000,0x9dc40000,0x9fd40000)
  from space 2560K, 99% used [0x9fd40000,0x9ffbdaf8,0x9ffc0000)
  to   space 8704K, 0% used [0xa26c0000,0xa26c0000,0xa2f40000)
 ParOldGen       total 43520K, used 19380K [0x731c0000, 0x75c40000, 0x9dc40000)
  object space 43520K, 44% used [0x731c0000,0x744ad298,0x75c40000)
 PSPermGen       total 16384K, used 4781K [0x6b1c0000, 0x6c1c0000, 0x731c0000)
  object space 16384K, 29% used [0x6b1c0000,0x6b66b650,0x6c1c0000)
}
Event: 3,022 GC heap before
{Heap before GC invocations=6 (full 0):
 PSYoungGen      total 36352K, used 36342K [0x9dc40000, 0xa2f40000, 0xb31c0000)
  eden space 33792K, 100% used [0x9dc40000,0x9fd40000,0x9fd40000)
  from space 2560K, 99% used [0x9fd40000,0x9ffbdaf8,0x9ffc0000)
  to   space 8704K, 0% used [0xa26c0000,0xa26c0000,0xa2f40000)
 ParOldGen       total 43520K, used 19380K [0x731c0000, 0x75c40000, 0x9dc40000)
  object space 43520K, 44% used [0x731c0000,0x744ad298,0x75c40000)
 PSPermGen       total 16384K, used 4788K [0x6b1c0000, 0x6c1c0000, 0x731c0000)
  object space 16384K, 29% used [0x6b1c0000,0x6b66d3e8,0x6c1c0000)
Event: 3,092 GC heap after
Heap after GC invocations=6 (full 0):
 PSYoungGen      total 75776K, used 5633K [0x9dc40000, 0xa2ec0000, 0xb31c0000)
  eden space 67584K, 0% used [0x9dc40000,0x9dc40000,0xa1e40000)
  from space 8192K, 68% used [0xa26c0000,0xa2c40538,0xa2ec0000)
  to   space 8448K, 0% used [0xa1e40000,0xa1e40000,0xa2680000)
 ParOldGen       total 43520K, used 19380K [0x731c0000, 0x75c40000, 0x9dc40000)
  object space 43520K, 44% used [0x731c0000,0x744ad298,0x75c40000)
 PSPermGen       total 16384K, used 4788K [0x6b1c0000, 0x6c1c0000, 0x731c0000)
  object space 16384K, 29% used [0x6b1c0000,0x6b66d3e8,0x6c1c0000)
}
Event: 3,423 GC heap before
{Heap before GC invocations=7 (full 0):
 PSYoungGen      total 75776K, used 73217K [0x9dc40000, 0xa2ec0000, 0xb31c0000)
  eden space 67584K, 100% used [0x9dc40000,0xa1e40000,0xa1e40000)
  from space 8192K, 68% used [0xa26c0000,0xa2c40538,0xa2ec0000)
  to   space 8448K, 0% used [0xa1e40000,0xa1e40000,0xa2680000)
 ParOldGen       total 43520K, used 19380K [0x731c0000, 0x75c40000, 0x9dc40000)
  object space 43520K, 44% used [0x731c0000,0x744ad298,0x75c40000)
 PSPermGen       total 16384K, used 4857K [0x6b1c0000, 0x6c1c0000, 0x731c0000)
  object space 16384K, 29% used [0x6b1c0000,0x6b67e590,0x6c1c0000)
Event: 3,442 GC heap after
Heap after GC invocations=7 (full 0):
 PSYoungGen      total 76032K, used 7505K [0x9dc40000, 0xa7140000, 0xb31c0000)
  eden space 67584K, 0% used [0x9dc40000,0x9dc40000,0xa1e40000)
  from space 8448K, 88% used [0xa1e40000,0xa25947e8,0xa2680000)
  to   space 8704K, 0% used [0xa68c0000,0xa68c0000,0xa7140000)
 ParOldGen       total 43520K, used 23137K [0x731c0000, 0x75c40000, 0x9dc40000)
  object space 43520K, 53% used [0x731c0000,0x74858650,0x75c40000)
 PSPermGen       total 16384K, used 4857K [0x6b1c0000, 0x6c1c0000, 0x731c0000)
  object space 16384K, 29% used [0x6b1c0000,0x6b67e590,0x6c1c0000)
}
Event: 3,654 GC heap before
{Heap before GC invocations=8 (full 0):
 PSYoungGen      total 76032K, used 75089K [0x9dc40000, 0xa7140000, 0xb31c0000)
  eden space 67584K, 100% used [0x9dc40000,0xa1e40000,0xa1e40000)
  from space 8448K, 88% used [0xa1e40000,0xa25947e8,0xa2680000)
  to   space 8704K, 0% used [0xa68c0000,0xa68c0000,0xa7140000)
 ParOldGen       total 43520K, used 23137K [0x731c0000, 0x75c40000, 0x9dc40000)
  object space 43520K, 53% used [0x731c0000,0x74858650,0x75c40000)
 PSPermGen       total 16384K, used 4858K [0x6b1c0000, 0x6c1c0000, 0x731c0000)
  object space 16384K, 29% used [0x6b1c0000,0x6b67e838,0x6c1c0000)
Event: 3,670 GC heap after
Heap after GC invocations=8 (full 0):
 PSYoungGen      total 143360K, used 8071K [0x9dc40000, 0xa7240000, 0xb31c0000)
  eden space 134656K, 0% used [0x9dc40000,0x9dc40000,0xa5fc0000)
  from space 8704K, 92% used [0xa68c0000,0xa70a1f18,0xa7140000)
  to   space 9216K, 0% used [0xa5fc0000,0xa5fc0000,0xa68c0000)
 ParOldGen       total 43520K, used 31998K [0x731c0000, 0x75c40000, 0x9dc40000)
  object space 43520K, 73% used [0x731c0000,0x750ff8b8,0x75c40000)
 PSPermGen       total 16384K, used 4858K [0x6b1c0000, 0x6c1c0000, 0x731c0000)
  object space 16384K, 29% used [0x6b1c0000,0x6b67e838,0x6c1c0000)
}
Event: 3,998 GC heap before
{Heap before GC invocations=9 (full 0):
 PSYoungGen      total 143360K, used 142727K [0x9dc40000, 0xa7240000, 0xb31c0000)
  eden space 134656K, 100% used [0x9dc40000,0xa5fc0000,0xa5fc0000)
  from space 8704K, 92% used [0xa68c0000,0xa70a1f18,0xa7140000)
  to   space 9216K, 0% used [0xa5fc0000,0xa5fc0000,0xa68c0000)
 ParOldGen       total 43520K, used 31998K [0x731c0000, 0x75c40000, 0x9dc40000)
  object space 43520K, 73% used [0x731c0000,0x750ff8b8,0x75c40000)
 PSPermGen       total 16384K, used 4864K [0x6b1c0000, 0x6c1c0000, 0x731c0000)
  object space 16384K, 29% used [0x6b1c0000,0x6b680268,0x6c1c0000)

Deoptimization events (10 events):
Event: 2,922 Thread 0xb6309000 Uncommon trap: reason=array_check action=maybe_recompile pc=0xb33a4354 method=java.util.ComparableTimSort.binarySort([Ljava/lang/Object;III)V @ 193
Event: 2,953 Thread 0xb6309000 Uncommon trap: reason=predicate action=maybe_recompile pc=0xb33a659c method=java.util.TimSort.binarySort([Ljava/lang/Object;IIILjava/util/Comparator;)V @ 37
Event: 3,195 Thread 0xb6309000 Uncommon trap: reason=array_check action=maybe_recompile pc=0xb3386de8 method=java.util.ComparableTimSort.binarySort([Ljava/lang/Object;III)V @ 183
Event: 3,211 Thread 0xb6309000 Uncommon trap: reason=array_check action=maybe_recompile pc=0xb33c4994 method=java.util.TimSort.binarySort([Ljava/lang/Object;IIILjava/util/Comparator;)V @ 193
Event: 3,211 Thread 0xb6309000 Uncommon trap: reason=array_check action=maybe_recompile pc=0xb33c4994 method=java.util.TimSort.binarySort([Ljava/lang/Object;IIILjava/util/Comparator;)V @ 193
Event: 3,211 Thread 0xb6309000 Uncommon trap: reason=array_check action=maybe_recompile pc=0xb33c4994 method=java.util.TimSort.binarySort([Ljava/lang/Object;IIILjava/util/Comparator;)V @ 193
Event: 3,211 Thread 0xb6309000 Uncommon trap: reason=array_check action=maybe_recompile pc=0xb33c4a0c method=java.util.TimSort.binarySort([Ljava/lang/Object;IIILjava/util/Comparator;)V @ 183
Event: 3,211 Thread 0xb6309000 Uncommon trap: reason=array_check action=maybe_recompile pc=0xb33c48f4 method=java.util.TimSort.binarySort([Ljava/lang/Object;IIILjava/util/Comparator;)V @ 215
Event: 3,212 Thread 0xb6309000 Uncommon trap: reason=array_check action=maybe_recompile pc=0xb33c4a0c method=java.util.TimSort.binarySort([Ljava/lang/Object;IIILjava/util/Comparator;)V @ 183
Event: 3,407 Thread 0xb6309000 Uncommon trap: reason=array_check action=maybe_recompile pc=0xb3386de8 method=java.util.ComparableTimSort.binarySort([Ljava/lang/Object;III)V @ 183

Internal exceptions (10 events):
Event: 1,976 Thread 0xb6309000 Threw 0x9ddae7e0 at /build/buildd/openjdk-7-7u79-2.5.5/build/openjdk/hotspot/src/share/vm/prims/jvm.cpp:1284
Event: 1,976 Thread 0xb6309000 Threw 0x9ddb2310 at /build/buildd/openjdk-7-7u79-2.5.5/build/openjdk/hotspot/src/share/vm/prims/jvm.cpp:1284
Event: 1,976 Thread 0xb6309000 Threw 0x9ddb5f90 at /build/buildd/openjdk-7-7u79-2.5.5/build/openjdk/hotspot/src/share/vm/prims/jvm.cpp:1284
Event: 1,977 Thread 0xb6309000 Threw 0x9ddbbbf8 at /build/buildd/openjdk-7-7u79-2.5.5/build/openjdk/hotspot/src/share/vm/prims/jvm.cpp:1284
Event: 1,977 Thread 0xb6309000 Threw 0x9ddbf538 at /build/buildd/openjdk-7-7u79-2.5.5/build/openjdk/hotspot/src/share/vm/prims/jvm.cpp:1284
Event: 1,978 Thread 0xb6309000 Threw 0x9ddc3048 at /build/buildd/openjdk-7-7u79-2.5.5/build/openjdk/hotspot/src/share/vm/prims/jvm.cpp:1284
Event: 1,978 Thread 0xb6309000 Threw 0x9ddc6890 at /build/buildd/openjdk-7-7u79-2.5.5/build/openjdk/hotspot/src/share/vm/prims/jvm.cpp:1284
Event: 1,980 Thread 0xb6309000 Threw 0x9ddcd708 at /build/buildd/openjdk-7-7u79-2.5.5/build/openjdk/hotspot/src/share/vm/prims/jvm.cpp:1284
Event: 1,980 Thread 0xb6309000 Threw 0x9ddd00a0 at /build/buildd/openjdk-7-7u79-2.5.5/build/openjdk/hotspot/src/share/vm/prims/jvm.cpp:1284
Event: 2,406 Thread 0xb6309000 Threw 0x9e10d070 at /build/buildd/openjdk-7-7u79-2.5.5/build/openjdk/hotspot/src/share/vm/prims/jvm.cpp:1284

Events (10 events):
Event: 3,407 Thread 0xb6309000 DEOPT PACKING pc=0xb3386de8 sp=0xb6461d60
Event: 3,407 Thread 0xb6309000 DEOPT UNPACKING pc=0xb32b4bc8 sp=0xb6461d5c mode 2
Event: 3,422 Executing VM operation: ParallelGCFailedAllocation
Event: 3,442 Executing VM operation: ParallelGCFailedAllocation done
Event: 3,521 Thread 0x67aa2000 flushing nmethod 0xb3353b08
Event: 3,532 Thread 0x67aa4000 flushing nmethod 0xb336b908
Event: 3,653 Executing VM operation: ParallelGCFailedAllocation
Event: 3,670 Executing VM operation: ParallelGCFailedAllocation done
Event: 3,702 Thread 0x67aa2000 flushing nmethod 0xb3397848
Event: 3,998 Executing VM operation: ParallelGCFailedAllocation


Dynamic libraries:
08048000-08049000 r-xp 00000000 08:15 4344957    /usr/lib/jvm/java-7-openjdk-i386/jre/bin/java
08049000-0804a000 r--p 00000000 08:15 4344957    /usr/lib/jvm/java-7-openjdk-i386/jre/bin/java
0804a000-0804b000 rw-p 00001000 08:15 4344957    /usr/lib/jvm/java-7-openjdk-i386/jre/bin/java
09403000-09424000 rw-p 00000000 00:00 0          [heap]
66800000-66900000 rw-p 00000000 00:00 0 
66a00000-66afe000 rw-p 00000000 00:00 0 
66afe000-66b00000 ---p 00000000 00:00 0 
66b23000-66c48000 r-xp 00000000 08:15 402133     /lib/i386-linux-gnu/libglib-2.0.so.0.4200.1
66c48000-66c49000 r--p 00124000 08:15 402133     /lib/i386-linux-gnu/libglib-2.0.so.0.4200.1
66c49000-66c4a000 rw-p 00125000 08:15 402133     /lib/i386-linux-gnu/libglib-2.0.so.0.4200.1
66c4a000-66dfb000 r-xp 00000000 08:15 4334232    /usr/lib/i386-linux-gnu/libgio-2.0.so.0.4200.1
66dfb000-66dfe000 r--p 001b0000 08:15 4334232    /usr/lib/i386-linux-gnu/libgio-2.0.so.0.4200.1
66dfe000-66dff000 rw-p 001b3000 08:15 4334232    /usr/lib/i386-linux-gnu/libgio-2.0.so.0.4200.1
66dff000-66e00000 rw-p 00000000 00:00 0 
66e00000-66ef9000 rw-p 00000000 00:00 0 
66ef9000-66f00000 ---p 00000000 00:00 0 
66f00000-66fff000 rw-p 00000000 00:00 0 
66fff000-67000000 ---p 00000000 00:00 0 
67000000-670e7000 rw-p 00000000 00:00 0 
670e7000-67100000 ---p 00000000 00:00 0 
67100000-671f3000 rw-p 00000000 00:00 0 
671f3000-67200000 ---p 00000000 00:00 0 
67200000-672f6000 rw-p 00000000 00:00 0 
672f6000-67300000 ---p 00000000 00:00 0 
6730d000-6737c000 r-xp 00000000 08:15 395196     /lib/i386-linux-gnu/libpcre.so.3.13.1
6737c000-6737d000 r--p 0006e000 08:15 395196     /lib/i386-linux-gnu/libpcre.so.3.13.1
6737d000-6737e000 rw-p 0006f000 08:15 395196     /lib/i386-linux-gnu/libpcre.so.3.13.1
6737e000-673d9000 r-xp 00000000 08:15 4334310    /usr/lib/i386-linux-gnu/libgobject-2.0.so.0.4200.1
673d9000-673da000 r--p 0005b000 08:15 4334310    /usr/lib/i386-linux-gnu/libgobject-2.0.so.0.4200.1
673da000-673db000 rw-p 0005c000 08:15 4334310    /usr/lib/i386-linux-gnu/libgobject-2.0.so.0.4200.1
673db000-673dc000 ---p 00000000 00:00 0 
673dc000-674ad000 rwxp 00000000 00:00 0          [stack:27638]
674ad000-674ae000 ---p 00000000 00:00 0 
674ae000-6752e000 rwxp 00000000 00:00 0          [stack:27637]
6752e000-6752f000 ---p 00000000 00:00 0 
6752f000-67600000 rwxp 00000000 00:00 0          [stack:27635]
67600000-67800000 r--p 00000000 08:15 4342535    /usr/lib/locale/locale-archive
67800000-678fc000 rw-p 00000000 00:00 0 
678fc000-67900000 ---p 00000000 00:00 0 
67900000-67921000 rw-p 00000000 00:00 0 
67921000-67a00000 ---p 00000000 00:00 0 
67a00000-67afd000 rw-p 00000000 00:00 0 
67afd000-67b00000 ---p 00000000 00:00 0 
67b10000-67b23000 r-xp 00000000 08:15 394264     /lib/i386-linux-gnu/libresolv-2.19.so
67b23000-67b24000 r--p 00013000 08:15 394264     /lib/i386-linux-gnu/libresolv-2.19.so
67b24000-67b25000 rw-p 00014000 08:15 394264     /lib/i386-linux-gnu/libresolv-2.19.so
67b25000-67b27000 rw-p 00000000 00:00 0 
67b27000-67b4b000 r-xp 00000000 08:15 395223     /lib/i386-linux-gnu/libselinux.so.1
67b4b000-67b4c000 r--p 00023000 08:15 395223     /lib/i386-linux-gnu/libselinux.so.1
67b4c000-67b4d000 rw-p 00024000 08:15 395223     /lib/i386-linux-gnu/libselinux.so.1
67b4d000-67b4e000 rw-p 00000000 00:00 0 
67b4e000-67b4f000 ---p 00000000 00:00 0 
67b4f000-67bcf000 rwxp 00000000 00:00 0          [stack:27632]
67bcf000-67d80000 r--s 01d27000 08:15 4344946    /usr/lib/jvm/java-7-openjdk-i386/jre/lib/rt.jar
67d80000-6a600000 rw-p 00000000 00:00 0 
6a600000-6a6fd000 rw-p 00000000 00:00 0 
6a6fd000-6a700000 ---p 00000000 00:00 0 
6a72e000-6a77f000 rwxp 00000000 00:00 0          [stack:27634]
6a77f000-6a780000 ---p 00000000 00:00 0 
6a780000-6a800000 rwxp 00000000 00:00 0          [stack:27631]
6a800000-6a821000 rw-p 00000000 00:00 0 
6a821000-6a900000 ---p 00000000 00:00 0 
6a908000-6a90d000 r--s 0004d000 08:15 4344930    /usr/lib/jvm/java-7-openjdk-i386/jre/lib/jsse.jar
6a90d000-6a913000 r-xp 00000000 08:15 4339480    /usr/lib/i386-linux-gnu/libffi.so.6.0.2
6a913000-6a915000 r--p 00005000 08:15 4339480    /usr/lib/i386-linux-gnu/libffi.so.6.0.2
6a915000-6a916000 rw-p 00007000 08:15 4339480    /usr/lib/i386-linux-gnu/libffi.so.6.0.2
6a916000-6a92c000 r-xp 00000000 08:15 4344900    /usr/lib/jvm/java-7-openjdk-i386/jre/lib/i386/libnet.so
6a92c000-6a92d000 r--p 00015000 08:15 4344900    /usr/lib/jvm/java-7-openjdk-i386/jre/lib/i386/libnet.so
6a92d000-6a92e000 rw-p 00016000 08:15 4344900    /usr/lib/jvm/java-7-openjdk-i386/jre/lib/i386/libnet.so
6a92e000-6a97f000 rwxp 00000000 00:00 0          [stack:27633]
6a97f000-6a980000 ---p 00000000 00:00 0 
6a980000-6aa00000 rwxp 00000000 00:00 0          [stack:27630]
6aa00000-6aa21000 rw-p 00000000 00:00 0 
6aa21000-6ab00000 ---p 00000000 00:00 0 
6ab03000-6ab13000 r-xp 00000000 08:15 4344890    /usr/lib/jvm/java-7-openjdk-i386/jre/lib/i386/libnio.so
6ab13000-6ab14000 r--p 0000f000 08:15 4344890    /usr/lib/jvm/java-7-openjdk-i386/jre/lib/i386/libnio.so
6ab14000-6ab15000 rw-p 00010000 08:15 4344890    /usr/lib/jvm/java-7-openjdk-i386/jre/lib/i386/libnio.so
6ab15000-6ab24000 r--s 000dd000 08:15 394489     /home/hugo/Android/Sdk/build-tools/21.1.2/lib/dx.jar
6ab24000-6ab7f000 rw-p 00000000 00:00 0 
6ab7f000-6ab80000 ---p 00000000 00:00 0 
6ab80000-6ac00000 rwxp 00000000 00:00 0          [stack:27629]
6ac00000-6ac21000 rw-p 00000000 00:00 0 
6ac21000-6ad00000 ---p 00000000 00:00 0 
6ad04000-6ad68000 rw-p 00000000 00:00 0 
6ad68000-6ad69000 ---p 00000000 00:00 0 
6ad69000-6ade9000 rwxp 00000000 00:00 0          [stack:27628]
6ade9000-6adf1000 rw-p 00000000 00:00 0 
6adf1000-6ae29000 rw-p 00000000 00:00 0 
6ae29000-6ae3f000 rw-p 00000000 00:00 0 
6ae3f000-6af7f000 rw-p 00000000 00:00 0 
6af7f000-6af87000 rw-p 00000000 00:00 0 
6af87000-6afbf000 rw-p 00000000 00:00 0 
6afbf000-6afd5000 rw-p 00000000 00:00 0 
6afd5000-6b114000 rw-p 00000000 00:00 0 
6b114000-6b160000 rw-p 00000000 00:00 0 
6b160000-6b1bf000 rw-p 00000000 00:00 0 
6b1bf000-6c1c0000 rw-p 00000000 00:00 0 
6c1c0000-731c0000 rw-p 00000000 00:00 0 
731c0000-75c40000 rw-p 00000000 00:00 0 
75c40000-9dc40000 rw-p 00000000 00:00 0 
9dc40000-a7240000 rw-p 00000000 00:00 0 
ac2c0000-b31c0000 rw-p 00000000 00:00 0 
b31c3000-b31c6000 r-xp 00000000 08:15 4334231    /usr/lib/i386-linux-gnu/libgmodule-2.0.so.0.4200.1
b31c6000-b31c7000 r--p 00002000 08:15 4334231    /usr/lib/i386-linux-gnu/libgmodule-2.0.so.0.4200.1
b31c7000-b31c8000 rw-p 00003000 08:15 4334231    /usr/lib/i386-linux-gnu/libgmodule-2.0.so.0.4200.1
b31c8000-b31d1000 rw-p 00000000 00:00 0 
b31d1000-b3288000 rw-p 00000000 00:00 0 
b3288000-b34c8000 rwxp 00000000 00:00 0 
b34c8000-b6288000 rw-p 00000000 00:00 0 
b6288000-b6293000 r-xp 00000000 08:15 394247     /lib/i386-linux-gnu/libnss_files-2.19.so
b6293000-b6294000 r--p 0000a000 08:15 394247     /lib/i386-linux-gnu/libnss_files-2.19.so
b6294000-b6295000 rw-p 0000b000 08:15 394247     /lib/i386-linux-gnu/libnss_files-2.19.so
b6295000-b629f000 r-xp 00000000 08:15 394091     /lib/i386-linux-gnu/libnss_nis-2.19.so
b629f000-b62a0000 r--p 00009000 08:15 394091     /lib/i386-linux-gnu/libnss_nis-2.19.so
b62a0000-b62a1000 rw-p 0000a000 08:15 394091     /lib/i386-linux-gnu/libnss_nis-2.19.so
b62a1000-b62b6000 r-xp 00000000 08:15 394262     /lib/i386-linux-gnu/libnsl-2.19.so
b62b6000-b62b7000 r--p 00015000 08:15 394262     /lib/i386-linux-gnu/libnsl-2.19.so
b62b7000-b62b8000 rw-p 00016000 08:15 394262     /lib/i386-linux-gnu/libnsl-2.19.so
b62b8000-b62ba000 rw-p 00000000 00:00 0 
b62bc000-b62be000 r--s 00012000 08:15 4344950    /usr/lib/jvm/java-7-openjdk-i386/jre/lib/ext/zipfs.jar
b62be000-b62c1000 r--s 00086000 08:15 4344949    /usr/lib/jvm/java-7-openjdk-i386/jre/lib/ext/localedata.jar
b62c1000-b62c5000 r--s 0003c000 08:15 4344952    /usr/lib/jvm/java-7-openjdk-i386/jre/lib/ext/sunpkcs11.jar
b62c5000-b62c9000 r--s 00034000 08:15 4344951    /usr/lib/jvm/java-7-openjdk-i386/jre/lib/ext/sunjce_provider.jar
b62c9000-b62cb000 r--s 00006000 08:15 4740506    /usr/share/java/java-atk-wrapper.jar
b62cb000-b62ce000 r--s 0000f000 08:15 4344948    /usr/lib/jvm/java-7-openjdk-i386/jre/lib/ext/icedtea-sound.jar
b62ce000-b62d6000 r-xp 00000000 08:15 4334369    /usr/lib/jvm/java-7-openjdk-i386/jre/lib/i386/libzip.so
b62d6000-b62d7000 r--p 00007000 08:15 4334369    /usr/lib/jvm/java-7-openjdk-i386/jre/lib/i386/libzip.so
b62d7000-b62d8000 rw-p 00008000 08:15 4334369    /usr/lib/jvm/java-7-openjdk-i386/jre/lib/i386/libzip.so
b62d8000-b62fe000 r-xp 00000000 08:15 4334363    /usr/lib/jvm/java-7-openjdk-i386/jre/lib/i386/libjava.so
b62fe000-b62ff000 r--p 00025000 08:15 4334363    /usr/lib/jvm/java-7-openjdk-i386/jre/lib/i386/libjava.so
b62ff000-b6300000 rw-p 00026000 08:15 4334363    /usr/lib/jvm/java-7-openjdk-i386/jre/lib/i386/libjava.so
b6300000-b63f9000 rw-p 00000000 00:00 0 
b63f9000-b6400000 ---p 00000000 00:00 0 
b6400000-b6401000 r--s 00002000 08:15 4344947    /usr/lib/jvm/java-7-openjdk-i386/jre/lib/ext/dnsns.jar
b6401000-b6409000 rw-s 00000000 08:15 5387007    /tmp/hsperfdata_hugo/27622
b6409000-b6410000 r-xp 00000000 08:15 394246     /lib/i386-linux-gnu/librt-2.19.so
b6410000-b6411000 r--p 00006000 08:15 394246     /lib/i386-linux-gnu/librt-2.19.so
b6411000-b6412000 rw-p 00007000 08:15 394246     /lib/i386-linux-gnu/librt-2.19.so
b6412000-b6413000 ---p 00000000 00:00 0 
b6413000-b6463000 rwxp 00000000 00:00 0          [stack:27627]
b6463000-b647f000 r-xp 00000000 08:15 395113     /lib/i386-linux-gnu/libgcc_s.so.1
b647f000-b6480000 r--p 0001b000 08:15 395113     /lib/i386-linux-gnu/libgcc_s.so.1
b6480000-b6481000 rw-p 0001c000 08:15 395113     /lib/i386-linux-gnu/libgcc_s.so.1
b6481000-b64c5000 r-xp 00000000 08:15 394263     /lib/i386-linux-gnu/libm-2.19.so
b64c5000-b64c6000 r--p 00043000 08:15 394263     /lib/i386-linux-gnu/libm-2.19.so
b64c6000-b64c7000 rw-p 00044000 08:15 394263     /lib/i386-linux-gnu/libm-2.19.so
b64c7000-b65b0000 r-xp 00000000 08:15 4340107    /usr/lib/i386-linux-gnu/libstdc++.so.6.0.20
b65b0000-b65b4000 r--p 000e9000 08:15 4340107    /usr/lib/i386-linux-gnu/libstdc++.so.6.0.20
b65b4000-b65b5000 rw-p 000ed000 08:15 4340107    /usr/lib/i386-linux-gnu/libstdc++.so.6.0.20
b65b5000-b65bc000 rw-p 00000000 00:00 0 
b65bc000-b7102000 r-xp 00000000 08:15 4344914    /usr/lib/jvm/java-7-openjdk-i386/jre/lib/i386/server/libjvm.so
b7102000-b7156000 r--p 00b45000 08:15 4344914    /usr/lib/jvm/java-7-openjdk-i386/jre/lib/i386/server/libjvm.so
b7156000-b716a000 rw-p 00b99000 08:15 4344914    /usr/lib/jvm/java-7-openjdk-i386/jre/lib/i386/server/libjvm.so
b716a000-b7589000 rw-p 00000000 00:00 0 
b7589000-b75a1000 r-xp 00000000 08:15 395257     /lib/i386-linux-gnu/libz.so.1.2.8
b75a1000-b75a2000 r--p 00017000 08:15 395257     /lib/i386-linux-gnu/libz.so.1.2.8
b75a2000-b75a3000 rw-p 00018000 08:15 395257     /lib/i386-linux-gnu/libz.so.1.2.8
b75a3000-b75bb000 r-xp 00000000 08:15 394266     /lib/i386-linux-gnu/libpthread-2.19.so
b75bb000-b75bd000 r--p 00017000 08:15 394266     /lib/i386-linux-gnu/libpthread-2.19.so
b75bd000-b75be000 rw-p 00019000 08:15 394266     /lib/i386-linux-gnu/libpthread-2.19.so
b75be000-b75c0000 rw-p 00000000 00:00 0 
b75c0000-b75c3000 r-xp 00000000 08:15 394275     /lib/i386-linux-gnu/libdl-2.19.so
b75c3000-b75c4000 r--p 00002000 08:15 394275     /lib/i386-linux-gnu/libdl-2.19.so
b75c4000-b75c5000 rw-p 00003000 08:15 394275     /lib/i386-linux-gnu/libdl-2.19.so
b75c5000-b776c000 r-xp 00000000 08:15 394269     /lib/i386-linux-gnu/libc-2.19.so
b776c000-b776e000 r--p 001a7000 08:15 394269     /lib/i386-linux-gnu/libc-2.19.so
b776e000-b776f000 rw-p 001a9000 08:15 394269     /lib/i386-linux-gnu/libc-2.19.so
b776f000-b7772000 rw-p 00000000 00:00 0 
b7772000-b7773000 r--p 00855000 08:15 4342535    /usr/lib/locale/locale-archive
b7773000-b7774000 r--p 00859000 08:15 4342535    /usr/lib/locale/locale-archive
b7774000-b777b000 r-xp 00000000 08:15 394270     /lib/i386-linux-gnu/libnss_compat-2.19.so
b777b000-b777c000 r--p 00006000 08:15 394270     /lib/i386-linux-gnu/libnss_compat-2.19.so
b777c000-b777d000 rw-p 00007000 08:15 394270     /lib/i386-linux-gnu/libnss_compat-2.19.so
b777d000-b777e000 rw-p 00000000 00:00 0 
b777e000-b777f000 ---p 00000000 00:00 0 
b777f000-b778d000 r-xp 00000000 08:15 4344904    /usr/lib/jvm/java-7-openjdk-i386/jre/lib/i386/libverify.so
b778d000-b778f000 r--p 0000d000 08:15 4344904    /usr/lib/jvm/java-7-openjdk-i386/jre/lib/i386/libverify.so
b778f000-b7790000 rw-p 0000f000 08:15 4344904    /usr/lib/jvm/java-7-openjdk-i386/jre/lib/i386/libverify.so
b7790000-b779c000 r-xp 00000000 08:15 4344915    /usr/lib/jvm/java-7-openjdk-i386/jre/lib/i386/jli/libjli.so
b779c000-b779d000 r--p 0000b000 08:15 4344915    /usr/lib/jvm/java-7-openjdk-i386/jre/lib/i386/jli/libjli.so
b779d000-b779e000 rw-p 0000c000 08:15 4344915    /usr/lib/jvm/java-7-openjdk-i386/jre/lib/i386/jli/libjli.so
b779e000-b77a1000 rw-p 00000000 00:00 0 
b77a1000-b77a2000 r-xp 00000000 00:00 0          [vdso]
b77a2000-b77a4000 r--p 00000000 00:00 0          [vvar]
b77a4000-b77c4000 r-xp 00000000 08:15 394259     /lib/i386-linux-gnu/ld-2.19.so
b77c4000-b77c5000 r--p 0001f000 08:15 394259     /lib/i386-linux-gnu/ld-2.19.so
b77c5000-b77c6000 rw-p 00020000 08:15 394259     /lib/i386-linux-gnu/ld-2.19.so
bf803000-bf804000 rwxp 00000000 00:00 0 
bf835000-bf856000 rwxp 00000000 00:00 0          [stack]
bf856000-bf857000 rw-p 00000000 00:00 0 

VM Arguments:
jvm_args: -Xmx1024M -Dfile.encoding=UTF-8 -Duser.country=US -Duser.language=en -Duser.variant 
java_command: com.android.dx.command.Main --dex --output /home/hugo/AndroidStudioProjects/TP2/app/build/intermediates/dex/debug /home/hugo/AndroidStudioProjects/TP2/app/build/intermediates/classes/debug /home/hugo/AndroidStudioProjects/TP2/app/build/intermediates/pre-dexed/debug/support-annotations-22.1.0-32686c63c314b1631cdb0c3bdbbe853df4af166a.jar /home/hugo/AndroidStudioProjects/TP2/app/build/intermediates/pre-dexed/debug/classes-2d14952d8046880a158d75ed7c748980af780f62.jar /home/hugo/AndroidStudioProjects/TP2/app/build/intermediates/pre-dexed/debug/classes-0ab6156cb06003de682ae5104c09116642ae1812.jar /home/hugo/AndroidStudioProjects/TP2/app/build/intermediates/pre-dexed/debug/classes-a3baf2186df07c29d26a54de34d6a545cdfd6d98.jar /home/hugo/AndroidStudioProjects/TP2/app/build/intermediates/pre-dexed/debug/classes-86e553980c723826b2df6cacd99b2f6056fde67c.jar /home/hugo/AndroidStudioProjects/TP2/app/build/intermediates/pre-dexed/debug/classes-f02e76aaf1201c2f0b895e94cf997a76e916ce8e.jar /home/hugo/AndroidStudioProjects/TP2/app/build/intermediates/pre-dexed/debug/classes-0d1704b1b41862fe321c3007a5cdac2622131164.jar /home/hugo/AndroidStudioProjects/TP2/app/build/intermediates/pre-dexed/debug/classes-c15a95166dcbc2c75f9d838302097a93bfffd070.jar /home/hugo/AndroidStudioProjects/TP2/app/build/intermediates/pre-dexed/debug/classes-68ac99545a1d802da92618fa473f5061f8afda61.jar /home/hugo/AndroidStudioProjects/TP2/app/build/intermediates/pre-dexed/debug/classes-7f6db62cc2f5f8d0aa8cc94f742ba97aebd52d4f.jar /home/hugo/AndroidStudioProjects/TP2/app/build/intermediates/pre-dexed/debug/classes-c66a14e7caeede6a624182a3afc912d4cca07393.jar /home/hugo/AndroidStudioProjects/TP2/app/build/intermediates/pre-dexed/debug/classes-66f9e25cce15272b2a23c155bbc33cf525bad847.jar /home/hugo/AndroidStudioProjects/TP2/app/build/intermediates/pre-dexed/debug/classes-c50ca8c8e2eac587d2ff0c71ba9f8c46245b67e3.jar /home/hugo/AndroidStudioProjects/TP2/app/build/intermediates/pre-dexed/debug/classes-6
Launcher Type: SUN_STANDARD

Environment Variables:
PATH=/home/hugo/.rvm/gems/ruby-2.1.5/bin:/home/hugo/.rvm/gems/ruby-2.1.5@global/bin:/home/hugo/.rvm/rubies/ruby-2.1.5/bin:/usr/local/sbin:/usr/local/bin:/usr/sbin:/usr/bin:/sbin:/bin:/usr/games:/usr/local/games:/home/hugo/.rvm/bin
USERNAME=hugo
LD_LIBRARY_PATH=/opt/android-studio/bin:
SHELL=/bin/bash
DISPLAY=:0

Signal Handlers:
SIGSEGV: [libjvm.so+0x7ed9a0], sa_mask[0]=0x7ffbfeff, sa_flags=0x10000004
SIGBUS: [libjvm.so+0x7ed9a0], sa_mask[0]=0x7ffbfeff, sa_flags=0x10000004
SIGFPE: [libjvm.so+0x66faf0], sa_mask[0]=0x7ffbfeff, sa_flags=0x10000004
SIGPIPE: [libjvm.so+0x66faf0], sa_mask[0]=0x7ffbfeff, sa_flags=0x10000004
SIGXFSZ: [libjvm.so+0x66faf0], sa_mask[0]=0x7ffbfeff, sa_flags=0x10000004
SIGILL: [libjvm.so+0x66faf0], sa_mask[0]=0x7ffbfeff, sa_flags=0x10000004
SIGUSR1: SIG_DFL, sa_mask[0]=0x00000000, sa_flags=0x00000000
SIGUSR2: [libjvm.so+0x66f940], sa_mask[0]=0x00000004, sa_flags=0x10000004
SIGHUP: [libjvm.so+0x66fba0], sa_mask[0]=0x7ffbfeff, sa_flags=0x10000004
SIGINT: [libjvm.so+0x66fba0], sa_mask[0]=0x7ffbfeff, sa_flags=0x10000004
SIGTERM: [libjvm.so+0x66fba0], sa_mask[0]=0x7ffbfeff, sa_flags=0x10000004
SIGQUIT: [libjvm.so+0x66fba0], sa_mask[0]=0x7ffbfeff, sa_flags=0x10000004
SIGTRAP: SIG_DFL, sa_mask[0]=0x00000000, sa_flags=0x00000000


---------------  S Y S T E M  ---------------

OS:Ubuntu 14.10 (utopic)
uname:Linux 3.16.0-28-generic #38-Ubuntu SMP Fri Dec 12 17:38:37 UTC 2014 i686
libc:glibc 2.19 NPTL 2.19 
rlimit: STACK 8192k, CORE 0k, NPROC 46759, NOFILE 4096, AS infinity
load average:2,12 1,81 1,64

/proc/meminfo:
MemTotal:        6005684 kB
MemFree:          311716 kB
MemAvailable:     240296 kB
Buffers:             768 kB
Cached:          1002516 kB
SwapCached:            0 kB
Active:          4656560 kB
Inactive:         893332 kB
Active(anon):    4627772 kB
Inactive(anon):   865156 kB
Active(file):      28788 kB
Inactive(file):    28176 kB
Unevictable:         328 kB
Mlocked:             328 kB
HighTotal:       5160892 kB
HighFree:          68500 kB
LowTotal:         844792 kB
LowFree:          243216 kB
SwapTotal:             0 kB
SwapFree:              0 kB
Dirty:               520 kB
Writeback:             0 kB
AnonPages:       4546880 kB
Mapped:           323544 kB
Shmem:            945500 kB
Slab:              65716 kB
SReclaimable:      34496 kB
SUnreclaim:        31220 kB
KernelStack:        6408 kB
PageTables:        27752 kB
NFS_Unstable:          0 kB
Bounce:                0 kB
WritebackTmp:          0 kB
CommitLimit:     3002840 kB
Committed_AS:   11799544 kB
VmallocTotal:     122880 kB
VmallocUsed:       19060 kB
VmallocChunk:      26844 kB
AnonHugePages:   1595392 kB
HugePages_Total:       0
HugePages_Free:        0
HugePages_Rsvd:        0
HugePages_Surp:        0
Hugepagesize:       2048 kB
DirectMap4k:       47096 kB
DirectMap2M:      860160 kB


CPU:total 4 (2 cores per cpu, 2 threads per core) family 6 model 58 stepping 9, cmov, cx8, fxsr, mmx, sse, sse2, sse3, ssse3, sse4.1, sse4.2, popcnt, avx, aes, erms, ht, tsc, tscinvbit, tscinv

/proc/cpuinfo:
processor	: 0
vendor_id	: GenuineIntel
cpu family	: 6
model		: 58
model name	: Intel(R) Core(TM) i5-3210M CPU @ 2.50GHz
stepping	: 9
microcode	: 0x12
cpu MHz		: 2900.000
cache size	: 3072 KB
physical id	: 0
siblings	: 4
core id		: 0
cpu cores	: 2
apicid		: 0
initial apicid	: 0
fdiv_bug	: no
f00f_bug	: no
coma_bug	: no
fpu		: yes
fpu_exception	: yes
cpuid level	: 13
wp		: yes
flags		: fpu vme de pse tsc msr pae mce cx8 apic sep mtrr pge mca cmov pat pse36 clflush dts acpi mmx fxsr sse sse2 ss ht tm pbe nx rdtscp lm constant_tsc arch_perfmon pebs bts xtopology nonstop_tsc aperfmperf eagerfpu pni pclmulqdq dtes64 monitor ds_cpl vmx est tm2 ssse3 cx16 xtpr pdcm pcid sse4_1 sse4_2 x2apic popcnt tsc_deadline_timer aes xsave avx f16c rdrand lahf_lm ida arat epb xsaveopt pln pts dtherm tpr_shadow vnmi flexpriority ept vpid fsgsbase smep erms
bogomips	: 4988.65
clflush size	: 64
cache_alignment	: 64
address sizes	: 36 bits physical, 48 bits virtual
power management:

processor	: 1
vendor_id	: GenuineIntel
cpu family	: 6
model		: 58
model name	: Intel(R) Core(TM) i5-3210M CPU @ 2.50GHz
stepping	: 9
microcode	: 0x12
cpu MHz		: 2900.000
cache size	: 3072 KB
physical id	: 0
siblings	: 4
core id		: 0
cpu cores	: 2
apicid		: 1
initial apicid	: 1
fdiv_bug	: no
f00f_bug	: no
coma_bug	: no
fpu		: yes
fpu_exception	: yes
cpuid level	: 13
wp		: yes
flags		: fpu vme de pse tsc msr pae mce cx8 apic sep mtrr pge mca cmov pat pse36 clflush dts acpi mmx fxsr sse sse2 ss ht tm pbe nx rdtscp lm constant_tsc arch_perfmon pebs bts xtopology nonstop_tsc aperfmperf eagerfpu pni pclmulqdq dtes64 monitor ds_cpl vmx est tm2 ssse3 cx16 xtpr pdcm pcid sse4_1 sse4_2 x2apic popcnt tsc_deadline_timer aes xsave avx f16c rdrand lahf_lm ida arat epb xsaveopt pln pts dtherm tpr_shadow vnmi flexpriority ept vpid fsgsbase smep erms
bogomips	: 4988.65
clflush size	: 64
cache_alignment	: 64
address sizes	: 36 bits physical, 48 bits virtual
power management:

processor	: 2
vendor_id	: GenuineIntel
cpu family	: 6
model		: 58
model name	: Intel(R) Core(TM) i5-3210M CPU @ 2.50GHz
stepping	: 9
microcode	: 0x12
cpu MHz		: 2900.000
cache size	: 3072 KB
physical id	: 0
siblings	: 4
core id		: 1
cpu cores	: 2
apicid		: 2
initial apicid	: 2
fdiv_bug	: no
f00f_bug	: no
coma_bug	: no
fpu		: yes
fpu_exception	: yes
cpuid level	: 13
wp		: yes
flags		: fpu vme de pse tsc msr pae mce cx8 apic sep mtrr pge mca cmov pat pse36 clflush dts acpi mmx fxsr sse sse2 ss ht tm pbe nx rdtscp lm constant_tsc arch_perfmon pebs bts xtopology nonstop_tsc aperfmperf eagerfpu pni pclmulqdq dtes64 monitor ds_cpl vmx est tm2 ssse3 cx16 xtpr pdcm pcid sse4_1 sse4_2 x2apic popcnt tsc_deadline_timer aes xsave avx f16c rdrand lahf_lm ida arat epb xsaveopt pln pts dtherm tpr_shadow vnmi flexpriority ept vpid fsgsbase smep erms
bogomips	: 4988.65
clflush size	: 64
cache_alignment	: 64
address sizes	: 36 bits physical, 48 bits virtual
power management:

processor	: 3
vendor_id	: GenuineIntel
cpu family	: 6
model		: 58
model name	: Intel(R) Core(TM) i5-3210M CPU @ 2.50GHz
stepping	: 9
microcode	: 0x12
cpu MHz		: 2900.000
cache size	: 3072 KB
physical id	: 0
siblings	: 4
core id		: 1
cpu cores	: 2
apicid		: 3
initial apicid	: 3
fdiv_bug	: no
f00f_bug	: no
coma_bug	: no
fpu		: yes
fpu_exception	: yes
cpuid level	: 13
wp		: yes
flags		: fpu vme de pse tsc msr pae mce cx8 apic sep mtrr pge mca cmov pat pse36 clflush dts acpi mmx fxsr sse sse2 ss ht tm pbe nx rdtscp lm constant_tsc arch_perfmon pebs bts xtopology nonstop_tsc aperfmperf eagerfpu pni pclmulqdq dtes64 monitor ds_cpl vmx est tm2 ssse3 cx16 xtpr pdcm pcid sse4_1 sse4_2 x2apic popcnt tsc_deadline_timer aes xsave avx f16c rdrand lahf_lm ida arat epb xsaveopt pln pts dtherm tpr_shadow vnmi flexpriority ept vpid fsgsbase smep erms
bogomips	: 4988.65
clflush size	: 64
cache_alignment	: 64
address sizes	: 36 bits physical, 48 bits virtual
power management:



Memory: 4k page, physical 6005684k(312116k free), swap 0k(0k free)

vm_info: OpenJDK Server VM (24.79-b02) for linux-x86 JRE (1.7.0_79-b14), built on Apr 16 2015 08:35:02 by "buildd" with gcc 4.9.1

time: Mon Jun 15 15:00:25 2015
elapsed time: 4 seconds

