#
# There is insufficient memory for the Java Runtime Environment to continue.
# Native memory allocation (malloc) failed to allocate 62128128 bytes for committing reserved memory.
# Possible reasons:
#   The system is out of physical RAM or swap space
#   In 32 bit mode, the process size limit was hit
# Possible solutions:
#   Reduce memory load on the system
#   Increase physical memory or swap space
#   Check if swap backing store is full
#   Use 64 bit Java on a 64 bit OS
#   Decrease Java heap size (-Xmx/-Xms)
#   Decrease number of Java threads
#   Decrease Java thread stack sizes (-Xss)
#   Set larger code cache with -XX:ReservedCodeCacheSize=
# This output file may be truncated or incomplete.
#
#  Out of Memory Error (os_linux.cpp:2809), pid=20240, tid=1740434240
#
# JRE version: OpenJDK Runtime Environment (7.0_79-b14) (build 1.7.0_79-b14)
# Java VM: OpenJDK Server VM (24.79-b02 mixed mode linux-x86 )
# Derivative: IcedTea 2.5.5
# Distribution: Ubuntu 14.10, package 7u79-2.5.5-0ubuntu0.14.10.2
# Failed to write core dump. Core dumps have been disabled. To enable core dumping, try "ulimit -c unlimited" before starting Java again
#

---------------  T H R E A D  ---------------

Current thread (0x67a80800):  VMThread [stack: 0x67b4e000,0x67bcf000] [id=20249]

Stack: [0x67b4e000,0x67bcf000]
VM_Operation (0xb63eb924): ParallelGCFailedAllocation, mode: safepoint, requested by thread 0xb6207800


---------------  P R O C E S S  ---------------

Java Threads: ( => current thread )
  0x67a9d800 JavaThread "Service Thread" daemon [_thread_blocked, id=20255, stack(0x6740b000,0x6745c000)]
  0x67a9bc00 JavaThread "C2 CompilerThread1" daemon [_thread_in_native, id=20254, stack(0x6745c000,0x674dd000)]
  0x67a99c00 JavaThread "C2 CompilerThread0" daemon [_thread_blocked, id=20253, stack(0x674dd000,0x6755e000)]
  0x67a98000 JavaThread "Signal Dispatcher" daemon [_thread_blocked, id=20252, stack(0x6755e000,0x675af000)]
  0x67a84c00 JavaThread "Finalizer" daemon [_thread_blocked, id=20251, stack(0x677af000,0x67800000)]
  0x67a83000 JavaThread "Reference Handler" daemon [_thread_blocked, id=20250, stack(0x6a72e000,0x6a77f000)]
  0xb6207800 JavaThread "main" [_thread_blocked, id=20242, stack(0xb639c000,0xb63ed000)]

Other Threads:
=>0x67a80800 VMThread [stack: 0x67b4e000,0x67bcf000] [id=20249]
  0x67a9f800 WatcherThread [stack: 0x6738a000,0x6740b000] [id=20256]

VM state:at safepoint (normal execution)

VM Mutex/Monitor currently owned by a thread:  ([mutex/lock_event])
[0xb6205220] Threads_lock - owner thread: 0x67a80800
[0xb6205630] Heap_lock - owner thread: 0xb6207800

Heap
 PSYoungGen      total 125184K, used 39668K [0x9dbc0000, 0xa7cc0000, 0xb3140000)
  eden space 85504K, 0% used [0x9dbc0000,0x9dbc0000,0xa2f40000)
  from space 39680K, 99% used [0xa2f40000,0xa55fd090,0xa5600000)
  to   space 37120K, 0% used [0xa5880000,0xa5880000,0xa7cc0000)
 ParOldGen       total 99328K, used 58612K [0x73140000, 0x79240000, 0x9dbc0000)
  object space 99328K, 59% used [0x73140000,0x76a7d120,0x79240000)
 PSPermGen       total 16384K, used 3913K [0x6b140000, 0x6c140000, 0x73140000)
  object space 16384K, 23% used [0x6b140000,0x6b512710,0x6c140000)

Card table byte_map: [0x6aeff000,0x6b140000] byte_map_base: 0x6aba6600

Polling page: 0xb7708000

Code Cache  [0xb3200000, 0xb3440000, 0xb6200000)
 total_blobs=629 nmethods=509 adapters=73 free_code_cache=47448Kb largest_free_block=48520000

Compilation events (10 events):
Event: 15,100 Thread 0x67a99c00 nmethod 598 0xb33044c8 code [0xb33045e0, 0xb3304710]
Event: 15,100 Thread 0x67a99c00  599             com.android.dx.rop.code.Insn::getLocalAssignment (48 bytes)
Event: 15,107 Thread 0x67a99c00 nmethod 599 0xb32d7c08 code [0xb32d7d00, 0xb32d7d9c]
Event: 15,107 Thread 0x67a99c00  600             com.android.dx.rop.code.LocalVariableInfo::mergeStarts (75 bytes)
Event: 15,144 Thread 0x67a99c00 nmethod 600 0xb32a5388 code [0xb32a5500, 0xb32a59f8]
Event: 15,144 Thread 0x67a99c00  601             com.android.dx.rop.code.LocalVariableInfo::mutableCopyOfStarts (29 bytes)
Event: 15,146 Thread 0x67a99c00 nmethod 601 0xb32a4f48 code [0xb32a5060, 0xb32a521c]
Event: 15,146 Thread 0x67a99c00  602             com.android.dx.rop.code.Insn$BaseVisitor::visitThrowingCstInsn (1 bytes)
Event: 15,146 Thread 0x67a99c00 nmethod 602 0xb330e9c8 code [0xb330eaa0, 0xb330eaf0]
Event: 15,146 Thread 0x67a99c00  603             com.android.dx.dex.code.RopTranslator::getRegs (64 bytes)

GC Heap History (10 events):
Event: 6,147 GC heap after
Heap after GC invocations=6 (full 1):
 PSYoungGen      total 36352K, used 2544K [0x9dbc0000, 0xa3900000, 0xb3140000)
  eden space 33792K, 0% used [0x9dbc0000,0x9dbc0000,0x9fcc0000)
  from space 2560K, 99% used [0x9fcc0000,0x9ff3c010,0x9ff40000)
  to   space 22272K, 0% used [0xa2340000,0xa2340000,0xa3900000)
 ParOldGen       total 70912K, used 42034K [0x73140000, 0x77680000, 0x9dbc0000)
  object space 70912K, 59% used [0x73140000,0x75a4cb88,0x77680000)
 PSPermGen       total 16384K, used 3802K [0x6b140000, 0x6c140000, 0x73140000)
  object space 16384K, 23% used [0x6b140000,0x6b4f69d8,0x6c140000)
}
Event: 8,565 GC heap before
{Heap before GC invocations=7 (full 1):
 PSYoungGen      total 36352K, used 36336K [0x9dbc0000, 0xa3900000, 0xb3140000)
  eden space 33792K, 100% used [0x9dbc0000,0x9fcc0000,0x9fcc0000)
  from space 2560K, 99% used [0x9fcc0000,0x9ff3c010,0x9ff40000)
  to   space 22272K, 0% used [0xa2340000,0xa2340000,0xa3900000)
 ParOldGen       total 70912K, used 42034K [0x73140000, 0x77680000, 0x9dbc0000)
  object space 70912K, 59% used [0x73140000,0x75a4cb88,0x77680000)
 PSPermGen       total 16384K, used 3903K [0x6b140000, 0x6c140000, 0x73140000)
  object space 16384K, 23% used [0x6b140000,0x6b50fc38,0x6c140000)
Event: 8,771 GC heap after
Heap after GC invocations=7 (full 1):
 PSYoungGen      total 74240K, used 10191K [0x9dbc0000, 0xa3dc0000, 0xb3140000)
  eden space 51968K, 0% used [0x9dbc0000,0x9dbc0000,0xa0e80000)
  from space 22272K, 45% used [0xa2340000,0xa2d33c20,0xa3900000)
  to   space 21248K, 0% used [0xa0e80000,0xa0e80000,0xa2340000)
 ParOldGen       total 70912K, used 42034K [0x73140000, 0x77680000, 0x9dbc0000)
  object space 70912K, 59% used [0x73140000,0x75a4cb88,0x77680000)
 PSPermGen       total 16384K, used 3903K [0x6b140000, 0x6c140000, 0x73140000)
  object space 16384K, 23% used [0x6b140000,0x6b50fc38,0x6c140000)
}
Event: 11,809 GC heap before
{Heap before GC invocations=8 (full 1):
 PSYoungGen      total 74240K, used 62159K [0x9dbc0000, 0xa3dc0000, 0xb3140000)
  eden space 51968K, 100% used [0x9dbc0000,0xa0e80000,0xa0e80000)
  from space 22272K, 45% used [0xa2340000,0xa2d33c20,0xa3900000)
  to   space 21248K, 0% used [0xa0e80000,0xa0e80000,0xa2340000)
 ParOldGen       total 70912K, used 42034K [0x73140000, 0x77680000, 0x9dbc0000)
  object space 70912K, 59% used [0x73140000,0x75a4cb88,0x77680000)
 PSPermGen       total 16384K, used 3906K [0x6b140000, 0x6c140000, 0x73140000)
  object space 16384K, 23% used [0x6b140000,0x6b510858,0x6c140000)
Event: 11,947 GC heap after
Heap after GC invocations=8 (full 1):
 PSYoungGen      total 73216K, used 21232K [0x9dbc0000, 0xa7fc0000, 0xb3140000)
  eden space 51968K, 0% used [0x9dbc0000,0x9dbc0000,0xa0e80000)
  from space 21248K, 99% used [0xa0e80000,0xa233c240,0xa2340000)
  to   space 40192K, 0% used [0xa5880000,0xa5880000,0xa7fc0000)
 ParOldGen       total 73472K, used 73099K [0x73140000, 0x77900000, 0x9dbc0000)
  object space 73472K, 99% used [0x73140000,0x778a2e20,0x77900000)
 PSPermGen       total 16384K, used 3906K [0x6b140000, 0x6c140000, 0x73140000)
  object space 16384K, 23% used [0x6b140000,0x6b510858,0x6c140000)
}
Event: 11,947 GC heap before
{Heap before GC invocations=9 (full 2):
 PSYoungGen      total 73216K, used 21232K [0x9dbc0000, 0xa7fc0000, 0xb3140000)
  eden space 51968K, 0% used [0x9dbc0000,0x9dbc0000,0xa0e80000)
  from space 21248K, 99% used [0xa0e80000,0xa233c240,0xa2340000)
  to   space 40192K, 0% used [0xa5880000,0xa5880000,0xa7fc0000)
 ParOldGen       total 73472K, used 73099K [0x73140000, 0x77900000, 0x9dbc0000)
  object space 73472K, 99% used [0x73140000,0x778a2e20,0x77900000)
 PSPermGen       total 16384K, used 3906K [0x6b140000, 0x6c140000, 0x73140000)
  object space 16384K, 23% used [0x6b140000,0x6b510858,0x6c140000)
Event: 12,195 GC heap after
Heap after GC invocations=9 (full 2):
 PSYoungGen      total 73216K, used 0K [0x9dbc0000, 0xa7fc0000, 0xb3140000)
  eden space 51968K, 0% used [0x9dbc0000,0x9dbc0000,0xa0e80000)
  from space 21248K, 0% used [0xa0e80000,0xa0e80000,0xa2340000)
  to   space 40192K, 0% used [0xa5880000,0xa5880000,0xa7fc0000)
 ParOldGen       total 99328K, used 43964K [0x73140000, 0x79240000, 0x9dbc0000)
  object space 99328K, 44% used [0x73140000,0x75c2f120,0x79240000)
 PSPermGen       total 16384K, used 3905K [0x6b140000, 0x6c140000, 0x73140000)
  object space 16384K, 23% used [0x6b140000,0x6b510718,0x6c140000)
}
Event: 13,413 GC heap before
{Heap before GC invocations=10 (full 2):
 PSYoungGen      total 73216K, used 51968K [0x9dbc0000, 0xa7fc0000, 0xb3140000)
  eden space 51968K, 100% used [0x9dbc0000,0xa0e80000,0xa0e80000)
  from space 21248K, 0% used [0xa0e80000,0xa0e80000,0xa2340000)
  to   space 40192K, 0% used [0xa5880000,0xa5880000,0xa7fc0000)
 ParOldGen       total 99328K, used 43964K [0x73140000, 0x79240000, 0x9dbc0000)
  object space 99328K, 44% used [0x73140000,0x75c2f120,0x79240000)
 PSPermGen       total 16384K, used 3907K [0x6b140000, 0x6c140000, 0x73140000)
  object space 16384K, 23% used [0x6b140000,0x6b510c30,0x6c140000)
Event: 13,435 GC heap after
Heap after GC invocations=10 (full 2):
 PSYoungGen      total 122624K, used 6620K [0x9dbc0000, 0xa7cc0000, 0xb3140000)
  eden space 85504K, 0% used [0x9dbc0000,0x9dbc0000,0xa2f40000)
  from space 37120K, 17% used [0xa5880000,0xa5ef7118,0xa7cc0000)
  to   space 39680K, 0% used [0xa2f40000,0xa2f40000,0xa5600000)
 ParOldGen       total 99328K, used 43964K [0x73140000, 0x79240000, 0x9dbc0000)
  object space 99328K, 44% used [0x73140000,0x75c2f120,0x79240000)
 PSPermGen       total 16384K, used 3907K [0x6b140000, 0x6c140000, 0x73140000)
  object space 16384K, 23% used [0x6b140000,0x6b510c30,0x6c140000)
}
Event: 15,161 GC heap before
{Heap before GC invocations=11 (full 2):
 PSYoungGen      total 122624K, used 92124K [0x9dbc0000, 0xa7cc0000, 0xb3140000)
  eden space 85504K, 100% used [0x9dbc0000,0xa2f40000,0xa2f40000)
  from space 37120K, 17% used [0xa5880000,0xa5ef7118,0xa7cc0000)
  to   space 39680K, 0% used [0xa2f40000,0xa2f40000,0xa5600000)
 ParOldGen       total 99328K, used 43964K [0x73140000, 0x79240000, 0x9dbc0000)
  object space 99328K, 44% used [0x73140000,0x75c2f120,0x79240000)
 PSPermGen       total 16384K, used 3913K [0x6b140000, 0x6c140000, 0x73140000)
  object space 16384K, 23% used [0x6b140000,0x6b512710,0x6c140000)

Deoptimization events (10 events):
Event: 7,721 Thread 0xb6207800 Uncommon trap: reason=class_check action=maybe_recompile pc=0xb32c390c method=com.android.dx.ssa.LiteralOpUpgrader.tryReplacingWithConstant(Lcom/android/dx/ssa/NormalSsaInsn;)Z @ 52
Event: 7,721 Thread 0xb6207800 Uncommon trap: reason=unreached action=reinterpret pc=0xb32e483c method=com.android.dx.ssa.SsaMethod.updateOneDefinition(Lcom/android/dx/ssa/SsaInsn;Lcom/android/dx/rop/code/RegisterSpec;)V @ 4
Event: 7,731 Thread 0xb6207800 Uncommon trap: reason=class_check action=maybe_recompile pc=0xb32ddc2c method=com.android.dx.ssa.SsaBasicBlock.getCountPhiInsns()I @ 23
Event: 7,731 Thread 0xb6207800 Uncommon trap: reason=class_check action=maybe_recompile pc=0xb32d79f4 method=com.android.dx.ssa.SsaBasicBlock.getCountPhiInsns()I @ 23
Event: 7,796 Thread 0xb6207800 Uncommon trap: reason=class_check action=maybe_recompile pc=0xb32c3454 method=com.android.dx.ssa.LiteralOpUpgrader.tryReplacingWithConstant(Lcom/android/dx/ssa/NormalSsaInsn;)Z @ 52
Event: 7,825 Thread 0xb6207800 Uncommon trap: reason=unreached action=reinterpret pc=0xb330eccc method=com.android.dx.cf.code.BasicBlocker.getBlockList()Lcom/android/dx/cf/code/ByteBlockList; @ 102
Event: 7,992 Thread 0xb6207800 Uncommon trap: reason=class_check action=maybe_recompile pc=0xb325afcc method=com.android.dx.rop.type.Type.equals(Ljava/lang/Object;)Z @ 8
Event: 8,109 Thread 0xb6207800 Uncommon trap: reason=unreached action=reinterpret pc=0xb33060f8 method=com.android.dx.dex.code.OutputFinisher.hasLocalInfo(Lcom/android/dx/dex/code/DalvInsn;)Z @ 53
Event: 8,409 Thread 0xb6207800 Uncommon trap: reason=unreached action=reinterpret pc=0xb3303b00 method=com.android.dx.dex.code.OutputFinisher.hasLocalInfo(Lcom/android/dx/dex/code/DalvInsn;)Z @ 53
Event: 13,821 Thread 0xb6207800 Uncommon trap: reason=bimorphic action=maybe_recompile pc=0xb326a814 method=com.android.dx.rop.code.Rops.opMoveResultPseudo(Lcom/android/dx/rop/type/TypeBearer;)Lcom/android/dx/rop/code/Rop; @ 7

Internal exceptions (10 events):
Event: 7,516 Thread 0xb6207800 Threw 0x9f4d5fa8 at /build/buildd/openjdk-7-7u79-2.5.5/build/openjdk/hotspot/src/share/vm/prims/jvm.cpp:1284
Event: 7,532 Thread 0xb6207800 Threw 0x9f4d88b0 at /build/buildd/openjdk-7-7u79-2.5.5/build/openjdk/hotspot/src/share/vm/prims/jvm.cpp:1284
Event: 7,536 Thread 0xb6207800 Threw 0x9f4dbe90 at /build/buildd/openjdk-7-7u79-2.5.5/build/openjdk/hotspot/src/share/vm/prims/jvm.cpp:1284
Event: 7,542 Thread 0xb6207800 Implicit null exception at 0xb32c3df5 to 0xb32c423d
Event: 7,542 Thread 0xb6207800 Implicit null exception at 0xb32f97d1 to 0xb32f9a1d
Event: 7,546 Thread 0xb6207800 Implicit null exception at 0xb32c2262 to 0xb32c229d
Event: 7,576 Thread 0xb6207800 Threw 0x9f512a08 at /build/buildd/openjdk-7-7u79-2.5.5/build/openjdk/hotspot/src/share/vm/prims/jvm.cpp:1284
Event: 7,599 Thread 0xb6207800 Implicit null exception at 0xb32bcf1a to 0xb32bcf45
Event: 7,981 Thread 0xb6207800 Threw 0x9f7ae718 at /build/buildd/openjdk-7-7u79-2.5.5/build/openjdk/hotspot/src/share/vm/prims/jvm.cpp:1284
Event: 12,728 Thread 0xb6207800 Threw 0x9f3cd8c0 at /build/buildd/openjdk-7-7u79-2.5.5/build/openjdk/hotspot/src/share/vm/prims/jvm.cpp:1284

Events (10 events):
Event: 13,435 Executing VM operation: ParallelGCFailedAllocation done
Event: 13,435 Executing VM operation: RevokeBias
Event: 13,435 Executing VM operation: RevokeBias done
Event: 13,435 Executing VM operation: RevokeBias
Event: 13,435 Executing VM operation: RevokeBias done
Event: 13,508 Thread 0x67a9bc00 flushing nmethod 0xb3303848
Event: 13,821 Thread 0xb6207800 Uncommon trap: trap_request=0xffffffc6 fr.pc=0xb326a814
Event: 13,821 Thread 0xb6207800 DEOPT PACKING pc=0xb326a814 sp=0xb63eb980
Event: 13,821 Thread 0xb6207800 DEOPT UNPACKING pc=0xb322cbc8 sp=0xb63eb958 mode 2
Event: 15,161 Executing VM operation: ParallelGCFailedAllocation


Dynamic libraries:
08048000-08049000 r-xp 00000000 08:15 4344957    /usr/lib/jvm/java-7-openjdk-i386/jre/bin/java
08049000-0804a000 r--p 00000000 08:15 4344957    /usr/lib/jvm/java-7-openjdk-i386/jre/bin/java
0804a000-0804b000 rw-p 00001000 08:15 4344957    /usr/lib/jvm/java-7-openjdk-i386/jre/bin/java
08987000-089aa000 rw-p 00000000 00:00 0          [heap]
65e00000-65eff000 rw-p 00000000 00:00 0 
65eff000-65f00000 ---p 00000000 00:00 0 
65f00000-65f31000 rw-p 00000000 00:00 0 
65f31000-66000000 ---p 00000000 00:00 0 
66000000-660e8000 rw-p 00000000 00:00 0 
660e8000-66100000 ---p 00000000 00:00 0 
66200000-66300000 rw-p 00000000 00:00 0 
66300000-663f1000 rw-p 00000000 00:00 0 
663f1000-66400000 ---p 00000000 00:00 0 
66400000-664eb000 rw-p 00000000 00:00 0 
664eb000-66500000 ---p 00000000 00:00 0 
66500000-665e7000 rw-p 00000000 00:00 0 
665e7000-66600000 ---p 00000000 00:00 0 
66600000-666f9000 rw-p 00000000 00:00 0 
666f9000-66700000 ---p 00000000 00:00 0 
66700000-667e8000 rw-p 00000000 00:00 0 
667e8000-66800000 ---p 00000000 00:00 0 
66900000-669ff000 rw-p 00000000 00:00 0 
669ff000-66a00000 ---p 00000000 00:00 0 
66a00000-66af9000 rw-p 00000000 00:00 0 
66af9000-66b00000 ---p 00000000 00:00 0 
66b00000-66c00000 rw-p 00000000 00:00 0 
66c00000-66ce9000 rw-p 00000000 00:00 0 
66ce9000-66d00000 ---p 00000000 00:00 0 
66d00000-66df9000 rw-p 00000000 00:00 0 
66df9000-66e00000 ---p 00000000 00:00 0 
66eb2000-66f21000 r-xp 00000000 08:15 395196     /lib/i386-linux-gnu/libpcre.so.3.13.1
66f21000-66f22000 r--p 0006e000 08:15 395196     /lib/i386-linux-gnu/libpcre.so.3.13.1
66f22000-66f23000 rw-p 0006f000 08:15 395196     /lib/i386-linux-gnu/libpcre.so.3.13.1
66f23000-67048000 r-xp 00000000 08:15 402133     /lib/i386-linux-gnu/libglib-2.0.so.0.4200.1
67048000-67049000 r--p 00124000 08:15 402133     /lib/i386-linux-gnu/libglib-2.0.so.0.4200.1
67049000-6704a000 rw-p 00125000 08:15 402133     /lib/i386-linux-gnu/libglib-2.0.so.0.4200.1
6704a000-671fb000 r-xp 00000000 08:15 4334232    /usr/lib/i386-linux-gnu/libgio-2.0.so.0.4200.1
671fb000-671fe000 r--p 001b0000 08:15 4334232    /usr/lib/i386-linux-gnu/libgio-2.0.so.0.4200.1
671fe000-671ff000 rw-p 001b3000 08:15 4334232    /usr/lib/i386-linux-gnu/libgio-2.0.so.0.4200.1
671ff000-67200000 rw-p 00000000 00:00 0 
67200000-672b7000 rw-p 00000000 00:00 0 
672b7000-67300000 ---p 00000000 00:00 0 
67316000-67329000 r-xp 00000000 08:15 394264     /lib/i386-linux-gnu/libresolv-2.19.so
67329000-6732a000 r--p 00013000 08:15 394264     /lib/i386-linux-gnu/libresolv-2.19.so
6732a000-6732b000 rw-p 00014000 08:15 394264     /lib/i386-linux-gnu/libresolv-2.19.so
6732b000-6732d000 rw-p 00000000 00:00 0 
6732d000-67388000 r-xp 00000000 08:15 4334310    /usr/lib/i386-linux-gnu/libgobject-2.0.so.0.4200.1
67388000-67389000 r--p 0005b000 08:15 4334310    /usr/lib/i386-linux-gnu/libgobject-2.0.so.0.4200.1
67389000-6738a000 rw-p 0005c000 08:15 4334310    /usr/lib/i386-linux-gnu/libgobject-2.0.so.0.4200.1
6738a000-6738b000 ---p 00000000 00:00 0 
6738b000-6745c000 rwxp 00000000 00:00 0          [stack:20255]
6745c000-6745d000 ---p 00000000 00:00 0 
6745d000-674dd000 rwxp 00000000 00:00 0          [stack:20254]
674dd000-674de000 ---p 00000000 00:00 0 
674de000-675af000 rwxp 00000000 00:00 0          [stack:20252]
675af000-677af000 r--p 00000000 08:15 4342535    /usr/lib/locale/locale-archive
677af000-67800000 rwxp 00000000 00:00 0          [stack:20251]
67800000-678fa000 rw-p 00000000 00:00 0 
678fa000-67900000 ---p 00000000 00:00 0 
67900000-67921000 rw-p 00000000 00:00 0 
67921000-67a00000 ---p 00000000 00:00 0 
67a00000-67b00000 rw-p 00000000 00:00 0 
67b09000-67b2d000 r-xp 00000000 08:15 395223     /lib/i386-linux-gnu/libselinux.so.1
67b2d000-67b2e000 r--p 00023000 08:15 395223     /lib/i386-linux-gnu/libselinux.so.1
67b2e000-67b2f000 rw-p 00024000 08:15 395223     /lib/i386-linux-gnu/libselinux.so.1
67b2f000-67b30000 rw-p 00000000 00:00 0 
67b4e000-67b4f000 ---p 00000000 00:00 0 
67b4f000-67bcf000 rwxp 00000000 00:00 0          [stack:20249]
67bcf000-67d80000 r--s 01d27000 08:15 4344946    /usr/lib/jvm/java-7-openjdk-i386/jre/lib/rt.jar
67d80000-6a600000 rw-p 00000000 00:00 0 
6a600000-6a6fc000 rw-p 00000000 00:00 0 
6a6fc000-6a700000 ---p 00000000 00:00 0 
6a716000-6a72c000 r-xp 00000000 08:15 4344900    /usr/lib/jvm/java-7-openjdk-i386/jre/lib/i386/libnet.so
6a72c000-6a72d000 r--p 00015000 08:15 4344900    /usr/lib/jvm/java-7-openjdk-i386/jre/lib/i386/libnet.so
6a72d000-6a72e000 rw-p 00016000 08:15 4344900    /usr/lib/jvm/java-7-openjdk-i386/jre/lib/i386/libnet.so
6a72e000-6a77f000 rwxp 00000000 00:00 0          [stack:20250]
6a77f000-6a780000 ---p 00000000 00:00 0 
6a780000-6a800000 rwxp 00000000 00:00 0          [stack:20248]
6a800000-6a821000 rw-p 00000000 00:00 0 
6a821000-6a900000 ---p 00000000 00:00 0 
6a900000-6a921000 rw-p 00000000 00:00 0 
6a921000-6aa00000 ---p 00000000 00:00 0 
6aa01000-6aa07000 r-xp 00000000 08:15 4339480    /usr/lib/i386-linux-gnu/libffi.so.6.0.2
6aa07000-6aa09000 r--p 00005000 08:15 4339480    /usr/lib/i386-linux-gnu/libffi.so.6.0.2
6aa09000-6aa0a000 rw-p 00007000 08:15 4339480    /usr/lib/i386-linux-gnu/libffi.so.6.0.2
6aa0a000-6aa1a000 r-xp 00000000 08:15 4344890    /usr/lib/jvm/java-7-openjdk-i386/jre/lib/i386/libnio.so
6aa1a000-6aa1b000 r--p 0000f000 08:15 4344890    /usr/lib/jvm/java-7-openjdk-i386/jre/lib/i386/libnio.so
6aa1b000-6aa1c000 rw-p 00010000 08:15 4344890    /usr/lib/jvm/java-7-openjdk-i386/jre/lib/i386/libnio.so
6aa1c000-6aa27000 r--s 0006d000 08:15 6848752    /home/hugo/AndroidStudioProjects/TP2/app/build/intermediates/exploded-aar/com.google.android.gms/play-services-analytics/7.0.0/jars/classes.jar
6aa27000-6aa36000 r--s 000dd000 08:15 394489     /home/hugo/Android/Sdk/build-tools/21.1.2/lib/dx.jar
6aa36000-6aa7f000 rw-p 00000000 00:00 0 
6aa7f000-6aa80000 ---p 00000000 00:00 0 
6aa80000-6ab00000 rwxp 00000000 00:00 0          [stack:20247]
6ab00000-6ab21000 rw-p 00000000 00:00 0 
6ab21000-6ac00000 ---p 00000000 00:00 0 
6ac00000-6ac03000 r-xp 00000000 08:15 4334231    /usr/lib/i386-linux-gnu/libgmodule-2.0.so.0.4200.1
6ac03000-6ac04000 r--p 00002000 08:15 4334231    /usr/lib/i386-linux-gnu/libgmodule-2.0.so.0.4200.1
6ac04000-6ac05000 rw-p 00003000 08:15 4334231    /usr/lib/i386-linux-gnu/libgmodule-2.0.so.0.4200.1
6ac05000-6ac08000 r--s 00086000 08:15 4344949    /usr/lib/jvm/java-7-openjdk-i386/jre/lib/ext/localedata.jar
6ac08000-6ac0c000 r--s 0003c000 08:15 4344952    /usr/lib/jvm/java-7-openjdk-i386/jre/lib/ext/sunpkcs11.jar
6ac0c000-6ac67000 rw-p 00000000 00:00 0 
6ac67000-6ac68000 ---p 00000000 00:00 0 
6ac68000-6ace8000 rwxp 00000000 00:00 0          [stack:20246]
6ace8000-6ace9000 ---p 00000000 00:00 0 
6ace9000-6ad69000 rwxp 00000000 00:00 0          [stack:20245]
6ad69000-6ad71000 rw-p 00000000 00:00 0 
6ad71000-6ada9000 rw-p 00000000 00:00 0 
6ada9000-6adda000 rw-p 00000000 00:00 0 
6adda000-6aeff000 rw-p 00000000 00:00 0 
6aeff000-6af07000 rw-p 00000000 00:00 0 
6af07000-6af3f000 rw-p 00000000 00:00 0 
6af3f000-6af70000 rw-p 00000000 00:00 0 
6af70000-6b094000 rw-p 00000000 00:00 0 
6b094000-6b0e5000 rw-p 00000000 00:00 0 
6b0e5000-6b0e7000 ---p 00000000 00:00 0 
6b0e7000-6b13f000 rw-p 00000000 00:00 0 
6b13f000-6c140000 rw-p 00000000 00:00 0 
6c140000-73140000 rw-p 00000000 00:00 0 
73140000-79240000 rw-p 00000000 00:00 0 
79240000-9dbc0000 rw-p 00000000 00:00 0 
9dbc0000-a7cc0000 rw-p 00000000 00:00 0 
ab800000-b3140000 rw-p 00000000 00:00 0 
b3140000-b3149000 rw-p 00000000 00:00 0 
b3149000-b3200000 rw-p 00000000 00:00 0 
b3200000-b3440000 rwxp 00000000 00:00 0 
b3440000-b6300000 rw-p 00000000 00:00 0 
b6300000-b631b000 rw-p 00000000 00:00 0 
b631b000-b6326000 r-xp 00000000 08:15 394247     /lib/i386-linux-gnu/libnss_files-2.19.so
b6326000-b6327000 r--p 0000a000 08:15 394247     /lib/i386-linux-gnu/libnss_files-2.19.so
b6327000-b6328000 rw-p 0000b000 08:15 394247     /lib/i386-linux-gnu/libnss_files-2.19.so
b6328000-b6332000 r-xp 00000000 08:15 394091     /lib/i386-linux-gnu/libnss_nis-2.19.so
b6332000-b6333000 r--p 00009000 08:15 394091     /lib/i386-linux-gnu/libnss_nis-2.19.so
b6333000-b6334000 rw-p 0000a000 08:15 394091     /lib/i386-linux-gnu/libnss_nis-2.19.so
b6334000-b6349000 r-xp 00000000 08:15 394262     /lib/i386-linux-gnu/libnsl-2.19.so
b6349000-b634a000 r--p 00015000 08:15 394262     /lib/i386-linux-gnu/libnsl-2.19.so
b634a000-b634b000 rw-p 00016000 08:15 394262     /lib/i386-linux-gnu/libnsl-2.19.so
b634b000-b634d000 rw-p 00000000 00:00 0 
b634d000-b634f000 r--s 00012000 08:15 4344950    /usr/lib/jvm/java-7-openjdk-i386/jre/lib/ext/zipfs.jar
b634f000-b6353000 r--s 00034000 08:15 4344951    /usr/lib/jvm/java-7-openjdk-i386/jre/lib/ext/sunjce_provider.jar
b6353000-b6355000 r--s 00006000 08:15 4740506    /usr/share/java/java-atk-wrapper.jar
b6355000-b6358000 r--s 0000f000 08:15 4344948    /usr/lib/jvm/java-7-openjdk-i386/jre/lib/ext/icedtea-sound.jar
b6358000-b6359000 r--s 00002000 08:15 4344947    /usr/lib/jvm/java-7-openjdk-i386/jre/lib/ext/dnsns.jar
b6359000-b6361000 r-xp 00000000 08:15 4334369    /usr/lib/jvm/java-7-openjdk-i386/jre/lib/i386/libzip.so
b6361000-b6362000 r--p 00007000 08:15 4334369    /usr/lib/jvm/java-7-openjdk-i386/jre/lib/i386/libzip.so
b6362000-b6363000 rw-p 00008000 08:15 4334369    /usr/lib/jvm/java-7-openjdk-i386/jre/lib/i386/libzip.so
b6363000-b636b000 rw-s 00000000 08:15 5386990    /tmp/hsperfdata_hugo/20240
b636b000-b6391000 r-xp 00000000 08:15 4334363    /usr/lib/jvm/java-7-openjdk-i386/jre/lib/i386/libjava.so
b6391000-b6392000 r--p 00025000 08:15 4334363    /usr/lib/jvm/java-7-openjdk-i386/jre/lib/i386/libjava.so
b6392000-b6393000 rw-p 00026000 08:15 4334363    /usr/lib/jvm/java-7-openjdk-i386/jre/lib/i386/libjava.so
b6393000-b639a000 r-xp 00000000 08:15 394246     /lib/i386-linux-gnu/librt-2.19.so
b639a000-b639b000 r--p 00006000 08:15 394246     /lib/i386-linux-gnu/librt-2.19.so
b639b000-b639c000 rw-p 00007000 08:15 394246     /lib/i386-linux-gnu/librt-2.19.so
b639c000-b639d000 ---p 00000000 00:00 0 
b639d000-b63ed000 rwxp 00000000 00:00 0          [stack:20242]
b63ed000-b6409000 r-xp 00000000 08:15 395113     /lib/i386-linux-gnu/libgcc_s.so.1
b6409000-b640a000 r--p 0001b000 08:15 395113     /lib/i386-linux-gnu/libgcc_s.so.1
b640a000-b640b000 rw-p 0001c000 08:15 395113     /lib/i386-linux-gnu/libgcc_s.so.1
b640b000-b644f000 r-xp 00000000 08:15 394263     /lib/i386-linux-gnu/libm-2.19.so
b644f000-b6450000 r--p 00043000 08:15 394263     /lib/i386-linux-gnu/libm-2.19.so
b6450000-b6451000 rw-p 00044000 08:15 394263     /lib/i386-linux-gnu/libm-2.19.so
b6451000-b653a000 r-xp 00000000 08:15 4340107    /usr/lib/i386-linux-gnu/libstdc++.so.6.0.20
b653a000-b653e000 r--p 000e9000 08:15 4340107    /usr/lib/i386-linux-gnu/libstdc++.so.6.0.20
b653e000-b653f000 rw-p 000ed000 08:15 4340107    /usr/lib/i386-linux-gnu/libstdc++.so.6.0.20
b653f000-b6546000 rw-p 00000000 00:00 0 
b6546000-b708c000 r-xp 00000000 08:15 4344914    /usr/lib/jvm/java-7-openjdk-i386/jre/lib/i386/server/libjvm.so
b708c000-b70e0000 r--p 00b45000 08:15 4344914    /usr/lib/jvm/java-7-openjdk-i386/jre/lib/i386/server/libjvm.so
b70e0000-b70f4000 rw-p 00b99000 08:15 4344914    /usr/lib/jvm/java-7-openjdk-i386/jre/lib/i386/server/libjvm.so
b70f4000-b7513000 rw-p 00000000 00:00 0 
b7513000-b752b000 r-xp 00000000 08:15 395257     /lib/i386-linux-gnu/libz.so.1.2.8
b752b000-b752c000 r--p 00017000 08:15 395257     /lib/i386-linux-gnu/libz.so.1.2.8
b752c000-b752d000 rw-p 00018000 08:15 395257     /lib/i386-linux-gnu/libz.so.1.2.8
b752d000-b7545000 r-xp 00000000 08:15 394266     /lib/i386-linux-gnu/libpthread-2.19.so
b7545000-b7547000 r--p 00017000 08:15 394266     /lib/i386-linux-gnu/libpthread-2.19.so
b7547000-b7548000 rw-p 00019000 08:15 394266     /lib/i386-linux-gnu/libpthread-2.19.so
b7548000-b754a000 rw-p 00000000 00:00 0 
b754a000-b754d000 r-xp 00000000 08:15 394275     /lib/i386-linux-gnu/libdl-2.19.so
b754d000-b754e000 r--p 00002000 08:15 394275     /lib/i386-linux-gnu/libdl-2.19.so
b754e000-b754f000 rw-p 00003000 08:15 394275     /lib/i386-linux-gnu/libdl-2.19.so
b754f000-b76f6000 r-xp 00000000 08:15 394269     /lib/i386-linux-gnu/libc-2.19.so
b76f6000-b76f8000 r--p 001a7000 08:15 394269     /lib/i386-linux-gnu/libc-2.19.so
b76f8000-b76f9000 rw-p 001a9000 08:15 394269     /lib/i386-linux-gnu/libc-2.19.so
b76f9000-b76fc000 rw-p 00000000 00:00 0 
b76fc000-b76fd000 r--p 00855000 08:15 4342535    /usr/lib/locale/locale-archive
b76fd000-b76fe000 r--p 00859000 08:15 4342535    /usr/lib/locale/locale-archive
b76fe000-b7705000 r-xp 00000000 08:15 394270     /lib/i386-linux-gnu/libnss_compat-2.19.so
b7705000-b7706000 r--p 00006000 08:15 394270     /lib/i386-linux-gnu/libnss_compat-2.19.so
b7706000-b7707000 rw-p 00007000 08:15 394270     /lib/i386-linux-gnu/libnss_compat-2.19.so
b7707000-b7708000 rw-p 00000000 00:00 0 
b7708000-b7709000 ---p 00000000 00:00 0 
b7709000-b7717000 r-xp 00000000 08:15 4344904    /usr/lib/jvm/java-7-openjdk-i386/jre/lib/i386/libverify.so
b7717000-b7719000 r--p 0000d000 08:15 4344904    /usr/lib/jvm/java-7-openjdk-i386/jre/lib/i386/libverify.so
b7719000-b771a000 rw-p 0000f000 08:15 4344904    /usr/lib/jvm/java-7-openjdk-i386/jre/lib/i386/libverify.so
b771a000-b7726000 r-xp 00000000 08:15 4344915    /usr/lib/jvm/java-7-openjdk-i386/jre/lib/i386/jli/libjli.so
b7726000-b7727000 r--p 0000b000 08:15 4344915    /usr/lib/jvm/java-7-openjdk-i386/jre/lib/i386/jli/libjli.so
b7727000-b7728000 rw-p 0000c000 08:15 4344915    /usr/lib/jvm/java-7-openjdk-i386/jre/lib/i386/jli/libjli.so
b7728000-b772b000 rw-p 00000000 00:00 0 
b772b000-b772c000 r-xp 00000000 00:00 0          [vdso]
b772c000-b772e000 r--p 00000000 00:00 0          [vvar]
b772e000-b774e000 r-xp 00000000 08:15 394259     /lib/i386-linux-gnu/ld-2.19.so
b774e000-b774f000 r--p 0001f000 08:15 394259     /lib/i386-linux-gnu/ld-2.19.so
b774f000-b7750000 rw-p 00020000 08:15 394259     /lib/i386-linux-gnu/ld-2.19.so
bf838000-bf839000 rwxp 00000000 00:00 0 
bf86b000-bf88b000 rwxp 00000000 00:00 0          [stack]
bf88b000-bf88c000 rw-p 00000000 00:00 0 

VM Arguments:
jvm_args: -Xmx1024M -Dfile.encoding=UTF-8 -Duser.country=US -Duser.language=en -Duser.variant 
java_command: com.android.dx.command.Main --dex --output /home/hugo/AndroidStudioProjects/TP2/app/build/intermediates/pre-dexed/debug/classes-99828b960cc0930a7d1d78c5ce30528826722127.jar /home/hugo/AndroidStudioProjects/TP2/app/build/intermediates/exploded-aar/com.google.android.gms/play-services-analytics/7.0.0/jars/classes.jar
Launcher Type: SUN_STANDARD

Environment Variables:
PATH=/home/hugo/.rvm/gems/ruby-2.1.5/bin:/home/hugo/.rvm/gems/ruby-2.1.5@global/bin:/home/hugo/.rvm/rubies/ruby-2.1.5/bin:/usr/local/sbin:/usr/local/bin:/usr/sbin:/usr/bin:/sbin:/bin:/usr/games:/usr/local/games:/home/hugo/.rvm/bin
USERNAME=hugo
LD_LIBRARY_PATH=/opt/android-studio/bin:
SHELL=/bin/bash
DISPLAY=:0

Signal Handlers:
SIGSEGV: [libjvm.so+0x7ed9a0], sa_mask[0]=0x7ffbfeff, sa_flags=0x10000004
SIGBUS: [libjvm.so+0x7ed9a0], sa_mask[0]=0x7ffbfeff, sa_flags=0x10000004
SIGFPE: [libjvm.so+0x66faf0], sa_mask[0]=0x7ffbfeff, sa_flags=0x10000004
SIGPIPE: [libjvm.so+0x66faf0], sa_mask[0]=0x7ffbfeff, sa_flags=0x10000004
SIGXFSZ: [libjvm.so+0x66faf0], sa_mask[0]=0x7ffbfeff, sa_flags=0x10000004
SIGILL: [libjvm.so+0x66faf0], sa_mask[0]=0x7ffbfeff, sa_flags=0x10000004
SIGUSR1: SIG_DFL, sa_mask[0]=0x00000000, sa_flags=0x00000000
SIGUSR2: [libjvm.so+0x66f940], sa_mask[0]=0x00000004, sa_flags=0x10000004
SIGHUP: [libjvm.so+0x66fba0], sa_mask[0]=0x7ffbfeff, sa_flags=0x10000004
SIGINT: [libjvm.so+0x66fba0], sa_mask[0]=0x7ffbfeff, sa_flags=0x10000004
SIGTERM: [libjvm.so+0x66fba0], sa_mask[0]=0x7ffbfeff, sa_flags=0x10000004
SIGQUIT: [libjvm.so+0x66fba0], sa_mask[0]=0x7ffbfeff, sa_flags=0x10000004
SIGTRAP: SIG_DFL, sa_mask[0]=0x00000000, sa_flags=0x00000000


---------------  S Y S T E M  ---------------

OS:Ubuntu 14.10 (utopic)
uname:Linux 3.16.0-28-generic #38-Ubuntu SMP Fri Dec 12 17:38:37 UTC 2014 i686
libc:glibc 2.19 NPTL 2.19 
rlimit: STACK 8192k, CORE 0k, NPROC 46759, NOFILE 4096, AS infinity
load average:9,49 5,47 2,73

/proc/meminfo:
MemTotal:        6005684 kB
MemFree:          318476 kB
MemAvailable:     254664 kB
Buffers:            3424 kB
Cached:          1124896 kB
SwapCached:            0 kB
Active:          4597396 kB
Inactive:         944472 kB
Active(anon):    4561564 kB
Inactive(anon):   910104 kB
Active(file):      35832 kB
Inactive(file):    34368 kB
Unevictable:         168 kB
Mlocked:             168 kB
HighTotal:       5160892 kB
HighFree:          81192 kB
LowTotal:         844792 kB
LowFree:          237284 kB
SwapTotal:             0 kB
SwapFree:              0 kB
Dirty:              4268 kB
Writeback:             0 kB
AnonPages:       4413476 kB
Mapped:           348176 kB
Shmem:           1057576 kB
Slab:              68232 kB
SReclaimable:      36480 kB
SUnreclaim:        31752 kB
KernelStack:        6920 kB
PageTables:        27400 kB
NFS_Unstable:          0 kB
Bounce:                0 kB
WritebackTmp:          0 kB
CommitLimit:     3002840 kB
Committed_AS:   12146692 kB
VmallocTotal:     122880 kB
VmallocUsed:       19028 kB
VmallocChunk:      47788 kB
AnonHugePages:   1994752 kB
HugePages_Total:       0
HugePages_Free:        0
HugePages_Rsvd:        0
HugePages_Surp:        0
Hugepagesize:       2048 kB
DirectMap4k:       47096 kB
DirectMap2M:      860160 kB


CPU:total 4 (2 cores per cpu, 2 threads per core) family 6 model 58 stepping 9, cmov, cx8, fxsr, mmx, sse, sse2, sse3, ssse3, sse4.1, sse4.2, popcnt, avx, aes, erms, ht, tsc, tscinvbit, tscinv

/proc/cpuinfo:
processor	: 0
vendor_id	: GenuineIntel
cpu family	: 6
model		: 58
model name	: Intel(R) Core(TM) i5-3210M CPU @ 2.50GHz
stepping	: 9
microcode	: 0x12
cpu MHz		: 2900.000
cache size	: 3072 KB
physical id	: 0
siblings	: 4
core id		: 0
cpu cores	: 2
apicid		: 0
initial apicid	: 0
fdiv_bug	: no
f00f_bug	: no
coma_bug	: no
fpu		: yes
fpu_exception	: yes
cpuid level	: 13
wp		: yes
flags		: fpu vme de pse tsc msr pae mce cx8 apic sep mtrr pge mca cmov pat pse36 clflush dts acpi mmx fxsr sse sse2 ss ht tm pbe nx rdtscp lm constant_tsc arch_perfmon pebs bts xtopology nonstop_tsc aperfmperf eagerfpu pni pclmulqdq dtes64 monitor ds_cpl vmx est tm2 ssse3 cx16 xtpr pdcm pcid sse4_1 sse4_2 x2apic popcnt tsc_deadline_timer aes xsave avx f16c rdrand lahf_lm ida arat epb xsaveopt pln pts dtherm tpr_shadow vnmi flexpriority ept vpid fsgsbase smep erms
bogomips	: 4988.65
clflush size	: 64
cache_alignment	: 64
address sizes	: 36 bits physical, 48 bits virtual
power management:

processor	: 1
vendor_id	: GenuineIntel
cpu family	: 6
model		: 58
model name	: Intel(R) Core(TM) i5-3210M CPU @ 2.50GHz
stepping	: 9
microcode	: 0x12
cpu MHz		: 2900.000
cache size	: 3072 KB
physical id	: 0
siblings	: 4
core id		: 0
cpu cores	: 2
apicid		: 1
initial apicid	: 1
fdiv_bug	: no
f00f_bug	: no
coma_bug	: no
fpu		: yes
fpu_exception	: yes
cpuid level	: 13
wp		: yes
flags		: fpu vme de pse tsc msr pae mce cx8 apic sep mtrr pge mca cmov pat pse36 clflush dts acpi mmx fxsr sse sse2 ss ht tm pbe nx rdtscp lm constant_tsc arch_perfmon pebs bts xtopology nonstop_tsc aperfmperf eagerfpu pni pclmulqdq dtes64 monitor ds_cpl vmx est tm2 ssse3 cx16 xtpr pdcm pcid sse4_1 sse4_2 x2apic popcnt tsc_deadline_timer aes xsave avx f16c rdrand lahf_lm ida arat epb xsaveopt pln pts dtherm tpr_shadow vnmi flexpriority ept vpid fsgsbase smep erms
bogomips	: 4988.65
clflush size	: 64
cache_alignment	: 64
address sizes	: 36 bits physical, 48 bits virtual
power management:

processor	: 2
vendor_id	: GenuineIntel
cpu family	: 6
model		: 58
model name	: Intel(R) Core(TM) i5-3210M CPU @ 2.50GHz
stepping	: 9
microcode	: 0x12
cpu MHz		: 2900.000
cache size	: 3072 KB
physical id	: 0
siblings	: 4
core id		: 1
cpu cores	: 2
apicid		: 2
initial apicid	: 2
fdiv_bug	: no
f00f_bug	: no
coma_bug	: no
fpu		: yes
fpu_exception	: yes
cpuid level	: 13
wp		: yes
flags		: fpu vme de pse tsc msr pae mce cx8 apic sep mtrr pge mca cmov pat pse36 clflush dts acpi mmx fxsr sse sse2 ss ht tm pbe nx rdtscp lm constant_tsc arch_perfmon pebs bts xtopology nonstop_tsc aperfmperf eagerfpu pni pclmulqdq dtes64 monitor ds_cpl vmx est tm2 ssse3 cx16 xtpr pdcm pcid sse4_1 sse4_2 x2apic popcnt tsc_deadline_timer aes xsave avx f16c rdrand lahf_lm ida arat epb xsaveopt pln pts dtherm tpr_shadow vnmi flexpriority ept vpid fsgsbase smep erms
bogomips	: 4988.65
clflush size	: 64
cache_alignment	: 64
address sizes	: 36 bits physical, 48 bits virtual
power management:

processor	: 3
vendor_id	: GenuineIntel
cpu family	: 6
model		: 58
model name	: Intel(R) Core(TM) i5-3210M CPU @ 2.50GHz
stepping	: 9
microcode	: 0x12
cpu MHz		: 2900.000
cache size	: 3072 KB
physical id	: 0
siblings	: 4
core id		: 1
cpu cores	: 2
apicid		: 3
initial apicid	: 3
fdiv_bug	: no
f00f_bug	: no
coma_bug	: no
fpu		: yes
fpu_exception	: yes
cpuid level	: 13
wp		: yes
flags		: fpu vme de pse tsc msr pae mce cx8 apic sep mtrr pge mca cmov pat pse36 clflush dts acpi mmx fxsr sse sse2 ss ht tm pbe nx rdtscp lm constant_tsc arch_perfmon pebs bts xtopology nonstop_tsc aperfmperf eagerfpu pni pclmulqdq dtes64 monitor ds_cpl vmx est tm2 ssse3 cx16 xtpr pdcm pcid sse4_1 sse4_2 x2apic popcnt tsc_deadline_timer aes xsave avx f16c rdrand lahf_lm ida arat epb xsaveopt pln pts dtherm tpr_shadow vnmi flexpriority ept vpid fsgsbase smep erms
bogomips	: 4988.65
clflush size	: 64
cache_alignment	: 64
address sizes	: 36 bits physical, 48 bits virtual
power management:



Memory: 4k page, physical 6005684k(319164k free), swap 0k(0k free)

vm_info: OpenJDK Server VM (24.79-b02) for linux-x86 JRE (1.7.0_79-b14), built on Apr 16 2015 08:35:02 by "buildd" with gcc 4.9.1

time: Mon Jun 15 12:19:46 2015
elapsed time: 15 seconds

